<<<<<<< HEAD
Mon May 21 08:21:08 CEST 2012 Thread[http-8400-1,5,main] Ignored duplicate property derby.module.dataDictionary in jar:file:/C:/MME2_FLEX/Mobil_Nurse/backend/tomcat/webapps/blazeds/WEB-INF/lib/derby.jar!/org/apache/derby/modules.properties
Mon May 21 08:21:08 CEST 2012 Thread[http-8400-1,5,main] Ignored duplicate property derby.env.classes.dvfJ2 in jar:file:/C:/MME2_FLEX/Mobil_Nurse/backend/tomcat/webapps/blazeds/WEB-INF/lib/derby.jar!/org/apache/derby/modules.properties
Mon May 21 08:21:08 CEST 2012 Thread[http-8400-1,5,main] Ignored duplicate property derby.module.javaCompiler in jar:file:/C:/MME2_FLEX/Mobil_Nurse/backend/tomcat/webapps/blazeds/WEB-INF/lib/derby.jar!/org/apache/derby/modules.properties
Mon May 21 08:21:08 CEST 2012 Thread[http-8400-1,5,main] Ignored duplicate property derby.module.ef in jar:file:/C:/MME2_FLEX/Mobil_Nurse/backend/tomcat/webapps/blazeds/WEB-INF/lib/derby.jar!/org/apache/derby/modules.properties
Mon May 21 08:21:08 CEST 2012 Thread[http-8400-1,5,main] Ignored duplicate property derby.module.database in jar:file:/C:/MME2_FLEX/Mobil_Nurse/backend/tomcat/webapps/blazeds/WEB-INF/lib/derby.jar!/org/apache/derby/modules.properties
Mon May 21 08:21:08 CEST 2012 Thread[http-8400-1,5,main] Ignored duplicate property derby.module.NoneAuthentication in jar:file:/C:/MME2_FLEX/Mobil_Nurse/backend/tomcat/webapps/blazeds/WEB-INF/lib/derby.jar!/org/apache/derby/modules.properties
Mon May 21 08:21:08 CEST 2012 Thread[http-8400-1,5,main] Ignored duplicate property derby.module.netServer.autoStart in jar:file:/C:/MME2_FLEX/Mobil_Nurse/backend/tomcat/webapps/blazeds/WEB-INF/lib/derby.jar!/org/apache/derby/modules.properties
Mon May 21 08:21:08 CEST 2012 Thread[http-8400-1,5,main] Ignored duplicate property derby.module.dvfJ2 in jar:file:/C:/MME2_FLEX/Mobil_Nurse/backend/tomcat/webapps/blazeds/WEB-INF/lib/derby.jar!/org/apache/derby/modules.properties
Mon May 21 08:21:08 CEST 2012 Thread[http-8400-1,5,main] Ignored duplicate property derby.module.dvfCDC in jar:file:/C:/MME2_FLEX/Mobil_Nurse/backend/tomcat/webapps/blazeds/WEB-INF/lib/derby.jar!/org/apache/derby/modules.properties
Mon May 21 08:21:08 CEST 2012 Thread[http-8400-1,5,main] Ignored duplicate property derby.module.access.btree in jar:file:/C:/MME2_FLEX/Mobil_Nurse/backend/tomcat/webapps/blazeds/WEB-INF/lib/derby.jar!/org/apache/derby/modules.properties
Mon May 21 08:21:08 CEST 2012 Thread[http-8400-1,5,main] Ignored duplicate property derby.module.uuidJ1 in jar:file:/C:/MME2_FLEX/Mobil_Nurse/backend/tomcat/webapps/blazeds/WEB-INF/lib/derby.jar!/org/apache/derby/modules.properties
Mon May 21 08:21:08 CEST 2012 Thread[http-8400-1,5,main] Ignored duplicate property derby.module.cryptographyJ2 in jar:file:/C:/MME2_FLEX/Mobil_Nurse/backend/tomcat/webapps/blazeds/WEB-INF/lib/derby.jar!/org/apache/derby/modules.properties
Mon May 21 08:21:08 CEST 2012 Thread[http-8400-1,5,main] Ignored duplicate property derby.module.access in jar:file:/C:/MME2_FLEX/Mobil_Nurse/backend/tomcat/webapps/blazeds/WEB-INF/lib/derby.jar!/org/apache/derby/modules.properties
Mon May 21 08:21:08 CEST 2012 Thread[http-8400-1,5,main] Ignored duplicate property derby.module.jdbc169 in jar:file:/C:/MME2_FLEX/Mobil_Nurse/backend/tomcat/webapps/blazeds/WEB-INF/lib/derby.jar!/org/apache/derby/modules.properties
Mon May 21 08:21:08 CEST 2012 Thread[http-8400-1,5,main] Ignored duplicate property derby.env.jdk.cryptographyJ2 in jar:file:/C:/MME2_FLEX/Mobil_Nurse/backend/tomcat/webapps/blazeds/WEB-INF/lib/derby.jar!/org/apache/derby/modules.properties
Mon May 21 08:21:08 CEST 2012 Thread[http-8400-1,5,main] Ignored duplicate property derby.module.optimizer in jar:file:/C:/MME2_FLEX/Mobil_Nurse/backend/tomcat/webapps/blazeds/WEB-INF/lib/derby.jar!/org/apache/derby/modules.properties
Mon May 21 08:21:08 CEST 2012 Thread[http-8400-1,5,main] Ignored duplicate property derby.module.specificAuthentication in jar:file:/C:/MME2_FLEX/Mobil_Nurse/backend/tomcat/webapps/blazeds/WEB-INF/lib/derby.jar!/org/apache/derby/modules.properties
Mon May 21 08:21:08 CEST 2012 Thread[http-8400-1,5,main] Ignored duplicate property derby.module.JNDIAuthentication in jar:file:/C:/MME2_FLEX/Mobil_Nurse/backend/tomcat/webapps/blazeds/WEB-INF/lib/derby.jar!/org/apache/derby/modules.properties
Mon May 21 08:21:08 CEST 2012 Thread[http-8400-1,5,main] Ignored duplicate property derby.module.basicAuthentication in jar:file:/C:/MME2_FLEX/Mobil_Nurse/backend/tomcat/webapps/blazeds/WEB-INF/lib/derby.jar!/org/apache/derby/modules.properties
Mon May 21 08:21:08 CEST 2012 Thread[http-8400-1,5,main] Ignored duplicate property derby.module.validation in jar:file:/C:/MME2_FLEX/Mobil_Nurse/backend/tomcat/webapps/blazeds/WEB-INF/lib/derby.jar!/org/apache/derby/modules.properties
Mon May 21 08:21:08 CEST 2012 Thread[http-8400-1,5,main] Ignored duplicate property derby.module.streams in jar:file:/C:/MME2_FLEX/Mobil_Nurse/backend/tomcat/webapps/blazeds/WEB-INF/lib/derby.jar!/org/apache/derby/modules.properties
Mon May 21 08:21:08 CEST 2012 Thread[http-8400-1,5,main] Ignored duplicate property derby.module.classManagerJ2 in jar:file:/C:/MME2_FLEX/Mobil_Nurse/backend/tomcat/webapps/blazeds/WEB-INF/lib/derby.jar!/org/apache/derby/modules.properties
Mon May 21 08:21:08 CEST 2012 Thread[http-8400-1,5,main] Ignored duplicate property derby.env.classes.resourceAdapterJ2 in jar:file:/C:/MME2_FLEX/Mobil_Nurse/backend/tomcat/webapps/blazeds/WEB-INF/lib/derby.jar!/org/apache/derby/modules.properties
Mon May 21 08:21:08 CEST 2012 Thread[http-8400-1,5,main] Ignored duplicate property derby.module.jdbcJ4 in jar:file:/C:/MME2_FLEX/Mobil_Nurse/backend/tomcat/webapps/blazeds/WEB-INF/lib/derby.jar!/org/apache/derby/modules.properties
Mon May 21 08:21:08 CEST 2012 Thread[http-8400-1,5,main] Ignored duplicate property derby.module.rawStore.log in jar:file:/C:/MME2_FLEX/Mobil_Nurse/backend/tomcat/webapps/blazeds/WEB-INF/lib/derby.jar!/org/apache/derby/modules.properties
Mon May 21 08:21:08 CEST 2012 Thread[http-8400-1,5,main] Ignored duplicate property derby.module.rawStore.log.readonly in jar:file:/C:/MME2_FLEX/Mobil_Nurse/backend/tomcat/webapps/blazeds/WEB-INF/lib/derby.jar!/org/apache/derby/modules.properties
Mon May 21 08:21:08 CEST 2012 Thread[http-8400-1,5,main] Ignored duplicate property derby.module.access.heap in jar:file:/C:/MME2_FLEX/Mobil_Nurse/backend/tomcat/webapps/blazeds/WEB-INF/lib/derby.jar!/org/apache/derby/modules.properties
Mon May 21 08:21:08 CEST 2012 Thread[http-8400-1,5,main] Ignored duplicate property derby.module.daemon in jar:file:/C:/MME2_FLEX/Mobil_Nurse/backend/tomcat/webapps/blazeds/WEB-INF/lib/derby.jar!/org/apache/derby/modules.properties
Mon May 21 08:21:08 CEST 2012 Thread[http-8400-1,5,main] Ignored duplicate property derby.module.tcf in jar:file:/C:/MME2_FLEX/Mobil_Nurse/backend/tomcat/webapps/blazeds/WEB-INF/lib/derby.jar!/org/apache/derby/modules.properties
Mon May 21 08:21:08 CEST 2012 Thread[http-8400-1,5,main] Ignored duplicate property derby.env.classes.jdbcJ4 in jar:file:/C:/MME2_FLEX/Mobil_Nurse/backend/tomcat/webapps/blazeds/WEB-INF/lib/derby.jar!/org/apache/derby/modules.properties
Mon May 21 08:21:08 CEST 2012 Thread[http-8400-1,5,main] Ignored duplicate property derby.module.resultSetStatisticsFactory in jar:file:/C:/MME2_FLEX/Mobil_Nurse/backend/tomcat/webapps/blazeds/WEB-INF/lib/derby.jar!/org/apache/derby/modules.properties
Mon May 21 08:21:08 CEST 2012 Thread[http-8400-1,5,main] Ignored duplicate property derby.env.classes.cryptographyJ2 in jar:file:/C:/MME2_FLEX/Mobil_Nurse/backend/tomcat/webapps/blazeds/WEB-INF/lib/derby.jar!/org/apache/derby/modules.properties
Mon May 21 08:21:08 CEST 2012 Thread[http-8400-1,5,main] Ignored duplicate property derby.module.resourceAdapterJ2 in jar:file:/C:/MME2_FLEX/Mobil_Nurse/backend/tomcat/webapps/blazeds/WEB-INF/lib/derby.jar!/org/apache/derby/modules.properties
Mon May 21 08:21:08 CEST 2012 Thread[http-8400-1,5,main] Ignored duplicate property derby.module.access.sort in jar:file:/C:/MME2_FLEX/Mobil_Nurse/backend/tomcat/webapps/blazeds/WEB-INF/lib/derby.jar!/org/apache/derby/modules.properties
Mon May 21 08:21:08 CEST 2012 Thread[http-8400-1,5,main] Ignored duplicate property derby.env.classes.JNDIAuthentication in jar:file:/C:/MME2_FLEX/Mobil_Nurse/backend/tomcat/webapps/blazeds/WEB-INF/lib/derby.jar!/org/apache/derby/modules.properties
Mon May 21 08:21:08 CEST 2012 Thread[http-8400-1,5,main] Ignored duplicate property derby.module.lcf in jar:file:/C:/MME2_FLEX/Mobil_Nurse/backend/tomcat/webapps/blazeds/WEB-INF/lib/derby.jar!/org/apache/derby/modules.properties
Mon May 21 08:21:08 CEST 2012 Thread[http-8400-1,5,main] Ignored duplicate property derby.module.rawStore in jar:file:/C:/MME2_FLEX/Mobil_Nurse/backend/tomcat/webapps/blazeds/WEB-INF/lib/derby.jar!/org/apache/derby/modules.properties
Mon May 21 08:21:08 CEST 2012 Thread[http-8400-1,5,main] Ignored duplicate property derby.env.jdk.resourceAdapterJ2 in jar:file:/C:/MME2_FLEX/Mobil_Nurse/backend/tomcat/webapps/blazeds/WEB-INF/lib/derby.jar!/org/apache/derby/modules.properties
Mon May 21 08:21:08 CEST 2012 Thread[http-8400-1,5,main] Ignored duplicate property derby.env.classes.jdbc169 in jar:file:/C:/MME2_FLEX/Mobil_Nurse/backend/tomcat/webapps/blazeds/WEB-INF/lib/derby.jar!/org/apache/derby/modules.properties
Mon May 21 08:21:08 CEST 2012 Thread[http-8400-1,5,main] Ignored duplicate property derby.module.lf in jar:file:/C:/MME2_FLEX/Mobil_Nurse/backend/tomcat/webapps/blazeds/WEB-INF/lib/derby.jar!/org/apache/derby/modules.properties
Mon May 21 08:21:08 CEST 2012 Thread[http-8400-1,5,main] Ignored duplicate property derby.module.nodeFactory in jar:file:/C:/MME2_FLEX/Mobil_Nurse/backend/tomcat/webapps/blazeds/WEB-INF/lib/derby.jar!/org/apache/derby/modules.properties
Mon May 21 08:21:08 CEST 2012 Thread[http-8400-1,5,main] Ignored duplicate property derby.env.jdk.jdbcJ4 in jar:file:/C:/MME2_FLEX/Mobil_Nurse/backend/tomcat/webapps/blazeds/WEB-INF/lib/derby.jar!/org/apache/derby/modules.properties
----------------------------------------------------------------
Mon May 21 08:21:08 CEST 2012:
Booten von Derby Version The Apache Software Foundation - Apache Derby - 10.8.2.2 - (1181258): Instanz a816c00e-0137-6e0e-6ca6-00000edd2560
=======
Mon May 21 12:52:44 CEST 2012 Thread[http-8400-1,5,main] Ignored duplicate property derby.module.dataDictionary in jar:file:/C:/MME2_FLEX/Mobil_Nurse/backend/tomcat/webapps/blazeds/WEB-INF/lib/derby.jar!/org/apache/derby/modules.properties
Mon May 21 12:52:44 CEST 2012 Thread[http-8400-1,5,main] Ignored duplicate property derby.env.classes.dvfJ2 in jar:file:/C:/MME2_FLEX/Mobil_Nurse/backend/tomcat/webapps/blazeds/WEB-INF/lib/derby.jar!/org/apache/derby/modules.properties
Mon May 21 12:52:44 CEST 2012 Thread[http-8400-1,5,main] Ignored duplicate property derby.module.javaCompiler in jar:file:/C:/MME2_FLEX/Mobil_Nurse/backend/tomcat/webapps/blazeds/WEB-INF/lib/derby.jar!/org/apache/derby/modules.properties
Mon May 21 12:52:44 CEST 2012 Thread[http-8400-1,5,main] Ignored duplicate property derby.module.ef in jar:file:/C:/MME2_FLEX/Mobil_Nurse/backend/tomcat/webapps/blazeds/WEB-INF/lib/derby.jar!/org/apache/derby/modules.properties
Mon May 21 12:52:44 CEST 2012 Thread[http-8400-1,5,main] Ignored duplicate property derby.module.database in jar:file:/C:/MME2_FLEX/Mobil_Nurse/backend/tomcat/webapps/blazeds/WEB-INF/lib/derby.jar!/org/apache/derby/modules.properties
Mon May 21 12:52:44 CEST 2012 Thread[http-8400-1,5,main] Ignored duplicate property derby.module.NoneAuthentication in jar:file:/C:/MME2_FLEX/Mobil_Nurse/backend/tomcat/webapps/blazeds/WEB-INF/lib/derby.jar!/org/apache/derby/modules.properties
Mon May 21 12:52:44 CEST 2012 Thread[http-8400-1,5,main] Ignored duplicate property derby.module.netServer.autoStart in jar:file:/C:/MME2_FLEX/Mobil_Nurse/backend/tomcat/webapps/blazeds/WEB-INF/lib/derby.jar!/org/apache/derby/modules.properties
Mon May 21 12:52:44 CEST 2012 Thread[http-8400-1,5,main] Ignored duplicate property derby.module.dvfJ2 in jar:file:/C:/MME2_FLEX/Mobil_Nurse/backend/tomcat/webapps/blazeds/WEB-INF/lib/derby.jar!/org/apache/derby/modules.properties
Mon May 21 12:52:44 CEST 2012 Thread[http-8400-1,5,main] Ignored duplicate property derby.module.dvfCDC in jar:file:/C:/MME2_FLEX/Mobil_Nurse/backend/tomcat/webapps/blazeds/WEB-INF/lib/derby.jar!/org/apache/derby/modules.properties
Mon May 21 12:52:44 CEST 2012 Thread[http-8400-1,5,main] Ignored duplicate property derby.module.access.btree in jar:file:/C:/MME2_FLEX/Mobil_Nurse/backend/tomcat/webapps/blazeds/WEB-INF/lib/derby.jar!/org/apache/derby/modules.properties
Mon May 21 12:52:44 CEST 2012 Thread[http-8400-1,5,main] Ignored duplicate property derby.module.uuidJ1 in jar:file:/C:/MME2_FLEX/Mobil_Nurse/backend/tomcat/webapps/blazeds/WEB-INF/lib/derby.jar!/org/apache/derby/modules.properties
Mon May 21 12:52:44 CEST 2012 Thread[http-8400-1,5,main] Ignored duplicate property derby.module.cryptographyJ2 in jar:file:/C:/MME2_FLEX/Mobil_Nurse/backend/tomcat/webapps/blazeds/WEB-INF/lib/derby.jar!/org/apache/derby/modules.properties
Mon May 21 12:52:44 CEST 2012 Thread[http-8400-1,5,main] Ignored duplicate property derby.module.access in jar:file:/C:/MME2_FLEX/Mobil_Nurse/backend/tomcat/webapps/blazeds/WEB-INF/lib/derby.jar!/org/apache/derby/modules.properties
Mon May 21 12:52:44 CEST 2012 Thread[http-8400-1,5,main] Ignored duplicate property derby.module.jdbc169 in jar:file:/C:/MME2_FLEX/Mobil_Nurse/backend/tomcat/webapps/blazeds/WEB-INF/lib/derby.jar!/org/apache/derby/modules.properties
Mon May 21 12:52:44 CEST 2012 Thread[http-8400-1,5,main] Ignored duplicate property derby.env.jdk.cryptographyJ2 in jar:file:/C:/MME2_FLEX/Mobil_Nurse/backend/tomcat/webapps/blazeds/WEB-INF/lib/derby.jar!/org/apache/derby/modules.properties
Mon May 21 12:52:44 CEST 2012 Thread[http-8400-1,5,main] Ignored duplicate property derby.module.optimizer in jar:file:/C:/MME2_FLEX/Mobil_Nurse/backend/tomcat/webapps/blazeds/WEB-INF/lib/derby.jar!/org/apache/derby/modules.properties
Mon May 21 12:52:44 CEST 2012 Thread[http-8400-1,5,main] Ignored duplicate property derby.module.specificAuthentication in jar:file:/C:/MME2_FLEX/Mobil_Nurse/backend/tomcat/webapps/blazeds/WEB-INF/lib/derby.jar!/org/apache/derby/modules.properties
Mon May 21 12:52:44 CEST 2012 Thread[http-8400-1,5,main] Ignored duplicate property derby.module.JNDIAuthentication in jar:file:/C:/MME2_FLEX/Mobil_Nurse/backend/tomcat/webapps/blazeds/WEB-INF/lib/derby.jar!/org/apache/derby/modules.properties
Mon May 21 12:52:44 CEST 2012 Thread[http-8400-1,5,main] Ignored duplicate property derby.module.basicAuthentication in jar:file:/C:/MME2_FLEX/Mobil_Nurse/backend/tomcat/webapps/blazeds/WEB-INF/lib/derby.jar!/org/apache/derby/modules.properties
Mon May 21 12:52:44 CEST 2012 Thread[http-8400-1,5,main] Ignored duplicate property derby.module.validation in jar:file:/C:/MME2_FLEX/Mobil_Nurse/backend/tomcat/webapps/blazeds/WEB-INF/lib/derby.jar!/org/apache/derby/modules.properties
Mon May 21 12:52:44 CEST 2012 Thread[http-8400-1,5,main] Ignored duplicate property derby.module.streams in jar:file:/C:/MME2_FLEX/Mobil_Nurse/backend/tomcat/webapps/blazeds/WEB-INF/lib/derby.jar!/org/apache/derby/modules.properties
Mon May 21 12:52:44 CEST 2012 Thread[http-8400-1,5,main] Ignored duplicate property derby.module.classManagerJ2 in jar:file:/C:/MME2_FLEX/Mobil_Nurse/backend/tomcat/webapps/blazeds/WEB-INF/lib/derby.jar!/org/apache/derby/modules.properties
Mon May 21 12:52:44 CEST 2012 Thread[http-8400-1,5,main] Ignored duplicate property derby.env.classes.resourceAdapterJ2 in jar:file:/C:/MME2_FLEX/Mobil_Nurse/backend/tomcat/webapps/blazeds/WEB-INF/lib/derby.jar!/org/apache/derby/modules.properties
Mon May 21 12:52:44 CEST 2012 Thread[http-8400-1,5,main] Ignored duplicate property derby.module.jdbcJ4 in jar:file:/C:/MME2_FLEX/Mobil_Nurse/backend/tomcat/webapps/blazeds/WEB-INF/lib/derby.jar!/org/apache/derby/modules.properties
Mon May 21 12:52:44 CEST 2012 Thread[http-8400-1,5,main] Ignored duplicate property derby.module.rawStore.log in jar:file:/C:/MME2_FLEX/Mobil_Nurse/backend/tomcat/webapps/blazeds/WEB-INF/lib/derby.jar!/org/apache/derby/modules.properties
Mon May 21 12:52:44 CEST 2012 Thread[http-8400-1,5,main] Ignored duplicate property derby.module.rawStore.log.readonly in jar:file:/C:/MME2_FLEX/Mobil_Nurse/backend/tomcat/webapps/blazeds/WEB-INF/lib/derby.jar!/org/apache/derby/modules.properties
Mon May 21 12:52:44 CEST 2012 Thread[http-8400-1,5,main] Ignored duplicate property derby.module.access.heap in jar:file:/C:/MME2_FLEX/Mobil_Nurse/backend/tomcat/webapps/blazeds/WEB-INF/lib/derby.jar!/org/apache/derby/modules.properties
Mon May 21 12:52:44 CEST 2012 Thread[http-8400-1,5,main] Ignored duplicate property derby.module.daemon in jar:file:/C:/MME2_FLEX/Mobil_Nurse/backend/tomcat/webapps/blazeds/WEB-INF/lib/derby.jar!/org/apache/derby/modules.properties
Mon May 21 12:52:44 CEST 2012 Thread[http-8400-1,5,main] Ignored duplicate property derby.module.tcf in jar:file:/C:/MME2_FLEX/Mobil_Nurse/backend/tomcat/webapps/blazeds/WEB-INF/lib/derby.jar!/org/apache/derby/modules.properties
Mon May 21 12:52:44 CEST 2012 Thread[http-8400-1,5,main] Ignored duplicate property derby.env.classes.jdbcJ4 in jar:file:/C:/MME2_FLEX/Mobil_Nurse/backend/tomcat/webapps/blazeds/WEB-INF/lib/derby.jar!/org/apache/derby/modules.properties
Mon May 21 12:52:44 CEST 2012 Thread[http-8400-1,5,main] Ignored duplicate property derby.module.resultSetStatisticsFactory in jar:file:/C:/MME2_FLEX/Mobil_Nurse/backend/tomcat/webapps/blazeds/WEB-INF/lib/derby.jar!/org/apache/derby/modules.properties
Mon May 21 12:52:44 CEST 2012 Thread[http-8400-1,5,main] Ignored duplicate property derby.env.classes.cryptographyJ2 in jar:file:/C:/MME2_FLEX/Mobil_Nurse/backend/tomcat/webapps/blazeds/WEB-INF/lib/derby.jar!/org/apache/derby/modules.properties
Mon May 21 12:52:44 CEST 2012 Thread[http-8400-1,5,main] Ignored duplicate property derby.module.resourceAdapterJ2 in jar:file:/C:/MME2_FLEX/Mobil_Nurse/backend/tomcat/webapps/blazeds/WEB-INF/lib/derby.jar!/org/apache/derby/modules.properties
Mon May 21 12:52:44 CEST 2012 Thread[http-8400-1,5,main] Ignored duplicate property derby.module.access.sort in jar:file:/C:/MME2_FLEX/Mobil_Nurse/backend/tomcat/webapps/blazeds/WEB-INF/lib/derby.jar!/org/apache/derby/modules.properties
Mon May 21 12:52:44 CEST 2012 Thread[http-8400-1,5,main] Ignored duplicate property derby.env.classes.JNDIAuthentication in jar:file:/C:/MME2_FLEX/Mobil_Nurse/backend/tomcat/webapps/blazeds/WEB-INF/lib/derby.jar!/org/apache/derby/modules.properties
Mon May 21 12:52:44 CEST 2012 Thread[http-8400-1,5,main] Ignored duplicate property derby.module.lcf in jar:file:/C:/MME2_FLEX/Mobil_Nurse/backend/tomcat/webapps/blazeds/WEB-INF/lib/derby.jar!/org/apache/derby/modules.properties
Mon May 21 12:52:44 CEST 2012 Thread[http-8400-1,5,main] Ignored duplicate property derby.module.rawStore in jar:file:/C:/MME2_FLEX/Mobil_Nurse/backend/tomcat/webapps/blazeds/WEB-INF/lib/derby.jar!/org/apache/derby/modules.properties
Mon May 21 12:52:44 CEST 2012 Thread[http-8400-1,5,main] Ignored duplicate property derby.env.jdk.resourceAdapterJ2 in jar:file:/C:/MME2_FLEX/Mobil_Nurse/backend/tomcat/webapps/blazeds/WEB-INF/lib/derby.jar!/org/apache/derby/modules.properties
Mon May 21 12:52:44 CEST 2012 Thread[http-8400-1,5,main] Ignored duplicate property derby.env.classes.jdbc169 in jar:file:/C:/MME2_FLEX/Mobil_Nurse/backend/tomcat/webapps/blazeds/WEB-INF/lib/derby.jar!/org/apache/derby/modules.properties
Mon May 21 12:52:44 CEST 2012 Thread[http-8400-1,5,main] Ignored duplicate property derby.module.lf in jar:file:/C:/MME2_FLEX/Mobil_Nurse/backend/tomcat/webapps/blazeds/WEB-INF/lib/derby.jar!/org/apache/derby/modules.properties
Mon May 21 12:52:44 CEST 2012 Thread[http-8400-1,5,main] Ignored duplicate property derby.module.nodeFactory in jar:file:/C:/MME2_FLEX/Mobil_Nurse/backend/tomcat/webapps/blazeds/WEB-INF/lib/derby.jar!/org/apache/derby/modules.properties
Mon May 21 12:52:44 CEST 2012 Thread[http-8400-1,5,main] Ignored duplicate property derby.env.jdk.jdbcJ4 in jar:file:/C:/MME2_FLEX/Mobil_Nurse/backend/tomcat/webapps/blazeds/WEB-INF/lib/derby.jar!/org/apache/derby/modules.properties
----------------------------------------------------------------
Mon May 21 12:52:44 CEST 2012:
Booten von Derby Version The Apache Software Foundation - Apache Derby - 10.8.2.2 - (1181258): Instanz a816c00e-0137-6f07-1483-00000f495380
>>>>>>> ef6e0a6d1dd7ce81b2c2d4785d9cabd40a3b4be1
für Datenbankverzeichnis C:\MME2_FLEX\Mobil_Nurse\backend\tomcat\webapps\blazeds\WEB-INF\db   mit Klassenladeprogrammn WebappClassLoader
  delegate: false
  repositories:
    /WEB-INF/classes/
----------> Parent Classloader:
org.apache.catalina.loader.StandardClassLoader@d1e604


java.vendor=Sun Microsystems Inc.
java.runtime.version=1.6.0_25-b06
user.dir=C:\MME2_FLEX\Mobil_Nurse\backend\tomcat\bin
derby.system.home=null
Das Ladeprogramm für Datenbankklassen wurde gestartet - derby.database.classpath=''
