03.06.2012 16:23:01 org.apache.coyote.http11.Http11Protocol pause
INFO: Pausing Coyote HTTP/1.1 on http-8400
03.06.2012 18:54:22 org.apache.catalina.core.AprLifecycleListener init
INFO: The Apache Tomcat Native library which allows optimal performance in production environments was not found on the java.library.path: C:\Program Files (x86)\Java\jdk1.6.0\bin;.;C:\Windows\Sun\Java\bin;C:\Windows\system32;C:\Windows;C:\Program Files (x86)\PC Connectivity Solution\;C:\Program Files (x86)\NVIDIA Corporation\PhysX\Common;C:\Windows\system32;C:\Windows;C:\Windows\System32\Wbem;C:\Windows\System32\WindowsPowerShell\v1.0\;C:\Program Files (x86)\QuickTime\QTSystem\;C:\Maven\apache-maven-3.0.3\bin
03.06.2012 18:54:22 org.apache.coyote.http11.Http11Protocol init
INFO: Initializing Coyote HTTP/1.1 on http-8400
03.06.2012 18:54:22 org.apache.catalina.startup.Catalina load
INFO: Initialization processed in 958 ms
03.06.2012 18:54:22 org.apache.catalina.core.StandardService start
INFO: Starting service Catalina
03.06.2012 18:54:22 org.apache.catalina.core.StandardEngine start
INFO: Starting Servlet Engine: Apache Tomcat/6.0.14
03.06.2012 18:54:26 org.apache.coyote.http11.Http11Protocol start
INFO: Starting Coyote HTTP/1.1 on http-8400
03.06.2012 18:54:27 org.apache.jk.common.ChannelSocket init
INFO: JK: ajp13 listening on /0.0.0.0:8009
03.06.2012 18:54:27 org.apache.jk.server.JkMain start
INFO: Jk running ID=0 time=0/69  config=null
03.06.2012 18:54:27 org.apache.catalina.startup.Catalina start
INFO: Server startup in 4714 ms
03.06.2012 19:16:00 org.apache.catalina.core.StandardContext reload
INFO: Reloading this Context has started
03.06.2012 19:19:00 org.apache.coyote.http11.Http11Protocol pause
INFO: Pausing Coyote HTTP/1.1 on http-8400
03.06.2012 19:19:01 org.apache.catalina.core.StandardService stop
INFO: Stopping service Catalina
03.06.2012 19:19:01 org.apache.coyote.http11.Http11Protocol destroy
INFO: Stopping Coyote HTTP/1.1 on http-8400
