08.05.2012 00:00:28 org.apache.catalina.core.AprLifecycleListener init
INFO: The Apache Tomcat Native library which allows optimal performance in production environments was not found on the java.library.path: C:\Program Files (x86)\Java\jdk1.6.0\bin;.;C:\Windows\Sun\Java\bin;C:\Windows\system32;C:\Windows;C:\Program Files (x86)\PC Connectivity Solution\;C:\Program Files (x86)\NVIDIA Corporation\PhysX\Common;C:\Windows\system32;C:\Windows;C:\Windows\System32\Wbem;C:\Windows\System32\WindowsPowerShell\v1.0\;C:\Program Files (x86)\QuickTime\QTSystem\;C:\Maven\apache-maven-3.0.3\bin
08.05.2012 00:00:28 org.apache.coyote.http11.Http11Protocol init
INFO: Initializing Coyote HTTP/1.1 on http-8400
08.05.2012 00:00:28 org.apache.catalina.startup.Catalina load
INFO: Initialization processed in 313 ms
08.05.2012 00:00:28 org.apache.catalina.core.StandardService start
INFO: Starting service Catalina
08.05.2012 00:00:28 org.apache.catalina.core.StandardEngine start
INFO: Starting Servlet Engine: Apache Tomcat/6.0.14
08.05.2012 00:00:31 org.apache.coyote.http11.Http11Protocol start
INFO: Starting Coyote HTTP/1.1 on http-8400
08.05.2012 00:00:31 org.apache.jk.common.ChannelSocket init
INFO: JK: ajp13 listening on /0.0.0.0:8009
08.05.2012 00:00:31 org.apache.jk.server.JkMain start
INFO: Jk running ID=0 time=0/16  config=null
08.05.2012 00:00:31 org.apache.catalina.startup.Catalina start
INFO: Server startup in 3233 ms
08.05.2012 00:10:15 org.apache.coyote.http11.Http11Protocol pause
INFO: Pausing Coyote HTTP/1.1 on http-8400
08.05.2012 00:10:16 org.apache.catalina.core.StandardService stop
INFO: Stopping service Catalina
08.05.2012 00:10:17 org.apache.coyote.http11.Http11Protocol destroy
INFO: Stopping Coyote HTTP/1.1 on http-8400
08.05.2012 00:10:17 org.apache.catalina.loader.WebappClassLoader loadClass
INFO: Illegal access: this web application instance has been stopped already.  Could not load org.eclipse.persistence.internal.localization.i18n.LoggingLocalizationResource.  The eventual following stack trace is caused by an error thrown for debugging purposes as well as to attempt to terminate the thread which caused the illegal access, and has no functional impact.
java.lang.IllegalStateException
	at org.apache.catalina.loader.WebappClassLoader.loadClass(WebappClassLoader.java:1244)
	at org.apache.catalina.loader.WebappClassLoader.loadClass(WebappClassLoader.java:1204)
	at java.util.ResourceBundle$Control.newBundle(ResourceBundle.java:2370)
	at java.util.ResourceBundle.loadBundle(ResourceBundle.java:1400)
	at java.util.ResourceBundle.findBundle(ResourceBundle.java:1365)
	at java.util.ResourceBundle.findBundle(ResourceBundle.java:1294)
	at java.util.ResourceBundle.findBundle(ResourceBundle.java:1294)
	at java.util.ResourceBundle.getBundleImpl(ResourceBundle.java:1236)
	at java.util.ResourceBundle.getBundle(ResourceBundle.java:789)
	at org.eclipse.persistence.internal.localization.EclipseLinkLocalization.buildMessage(EclipseLinkLocalization.java:60)
	at org.eclipse.persistence.internal.localization.EclipseLinkLocalization.buildMessage(EclipseLinkLocalization.java:34)
	at org.eclipse.persistence.internal.localization.LoggingLocalization.buildMessage(LoggingLocalization.java:25)
	at org.eclipse.persistence.internal.localization.LoggingLocalization.buildMessage(LoggingLocalization.java:29)
	at org.eclipse.persistence.logging.AbstractSessionLog.printPrefixString(AbstractSessionLog.java:788)
	at org.eclipse.persistence.logging.DefaultSessionLog.log(DefaultSessionLog.java:138)
	at org.eclipse.persistence.internal.sessions.AbstractSession.log(AbstractSession.java:3100)
	at org.eclipse.persistence.internal.sessions.AbstractSession.log(AbstractSession.java:4218)
	at org.eclipse.persistence.internal.sessions.AbstractSession.log(AbstractSession.java:4190)
	at org.eclipse.persistence.internal.sessions.AbstractSession.log(AbstractSession.java:4166)
	at org.eclipse.persistence.internal.sessions.AbstractSession.log(AbstractSession.java:4088)
	at org.eclipse.persistence.internal.sessions.DatabaseSessionImpl.logout(DatabaseSessionImpl.java:774)
	at org.eclipse.persistence.sessions.server.ServerSession.logout(ServerSession.java:741)
	at org.eclipse.persistence.internal.jpa.EntityManagerSetupImpl.removeSessionFromGlobalSessionManager(EntityManagerSetupImpl.java:366)
	at org.eclipse.persistence.internal.jpa.EntityManagerSetupImpl.undeploy(EntityManagerSetupImpl.java:2144)
	at org.eclipse.persistence.internal.jpa.EntityManagerFactoryDelegate.close(EntityManagerFactoryDelegate.java:248)
	at org.eclipse.persistence.internal.jpa.EntityManagerFactoryDelegate.finalize(EntityManagerFactoryDelegate.java:311)
	at java.lang.ref.Finalizer.invokeFinalizeMethod(Native Method)
	at java.lang.ref.Finalizer.runFinalizer(Finalizer.java:83)
	at java.lang.ref.Finalizer.access$100(Finalizer.java:14)
	at java.lang.ref.Finalizer$FinalizerThread.run(Finalizer.java:160)
08.05.2012 00:10:17 org.apache.catalina.loader.WebappClassLoader loadClass
INFO: Illegal access: this web application instance has been stopped already.  Could not load org.eclipse.persistence.exceptions.i18n.ConversionExceptionResource.  The eventual following stack trace is caused by an error thrown for debugging purposes as well as to attempt to terminate the thread which caused the illegal access, and has no functional impact.
java.lang.IllegalStateException
	at org.apache.catalina.loader.WebappClassLoader.loadClass(WebappClassLoader.java:1244)
	at org.apache.catalina.loader.WebappClassLoader.loadClass(WebappClassLoader.java:1204)
	at java.util.ResourceBundle$Control.newBundle(ResourceBundle.java:2370)
	at java.util.ResourceBundle.loadBundle(ResourceBundle.java:1400)
	at java.util.ResourceBundle.findBundle(ResourceBundle.java:1365)
	at java.util.ResourceBundle.findBundle(ResourceBundle.java:1294)
	at java.util.ResourceBundle.findBundle(ResourceBundle.java:1294)
	at java.util.ResourceBundle.getBundleImpl(ResourceBundle.java:1236)
	at java.util.ResourceBundle.getBundle(ResourceBundle.java:964)
	at org.eclipse.persistence.exceptions.i18n.ExceptionMessageGenerator.buildMessage(ExceptionMessageGenerator.java:47)
	at org.eclipse.persistence.exceptions.ConversionException.couldNotBeConverted(ConversionException.java:78)
	at org.eclipse.persistence.internal.helper.ConversionManager.convertObject(ConversionManager.java:146)
	at org.eclipse.persistence.logging.AbstractSessionLog.getDateString(AbstractSessionLog.java:705)
	at org.eclipse.persistence.logging.AbstractSessionLog.getSupplementDetailString(AbstractSessionLog.java:715)
	at org.eclipse.persistence.logging.DefaultSessionLog.log(DefaultSessionLog.java:139)
	at org.eclipse.persistence.internal.sessions.AbstractSession.log(AbstractSession.java:3100)
	at org.eclipse.persistence.internal.sessions.AbstractSession.log(AbstractSession.java:4218)
	at org.eclipse.persistence.internal.sessions.AbstractSession.log(AbstractSession.java:4190)
	at org.eclipse.persistence.internal.sessions.AbstractSession.log(AbstractSession.java:4166)
	at org.eclipse.persistence.internal.sessions.AbstractSession.log(AbstractSession.java:4088)
	at org.eclipse.persistence.internal.sessions.DatabaseSessionImpl.logout(DatabaseSessionImpl.java:774)
	at org.eclipse.persistence.sessions.server.ServerSession.logout(ServerSession.java:741)
	at org.eclipse.persistence.internal.jpa.EntityManagerSetupImpl.removeSessionFromGlobalSessionManager(EntityManagerSetupImpl.java:366)
	at org.eclipse.persistence.internal.jpa.EntityManagerSetupImpl.undeploy(EntityManagerSetupImpl.java:2144)
	at org.eclipse.persistence.internal.jpa.EntityManagerFactoryDelegate.close(EntityManagerFactoryDelegate.java:248)
	at org.eclipse.persistence.internal.jpa.EntityManagerFactoryDelegate.finalize(EntityManagerFactoryDelegate.java:311)
	at java.lang.ref.Finalizer.invokeFinalizeMethod(Native Method)
	at java.lang.ref.Finalizer.runFinalizer(Finalizer.java:83)
	at java.lang.ref.Finalizer.access$100(Finalizer.java:14)
	at java.lang.ref.Finalizer$FinalizerThread.run(Finalizer.java:160)
08.05.2012 00:10:33 org.apache.catalina.core.AprLifecycleListener init
INFO: The Apache Tomcat Native library which allows optimal performance in production environments was not found on the java.library.path: C:\Program Files (x86)\Java\jdk1.6.0\bin;.;C:\Windows\Sun\Java\bin;C:\Windows\system32;C:\Windows;C:\Program Files (x86)\PC Connectivity Solution\;C:\Program Files (x86)\NVIDIA Corporation\PhysX\Common;C:\Windows\system32;C:\Windows;C:\Windows\System32\Wbem;C:\Windows\System32\WindowsPowerShell\v1.0\;C:\Program Files (x86)\QuickTime\QTSystem\;C:\Maven\apache-maven-3.0.3\bin
08.05.2012 00:10:33 org.apache.coyote.http11.Http11Protocol init
INFO: Initializing Coyote HTTP/1.1 on http-8400
08.05.2012 00:10:33 org.apache.catalina.startup.Catalina load
INFO: Initialization processed in 296 ms
08.05.2012 00:10:33 org.apache.catalina.core.StandardService start
INFO: Starting service Catalina
08.05.2012 00:10:33 org.apache.catalina.core.StandardEngine start
INFO: Starting Servlet Engine: Apache Tomcat/6.0.14
08.05.2012 00:10:36 org.apache.coyote.http11.Http11Protocol start
INFO: Starting Coyote HTTP/1.1 on http-8400
08.05.2012 00:10:36 org.apache.jk.common.ChannelSocket init
INFO: JK: ajp13 listening on /0.0.0.0:8009
08.05.2012 00:10:36 org.apache.jk.server.JkMain start
INFO: Jk running ID=0 time=0/15  config=null
08.05.2012 00:10:36 org.apache.catalina.startup.Catalina start
INFO: Server startup in 3152 ms
08.05.2012 00:12:43 org.apache.coyote.http11.Http11Protocol pause
INFO: Pausing Coyote HTTP/1.1 on http-8400
08.05.2012 00:12:44 org.apache.catalina.core.StandardService stop
INFO: Stopping service Catalina
08.05.2012 00:12:44 org.apache.coyote.http11.Http11Protocol destroy
INFO: Stopping Coyote HTTP/1.1 on http-8400
08.05.2012 00:14:58 org.apache.catalina.core.AprLifecycleListener init
INFO: The Apache Tomcat Native library which allows optimal performance in production environments was not found on the java.library.path: C:\Program Files (x86)\Java\jdk1.6.0\bin;.;C:\Windows\Sun\Java\bin;C:\Windows\system32;C:\Windows;C:\Program Files (x86)\PC Connectivity Solution\;C:\Program Files (x86)\NVIDIA Corporation\PhysX\Common;C:\Windows\system32;C:\Windows;C:\Windows\System32\Wbem;C:\Windows\System32\WindowsPowerShell\v1.0\;C:\Program Files (x86)\QuickTime\QTSystem\;C:\Maven\apache-maven-3.0.3\bin
08.05.2012 00:14:58 org.apache.coyote.http11.Http11Protocol init
INFO: Initializing Coyote HTTP/1.1 on http-8400
08.05.2012 00:14:58 org.apache.catalina.startup.Catalina load
INFO: Initialization processed in 336 ms
08.05.2012 00:14:58 org.apache.catalina.core.StandardService start
INFO: Starting service Catalina
08.05.2012 00:14:58 org.apache.catalina.core.StandardEngine start
INFO: Starting Servlet Engine: Apache Tomcat/6.0.14
08.05.2012 00:15:01 org.apache.coyote.http11.Http11Protocol start
INFO: Starting Coyote HTTP/1.1 on http-8400
08.05.2012 00:15:02 org.apache.jk.common.ChannelSocket init
INFO: JK: ajp13 listening on /0.0.0.0:8009
08.05.2012 00:15:02 org.apache.jk.server.JkMain start
INFO: Jk running ID=0 time=0/16  config=null
08.05.2012 00:15:02 org.apache.catalina.startup.Catalina start
INFO: Server startup in 3250 ms
08.05.2012 00:24:09 org.apache.coyote.http11.Http11Protocol pause
INFO: Pausing Coyote HTTP/1.1 on http-8400
08.05.2012 00:24:10 org.apache.catalina.core.StandardService stop
INFO: Stopping service Catalina
08.05.2012 00:24:10 org.apache.coyote.http11.Http11Protocol destroy
INFO: Stopping Coyote HTTP/1.1 on http-8400
08.05.2012 00:24:53 org.apache.catalina.core.AprLifecycleListener init
INFO: The Apache Tomcat Native library which allows optimal performance in production environments was not found on the java.library.path: C:\Program Files (x86)\Java\jdk1.6.0\bin;.;C:\Windows\Sun\Java\bin;C:\Windows\system32;C:\Windows;C:\Program Files (x86)\PC Connectivity Solution\;C:\Program Files (x86)\NVIDIA Corporation\PhysX\Common;C:\Windows\system32;C:\Windows;C:\Windows\System32\Wbem;C:\Windows\System32\WindowsPowerShell\v1.0\;C:\Program Files (x86)\QuickTime\QTSystem\;C:\Maven\apache-maven-3.0.3\bin
08.05.2012 00:24:53 org.apache.coyote.http11.Http11Protocol init
INFO: Initializing Coyote HTTP/1.1 on http-8400
08.05.2012 00:24:53 org.apache.catalina.startup.Catalina load
INFO: Initialization processed in 300 ms
08.05.2012 00:24:53 org.apache.catalina.core.StandardService start
INFO: Starting service Catalina
08.05.2012 00:24:53 org.apache.catalina.core.StandardEngine start
INFO: Starting Servlet Engine: Apache Tomcat/6.0.14
08.05.2012 00:24:56 org.apache.coyote.http11.Http11Protocol start
INFO: Starting Coyote HTTP/1.1 on http-8400
08.05.2012 00:24:56 org.apache.jk.common.ChannelSocket init
INFO: JK: ajp13 listening on /0.0.0.0:8009
08.05.2012 00:24:56 org.apache.jk.server.JkMain start
INFO: Jk running ID=0 time=0/17  config=null
08.05.2012 00:24:56 org.apache.catalina.startup.Catalina start
INFO: Server startup in 3131 ms
08.05.2012 00:27:41 org.apache.coyote.http11.Http11Protocol pause
INFO: Pausing Coyote HTTP/1.1 on http-8400
08.05.2012 00:27:42 org.apache.catalina.core.StandardService stop
INFO: Stopping service Catalina
08.05.2012 00:27:43 org.apache.coyote.http11.Http11Protocol destroy
INFO: Stopping Coyote HTTP/1.1 on http-8400
08.05.2012 00:27:44 org.apache.catalina.core.AprLifecycleListener init
INFO: The Apache Tomcat Native library which allows optimal performance in production environments was not found on the java.library.path: C:\Program Files (x86)\Java\jdk1.6.0\bin;.;C:\Windows\Sun\Java\bin;C:\Windows\system32;C:\Windows;C:\Program Files (x86)\PC Connectivity Solution\;C:\Program Files (x86)\NVIDIA Corporation\PhysX\Common;C:\Windows\system32;C:\Windows;C:\Windows\System32\Wbem;C:\Windows\System32\WindowsPowerShell\v1.0\;C:\Program Files (x86)\QuickTime\QTSystem\;C:\Maven\apache-maven-3.0.3\bin
08.05.2012 00:27:44 org.apache.coyote.http11.Http11Protocol init
INFO: Initializing Coyote HTTP/1.1 on http-8400
08.05.2012 00:27:44 org.apache.catalina.startup.Catalina load
INFO: Initialization processed in 298 ms
08.05.2012 00:27:44 org.apache.catalina.core.StandardService start
INFO: Starting service Catalina
08.05.2012 00:27:44 org.apache.catalina.core.StandardEngine start
INFO: Starting Servlet Engine: Apache Tomcat/6.0.14
08.05.2012 00:27:47 org.apache.coyote.http11.Http11Protocol start
INFO: Starting Coyote HTTP/1.1 on http-8400
08.05.2012 00:27:47 org.apache.jk.common.ChannelSocket init
INFO: JK: ajp13 listening on /0.0.0.0:8009
08.05.2012 00:27:47 org.apache.jk.server.JkMain start
INFO: Jk running ID=0 time=0/15  config=null
08.05.2012 00:27:47 org.apache.catalina.startup.Catalina start
INFO: Server startup in 3095 ms
08.05.2012 00:30:36 org.apache.coyote.http11.Http11Protocol pause
INFO: Pausing Coyote HTTP/1.1 on http-8400
08.05.2012 00:30:37 org.apache.catalina.core.StandardService stop
INFO: Stopping service Catalina
08.05.2012 00:30:38 org.apache.coyote.http11.Http11Protocol destroy
INFO: Stopping Coyote HTTP/1.1 on http-8400
08.05.2012 00:30:39 org.apache.catalina.core.AprLifecycleListener init
INFO: The Apache Tomcat Native library which allows optimal performance in production environments was not found on the java.library.path: C:\Program Files (x86)\Java\jdk1.6.0\bin;.;C:\Windows\Sun\Java\bin;C:\Windows\system32;C:\Windows;C:\Program Files (x86)\PC Connectivity Solution\;C:\Program Files (x86)\NVIDIA Corporation\PhysX\Common;C:\Windows\system32;C:\Windows;C:\Windows\System32\Wbem;C:\Windows\System32\WindowsPowerShell\v1.0\;C:\Program Files (x86)\QuickTime\QTSystem\;C:\Maven\apache-maven-3.0.3\bin
08.05.2012 00:30:39 org.apache.coyote.http11.Http11Protocol init
INFO: Initializing Coyote HTTP/1.1 on http-8400
08.05.2012 00:30:39 org.apache.catalina.startup.Catalina load
INFO: Initialization processed in 289 ms
08.05.2012 00:30:39 org.apache.catalina.core.StandardService start
INFO: Starting service Catalina
08.05.2012 00:30:39 org.apache.catalina.core.StandardEngine start
INFO: Starting Servlet Engine: Apache Tomcat/6.0.14
08.05.2012 00:30:43 org.apache.coyote.http11.Http11Protocol start
INFO: Starting Coyote HTTP/1.1 on http-8400
08.05.2012 00:30:43 org.apache.jk.common.ChannelSocket init
INFO: JK: ajp13 listening on /0.0.0.0:8009
08.05.2012 00:30:43 org.apache.jk.server.JkMain start
INFO: Jk running ID=0 time=0/16  config=null
08.05.2012 00:30:43 org.apache.catalina.startup.Catalina start
INFO: Server startup in 3154 ms
08.05.2012 00:31:48 org.apache.coyote.http11.Http11Protocol pause
INFO: Pausing Coyote HTTP/1.1 on http-8400
08.05.2012 00:31:49 org.apache.catalina.core.StandardService stop
INFO: Stopping service Catalina
08.05.2012 00:31:50 org.apache.coyote.http11.Http11Protocol destroy
INFO: Stopping Coyote HTTP/1.1 on http-8400
08.05.2012 00:33:45 org.apache.catalina.core.AprLifecycleListener init
INFO: The Apache Tomcat Native library which allows optimal performance in production environments was not found on the java.library.path: C:\Program Files (x86)\Java\jdk1.6.0\bin;.;C:\Windows\Sun\Java\bin;C:\Windows\system32;C:\Windows;C:\Program Files (x86)\PC Connectivity Solution\;C:\Program Files (x86)\NVIDIA Corporation\PhysX\Common;C:\Windows\system32;C:\Windows;C:\Windows\System32\Wbem;C:\Windows\System32\WindowsPowerShell\v1.0\;C:\Program Files (x86)\QuickTime\QTSystem\;C:\Maven\apache-maven-3.0.3\bin
08.05.2012 00:33:45 org.apache.coyote.http11.Http11Protocol init
INFO: Initializing Coyote HTTP/1.1 on http-8400
08.05.2012 00:33:45 org.apache.catalina.startup.Catalina load
INFO: Initialization processed in 295 ms
08.05.2012 00:33:45 org.apache.catalina.core.StandardService start
INFO: Starting service Catalina
08.05.2012 00:33:45 org.apache.catalina.core.StandardEngine start
INFO: Starting Servlet Engine: Apache Tomcat/6.0.14
08.05.2012 00:33:48 org.apache.coyote.http11.Http11Protocol start
INFO: Starting Coyote HTTP/1.1 on http-8400
08.05.2012 00:33:48 org.apache.jk.common.ChannelSocket init
INFO: JK: ajp13 listening on /0.0.0.0:8009
08.05.2012 00:33:48 org.apache.jk.server.JkMain start
INFO: Jk running ID=0 time=0/16  config=null
08.05.2012 00:33:48 org.apache.catalina.startup.Catalina start
INFO: Server startup in 3083 ms
08.05.2012 00:45:15 org.apache.coyote.http11.Http11Protocol pause
INFO: Pausing Coyote HTTP/1.1 on http-8400
08.05.2012 00:45:16 org.apache.catalina.core.StandardService stop
INFO: Stopping service Catalina
08.05.2012 00:45:17 org.apache.coyote.http11.Http11Protocol destroy
INFO: Stopping Coyote HTTP/1.1 on http-8400
08.05.2012 10:45:40 org.apache.catalina.core.AprLifecycleListener init
INFO: The Apache Tomcat Native library which allows optimal performance in production environments was not found on the java.library.path: C:\Program Files (x86)\Java\jdk1.6.0\bin;.;C:\Windows\Sun\Java\bin;C:\Windows\system32;C:\Windows;C:\Program Files (x86)\PC Connectivity Solution\;C:\Program Files (x86)\NVIDIA Corporation\PhysX\Common;C:\Windows\system32;C:\Windows;C:\Windows\System32\Wbem;C:\Windows\System32\WindowsPowerShell\v1.0\;C:\Program Files (x86)\QuickTime\QTSystem\;C:\Maven\apache-maven-3.0.3\bin
08.05.2012 10:45:40 org.apache.coyote.http11.Http11Protocol init
INFO: Initializing Coyote HTTP/1.1 on http-8400
08.05.2012 10:45:40 org.apache.catalina.startup.Catalina load
INFO: Initialization processed in 286 ms
08.05.2012 10:45:40 org.apache.catalina.core.StandardService start
INFO: Starting service Catalina
08.05.2012 10:45:40 org.apache.catalina.core.StandardEngine start
INFO: Starting Servlet Engine: Apache Tomcat/6.0.14
08.05.2012 10:45:43 org.apache.coyote.http11.Http11Protocol start
INFO: Starting Coyote HTTP/1.1 on http-8400
08.05.2012 10:45:43 org.apache.jk.common.ChannelSocket init
INFO: JK: ajp13 listening on /0.0.0.0:8009
08.05.2012 10:45:43 org.apache.jk.server.JkMain start
INFO: Jk running ID=0 time=0/15  config=null
08.05.2012 10:45:43 org.apache.catalina.startup.Catalina start
INFO: Server startup in 3211 ms
08.05.2012 11:00:16 org.apache.catalina.core.AprLifecycleListener init
INFO: The Apache Tomcat Native library which allows optimal performance in production environments was not found on the java.library.path: C:\Program Files (x86)\Java\jdk1.6.0\bin;.;C:\Windows\Sun\Java\bin;C:\Windows\system32;C:\Windows;C:\Program Files (x86)\PC Connectivity Solution\;C:\Program Files (x86)\NVIDIA Corporation\PhysX\Common;C:\Windows\system32;C:\Windows;C:\Windows\System32\Wbem;C:\Windows\System32\WindowsPowerShell\v1.0\;C:\Program Files (x86)\QuickTime\QTSystem\;C:\Maven\apache-maven-3.0.3\bin
08.05.2012 11:00:18 org.apache.coyote.http11.Http11Protocol init
INFO: Initializing Coyote HTTP/1.1 on http-8400
08.05.2012 11:00:18 org.apache.catalina.startup.Catalina load
INFO: Initialization processed in 3383 ms
08.05.2012 11:00:18 org.apache.catalina.core.StandardService start
INFO: Starting service Catalina
08.05.2012 11:00:18 org.apache.catalina.core.StandardEngine start
INFO: Starting Servlet Engine: Apache Tomcat/6.0.14
08.05.2012 11:00:25 org.apache.coyote.http11.Http11Protocol start
INFO: Starting Coyote HTTP/1.1 on http-8400
08.05.2012 11:00:25 org.apache.jk.common.ChannelSocket init
INFO: JK: ajp13 listening on /0.0.0.0:8009
08.05.2012 11:00:25 org.apache.jk.server.JkMain start
INFO: Jk running ID=0 time=0/57  config=null
08.05.2012 11:00:25 org.apache.catalina.startup.Catalina start
INFO: Server startup in 7652 ms
08.05.2012 11:02:56 org.apache.catalina.core.StandardContext reload
INFO: Reloading this Context has started
08.05.2012 11:03:16 org.apache.catalina.core.StandardService stop
INFO: Stopping service Catalina
08.05.2012 11:06:04 org.apache.catalina.core.AprLifecycleListener init
INFO: The Apache Tomcat Native library which allows optimal performance in production environments was not found on the java.library.path: C:\Program Files (x86)\Java\jdk1.6.0\bin;.;C:\Windows\Sun\Java\bin;C:\Windows\system32;C:\Windows;C:\Program Files (x86)\PC Connectivity Solution\;C:\Program Files (x86)\NVIDIA Corporation\PhysX\Common;C:\Windows\system32;C:\Windows;C:\Windows\System32\Wbem;C:\Windows\System32\WindowsPowerShell\v1.0\;C:\Program Files (x86)\QuickTime\QTSystem\;C:\Maven\apache-maven-3.0.3\bin
08.05.2012 11:06:05 org.apache.coyote.http11.Http11Protocol init
INFO: Initializing Coyote HTTP/1.1 on http-8400
08.05.2012 11:06:05 org.apache.catalina.startup.Catalina load
INFO: Initialization processed in 275 ms
08.05.2012 11:06:05 org.apache.catalina.core.StandardService start
INFO: Starting service Catalina
08.05.2012 11:06:05 org.apache.catalina.core.StandardEngine start
INFO: Starting Servlet Engine: Apache Tomcat/6.0.14
08.05.2012 11:06:08 org.apache.coyote.http11.Http11Protocol start
INFO: Starting Coyote HTTP/1.1 on http-8400
08.05.2012 11:06:08 org.apache.jk.common.ChannelSocket init
INFO: JK: ajp13 listening on /0.0.0.0:8009
08.05.2012 11:06:08 org.apache.jk.server.JkMain start
INFO: Jk running ID=0 time=0/14  config=null
08.05.2012 11:06:08 org.apache.catalina.startup.Catalina start
INFO: Server startup in 3169 ms
08.05.2012 12:02:55 org.apache.catalina.core.AprLifecycleListener init
INFO: The Apache Tomcat Native library which allows optimal performance in production environments was not found on the java.library.path: C:\Program Files (x86)\Java\jdk1.6.0\bin;.;C:\Windows\Sun\Java\bin;C:\Windows\system32;C:\Windows;C:\Program Files (x86)\PC Connectivity Solution\;C:\Program Files (x86)\NVIDIA Corporation\PhysX\Common;C:\Windows\system32;C:\Windows;C:\Windows\System32\Wbem;C:\Windows\System32\WindowsPowerShell\v1.0\;C:\Program Files (x86)\QuickTime\QTSystem\;C:\Maven\apache-maven-3.0.3\bin
08.05.2012 12:02:56 org.apache.coyote.http11.Http11Protocol init
INFO: Initializing Coyote HTTP/1.1 on http-8400
08.05.2012 12:02:56 org.apache.catalina.startup.Catalina load
INFO: Initialization processed in 939 ms
08.05.2012 12:02:56 org.apache.catalina.core.StandardService start
INFO: Starting service Catalina
08.05.2012 12:02:56 org.apache.catalina.core.StandardEngine start
INFO: Starting Servlet Engine: Apache Tomcat/6.0.14
08.05.2012 12:02:58 org.apache.catalina.core.StandardContext resourcesStart
SCHWERWIEGEND: Error starting static Resources
java.lang.IllegalArgumentException: Document base C:\MME_FLEX\Mobil_Nurse\backend\tomcat\webapps\samples does not exist or is not a readable directory
	at org.apache.naming.resources.FileDirContext.setDocBase(FileDirContext.java:141)
	at org.apache.catalina.core.StandardContext.resourcesStart(StandardContext.java:3944)
	at org.apache.catalina.core.StandardContext.start(StandardContext.java:4113)
	at org.apache.catalina.core.ContainerBase.addChildInternal(ContainerBase.java:791)
	at org.apache.catalina.core.ContainerBase.addChild(ContainerBase.java:771)
	at org.apache.catalina.core.StandardHost.addChild(StandardHost.java:525)
	at org.apache.catalina.startup.HostConfig.deployDescriptor(HostConfig.java:626)
	at org.apache.catalina.startup.HostConfig.deployDescriptors(HostConfig.java:553)
	at org.apache.catalina.startup.HostConfig.deployApps(HostConfig.java:488)
	at org.apache.catalina.startup.HostConfig.start(HostConfig.java:1138)
	at org.apache.catalina.startup.HostConfig.lifecycleEvent(HostConfig.java:311)
	at org.apache.catalina.util.LifecycleSupport.fireLifecycleEvent(LifecycleSupport.java:117)
	at org.apache.catalina.core.ContainerBase.start(ContainerBase.java:1053)
	at org.apache.catalina.core.StandardHost.start(StandardHost.java:719)
	at org.apache.catalina.core.ContainerBase.start(ContainerBase.java:1045)
	at org.apache.catalina.core.StandardEngine.start(StandardEngine.java:443)
	at org.apache.catalina.core.StandardService.start(StandardService.java:516)
	at org.apache.catalina.core.StandardServer.start(StandardServer.java:710)
	at org.apache.catalina.startup.Catalina.start(Catalina.java:566)
	at sun.reflect.NativeMethodAccessorImpl.invoke0(Native Method)
	at sun.reflect.NativeMethodAccessorImpl.invoke(NativeMethodAccessorImpl.java:39)
	at sun.reflect.DelegatingMethodAccessorImpl.invoke(DelegatingMethodAccessorImpl.java:25)
	at java.lang.reflect.Method.invoke(Method.java:597)
	at org.apache.catalina.startup.Bootstrap.start(Bootstrap.java:288)
	at org.apache.catalina.startup.Bootstrap.main(Bootstrap.java:413)
08.05.2012 12:02:58 org.apache.catalina.core.StandardContext start
SCHWERWIEGEND: Error in resourceStart()
08.05.2012 12:02:58 org.apache.catalina.core.StandardContext start
SCHWERWIEGEND: Error getConfigured
08.05.2012 12:02:58 org.apache.catalina.core.StandardContext start
SCHWERWIEGEND: Context [/samples] startup failed due to previous errors
08.05.2012 12:02:58 org.apache.catalina.core.StandardContext stop
INFO: Container org.apache.catalina.core.ContainerBase.[Catalina].[localhost].[/samples] has not been started
08.05.2012 12:02:58 org.apache.coyote.http11.Http11Protocol start
INFO: Starting Coyote HTTP/1.1 on http-8400
08.05.2012 12:02:59 org.apache.jk.common.ChannelSocket init
INFO: JK: ajp13 listening on /0.0.0.0:8009
08.05.2012 12:02:59 org.apache.jk.server.JkMain start
INFO: Jk running ID=0 time=0/27  config=null
08.05.2012 12:02:59 org.apache.catalina.startup.Catalina start
INFO: Server startup in 2848 ms
08.05.2012 12:03:32 org.apache.coyote.http11.Http11Protocol pause
INFO: Pausing Coyote HTTP/1.1 on http-8400
08.05.2012 12:03:33 org.apache.catalina.core.StandardService stop
INFO: Stopping service Catalina
08.05.2012 12:03:33 org.apache.coyote.http11.Http11Protocol destroy
INFO: Stopping Coyote HTTP/1.1 on http-8400
08.05.2012 12:04:17 org.apache.catalina.startup.Catalina stopServer
SCHWERWIEGEND: Catalina.stop: 
java.net.ConnectException: Connection refused: connect
	at java.net.PlainSocketImpl.socketConnect(Native Method)
	at java.net.PlainSocketImpl.doConnect(PlainSocketImpl.java:333)
	at java.net.PlainSocketImpl.connectToAddress(PlainSocketImpl.java:195)
	at java.net.PlainSocketImpl.connect(PlainSocketImpl.java:182)
	at java.net.SocksSocketImpl.connect(SocksSocketImpl.java:366)
	at java.net.Socket.connect(Socket.java:519)
	at java.net.Socket.connect(Socket.java:469)
	at java.net.Socket.<init>(Socket.java:366)
	at java.net.Socket.<init>(Socket.java:179)
	at org.apache.catalina.startup.Catalina.stopServer(Catalina.java:409)
	at sun.reflect.NativeMethodAccessorImpl.invoke0(Native Method)
	at sun.reflect.NativeMethodAccessorImpl.invoke(NativeMethodAccessorImpl.java:39)
	at sun.reflect.DelegatingMethodAccessorImpl.invoke(DelegatingMethodAccessorImpl.java:25)
	at java.lang.reflect.Method.invoke(Method.java:597)
	at org.apache.catalina.startup.Bootstrap.stopServer(Bootstrap.java:337)
	at org.apache.catalina.startup.Bootstrap.main(Bootstrap.java:415)
08.05.2012 12:04:19 org.apache.catalina.core.AprLifecycleListener init
INFO: The Apache Tomcat Native library which allows optimal performance in production environments was not found on the java.library.path: C:\Program Files (x86)\Java\jdk1.6.0\bin;.;C:\Windows\Sun\Java\bin;C:\Windows\system32;C:\Windows;C:\Program Files (x86)\PC Connectivity Solution\;C:\Program Files (x86)\NVIDIA Corporation\PhysX\Common;C:\Windows\system32;C:\Windows;C:\Windows\System32\Wbem;C:\Windows\System32\WindowsPowerShell\v1.0\;C:\Program Files (x86)\QuickTime\QTSystem\;C:\Maven\apache-maven-3.0.3\bin
08.05.2012 12:04:19 org.apache.coyote.http11.Http11Protocol init
INFO: Initializing Coyote HTTP/1.1 on http-8400
08.05.2012 12:04:19 org.apache.catalina.startup.Catalina load
INFO: Initialization processed in 268 ms
08.05.2012 12:04:19 org.apache.catalina.core.StandardService start
INFO: Starting service Catalina
08.05.2012 12:04:19 org.apache.catalina.core.StandardEngine start
INFO: Starting Servlet Engine: Apache Tomcat/6.0.14
08.05.2012 12:04:20 org.apache.catalina.core.StandardContext resourcesStart
SCHWERWIEGEND: Error starting static Resources
java.lang.IllegalArgumentException: Document base C:\MME_FLEX\Mobil_Nurse\backend\tomcat\webapps\samples does not exist or is not a readable directory
	at org.apache.naming.resources.FileDirContext.setDocBase(FileDirContext.java:141)
	at org.apache.catalina.core.StandardContext.resourcesStart(StandardContext.java:3944)
	at org.apache.catalina.core.StandardContext.start(StandardContext.java:4113)
	at org.apache.catalina.core.ContainerBase.addChildInternal(ContainerBase.java:791)
	at org.apache.catalina.core.ContainerBase.addChild(ContainerBase.java:771)
	at org.apache.catalina.core.StandardHost.addChild(StandardHost.java:525)
	at org.apache.catalina.startup.HostConfig.deployDescriptor(HostConfig.java:626)
	at org.apache.catalina.startup.HostConfig.deployDescriptors(HostConfig.java:553)
	at org.apache.catalina.startup.HostConfig.deployApps(HostConfig.java:488)
	at org.apache.catalina.startup.HostConfig.start(HostConfig.java:1138)
	at org.apache.catalina.startup.HostConfig.lifecycleEvent(HostConfig.java:311)
	at org.apache.catalina.util.LifecycleSupport.fireLifecycleEvent(LifecycleSupport.java:117)
	at org.apache.catalina.core.ContainerBase.start(ContainerBase.java:1053)
	at org.apache.catalina.core.StandardHost.start(StandardHost.java:719)
	at org.apache.catalina.core.ContainerBase.start(ContainerBase.java:1045)
	at org.apache.catalina.core.StandardEngine.start(StandardEngine.java:443)
	at org.apache.catalina.core.StandardService.start(StandardService.java:516)
	at org.apache.catalina.core.StandardServer.start(StandardServer.java:710)
	at org.apache.catalina.startup.Catalina.start(Catalina.java:566)
	at sun.reflect.NativeMethodAccessorImpl.invoke0(Native Method)
	at sun.reflect.NativeMethodAccessorImpl.invoke(NativeMethodAccessorImpl.java:39)
	at sun.reflect.DelegatingMethodAccessorImpl.invoke(DelegatingMethodAccessorImpl.java:25)
	at java.lang.reflect.Method.invoke(Method.java:597)
	at org.apache.catalina.startup.Bootstrap.start(Bootstrap.java:288)
	at org.apache.catalina.startup.Bootstrap.main(Bootstrap.java:413)
08.05.2012 12:04:20 org.apache.catalina.core.StandardContext start
SCHWERWIEGEND: Error in resourceStart()
08.05.2012 12:04:20 org.apache.catalina.core.StandardContext start
SCHWERWIEGEND: Error getConfigured
08.05.2012 12:04:20 org.apache.catalina.core.StandardContext start
SCHWERWIEGEND: Context [/samples] startup failed due to previous errors
08.05.2012 12:04:20 org.apache.catalina.core.StandardContext stop
INFO: Container org.apache.catalina.core.ContainerBase.[Catalina].[localhost].[/samples] has not been started
08.05.2012 12:04:20 org.apache.coyote.http11.Http11Protocol start
INFO: Starting Coyote HTTP/1.1 on http-8400
08.05.2012 12:04:20 org.apache.jk.common.ChannelSocket init
INFO: JK: ajp13 listening on /0.0.0.0:8009
08.05.2012 12:04:20 org.apache.jk.server.JkMain start
INFO: Jk running ID=0 time=0/16  config=null
08.05.2012 12:04:20 org.apache.catalina.startup.Catalina start
INFO: Server startup in 1242 ms
08.05.2012 12:06:00 org.apache.coyote.http11.Http11Protocol pause
INFO: Pausing Coyote HTTP/1.1 on http-8400
08.05.2012 12:06:01 org.apache.catalina.core.StandardService stop
INFO: Stopping service Catalina
08.05.2012 12:06:01 org.apache.coyote.http11.Http11Protocol destroy
INFO: Stopping Coyote HTTP/1.1 on http-8400
08.05.2012 12:06:02 org.apache.catalina.core.AprLifecycleListener init
INFO: The Apache Tomcat Native library which allows optimal performance in production environments was not found on the java.library.path: C:\Program Files (x86)\Java\jdk1.6.0\bin;.;C:\Windows\Sun\Java\bin;C:\Windows\system32;C:\Windows;C:\Program Files (x86)\PC Connectivity Solution\;C:\Program Files (x86)\NVIDIA Corporation\PhysX\Common;C:\Windows\system32;C:\Windows;C:\Windows\System32\Wbem;C:\Windows\System32\WindowsPowerShell\v1.0\;C:\Program Files (x86)\QuickTime\QTSystem\;C:\Maven\apache-maven-3.0.3\bin
08.05.2012 12:06:02 org.apache.coyote.http11.Http11Protocol init
INFO: Initializing Coyote HTTP/1.1 on http-8400
08.05.2012 12:06:02 org.apache.catalina.startup.Catalina load
INFO: Initialization processed in 279 ms
08.05.2012 12:06:02 org.apache.catalina.core.StandardService start
INFO: Starting service Catalina
08.05.2012 12:06:02 org.apache.catalina.core.StandardEngine start
INFO: Starting Servlet Engine: Apache Tomcat/6.0.14
08.05.2012 12:06:03 org.apache.coyote.http11.Http11Protocol start
INFO: Starting Coyote HTTP/1.1 on http-8400
08.05.2012 12:06:03 org.apache.jk.common.ChannelSocket init
INFO: JK: ajp13 listening on /0.0.0.0:8009
08.05.2012 12:06:03 org.apache.jk.server.JkMain start
INFO: Jk running ID=0 time=0/16  config=null
08.05.2012 12:06:03 org.apache.catalina.startup.Catalina start
INFO: Server startup in 1269 ms
08.05.2012 12:10:11 org.apache.coyote.http11.Http11Protocol pause
INFO: Pausing Coyote HTTP/1.1 on http-8400
08.05.2012 12:10:12 org.apache.catalina.core.StandardService stop
INFO: Stopping service Catalina
08.05.2012 12:10:13 org.apache.coyote.http11.Http11Protocol destroy
INFO: Stopping Coyote HTTP/1.1 on http-8400
08.05.2012 13:17:37 org.apache.catalina.core.AprLifecycleListener init
INFO: The Apache Tomcat Native library which allows optimal performance in production environments was not found on the java.library.path: C:\Program Files (x86)\Java\jdk1.6.0\bin;.;C:\Windows\Sun\Java\bin;C:\Windows\system32;C:\Windows;C:\Program Files (x86)\PC Connectivity Solution\;C:\Program Files (x86)\NVIDIA Corporation\PhysX\Common;C:\Windows\system32;C:\Windows;C:\Windows\System32\Wbem;C:\Windows\System32\WindowsPowerShell\v1.0\;C:\Program Files (x86)\QuickTime\QTSystem\;C:\Maven\apache-maven-3.0.3\bin
08.05.2012 13:17:37 org.apache.coyote.http11.Http11Protocol init
INFO: Initializing Coyote HTTP/1.1 on http-8400
08.05.2012 13:17:37 org.apache.catalina.startup.Catalina load
INFO: Initialization processed in 286 ms
08.05.2012 13:17:37 org.apache.catalina.core.StandardService start
INFO: Starting service Catalina
08.05.2012 13:17:37 org.apache.catalina.core.StandardEngine start
INFO: Starting Servlet Engine: Apache Tomcat/6.0.14
08.05.2012 13:17:38 org.apache.catalina.core.StandardContext resourcesStart
SCHWERWIEGEND: Error starting static Resources
java.lang.IllegalArgumentException: Document base C:\MME2_FLEX\Mobil_Nurse\backend\tomcat\webapps\samples does not exist or is not a readable directory
	at org.apache.naming.resources.FileDirContext.setDocBase(FileDirContext.java:141)
	at org.apache.catalina.core.StandardContext.resourcesStart(StandardContext.java:3944)
	at org.apache.catalina.core.StandardContext.start(StandardContext.java:4113)
	at org.apache.catalina.core.ContainerBase.addChildInternal(ContainerBase.java:791)
	at org.apache.catalina.core.ContainerBase.addChild(ContainerBase.java:771)
	at org.apache.catalina.core.StandardHost.addChild(StandardHost.java:525)
	at org.apache.catalina.startup.HostConfig.deployDescriptor(HostConfig.java:626)
	at org.apache.catalina.startup.HostConfig.deployDescriptors(HostConfig.java:553)
	at org.apache.catalina.startup.HostConfig.deployApps(HostConfig.java:488)
	at org.apache.catalina.startup.HostConfig.start(HostConfig.java:1138)
	at org.apache.catalina.startup.HostConfig.lifecycleEvent(HostConfig.java:311)
	at org.apache.catalina.util.LifecycleSupport.fireLifecycleEvent(LifecycleSupport.java:117)
	at org.apache.catalina.core.ContainerBase.start(ContainerBase.java:1053)
	at org.apache.catalina.core.StandardHost.start(StandardHost.java:719)
	at org.apache.catalina.core.ContainerBase.start(ContainerBase.java:1045)
	at org.apache.catalina.core.StandardEngine.start(StandardEngine.java:443)
	at org.apache.catalina.core.StandardService.start(StandardService.java:516)
	at org.apache.catalina.core.StandardServer.start(StandardServer.java:710)
	at org.apache.catalina.startup.Catalina.start(Catalina.java:566)
	at sun.reflect.NativeMethodAccessorImpl.invoke0(Native Method)
	at sun.reflect.NativeMethodAccessorImpl.invoke(NativeMethodAccessorImpl.java:39)
	at sun.reflect.DelegatingMethodAccessorImpl.invoke(DelegatingMethodAccessorImpl.java:25)
	at java.lang.reflect.Method.invoke(Method.java:597)
	at org.apache.catalina.startup.Bootstrap.start(Bootstrap.java:288)
	at org.apache.catalina.startup.Bootstrap.main(Bootstrap.java:413)
08.05.2012 13:17:38 org.apache.catalina.core.StandardContext start
SCHWERWIEGEND: Error in resourceStart()
08.05.2012 13:17:38 org.apache.catalina.core.StandardContext start
SCHWERWIEGEND: Error getConfigured
08.05.2012 13:17:38 org.apache.catalina.core.StandardContext start
SCHWERWIEGEND: Context [/samples] startup failed due to previous errors
08.05.2012 13:17:38 org.apache.catalina.core.StandardContext stop
INFO: Container org.apache.catalina.core.ContainerBase.[Catalina].[localhost].[/samples] has not been started
08.05.2012 13:17:39 org.apache.coyote.http11.Http11Protocol start
INFO: Starting Coyote HTTP/1.1 on http-8400
08.05.2012 13:17:39 org.apache.jk.common.ChannelSocket init
INFO: JK: ajp13 listening on /0.0.0.0:8009
08.05.2012 13:17:39 org.apache.jk.server.JkMain start
INFO: Jk running ID=0 time=0/14  config=null
08.05.2012 13:17:39 org.apache.catalina.startup.Catalina start
INFO: Server startup in 1459 ms
08.05.2012 13:18:03 org.apache.catalina.startup.Catalina stopServer
SCHWERWIEGEND: Catalina.stop: 
java.net.ConnectException: Connection refused: connect
	at java.net.PlainSocketImpl.socketConnect(Native Method)
	at java.net.PlainSocketImpl.doConnect(PlainSocketImpl.java:333)
	at java.net.PlainSocketImpl.connectToAddress(PlainSocketImpl.java:195)
	at java.net.PlainSocketImpl.connect(PlainSocketImpl.java:182)
	at java.net.SocksSocketImpl.connect(SocksSocketImpl.java:366)
	at java.net.Socket.connect(Socket.java:519)
	at java.net.Socket.connect(Socket.java:469)
	at java.net.Socket.<init>(Socket.java:366)
	at java.net.Socket.<init>(Socket.java:179)
	at org.apache.catalina.startup.Catalina.stopServer(Catalina.java:409)
	at sun.reflect.NativeMethodAccessorImpl.invoke0(Native Method)
	at sun.reflect.NativeMethodAccessorImpl.invoke(NativeMethodAccessorImpl.java:39)
	at sun.reflect.DelegatingMethodAccessorImpl.invoke(DelegatingMethodAccessorImpl.java:25)
	at java.lang.reflect.Method.invoke(Method.java:597)
	at org.apache.catalina.startup.Bootstrap.stopServer(Bootstrap.java:337)
	at org.apache.catalina.startup.Bootstrap.main(Bootstrap.java:415)
08.05.2012 13:18:05 org.apache.catalina.core.AprLifecycleListener init
INFO: The Apache Tomcat Native library which allows optimal performance in production environments was not found on the java.library.path: C:\Program Files (x86)\Java\jdk1.6.0\bin;.;C:\Windows\Sun\Java\bin;C:\Windows\system32;C:\Windows;C:\Program Files (x86)\PC Connectivity Solution\;C:\Program Files (x86)\NVIDIA Corporation\PhysX\Common;C:\Windows\system32;C:\Windows;C:\Windows\System32\Wbem;C:\Windows\System32\WindowsPowerShell\v1.0\;C:\Program Files (x86)\QuickTime\QTSystem\;C:\Maven\apache-maven-3.0.3\bin
08.05.2012 13:18:05 org.apache.coyote.http11.Http11Protocol init
INFO: Initializing Coyote HTTP/1.1 on http-8400
08.05.2012 13:18:05 org.apache.catalina.startup.Catalina load
INFO: Initialization processed in 267 ms
08.05.2012 13:18:05 org.apache.catalina.core.StandardService start
INFO: Starting service Catalina
08.05.2012 13:18:05 org.apache.catalina.core.StandardEngine start
INFO: Starting Servlet Engine: Apache Tomcat/6.0.14
08.05.2012 13:18:06 org.apache.catalina.core.StandardContext resourcesStart
SCHWERWIEGEND: Error starting static Resources
java.lang.IllegalArgumentException: Document base C:\MME2_FLEX\Mobil_Nurse\backend\tomcat\webapps\samples does not exist or is not a readable directory
	at org.apache.naming.resources.FileDirContext.setDocBase(FileDirContext.java:141)
	at org.apache.catalina.core.StandardContext.resourcesStart(StandardContext.java:3944)
	at org.apache.catalina.core.StandardContext.start(StandardContext.java:4113)
	at org.apache.catalina.core.ContainerBase.addChildInternal(ContainerBase.java:791)
	at org.apache.catalina.core.ContainerBase.addChild(ContainerBase.java:771)
	at org.apache.catalina.core.StandardHost.addChild(StandardHost.java:525)
	at org.apache.catalina.startup.HostConfig.deployDescriptor(HostConfig.java:626)
	at org.apache.catalina.startup.HostConfig.deployDescriptors(HostConfig.java:553)
	at org.apache.catalina.startup.HostConfig.deployApps(HostConfig.java:488)
	at org.apache.catalina.startup.HostConfig.start(HostConfig.java:1138)
	at org.apache.catalina.startup.HostConfig.lifecycleEvent(HostConfig.java:311)
	at org.apache.catalina.util.LifecycleSupport.fireLifecycleEvent(LifecycleSupport.java:117)
	at org.apache.catalina.core.ContainerBase.start(ContainerBase.java:1053)
	at org.apache.catalina.core.StandardHost.start(StandardHost.java:719)
	at org.apache.catalina.core.ContainerBase.start(ContainerBase.java:1045)
	at org.apache.catalina.core.StandardEngine.start(StandardEngine.java:443)
	at org.apache.catalina.core.StandardService.start(StandardService.java:516)
	at org.apache.catalina.core.StandardServer.start(StandardServer.java:710)
	at org.apache.catalina.startup.Catalina.start(Catalina.java:566)
	at sun.reflect.NativeMethodAccessorImpl.invoke0(Native Method)
	at sun.reflect.NativeMethodAccessorImpl.invoke(NativeMethodAccessorImpl.java:39)
	at sun.reflect.DelegatingMethodAccessorImpl.invoke(DelegatingMethodAccessorImpl.java:25)
	at java.lang.reflect.Method.invoke(Method.java:597)
	at org.apache.catalina.startup.Bootstrap.start(Bootstrap.java:288)
	at org.apache.catalina.startup.Bootstrap.main(Bootstrap.java:413)
08.05.2012 13:18:06 org.apache.catalina.core.StandardContext start
SCHWERWIEGEND: Error in resourceStart()
08.05.2012 13:18:06 org.apache.catalina.core.StandardContext start
SCHWERWIEGEND: Error getConfigured
08.05.2012 13:18:06 org.apache.catalina.core.StandardContext start
SCHWERWIEGEND: Context [/samples] startup failed due to previous errors
08.05.2012 13:18:06 org.apache.catalina.core.StandardContext stop
INFO: Container org.apache.catalina.core.ContainerBase.[Catalina].[localhost].[/samples] has not been started
08.05.2012 13:18:07 org.apache.coyote.http11.Http11Protocol start
INFO: Starting Coyote HTTP/1.1 on http-8400
08.05.2012 13:18:07 org.apache.jk.common.ChannelSocket init
INFO: JK: ajp13 listening on /0.0.0.0:8009
08.05.2012 13:18:07 org.apache.jk.server.JkMain start
INFO: Jk running ID=0 time=0/15  config=null
08.05.2012 13:18:07 org.apache.catalina.startup.Catalina start
INFO: Server startup in 1332 ms
08.05.2012 13:18:49 org.apache.catalina.startup.Catalina stopServer
SCHWERWIEGEND: Catalina.stop: 
java.net.ConnectException: Connection refused: connect
	at java.net.PlainSocketImpl.socketConnect(Native Method)
	at java.net.PlainSocketImpl.doConnect(PlainSocketImpl.java:333)
	at java.net.PlainSocketImpl.connectToAddress(PlainSocketImpl.java:195)
	at java.net.PlainSocketImpl.connect(PlainSocketImpl.java:182)
	at java.net.SocksSocketImpl.connect(SocksSocketImpl.java:366)
	at java.net.Socket.connect(Socket.java:519)
	at java.net.Socket.connect(Socket.java:469)
	at java.net.Socket.<init>(Socket.java:366)
	at java.net.Socket.<init>(Socket.java:179)
	at org.apache.catalina.startup.Catalina.stopServer(Catalina.java:409)
	at sun.reflect.NativeMethodAccessorImpl.invoke0(Native Method)
	at sun.reflect.NativeMethodAccessorImpl.invoke(NativeMethodAccessorImpl.java:39)
	at sun.reflect.DelegatingMethodAccessorImpl.invoke(DelegatingMethodAccessorImpl.java:25)
	at java.lang.reflect.Method.invoke(Method.java:597)
	at org.apache.catalina.startup.Bootstrap.stopServer(Bootstrap.java:337)
	at org.apache.catalina.startup.Bootstrap.main(Bootstrap.java:415)
08.05.2012 13:18:50 org.apache.catalina.core.AprLifecycleListener init
INFO: The Apache Tomcat Native library which allows optimal performance in production environments was not found on the java.library.path: C:\Program Files (x86)\Java\jdk1.6.0\bin;.;C:\Windows\Sun\Java\bin;C:\Windows\system32;C:\Windows;C:\Program Files (x86)\PC Connectivity Solution\;C:\Program Files (x86)\NVIDIA Corporation\PhysX\Common;C:\Windows\system32;C:\Windows;C:\Windows\System32\Wbem;C:\Windows\System32\WindowsPowerShell\v1.0\;C:\Program Files (x86)\QuickTime\QTSystem\;C:\Maven\apache-maven-3.0.3\bin
08.05.2012 13:18:50 org.apache.coyote.http11.Http11Protocol init
INFO: Initializing Coyote HTTP/1.1 on http-8400
08.05.2012 13:18:50 org.apache.catalina.startup.Catalina load
INFO: Initialization processed in 284 ms
08.05.2012 13:18:51 org.apache.catalina.core.StandardService start
INFO: Starting service Catalina
08.05.2012 13:18:51 org.apache.catalina.core.StandardEngine start
INFO: Starting Servlet Engine: Apache Tomcat/6.0.14
08.05.2012 13:18:52 org.apache.coyote.http11.Http11Protocol start
INFO: Starting Coyote HTTP/1.1 on http-8400
08.05.2012 13:18:52 org.apache.jk.common.ChannelSocket init
INFO: JK: ajp13 listening on /0.0.0.0:8009
08.05.2012 13:18:52 org.apache.jk.server.JkMain start
INFO: Jk running ID=0 time=0/15  config=null
08.05.2012 13:18:52 org.apache.catalina.startup.Catalina start
INFO: Server startup in 1229 ms
08.05.2012 13:18:55 org.apache.coyote.http11.Http11Protocol pause
INFO: Pausing Coyote HTTP/1.1 on http-8400
08.05.2012 13:18:56 org.apache.catalina.core.StandardService stop
INFO: Stopping service Catalina
08.05.2012 13:18:56 org.apache.coyote.http11.Http11Protocol destroy
INFO: Stopping Coyote HTTP/1.1 on http-8400
08.05.2012 13:21:38 org.apache.catalina.core.AprLifecycleListener init
INFO: The Apache Tomcat Native library which allows optimal performance in production environments was not found on the java.library.path: C:\Program Files (x86)\Java\jdk1.6.0\bin;.;C:\Windows\Sun\Java\bin;C:\Windows\system32;C:\Windows;C:\Program Files (x86)\PC Connectivity Solution\;C:\Program Files (x86)\NVIDIA Corporation\PhysX\Common;C:\Windows\system32;C:\Windows;C:\Windows\System32\Wbem;C:\Windows\System32\WindowsPowerShell\v1.0\;C:\Program Files (x86)\QuickTime\QTSystem\;C:\Maven\apache-maven-3.0.3\bin
08.05.2012 13:21:38 org.apache.coyote.http11.Http11Protocol init
INFO: Initializing Coyote HTTP/1.1 on http-8400
08.05.2012 13:21:38 org.apache.catalina.startup.Catalina load
INFO: Initialization processed in 342 ms
08.05.2012 13:21:38 org.apache.catalina.core.StandardService start
INFO: Starting service Catalina
08.05.2012 13:21:38 org.apache.catalina.core.StandardEngine start
INFO: Starting Servlet Engine: Apache Tomcat/6.0.14
08.05.2012 13:21:39 org.apache.coyote.http11.Http11Protocol start
INFO: Starting Coyote HTTP/1.1 on http-8400
08.05.2012 13:21:39 org.apache.jk.common.ChannelSocket init
INFO: JK: ajp13 listening on /0.0.0.0:8009
08.05.2012 13:21:39 org.apache.jk.server.JkMain start
INFO: Jk running ID=0 time=0/17  config=null
08.05.2012 13:21:39 org.apache.catalina.startup.Catalina start
INFO: Server startup in 1457 ms
08.05.2012 13:23:35 org.apache.coyote.http11.Http11Protocol pause
INFO: Pausing Coyote HTTP/1.1 on http-8400
08.05.2012 13:23:36 org.apache.catalina.core.StandardService stop
INFO: Stopping service Catalina
08.05.2012 13:23:37 org.apache.coyote.http11.Http11Protocol destroy
INFO: Stopping Coyote HTTP/1.1 on http-8400
08.05.2012 13:23:57 org.apache.catalina.core.AprLifecycleListener init
INFO: The Apache Tomcat Native library which allows optimal performance in production environments was not found on the java.library.path: C:\Program Files (x86)\Java\jdk1.6.0\bin;.;C:\Windows\Sun\Java\bin;C:\Windows\system32;C:\Windows;C:\Program Files (x86)\PC Connectivity Solution\;C:\Program Files (x86)\NVIDIA Corporation\PhysX\Common;C:\Windows\system32;C:\Windows;C:\Windows\System32\Wbem;C:\Windows\System32\WindowsPowerShell\v1.0\;C:\Program Files (x86)\QuickTime\QTSystem\;C:\Maven\apache-maven-3.0.3\bin
08.05.2012 13:23:57 org.apache.coyote.http11.Http11Protocol init
INFO: Initializing Coyote HTTP/1.1 on http-8400
08.05.2012 13:23:57 org.apache.catalina.startup.Catalina load
INFO: Initialization processed in 276 ms
08.05.2012 13:23:57 org.apache.catalina.core.StandardService start
INFO: Starting service Catalina
08.05.2012 13:23:57 org.apache.catalina.core.StandardEngine start
INFO: Starting Servlet Engine: Apache Tomcat/6.0.14
08.05.2012 13:23:58 org.apache.coyote.http11.Http11Protocol start
INFO: Starting Coyote HTTP/1.1 on http-8400
08.05.2012 13:23:58 org.apache.jk.common.ChannelSocket init
INFO: JK: ajp13 listening on /0.0.0.0:8009
08.05.2012 13:23:58 org.apache.jk.server.JkMain start
INFO: Jk running ID=0 time=0/13  config=null
08.05.2012 13:23:58 org.apache.catalina.startup.Catalina start
INFO: Server startup in 1242 ms
08.05.2012 13:24:42 org.apache.coyote.http11.Http11Protocol pause
INFO: Pausing Coyote HTTP/1.1 on http-8400
08.05.2012 13:24:43 org.apache.catalina.core.StandardService stop
INFO: Stopping service Catalina
08.05.2012 16:14:18 org.apache.catalina.core.AprLifecycleListener init
INFO: The Apache Tomcat Native library which allows optimal performance in production environments was not found on the java.library.path: C:\Program Files (x86)\Java\jdk1.6.0\bin;.;C:\Windows\Sun\Java\bin;C:\Windows\system32;C:\Windows;C:\Program Files (x86)\PC Connectivity Solution\;C:\Program Files (x86)\NVIDIA Corporation\PhysX\Common;C:\Windows\system32;C:\Windows;C:\Windows\System32\Wbem;C:\Windows\System32\WindowsPowerShell\v1.0\;C:\Program Files (x86)\QuickTime\QTSystem\;C:\Maven\apache-maven-3.0.3\bin
08.05.2012 16:14:18 org.apache.coyote.http11.Http11Protocol init
INFO: Initializing Coyote HTTP/1.1 on http-8400
08.05.2012 16:14:18 org.apache.catalina.startup.Catalina load
INFO: Initialization processed in 485 ms
08.05.2012 16:14:18 org.apache.catalina.core.StandardService start
INFO: Starting service Catalina
08.05.2012 16:14:18 org.apache.catalina.core.StandardEngine start
INFO: Starting Servlet Engine: Apache Tomcat/6.0.14
08.05.2012 16:14:21 org.apache.coyote.http11.Http11Protocol start
INFO: Starting Coyote HTTP/1.1 on http-8400
08.05.2012 16:14:21 org.apache.jk.common.ChannelSocket init
INFO: JK: ajp13 listening on /0.0.0.0:8009
08.05.2012 16:14:21 org.apache.jk.server.JkMain start
INFO: Jk running ID=0 time=0/30  config=null
08.05.2012 16:14:21 org.apache.catalina.startup.Catalina start
INFO: Server startup in 3061 ms
08.05.2012 16:15:12 org.apache.coyote.http11.Http11Protocol pause
INFO: Pausing Coyote HTTP/1.1 on http-8400
08.05.2012 16:15:13 org.apache.catalina.core.StandardService stop
INFO: Stopping service Catalina
08.05.2012 16:15:14 org.apache.coyote.http11.Http11Protocol destroy
INFO: Stopping Coyote HTTP/1.1 on http-8400
08.05.2012 16:15:27 org.apache.catalina.startup.Catalina stopServer
SCHWERWIEGEND: Catalina.stop: 
java.net.ConnectException: Connection refused: connect
	at java.net.PlainSocketImpl.socketConnect(Native Method)
	at java.net.PlainSocketImpl.doConnect(PlainSocketImpl.java:333)
	at java.net.PlainSocketImpl.connectToAddress(PlainSocketImpl.java:195)
	at java.net.PlainSocketImpl.connect(PlainSocketImpl.java:182)
	at java.net.SocksSocketImpl.connect(SocksSocketImpl.java:366)
	at java.net.Socket.connect(Socket.java:519)
	at java.net.Socket.connect(Socket.java:469)
	at java.net.Socket.<init>(Socket.java:366)
	at java.net.Socket.<init>(Socket.java:179)
	at org.apache.catalina.startup.Catalina.stopServer(Catalina.java:409)
	at sun.reflect.NativeMethodAccessorImpl.invoke0(Native Method)
	at sun.reflect.NativeMethodAccessorImpl.invoke(NativeMethodAccessorImpl.java:39)
	at sun.reflect.DelegatingMethodAccessorImpl.invoke(DelegatingMethodAccessorImpl.java:25)
	at java.lang.reflect.Method.invoke(Method.java:597)
	at org.apache.catalina.startup.Bootstrap.stopServer(Bootstrap.java:337)
	at org.apache.catalina.startup.Bootstrap.main(Bootstrap.java:415)
08.05.2012 16:15:28 org.apache.catalina.core.AprLifecycleListener init
INFO: The Apache Tomcat Native library which allows optimal performance in production environments was not found on the java.library.path: C:\Program Files (x86)\Java\jdk1.6.0\bin;.;C:\Windows\Sun\Java\bin;C:\Windows\system32;C:\Windows;C:\Program Files (x86)\PC Connectivity Solution\;C:\Program Files (x86)\NVIDIA Corporation\PhysX\Common;C:\Windows\system32;C:\Windows;C:\Windows\System32\Wbem;C:\Windows\System32\WindowsPowerShell\v1.0\;C:\Program Files (x86)\QuickTime\QTSystem\;C:\Maven\apache-maven-3.0.3\bin
08.05.2012 16:15:28 org.apache.coyote.http11.Http11Protocol init
INFO: Initializing Coyote HTTP/1.1 on http-8400
08.05.2012 16:15:28 org.apache.catalina.startup.Catalina load
INFO: Initialization processed in 269 ms
08.05.2012 16:15:28 org.apache.catalina.core.StandardService start
INFO: Starting service Catalina
08.05.2012 16:15:28 org.apache.catalina.core.StandardEngine start
INFO: Starting Servlet Engine: Apache Tomcat/6.0.14
08.05.2012 16:15:29 org.apache.coyote.http11.Http11Protocol start
INFO: Starting Coyote HTTP/1.1 on http-8400
08.05.2012 16:15:29 org.apache.jk.common.ChannelSocket init
INFO: JK: ajp13 listening on /0.0.0.0:8009
08.05.2012 16:15:29 org.apache.jk.server.JkMain start
INFO: Jk running ID=0 time=0/15  config=null
08.05.2012 16:15:29 org.apache.catalina.startup.Catalina start
INFO: Server startup in 1229 ms
08.05.2012 16:24:41 org.apache.coyote.http11.Http11Protocol pause
INFO: Pausing Coyote HTTP/1.1 on http-8400
08.05.2012 16:24:42 org.apache.catalina.core.StandardService stop
INFO: Stopping service Catalina
08.05.2012 16:24:43 org.apache.coyote.http11.Http11Protocol destroy
INFO: Stopping Coyote HTTP/1.1 on http-8400
