21.05.2012 01:05:51 org.apache.coyote.http11.Http11Protocol pause
INFO: Pausing Coyote HTTP/1.1 on http-8400
21.05.2012 01:05:52 org.apache.catalina.core.StandardService stop
INFO: Stopping service Catalina
21.05.2012 01:05:53 org.apache.coyote.http11.Http11Protocol destroy
INFO: Stopping Coyote HTTP/1.1 on http-8400
21.05.2012 01:06:00 org.apache.catalina.core.AprLifecycleListener init
INFO: The Apache Tomcat Native library which allows optimal performance in production environments was not found on the java.library.path: C:\Program Files (x86)\Java\jdk1.6.0\bin;.;C:\Windows\Sun\Java\bin;C:\Windows\system32;C:\Windows;C:\Program Files (x86)\PC Connectivity Solution\;C:\Program Files (x86)\NVIDIA Corporation\PhysX\Common;C:\Windows\system32;C:\Windows;C:\Windows\System32\Wbem;C:\Windows\System32\WindowsPowerShell\v1.0\;C:\Program Files (x86)\QuickTime\QTSystem\;C:\Maven\apache-maven-3.0.3\bin
21.05.2012 01:06:00 org.apache.coyote.http11.Http11Protocol init
INFO: Initializing Coyote HTTP/1.1 on http-8400
21.05.2012 01:06:00 org.apache.catalina.startup.Catalina load
INFO: Initialization processed in 279 ms
21.05.2012 01:06:00 org.apache.catalina.core.StandardService start
INFO: Starting service Catalina
21.05.2012 01:06:00 org.apache.catalina.core.StandardEngine start
INFO: Starting Servlet Engine: Apache Tomcat/6.0.14
21.05.2012 01:06:01 org.apache.coyote.http11.Http11Protocol start
INFO: Starting Coyote HTTP/1.1 on http-8400
21.05.2012 01:06:01 org.apache.jk.common.ChannelSocket init
INFO: JK: ajp13 listening on /0.0.0.0:8009
21.05.2012 01:06:01 org.apache.jk.server.JkMain start
INFO: Jk running ID=0 time=0/14  config=null
21.05.2012 01:06:01 org.apache.catalina.startup.Catalina start
INFO: Server startup in 1303 ms
<<<<<<< HEAD
21.05.2012 08:17:33 org.apache.catalina.core.AprLifecycleListener init
INFO: The Apache Tomcat Native library which allows optimal performance in production environments was not found on the java.library.path: C:\Program Files\Java\jdk1.6.0_25\bin;.;C:\Windows\Sun\Java\bin;C:\Windows\system32;C:\Windows;C:\Program Files\MiKTeX 2.9\miktex\bin;C:\Program Files\Common Files\Microsoft Shared\Windows Live;C:\Windows\system32;C:\Windows;C:\Windows\System32\Wbem;C:\Windows\System32\WindowsPowerShell\v1.0\;C:\Program Files\Windows Live\Shared;C:\Program Files\MySQL\MySQL Server 5.5\bin
21.05.2012 08:17:33 org.apache.coyote.http11.Http11Protocol init
INFO: Initializing Coyote HTTP/1.1 on http-8400
21.05.2012 08:17:33 org.apache.catalina.startup.Catalina load
INFO: Initialization processed in 1220 ms
21.05.2012 08:17:33 org.apache.catalina.core.StandardService start
INFO: Starting service Catalina
21.05.2012 08:17:33 org.apache.catalina.core.StandardEngine start
INFO: Starting Servlet Engine: Apache Tomcat/6.0.14
21.05.2012 08:17:40 org.apache.coyote.http11.Http11Protocol start
INFO: Starting Coyote HTTP/1.1 on http-8400
21.05.2012 08:17:40 org.apache.jk.common.ChannelSocket init
INFO: JK: ajp13 listening on /0.0.0.0:8009
21.05.2012 08:17:40 org.apache.jk.server.JkMain start
INFO: Jk running ID=0 time=0/39  config=null
21.05.2012 08:17:40 org.apache.catalina.startup.Catalina start
INFO: Server startup in 6308 ms
21.05.2012 12:57:30 org.apache.coyote.http11.Http11Protocol pause
INFO: Pausing Coyote HTTP/1.1 on http-8400
21.05.2012 12:57:31 org.apache.catalina.core.StandardService stop
INFO: Stopping service Catalina
21.05.2012 12:57:44 org.apache.coyote.http11.Http11Protocol destroy
=======
21.05.2012 11:17:17 org.apache.coyote.http11.Http11Protocol pause
INFO: Pausing Coyote HTTP/1.1 on http-8400
21.05.2012 11:17:18 org.apache.catalina.core.StandardService stop
INFO: Stopping service Catalina
21.05.2012 11:17:20 org.apache.coyote.http11.Http11Protocol destroy
INFO: Stopping Coyote HTTP/1.1 on http-8400
21.05.2012 11:17:29 org.apache.catalina.core.AprLifecycleListener init
INFO: The Apache Tomcat Native library which allows optimal performance in production environments was not found on the java.library.path: C:\Program Files (x86)\Java\jdk1.6.0\bin;.;C:\Windows\Sun\Java\bin;C:\Windows\system32;C:\Windows;C:\Program Files (x86)\PC Connectivity Solution\;C:\Program Files (x86)\NVIDIA Corporation\PhysX\Common;C:\Windows\system32;C:\Windows;C:\Windows\System32\Wbem;C:\Windows\System32\WindowsPowerShell\v1.0\;C:\Program Files (x86)\QuickTime\QTSystem\;C:\Maven\apache-maven-3.0.3\bin
21.05.2012 11:17:30 org.apache.coyote.http11.Http11Protocol init
INFO: Initializing Coyote HTTP/1.1 on http-8400
21.05.2012 11:17:30 org.apache.catalina.startup.Catalina load
INFO: Initialization processed in 817 ms
21.05.2012 11:17:30 org.apache.catalina.core.StandardService start
INFO: Starting service Catalina
21.05.2012 11:17:30 org.apache.catalina.core.StandardEngine start
INFO: Starting Servlet Engine: Apache Tomcat/6.0.14
21.05.2012 11:17:33 org.apache.coyote.http11.Http11Protocol start
INFO: Starting Coyote HTTP/1.1 on http-8400
21.05.2012 11:17:33 org.apache.jk.common.ChannelSocket init
INFO: JK: ajp13 listening on /0.0.0.0:8009
21.05.2012 11:17:33 org.apache.jk.server.JkMain start
INFO: Jk running ID=0 time=0/38  config=null
21.05.2012 11:17:33 org.apache.catalina.startup.Catalina start
INFO: Server startup in 3048 ms
21.05.2012 11:18:05 org.apache.coyote.http11.Http11Protocol pause
INFO: Pausing Coyote HTTP/1.1 on http-8400
21.05.2012 11:18:06 org.apache.catalina.core.StandardService stop
INFO: Stopping service Catalina
21.05.2012 11:18:07 org.apache.coyote.http11.Http11Protocol destroy
INFO: Stopping Coyote HTTP/1.1 on http-8400
21.05.2012 11:18:30 org.apache.catalina.core.AprLifecycleListener init
INFO: The Apache Tomcat Native library which allows optimal performance in production environments was not found on the java.library.path: C:\Program Files (x86)\Java\jdk1.6.0\bin;.;C:\Windows\Sun\Java\bin;C:\Windows\system32;C:\Windows;C:\Program Files (x86)\PC Connectivity Solution\;C:\Program Files (x86)\NVIDIA Corporation\PhysX\Common;C:\Windows\system32;C:\Windows;C:\Windows\System32\Wbem;C:\Windows\System32\WindowsPowerShell\v1.0\;C:\Program Files (x86)\QuickTime\QTSystem\;C:\Maven\apache-maven-3.0.3\bin
21.05.2012 11:18:30 org.apache.coyote.http11.Http11Protocol init
INFO: Initializing Coyote HTTP/1.1 on http-8400
21.05.2012 11:18:30 org.apache.catalina.startup.Catalina load
INFO: Initialization processed in 325 ms
21.05.2012 11:18:30 org.apache.catalina.core.StandardService start
INFO: Starting service Catalina
21.05.2012 11:18:30 org.apache.catalina.core.StandardEngine start
INFO: Starting Servlet Engine: Apache Tomcat/6.0.14
21.05.2012 11:18:32 org.apache.coyote.http11.Http11Protocol start
INFO: Starting Coyote HTTP/1.1 on http-8400
21.05.2012 11:18:32 org.apache.jk.common.ChannelSocket init
INFO: JK: ajp13 listening on /0.0.0.0:8009
21.05.2012 11:18:32 org.apache.jk.server.JkMain start
INFO: Jk running ID=0 time=0/16  config=null
21.05.2012 11:18:32 org.apache.catalina.startup.Catalina start
INFO: Server startup in 1384 ms
21.05.2012 11:18:40 org.apache.coyote.http11.Http11Protocol pause
INFO: Pausing Coyote HTTP/1.1 on http-8400
21.05.2012 11:18:41 org.apache.catalina.core.StandardService stop
INFO: Stopping service Catalina
21.05.2012 11:18:41 org.apache.coyote.http11.Http11Protocol destroy
INFO: Stopping Coyote HTTP/1.1 on http-8400
21.05.2012 11:18:55 org.apache.catalina.core.AprLifecycleListener init
INFO: The Apache Tomcat Native library which allows optimal performance in production environments was not found on the java.library.path: C:\Program Files (x86)\Java\jdk1.6.0\bin;.;C:\Windows\Sun\Java\bin;C:\Windows\system32;C:\Windows;C:\Program Files (x86)\PC Connectivity Solution\;C:\Program Files (x86)\NVIDIA Corporation\PhysX\Common;C:\Windows\system32;C:\Windows;C:\Windows\System32\Wbem;C:\Windows\System32\WindowsPowerShell\v1.0\;C:\Program Files (x86)\QuickTime\QTSystem\;C:\Maven\apache-maven-3.0.3\bin
21.05.2012 11:18:55 org.apache.coyote.http11.Http11Protocol init
INFO: Initializing Coyote HTTP/1.1 on http-8400
21.05.2012 11:18:55 org.apache.catalina.startup.Catalina load
INFO: Initialization processed in 341 ms
21.05.2012 11:18:55 org.apache.catalina.core.StandardService start
INFO: Starting service Catalina
21.05.2012 11:18:55 org.apache.catalina.core.StandardEngine start
INFO: Starting Servlet Engine: Apache Tomcat/6.0.14
21.05.2012 11:18:56 org.apache.coyote.http11.Http11Protocol start
INFO: Starting Coyote HTTP/1.1 on http-8400
21.05.2012 11:18:56 org.apache.jk.common.ChannelSocket init
INFO: JK: ajp13 listening on /0.0.0.0:8009
21.05.2012 11:18:56 org.apache.jk.server.JkMain start
INFO: Jk running ID=0 time=0/15  config=null
21.05.2012 11:18:56 org.apache.catalina.startup.Catalina start
INFO: Server startup in 1360 ms
21.05.2012 11:19:01 org.apache.coyote.http11.Http11Protocol pause
INFO: Pausing Coyote HTTP/1.1 on http-8400
21.05.2012 11:19:02 org.apache.catalina.core.StandardService stop
INFO: Stopping service Catalina
21.05.2012 11:19:02 org.apache.coyote.http11.Http11Protocol destroy
INFO: Stopping Coyote HTTP/1.1 on http-8400
21.05.2012 11:19:42 org.apache.catalina.core.AprLifecycleListener init
INFO: The Apache Tomcat Native library which allows optimal performance in production environments was not found on the java.library.path: C:\Program Files (x86)\Java\jdk1.6.0\bin;.;C:\Windows\Sun\Java\bin;C:\Windows\system32;C:\Windows;C:\Program Files (x86)\PC Connectivity Solution\;C:\Program Files (x86)\NVIDIA Corporation\PhysX\Common;C:\Windows\system32;C:\Windows;C:\Windows\System32\Wbem;C:\Windows\System32\WindowsPowerShell\v1.0\;C:\Program Files (x86)\QuickTime\QTSystem\;C:\Maven\apache-maven-3.0.3\bin
21.05.2012 11:19:42 org.apache.coyote.http11.Http11Protocol init
INFO: Initializing Coyote HTTP/1.1 on http-8400
21.05.2012 11:19:42 org.apache.catalina.startup.Catalina load
INFO: Initialization processed in 327 ms
21.05.2012 11:19:42 org.apache.catalina.core.StandardService start
INFO: Starting service Catalina
21.05.2012 11:19:42 org.apache.catalina.core.StandardEngine start
INFO: Starting Servlet Engine: Apache Tomcat/6.0.14
21.05.2012 11:19:43 org.apache.coyote.http11.Http11Protocol start
INFO: Starting Coyote HTTP/1.1 on http-8400
21.05.2012 11:19:43 org.apache.jk.common.ChannelSocket init
INFO: JK: ajp13 listening on /0.0.0.0:8009
21.05.2012 11:19:43 org.apache.jk.server.JkMain start
INFO: Jk running ID=0 time=0/14  config=null
21.05.2012 11:19:43 org.apache.catalina.startup.Catalina start
INFO: Server startup in 1333 ms
21.05.2012 11:19:49 org.apache.coyote.http11.Http11Protocol pause
INFO: Pausing Coyote HTTP/1.1 on http-8400
21.05.2012 11:19:50 org.apache.catalina.core.StandardService stop
INFO: Stopping service Catalina
21.05.2012 11:19:51 org.apache.coyote.http11.Http11Protocol destroy
INFO: Stopping Coyote HTTP/1.1 on http-8400
21.05.2012 11:20:03 org.apache.catalina.core.AprLifecycleListener init
INFO: The Apache Tomcat Native library which allows optimal performance in production environments was not found on the java.library.path: C:\Program Files (x86)\Java\jdk1.6.0\bin;.;C:\Windows\Sun\Java\bin;C:\Windows\system32;C:\Windows;C:\Program Files (x86)\PC Connectivity Solution\;C:\Program Files (x86)\NVIDIA Corporation\PhysX\Common;C:\Windows\system32;C:\Windows;C:\Windows\System32\Wbem;C:\Windows\System32\WindowsPowerShell\v1.0\;C:\Program Files (x86)\QuickTime\QTSystem\;C:\Maven\apache-maven-3.0.3\bin
21.05.2012 11:20:03 org.apache.coyote.http11.Http11Protocol init
INFO: Initializing Coyote HTTP/1.1 on http-8400
21.05.2012 11:20:03 org.apache.catalina.startup.Catalina load
INFO: Initialization processed in 276 ms
21.05.2012 11:20:03 org.apache.catalina.core.StandardService start
INFO: Starting service Catalina
21.05.2012 11:20:03 org.apache.catalina.core.StandardEngine start
INFO: Starting Servlet Engine: Apache Tomcat/6.0.14
21.05.2012 11:20:04 org.apache.coyote.http11.Http11Protocol start
INFO: Starting Coyote HTTP/1.1 on http-8400
21.05.2012 11:20:04 org.apache.jk.common.ChannelSocket init
INFO: JK: ajp13 listening on /0.0.0.0:8009
21.05.2012 11:20:04 org.apache.jk.server.JkMain start
INFO: Jk running ID=0 time=0/16  config=null
21.05.2012 11:20:04 org.apache.catalina.startup.Catalina start
INFO: Server startup in 1293 ms
21.05.2012 11:20:35 org.apache.coyote.http11.Http11Protocol pause
INFO: Pausing Coyote HTTP/1.1 on http-8400
21.05.2012 11:20:36 org.apache.catalina.core.StandardService stop
INFO: Stopping service Catalina
21.05.2012 11:20:37 org.apache.coyote.http11.Http11Protocol destroy
INFO: Stopping Coyote HTTP/1.1 on http-8400
21.05.2012 11:20:51 org.apache.catalina.core.AprLifecycleListener init
INFO: The Apache Tomcat Native library which allows optimal performance in production environments was not found on the java.library.path: C:\Program Files (x86)\Java\jdk1.6.0\bin;.;C:\Windows\Sun\Java\bin;C:\Windows\system32;C:\Windows;C:\Program Files (x86)\PC Connectivity Solution\;C:\Program Files (x86)\NVIDIA Corporation\PhysX\Common;C:\Windows\system32;C:\Windows;C:\Windows\System32\Wbem;C:\Windows\System32\WindowsPowerShell\v1.0\;C:\Program Files (x86)\QuickTime\QTSystem\;C:\Maven\apache-maven-3.0.3\bin
21.05.2012 11:20:51 org.apache.coyote.http11.Http11Protocol init
INFO: Initializing Coyote HTTP/1.1 on http-8400
21.05.2012 11:20:51 org.apache.catalina.startup.Catalina load
INFO: Initialization processed in 276 ms
21.05.2012 11:20:51 org.apache.catalina.core.StandardService start
INFO: Starting service Catalina
21.05.2012 11:20:51 org.apache.catalina.core.StandardEngine start
INFO: Starting Servlet Engine: Apache Tomcat/6.0.14
21.05.2012 11:20:52 org.apache.coyote.http11.Http11Protocol start
INFO: Starting Coyote HTTP/1.1 on http-8400
21.05.2012 11:20:52 org.apache.jk.common.ChannelSocket init
INFO: JK: ajp13 listening on /0.0.0.0:8009
21.05.2012 11:20:52 org.apache.jk.server.JkMain start
INFO: Jk running ID=0 time=0/14  config=null
21.05.2012 11:20:52 org.apache.catalina.startup.Catalina start
INFO: Server startup in 1298 ms
21.05.2012 11:20:58 org.apache.coyote.http11.Http11Protocol pause
INFO: Pausing Coyote HTTP/1.1 on http-8400
21.05.2012 11:20:59 org.apache.catalina.core.StandardService stop
INFO: Stopping service Catalina
21.05.2012 11:21:00 org.apache.coyote.http11.Http11Protocol destroy
INFO: Stopping Coyote HTTP/1.1 on http-8400
21.05.2012 12:52:38 org.apache.catalina.core.AprLifecycleListener init
INFO: The Apache Tomcat Native library which allows optimal performance in production environments was not found on the java.library.path: C:\Program Files (x86)\Java\jdk1.6.0\bin;.;C:\Windows\Sun\Java\bin;C:\Windows\system32;C:\Windows;C:\Program Files (x86)\PC Connectivity Solution\;C:\Program Files (x86)\NVIDIA Corporation\PhysX\Common;C:\Windows\system32;C:\Windows;C:\Windows\System32\Wbem;C:\Windows\System32\WindowsPowerShell\v1.0\;C:\Program Files (x86)\QuickTime\QTSystem\;C:\Maven\apache-maven-3.0.3\bin
21.05.2012 12:52:39 org.apache.coyote.http11.Http11Protocol init
INFO: Initializing Coyote HTTP/1.1 on http-8400
21.05.2012 12:52:39 org.apache.catalina.startup.Catalina load
INFO: Initialization processed in 274 ms
21.05.2012 12:52:39 org.apache.catalina.core.StandardService start
INFO: Starting service Catalina
21.05.2012 12:52:39 org.apache.catalina.core.StandardEngine start
INFO: Starting Servlet Engine: Apache Tomcat/6.0.14
21.05.2012 12:52:40 org.apache.coyote.http11.Http11Protocol start
INFO: Starting Coyote HTTP/1.1 on http-8400
21.05.2012 12:52:40 org.apache.jk.common.ChannelSocket init
INFO: JK: ajp13 listening on /0.0.0.0:8009
21.05.2012 12:52:40 org.apache.jk.server.JkMain start
INFO: Jk running ID=0 time=0/14  config=null
21.05.2012 12:52:40 org.apache.catalina.startup.Catalina start
INFO: Server startup in 1371 ms
21.05.2012 12:52:49 org.apache.coyote.http11.Http11Protocol pause
INFO: Pausing Coyote HTTP/1.1 on http-8400
21.05.2012 12:52:50 org.apache.catalina.core.StandardService stop
INFO: Stopping service Catalina
21.05.2012 12:52:51 org.apache.coyote.http11.Http11Protocol destroy
>>>>>>> ef6e0a6d1dd7ce81b2c2d4785d9cabd40a3b4be1
INFO: Stopping Coyote HTTP/1.1 on http-8400
21.05.2012 13:10:04 org.apache.catalina.core.AprLifecycleListener init
INFO: The Apache Tomcat Native library which allows optimal performance in production environments was not found on the java.library.path: C:\Program Files (x86)\Java\jdk1.6.0\bin;.;C:\Windows\Sun\Java\bin;C:\Windows\system32;C:\Windows;C:\Program Files (x86)\PC Connectivity Solution\;C:\Program Files (x86)\NVIDIA Corporation\PhysX\Common;C:\Windows\system32;C:\Windows;C:\Windows\System32\Wbem;C:\Windows\System32\WindowsPowerShell\v1.0\;C:\Program Files (x86)\QuickTime\QTSystem\;C:\Maven\apache-maven-3.0.3\bin
21.05.2012 13:10:04 org.apache.coyote.http11.Http11Protocol init
INFO: Initializing Coyote HTTP/1.1 on http-8400
21.05.2012 13:10:04 org.apache.catalina.startup.Catalina load
INFO: Initialization processed in 283 ms
21.05.2012 13:10:04 org.apache.catalina.core.StandardService start
INFO: Starting service Catalina
21.05.2012 13:10:04 org.apache.catalina.core.StandardEngine start
INFO: Starting Servlet Engine: Apache Tomcat/6.0.14
21.05.2012 13:10:05 org.apache.coyote.http11.Http11Protocol start
INFO: Starting Coyote HTTP/1.1 on http-8400
21.05.2012 13:10:05 org.apache.jk.common.ChannelSocket init
INFO: JK: ajp13 listening on /0.0.0.0:8009
21.05.2012 13:10:05 org.apache.jk.server.JkMain start
INFO: Jk running ID=0 time=0/14  config=null
21.05.2012 13:10:05 org.apache.catalina.startup.Catalina start
INFO: Server startup in 1319 ms
21.05.2012 13:10:42 org.apache.coyote.http11.Http11Protocol pause
INFO: Pausing Coyote HTTP/1.1 on http-8400
21.05.2012 13:10:43 org.apache.catalina.core.StandardService stop
INFO: Stopping service Catalina
21.05.2012 13:10:43 org.apache.coyote.http11.Http11Protocol destroy
INFO: Stopping Coyote HTTP/1.1 on http-8400
21.05.2012 13:11:03 org.apache.catalina.core.AprLifecycleListener init
INFO: The Apache Tomcat Native library which allows optimal performance in production environments was not found on the java.library.path: C:\Program Files (x86)\Java\jdk1.6.0\bin;.;C:\Windows\Sun\Java\bin;C:\Windows\system32;C:\Windows;C:\Program Files (x86)\PC Connectivity Solution\;C:\Program Files (x86)\NVIDIA Corporation\PhysX\Common;C:\Windows\system32;C:\Windows;C:\Windows\System32\Wbem;C:\Windows\System32\WindowsPowerShell\v1.0\;C:\Program Files (x86)\QuickTime\QTSystem\;C:\Maven\apache-maven-3.0.3\bin
21.05.2012 13:11:03 org.apache.coyote.http11.Http11Protocol init
INFO: Initializing Coyote HTTP/1.1 on http-8400
21.05.2012 13:11:03 org.apache.catalina.startup.Catalina load
INFO: Initialization processed in 274 ms
21.05.2012 13:11:03 org.apache.catalina.core.StandardService start
INFO: Starting service Catalina
21.05.2012 13:11:03 org.apache.catalina.core.StandardEngine start
INFO: Starting Servlet Engine: Apache Tomcat/6.0.14
21.05.2012 13:11:04 org.apache.coyote.http11.Http11Protocol start
INFO: Starting Coyote HTTP/1.1 on http-8400
21.05.2012 13:11:04 org.apache.jk.common.ChannelSocket init
INFO: JK: ajp13 listening on /0.0.0.0:8009
21.05.2012 13:11:04 org.apache.jk.server.JkMain start
INFO: Jk running ID=0 time=0/13  config=null
21.05.2012 13:11:04 org.apache.catalina.startup.Catalina start
INFO: Server startup in 1318 ms
21.05.2012 13:11:25 org.apache.catalina.core.AprLifecycleListener init
INFO: The Apache Tomcat Native library which allows optimal performance in production environments was not found on the java.library.path: C:\Program Files (x86)\Java\jdk1.6.0\bin;.;C:\Windows\Sun\Java\bin;C:\Windows\system32;C:\Windows;C:\Program Files (x86)\PC Connectivity Solution\;C:\Program Files (x86)\NVIDIA Corporation\PhysX\Common;C:\Windows\system32;C:\Windows;C:\Windows\System32\Wbem;C:\Windows\System32\WindowsPowerShell\v1.0\;C:\Program Files (x86)\QuickTime\QTSystem\;C:\Maven\apache-maven-3.0.3\bin
21.05.2012 13:11:25 org.apache.coyote.http11.Http11Protocol init
SCHWERWIEGEND: Error initializing endpoint
java.net.SocketException: Unrecognized Windows Sockets error: 0: JVM_Bind
	at java.net.PlainSocketImpl.socketBind(Native Method)
	at java.net.PlainSocketImpl.bind(PlainSocketImpl.java:359)
	at java.net.ServerSocket.bind(ServerSocket.java:319)
	at java.net.ServerSocket.<init>(ServerSocket.java:185)
	at java.net.ServerSocket.<init>(ServerSocket.java:141)
	at org.apache.tomcat.util.net.DefaultServerSocketFactory.createSocket(DefaultServerSocketFactory.java:50)
	at org.apache.tomcat.util.net.JIoEndpoint.init(JIoEndpoint.java:496)
	at org.apache.coyote.http11.Http11Protocol.init(Http11Protocol.java:177)
	at org.apache.catalina.connector.Connector.initialize(Connector.java:1059)
	at org.apache.catalina.core.StandardService.initialize(StandardService.java:677)
	at org.apache.catalina.core.StandardServer.initialize(StandardServer.java:792)
	at org.apache.catalina.startup.Catalina.load(Catalina.java:518)
	at org.apache.catalina.startup.Catalina.load(Catalina.java:538)
	at sun.reflect.NativeMethodAccessorImpl.invoke0(Native Method)
	at sun.reflect.NativeMethodAccessorImpl.invoke(NativeMethodAccessorImpl.java:39)
	at sun.reflect.DelegatingMethodAccessorImpl.invoke(DelegatingMethodAccessorImpl.java:25)
	at java.lang.reflect.Method.invoke(Method.java:597)
	at org.apache.catalina.startup.Bootstrap.load(Bootstrap.java:260)
	at org.apache.catalina.startup.Bootstrap.main(Bootstrap.java:412)
21.05.2012 13:11:25 org.apache.catalina.startup.Catalina load
SCHWERWIEGEND: Catalina.start
LifecycleException:  Protocol handler initialization failed: java.net.SocketException: Unrecognized Windows Sockets error: 0: JVM_Bind
	at org.apache.catalina.connector.Connector.initialize(Connector.java:1061)
	at org.apache.catalina.core.StandardService.initialize(StandardService.java:677)
	at org.apache.catalina.core.StandardServer.initialize(StandardServer.java:792)
	at org.apache.catalina.startup.Catalina.load(Catalina.java:518)
	at org.apache.catalina.startup.Catalina.load(Catalina.java:538)
	at sun.reflect.NativeMethodAccessorImpl.invoke0(Native Method)
	at sun.reflect.NativeMethodAccessorImpl.invoke(NativeMethodAccessorImpl.java:39)
	at sun.reflect.DelegatingMethodAccessorImpl.invoke(DelegatingMethodAccessorImpl.java:25)
	at java.lang.reflect.Method.invoke(Method.java:597)
	at org.apache.catalina.startup.Bootstrap.load(Bootstrap.java:260)
	at org.apache.catalina.startup.Bootstrap.main(Bootstrap.java:412)
21.05.2012 13:11:25 org.apache.catalina.startup.Catalina load
INFO: Initialization processed in 290 ms
21.05.2012 13:11:25 org.apache.catalina.core.StandardService start
INFO: Starting service Catalina
21.05.2012 13:11:25 org.apache.catalina.core.StandardEngine start
INFO: Starting Servlet Engine: Apache Tomcat/6.0.14
21.05.2012 13:11:26 org.apache.coyote.http11.Http11Protocol start
SCHWERWIEGEND: Error starting endpoint
java.net.SocketException: Unrecognized Windows Sockets error: 0: JVM_Bind
	at java.net.PlainSocketImpl.socketBind(Native Method)
	at java.net.PlainSocketImpl.bind(PlainSocketImpl.java:359)
	at java.net.ServerSocket.bind(ServerSocket.java:319)
	at java.net.ServerSocket.<init>(ServerSocket.java:185)
	at java.net.ServerSocket.<init>(ServerSocket.java:141)
	at org.apache.tomcat.util.net.DefaultServerSocketFactory.createSocket(DefaultServerSocketFactory.java:50)
	at org.apache.tomcat.util.net.JIoEndpoint.init(JIoEndpoint.java:496)
	at org.apache.tomcat.util.net.JIoEndpoint.start(JIoEndpoint.java:515)
	at org.apache.coyote.http11.Http11Protocol.start(Http11Protocol.java:204)
	at org.apache.catalina.connector.Connector.start(Connector.java:1132)
	at org.apache.catalina.core.StandardService.start(StandardService.java:531)
	at org.apache.catalina.core.StandardServer.start(StandardServer.java:710)
	at org.apache.catalina.startup.Catalina.start(Catalina.java:566)
	at sun.reflect.NativeMethodAccessorImpl.invoke0(Native Method)
	at sun.reflect.NativeMethodAccessorImpl.invoke(NativeMethodAccessorImpl.java:39)
	at sun.reflect.DelegatingMethodAccessorImpl.invoke(DelegatingMethodAccessorImpl.java:25)
	at java.lang.reflect.Method.invoke(Method.java:597)
	at org.apache.catalina.startup.Bootstrap.start(Bootstrap.java:288)
	at org.apache.catalina.startup.Bootstrap.main(Bootstrap.java:413)
21.05.2012 13:11:26 org.apache.catalina.startup.Catalina start
SCHWERWIEGEND: Catalina.start: 
LifecycleException:  service.getName(): "Catalina";  Protocol handler start failed: java.net.SocketException: Unrecognized Windows Sockets error: 0: JVM_Bind
	at org.apache.catalina.connector.Connector.start(Connector.java:1139)
	at org.apache.catalina.core.StandardService.start(StandardService.java:531)
	at org.apache.catalina.core.StandardServer.start(StandardServer.java:710)
	at org.apache.catalina.startup.Catalina.start(Catalina.java:566)
	at sun.reflect.NativeMethodAccessorImpl.invoke0(Native Method)
	at sun.reflect.NativeMethodAccessorImpl.invoke(NativeMethodAccessorImpl.java:39)
	at sun.reflect.DelegatingMethodAccessorImpl.invoke(DelegatingMethodAccessorImpl.java:25)
	at java.lang.reflect.Method.invoke(Method.java:597)
	at org.apache.catalina.startup.Bootstrap.start(Bootstrap.java:288)
	at org.apache.catalina.startup.Bootstrap.main(Bootstrap.java:413)
21.05.2012 13:11:26 org.apache.catalina.startup.Catalina start
INFO: Server startup in 1294 ms
21.05.2012 13:11:26 org.apache.catalina.core.StandardServer await
SCHWERWIEGEND: StandardServer.await: create[8005]: 
java.net.BindException: Address already in use: JVM_Bind
	at java.net.PlainSocketImpl.socketBind(Native Method)
	at java.net.PlainSocketImpl.bind(PlainSocketImpl.java:359)
	at java.net.ServerSocket.bind(ServerSocket.java:319)
	at java.net.ServerSocket.<init>(ServerSocket.java:185)
	at org.apache.catalina.core.StandardServer.await(StandardServer.java:373)
	at org.apache.catalina.startup.Catalina.await(Catalina.java:630)
	at org.apache.catalina.startup.Catalina.start(Catalina.java:590)
	at sun.reflect.NativeMethodAccessorImpl.invoke0(Native Method)
	at sun.reflect.NativeMethodAccessorImpl.invoke(NativeMethodAccessorImpl.java:39)
	at sun.reflect.DelegatingMethodAccessorImpl.invoke(DelegatingMethodAccessorImpl.java:25)
	at java.lang.reflect.Method.invoke(Method.java:597)
	at org.apache.catalina.startup.Bootstrap.start(Bootstrap.java:288)
	at org.apache.catalina.startup.Bootstrap.main(Bootstrap.java:413)
21.05.2012 13:11:26 org.apache.catalina.connector.Connector pause
SCHWERWIEGEND: Protocol handler pause failed
java.lang.NullPointerException
	at org.apache.jk.server.JkMain.pause(JkMain.java:679)
	at org.apache.jk.server.JkCoyoteHandler.pause(JkCoyoteHandler.java:153)
	at org.apache.catalina.connector.Connector.pause(Connector.java:1074)
	at org.apache.catalina.core.StandardService.stop(StandardService.java:563)
	at org.apache.catalina.core.StandardServer.stop(StandardServer.java:744)
	at org.apache.catalina.startup.Catalina.stop(Catalina.java:616)
	at org.apache.catalina.startup.Catalina$CatalinaShutdownHook.run(Catalina.java:659)
21.05.2012 13:11:27 org.apache.catalina.core.StandardService stop
INFO: Stopping service Catalina
21.05.2012 13:11:27 org.apache.catalina.connector.MapperListener destroy
WARNUNG: Error unregistering MBeanServerDelegate
java.lang.NullPointerException
	at org.apache.catalina.connector.MapperListener.destroy(MapperListener.java:162)
	at org.apache.catalina.connector.Connector.stop(Connector.java:1180)
	at org.apache.catalina.core.StandardService.stop(StandardService.java:593)
	at org.apache.catalina.core.StandardServer.stop(StandardServer.java:744)
	at org.apache.catalina.startup.Catalina.stop(Catalina.java:616)
	at org.apache.catalina.startup.Catalina$CatalinaShutdownHook.run(Catalina.java:659)
21.05.2012 13:11:27 org.apache.coyote.http11.Http11Protocol destroy
INFO: Stopping Coyote HTTP/1.1 on http-8400
21.05.2012 13:11:27 org.apache.catalina.connector.Connector stop
SCHWERWIEGEND: Coyote connector has not been started
21.05.2012 13:13:10 org.apache.coyote.http11.Http11Protocol pause
INFO: Pausing Coyote HTTP/1.1 on http-8400
21.05.2012 13:13:11 org.apache.catalina.core.StandardService stop
INFO: Stopping service Catalina
21.05.2012 13:13:12 org.apache.coyote.http11.Http11Protocol destroy
INFO: Stopping Coyote HTTP/1.1 on http-8400
21.05.2012 13:13:18 org.apache.catalina.core.AprLifecycleListener init
INFO: The Apache Tomcat Native library which allows optimal performance in production environments was not found on the java.library.path: C:\Program Files (x86)\Java\jdk1.6.0\bin;.;C:\Windows\Sun\Java\bin;C:\Windows\system32;C:\Windows;C:\Program Files (x86)\PC Connectivity Solution\;C:\Program Files (x86)\NVIDIA Corporation\PhysX\Common;C:\Windows\system32;C:\Windows;C:\Windows\System32\Wbem;C:\Windows\System32\WindowsPowerShell\v1.0\;C:\Program Files (x86)\QuickTime\QTSystem\;C:\Maven\apache-maven-3.0.3\bin
21.05.2012 13:13:18 org.apache.coyote.http11.Http11Protocol init
INFO: Initializing Coyote HTTP/1.1 on http-8400
21.05.2012 13:13:18 org.apache.catalina.startup.Catalina load
INFO: Initialization processed in 276 ms
21.05.2012 13:13:18 org.apache.catalina.core.StandardService start
INFO: Starting service Catalina
21.05.2012 13:13:18 org.apache.catalina.core.StandardEngine start
INFO: Starting Servlet Engine: Apache Tomcat/6.0.14
21.05.2012 13:13:19 org.apache.coyote.http11.Http11Protocol start
INFO: Starting Coyote HTTP/1.1 on http-8400
21.05.2012 13:13:19 org.apache.jk.common.ChannelSocket init
INFO: JK: ajp13 listening on /0.0.0.0:8009
21.05.2012 13:13:19 org.apache.jk.server.JkMain start
INFO: Jk running ID=0 time=0/16  config=null
21.05.2012 13:13:19 org.apache.catalina.startup.Catalina start
INFO: Server startup in 1369 ms
21.05.2012 14:04:53 org.apache.coyote.http11.Http11Protocol pause
INFO: Pausing Coyote HTTP/1.1 on http-8400
21.05.2012 14:04:54 org.apache.catalina.core.StandardService stop
INFO: Stopping service Catalina
21.05.2012 14:04:55 org.apache.coyote.http11.Http11Protocol destroy
INFO: Stopping Coyote HTTP/1.1 on http-8400
21.05.2012 14:05:04 org.apache.catalina.startup.Catalina stopServer
SCHWERWIEGEND: Catalina.stop: 
java.net.ConnectException: Connection refused: connect
	at java.net.PlainSocketImpl.socketConnect(Native Method)
	at java.net.PlainSocketImpl.doConnect(PlainSocketImpl.java:333)
	at java.net.PlainSocketImpl.connectToAddress(PlainSocketImpl.java:195)
	at java.net.PlainSocketImpl.connect(PlainSocketImpl.java:182)
	at java.net.SocksSocketImpl.connect(SocksSocketImpl.java:366)
	at java.net.Socket.connect(Socket.java:519)
	at java.net.Socket.connect(Socket.java:469)
	at java.net.Socket.<init>(Socket.java:366)
	at java.net.Socket.<init>(Socket.java:179)
	at org.apache.catalina.startup.Catalina.stopServer(Catalina.java:409)
	at sun.reflect.NativeMethodAccessorImpl.invoke0(Native Method)
	at sun.reflect.NativeMethodAccessorImpl.invoke(NativeMethodAccessorImpl.java:39)
	at sun.reflect.DelegatingMethodAccessorImpl.invoke(DelegatingMethodAccessorImpl.java:25)
	at java.lang.reflect.Method.invoke(Method.java:597)
	at org.apache.catalina.startup.Bootstrap.stopServer(Bootstrap.java:337)
	at org.apache.catalina.startup.Bootstrap.main(Bootstrap.java:415)
21.05.2012 16:01:43 org.apache.catalina.core.AprLifecycleListener init
INFO: The Apache Tomcat Native library which allows optimal performance in production environments was not found on the java.library.path: C:\Program Files (x86)\Java\jdk1.6.0\bin;.;C:\Windows\Sun\Java\bin;C:\Windows\system32;C:\Windows;C:\Program Files (x86)\PC Connectivity Solution\;C:\Program Files (x86)\NVIDIA Corporation\PhysX\Common;C:\Windows\system32;C:\Windows;C:\Windows\System32\Wbem;C:\Windows\System32\WindowsPowerShell\v1.0\;C:\Program Files (x86)\QuickTime\QTSystem\;C:\Maven\apache-maven-3.0.3\bin
21.05.2012 16:01:43 org.apache.coyote.http11.Http11Protocol init
INFO: Initializing Coyote HTTP/1.1 on http-8400
21.05.2012 16:01:43 org.apache.catalina.startup.Catalina load
INFO: Initialization processed in 273 ms
21.05.2012 16:01:43 org.apache.catalina.core.StandardService start
INFO: Starting service Catalina
21.05.2012 16:01:43 org.apache.catalina.core.StandardEngine start
INFO: Starting Servlet Engine: Apache Tomcat/6.0.14
21.05.2012 16:01:44 org.apache.coyote.http11.Http11Protocol start
INFO: Starting Coyote HTTP/1.1 on http-8400
21.05.2012 16:01:44 org.apache.jk.common.ChannelSocket init
INFO: JK: ajp13 listening on /0.0.0.0:8009
21.05.2012 16:01:44 org.apache.jk.server.JkMain start
INFO: Jk running ID=0 time=0/14  config=null
21.05.2012 16:01:44 org.apache.catalina.startup.Catalina start
INFO: Server startup in 1345 ms
21.05.2012 20:45:51 org.apache.catalina.core.AprLifecycleListener init
INFO: The Apache Tomcat Native library which allows optimal performance in production environments was not found on the java.library.path: C:\Program Files\Java\jdk1.6.0_25\bin;.;C:\Windows\Sun\Java\bin;C:\Windows\system32;C:\Windows;C:\Program Files\MiKTeX 2.9\miktex\bin;C:\Program Files\Common Files\Microsoft Shared\Windows Live;C:\Windows\system32;C:\Windows;C:\Windows\System32\Wbem;C:\Windows\System32\WindowsPowerShell\v1.0\;C:\Program Files\Windows Live\Shared;C:\Program Files\MySQL\MySQL Server 5.5\bin
21.05.2012 20:45:52 org.apache.coyote.http11.Http11Protocol init
INFO: Initializing Coyote HTTP/1.1 on http-8400
21.05.2012 20:45:52 org.apache.catalina.startup.Catalina load
INFO: Initialization processed in 2039 ms
21.05.2012 20:45:52 org.apache.catalina.core.StandardService start
INFO: Starting service Catalina
21.05.2012 20:45:52 org.apache.catalina.core.StandardEngine start
INFO: Starting Servlet Engine: Apache Tomcat/6.0.14
21.05.2012 20:46:01 org.apache.coyote.http11.Http11Protocol start
INFO: Starting Coyote HTTP/1.1 on http-8400
21.05.2012 20:46:01 org.apache.jk.common.ChannelSocket init
INFO: JK: ajp13 listening on /0.0.0.0:8009
21.05.2012 20:46:01 org.apache.jk.server.JkMain start
INFO: Jk running ID=0 time=0/100  config=null
21.05.2012 20:46:01 org.apache.catalina.startup.Catalina start
INFO: Server startup in 9148 ms
21.05.2012 20:48:11 org.apache.catalina.startup.Catalina stopServer
SCHWERWIEGEND: Catalina.stop: 
java.net.ConnectException: Connection refused: connect
	at java.net.PlainSocketImpl.socketConnect(Native Method)
	at java.net.PlainSocketImpl.doConnect(PlainSocketImpl.java:351)
	at java.net.PlainSocketImpl.connectToAddress(PlainSocketImpl.java:213)
	at java.net.PlainSocketImpl.connect(PlainSocketImpl.java:200)
	at java.net.SocksSocketImpl.connect(SocksSocketImpl.java:366)
	at java.net.Socket.connect(Socket.java:529)
	at java.net.Socket.connect(Socket.java:478)
	at java.net.Socket.<init>(Socket.java:375)
	at java.net.Socket.<init>(Socket.java:189)
	at org.apache.catalina.startup.Catalina.stopServer(Catalina.java:409)
	at sun.reflect.NativeMethodAccessorImpl.invoke0(Native Method)
	at sun.reflect.NativeMethodAccessorImpl.invoke(NativeMethodAccessorImpl.java:39)
	at sun.reflect.DelegatingMethodAccessorImpl.invoke(DelegatingMethodAccessorImpl.java:25)
	at java.lang.reflect.Method.invoke(Method.java:597)
	at org.apache.catalina.startup.Bootstrap.stopServer(Bootstrap.java:337)
	at org.apache.catalina.startup.Bootstrap.main(Bootstrap.java:415)
21.05.2012 21:08:27 org.apache.catalina.core.AprLifecycleListener init
INFO: The Apache Tomcat Native library which allows optimal performance in production environments was not found on the java.library.path: C:\Program Files\Java\jdk1.6.0_25\bin;.;C:\Windows\Sun\Java\bin;C:\Windows\system32;C:\Windows;C:\Program Files\MiKTeX 2.9\miktex\bin;C:\Program Files\Common Files\Microsoft Shared\Windows Live;C:\Windows\system32;C:\Windows;C:\Windows\System32\Wbem;C:\Windows\System32\WindowsPowerShell\v1.0\;C:\Program Files\Windows Live\Shared;C:\Program Files\MySQL\MySQL Server 5.5\bin
21.05.2012 21:08:27 org.apache.coyote.http11.Http11Protocol init
INFO: Initializing Coyote HTTP/1.1 on http-8400
21.05.2012 21:08:27 org.apache.catalina.startup.Catalina load
INFO: Initialization processed in 445 ms
21.05.2012 21:08:27 org.apache.catalina.core.StandardService start
INFO: Starting service Catalina
21.05.2012 21:08:27 org.apache.catalina.core.StandardEngine start
INFO: Starting Servlet Engine: Apache Tomcat/6.0.14
21.05.2012 21:08:31 org.apache.coyote.http11.Http11Protocol start
INFO: Starting Coyote HTTP/1.1 on http-8400
21.05.2012 21:08:31 org.apache.jk.common.ChannelSocket init
INFO: JK: ajp13 listening on /0.0.0.0:8009
21.05.2012 21:08:31 org.apache.jk.server.JkMain start
INFO: Jk running ID=0 time=0/46  config=null
21.05.2012 21:08:31 org.apache.catalina.startup.Catalina start
INFO: Server startup in 4615 ms
21.05.2012 21:08:35 org.apache.coyote.http11.Http11Protocol pause
INFO: Pausing Coyote HTTP/1.1 on http-8400
21.05.2012 21:08:36 org.apache.catalina.core.StandardService stop
INFO: Stopping service Catalina
21.05.2012 21:08:37 org.apache.coyote.http11.Http11Protocol destroy
INFO: Stopping Coyote HTTP/1.1 on http-8400
21.05.2012 21:08:40 org.apache.catalina.startup.Catalina stopServer
SCHWERWIEGEND: Catalina.stop: 
java.net.ConnectException: Connection refused: connect
	at java.net.PlainSocketImpl.socketConnect(Native Method)
	at java.net.PlainSocketImpl.doConnect(PlainSocketImpl.java:351)
	at java.net.PlainSocketImpl.connectToAddress(PlainSocketImpl.java:213)
	at java.net.PlainSocketImpl.connect(PlainSocketImpl.java:200)
	at java.net.SocksSocketImpl.connect(SocksSocketImpl.java:366)
	at java.net.Socket.connect(Socket.java:529)
	at java.net.Socket.connect(Socket.java:478)
	at java.net.Socket.<init>(Socket.java:375)
	at java.net.Socket.<init>(Socket.java:189)
	at org.apache.catalina.startup.Catalina.stopServer(Catalina.java:409)
	at sun.reflect.NativeMethodAccessorImpl.invoke0(Native Method)
	at sun.reflect.NativeMethodAccessorImpl.invoke(NativeMethodAccessorImpl.java:39)
	at sun.reflect.DelegatingMethodAccessorImpl.invoke(DelegatingMethodAccessorImpl.java:25)
	at java.lang.reflect.Method.invoke(Method.java:597)
	at org.apache.catalina.startup.Bootstrap.stopServer(Bootstrap.java:337)
	at org.apache.catalina.startup.Bootstrap.main(Bootstrap.java:415)
21.05.2012 21:08:43 org.apache.catalina.startup.Catalina stopServer
SCHWERWIEGEND: Catalina.stop: 
java.net.ConnectException: Connection refused: connect
	at java.net.PlainSocketImpl.socketConnect(Native Method)
	at java.net.PlainSocketImpl.doConnect(PlainSocketImpl.java:351)
	at java.net.PlainSocketImpl.connectToAddress(PlainSocketImpl.java:213)
	at java.net.PlainSocketImpl.connect(PlainSocketImpl.java:200)
	at java.net.SocksSocketImpl.connect(SocksSocketImpl.java:366)
	at java.net.Socket.connect(Socket.java:529)
	at java.net.Socket.connect(Socket.java:478)
	at java.net.Socket.<init>(Socket.java:375)
	at java.net.Socket.<init>(Socket.java:189)
	at org.apache.catalina.startup.Catalina.stopServer(Catalina.java:409)
	at sun.reflect.NativeMethodAccessorImpl.invoke0(Native Method)
	at sun.reflect.NativeMethodAccessorImpl.invoke(NativeMethodAccessorImpl.java:39)
	at sun.reflect.DelegatingMethodAccessorImpl.invoke(DelegatingMethodAccessorImpl.java:25)
	at java.lang.reflect.Method.invoke(Method.java:597)
	at org.apache.catalina.startup.Bootstrap.stopServer(Bootstrap.java:337)
	at org.apache.catalina.startup.Bootstrap.main(Bootstrap.java:415)
21.05.2012 21:08:51 org.apache.catalina.core.AprLifecycleListener init
INFO: The Apache Tomcat Native library which allows optimal performance in production environments was not found on the java.library.path: C:\Program Files\Java\jdk1.6.0_25\bin;.;C:\Windows\Sun\Java\bin;C:\Windows\system32;C:\Windows;C:\Program Files\MiKTeX 2.9\miktex\bin;C:\Program Files\Common Files\Microsoft Shared\Windows Live;C:\Windows\system32;C:\Windows;C:\Windows\System32\Wbem;C:\Windows\System32\WindowsPowerShell\v1.0\;C:\Program Files\Windows Live\Shared;C:\Program Files\MySQL\MySQL Server 5.5\bin
21.05.2012 21:08:52 org.apache.coyote.http11.Http11Protocol init
INFO: Initializing Coyote HTTP/1.1 on http-8400
21.05.2012 21:08:52 org.apache.catalina.startup.Catalina load
INFO: Initialization processed in 445 ms
21.05.2012 21:08:52 org.apache.catalina.core.StandardService start
INFO: Starting service Catalina
21.05.2012 21:08:52 org.apache.catalina.core.StandardEngine start
INFO: Starting Servlet Engine: Apache Tomcat/6.0.14
21.05.2012 21:08:56 org.apache.coyote.http11.Http11Protocol start
INFO: Starting Coyote HTTP/1.1 on http-8400
21.05.2012 21:08:56 org.apache.jk.common.ChannelSocket init
INFO: JK: ajp13 listening on /0.0.0.0:8009
21.05.2012 21:08:56 org.apache.jk.server.JkMain start
INFO: Jk running ID=0 time=0/30  config=null
21.05.2012 21:08:56 org.apache.catalina.startup.Catalina start
INFO: Server startup in 4432 ms
21.05.2012 23:03:59 org.apache.coyote.http11.Http11Protocol pause
INFO: Pausing Coyote HTTP/1.1 on http-8400
21.05.2012 23:04:00 org.apache.catalina.core.StandardService stop
INFO: Stopping service Catalina
21.05.2012 23:04:04 org.apache.coyote.http11.Http11Protocol destroy
INFO: Stopping Coyote HTTP/1.1 on http-8400
