03.07.2012 13:11:31 org.apache.coyote.http11.Http11Protocol pause
INFO: Pausing Coyote HTTP/1.1 on http-8400
03.07.2012 13:11:32 org.apache.catalina.core.StandardService stop
INFO: Stopping service Catalina
03.07.2012 13:11:35 org.apache.coyote.http11.Http11Protocol destroy
INFO: Stopping Coyote HTTP/1.1 on http-8400
03.07.2012 13:12:37 org.apache.catalina.core.AprLifecycleListener init
INFO: The Apache Tomcat Native library which allows optimal performance in production environments was not found on the java.library.path: C:\Program Files (x86)\Java\jdk1.6.0\bin;.;C:\Windows\Sun\Java\bin;C:\Windows\system32;C:\Windows;C:\Program Files (x86)\PC Connectivity Solution\;C:\Program Files (x86)\NVIDIA Corporation\PhysX\Common;C:\Windows\system32;C:\Windows;C:\Windows\System32\Wbem;C:\Windows\System32\WindowsPowerShell\v1.0\;C:\Program Files (x86)\QuickTime\QTSystem\;C:\Program Files (x86)\nodejs\;C:\Maven\apache-maven-3.0.3\bin;C:\Users\Christoph\AppData\Roaming\npm\
03.07.2012 13:12:37 org.apache.coyote.http11.Http11Protocol init
INFO: Initializing Coyote HTTP/1.1 on http-8400
03.07.2012 13:12:37 org.apache.catalina.startup.Catalina load
INFO: Initialization processed in 706 ms
03.07.2012 13:12:38 org.apache.catalina.core.StandardService start
INFO: Starting service Catalina
03.07.2012 13:12:38 org.apache.catalina.core.StandardEngine start
INFO: Starting Servlet Engine: Apache Tomcat/6.0.14
03.07.2012 13:12:40 org.apache.coyote.http11.Http11Protocol start
INFO: Starting Coyote HTTP/1.1 on http-8400
03.07.2012 13:12:40 org.apache.jk.common.ChannelSocket init
INFO: JK: ajp13 listening on /0.0.0.0:8009
03.07.2012 13:12:40 org.apache.jk.server.JkMain start
INFO: Jk running ID=0 time=0/31  config=null
03.07.2012 13:12:40 org.apache.catalina.startup.Catalina start
INFO: Server startup in 2800 ms
03.07.2012 16:30:48 org.apache.coyote.http11.Http11Protocol pause
INFO: Pausing Coyote HTTP/1.1 on http-8400
03.07.2012 16:30:50 org.apache.catalina.core.StandardService stop
INFO: Stopping service Catalina
03.07.2012 16:30:53 org.apache.coyote.http11.Http11Protocol destroy
INFO: Stopping Coyote HTTP/1.1 on http-8400
03.07.2012 16:36:32 org.apache.catalina.core.AprLifecycleListener init
INFO: The Apache Tomcat Native library which allows optimal performance in production environments was not found on the java.library.path: C:\Program Files\Java\jdk1.6.0_25\bin;.;C:\Windows\Sun\Java\bin;C:\Windows\system32;C:\Windows;C:\Program Files\MiKTeX 2.9\miktex\bin;C:\Program Files\Common Files\Microsoft Shared\Windows Live;C:\Windows\system32;C:\Windows;C:\Windows\System32\Wbem;C:\Windows\System32\WindowsPowerShell\v1.0\;C:\Program Files\Windows Live\Shared;C:\Program Files\MySQL\MySQL Server 5.5\bin
03.07.2012 16:36:32 org.apache.coyote.http11.Http11Protocol init
INFO: Initializing Coyote HTTP/1.1 on http-8400
03.07.2012 16:36:32 org.apache.catalina.startup.Catalina load
INFO: Initialization processed in 2156 ms
03.07.2012 16:36:33 org.apache.catalina.core.StandardService start
INFO: Starting service Catalina
03.07.2012 16:36:33 org.apache.catalina.core.StandardEngine start
INFO: Starting Servlet Engine: Apache Tomcat/6.0.14
03.07.2012 16:36:43 org.apache.coyote.http11.Http11Protocol start
INFO: Starting Coyote HTTP/1.1 on http-8400
03.07.2012 16:36:43 org.apache.jk.common.ChannelSocket init
INFO: JK: ajp13 listening on /0.0.0.0:8009
03.07.2012 16:36:43 org.apache.jk.server.JkMain start
INFO: Jk running ID=0 time=0/77  config=null
03.07.2012 16:36:43 org.apache.catalina.startup.Catalina start
INFO: Server startup in 10993 ms
03.07.2012 23:56:02 org.apache.catalina.core.AprLifecycleListener init
INFO: The Apache Tomcat Native library which allows optimal performance in production environments was not found on the java.library.path: C:\Program Files\Java\jdk1.6.0_32\bin;C:\Windows\Sun\Java\bin;C:\Windows\system32;C:\Windows;C:\Program Files (x86)\AMD APP\bin\x86_64;C:\Program Files (x86)\AMD APP\bin\x86;C:\Program Files\Common Files\Microsoft Shared\Windows Live;C:\Program Files (x86)\Common Files\Microsoft Shared\Windows Live;C:\Program Files (x86)\NVIDIA Corporation\PhysX\Common;C:\Windows\system32;C:\Windows;C:\Windows\System32\Wbem;C:\Windows\System32\WindowsPowerShell\v1.0\;C:\Program Files (x86)\Windows Live\Shared;C:\Program Files (x86)\ATI Technologies\ATI.ACE\Core-Static;.
03.07.2012 23:56:02 org.apache.coyote.http11.Http11Protocol init
INFO: Initializing Coyote HTTP/1.1 on http-8400
03.07.2012 23:56:02 org.apache.catalina.startup.Catalina load
INFO: Initialization processed in 372 ms
03.07.2012 23:56:02 org.apache.catalina.core.StandardService start
INFO: Starting service Catalina
03.07.2012 23:56:02 org.apache.catalina.core.StandardEngine start
INFO: Starting Servlet Engine: Apache Tomcat/6.0.14
03.07.2012 23:56:05 org.apache.coyote.http11.Http11Protocol start
INFO: Starting Coyote HTTP/1.1 on http-8400
03.07.2012 23:56:05 org.apache.jk.common.ChannelSocket init
INFO: JK: ajp13 listening on /0.0.0.0:8009
03.07.2012 23:56:05 org.apache.jk.server.JkMain start
INFO: Jk running ID=0 time=0/23  config=null
03.07.2012 23:56:05 org.apache.catalina.startup.Catalina start
INFO: Server startup in 2931 ms
