07.05.2012 00:01:09 org.apache.coyote.http11.Http11Protocol pause
INFO: Pausing Coyote HTTP/1.1 on http-8400
07.05.2012 00:01:10 org.apache.catalina.core.StandardService stop
INFO: Stopping service Catalina
07.05.2012 00:01:10 org.apache.coyote.http11.Http11Protocol destroy
INFO: Stopping Coyote HTTP/1.1 on http-8400
07.05.2012 00:01:24 org.apache.catalina.core.AprLifecycleListener init
INFO: The Apache Tomcat Native library which allows optimal performance in production environments was not found on the java.library.path: C:\Program Files (x86)\Java\jdk1.6.0\bin;.;C:\Windows\Sun\Java\bin;C:\Windows\system32;C:\Windows;C:\Program Files (x86)\PC Connectivity Solution\;C:\Program Files (x86)\NVIDIA Corporation\PhysX\Common;C:\Windows\system32;C:\Windows;C:\Windows\System32\Wbem;C:\Windows\System32\WindowsPowerShell\v1.0\;C:\Program Files\TortoiseSVN\bin;C:\Program Files\TortoiseGit\bin;C:\Program Files (x86)\QuickTime\QTSystem\;C:\Maven\apache-maven-3.0.3\bin
07.05.2012 00:01:24 org.apache.coyote.http11.Http11Protocol init
INFO: Initializing Coyote HTTP/1.1 on http-8400
07.05.2012 00:01:24 org.apache.catalina.startup.Catalina load
INFO: Initialization processed in 286 ms
07.05.2012 00:01:24 org.apache.catalina.core.StandardService start
INFO: Starting service Catalina
07.05.2012 00:01:24 org.apache.catalina.core.StandardEngine start
INFO: Starting Servlet Engine: Apache Tomcat/6.0.14
07.05.2012 00:01:28 org.apache.coyote.http11.Http11Protocol start
INFO: Starting Coyote HTTP/1.1 on http-8400
07.05.2012 00:01:28 org.apache.jk.common.ChannelSocket init
INFO: JK: ajp13 listening on /0.0.0.0:8009
07.05.2012 00:01:28 org.apache.jk.server.JkMain start
INFO: Jk running ID=0 time=0/21  config=null
07.05.2012 00:01:28 org.apache.catalina.startup.Catalina start
INFO: Server startup in 3632 ms
07.05.2012 00:11:18 org.apache.catalina.core.StandardContext reload
INFO: Reloading this Context has started
07.05.2012 00:11:19 org.apache.catalina.loader.WebappClassLoader loadClass
INFO: Illegal access: this web application instance has been stopped already.  Could not load org.eclipse.persistence.internal.localization.i18n.LoggingLocalizationResource.  The eventual following stack trace is caused by an error thrown for debugging purposes as well as to attempt to terminate the thread which caused the illegal access, and has no functional impact.
java.lang.IllegalStateException
	at org.apache.catalina.loader.WebappClassLoader.loadClass(WebappClassLoader.java:1244)
	at org.apache.catalina.loader.WebappClassLoader.loadClass(WebappClassLoader.java:1204)
	at java.util.ResourceBundle$Control.newBundle(ResourceBundle.java:2370)
	at java.util.ResourceBundle.loadBundle(ResourceBundle.java:1400)
	at java.util.ResourceBundle.findBundle(ResourceBundle.java:1365)
	at java.util.ResourceBundle.findBundle(ResourceBundle.java:1294)
	at java.util.ResourceBundle.findBundle(ResourceBundle.java:1294)
	at java.util.ResourceBundle.getBundleImpl(ResourceBundle.java:1236)
	at java.util.ResourceBundle.getBundle(ResourceBundle.java:789)
	at org.eclipse.persistence.internal.localization.EclipseLinkLocalization.buildMessage(EclipseLinkLocalization.java:60)
	at org.eclipse.persistence.internal.localization.EclipseLinkLocalization.buildMessage(EclipseLinkLocalization.java:34)
	at org.eclipse.persistence.internal.localization.LoggingLocalization.buildMessage(LoggingLocalization.java:25)
	at org.eclipse.persistence.internal.localization.LoggingLocalization.buildMessage(LoggingLocalization.java:29)
	at org.eclipse.persistence.logging.AbstractSessionLog.printPrefixString(AbstractSessionLog.java:788)
	at org.eclipse.persistence.logging.DefaultSessionLog.log(DefaultSessionLog.java:138)
	at org.eclipse.persistence.internal.sessions.AbstractSession.log(AbstractSession.java:3100)
	at org.eclipse.persistence.internal.sessions.AbstractSession.log(AbstractSession.java:4218)
	at org.eclipse.persistence.internal.sessions.AbstractSession.log(AbstractSession.java:4190)
	at org.eclipse.persistence.internal.sessions.AbstractSession.log(AbstractSession.java:4166)
	at org.eclipse.persistence.internal.sessions.AbstractSession.log(AbstractSession.java:4088)
	at org.eclipse.persistence.internal.sessions.DatabaseSessionImpl.logout(DatabaseSessionImpl.java:774)
	at org.eclipse.persistence.sessions.server.ServerSession.logout(ServerSession.java:741)
	at org.eclipse.persistence.internal.jpa.EntityManagerSetupImpl.removeSessionFromGlobalSessionManager(EntityManagerSetupImpl.java:366)
	at org.eclipse.persistence.internal.jpa.EntityManagerSetupImpl.undeploy(EntityManagerSetupImpl.java:2144)
	at org.eclipse.persistence.internal.jpa.EntityManagerFactoryDelegate.close(EntityManagerFactoryDelegate.java:248)
	at org.eclipse.persistence.internal.jpa.EntityManagerFactoryDelegate.finalize(EntityManagerFactoryDelegate.java:311)
	at java.lang.ref.Finalizer.invokeFinalizeMethod(Native Method)
	at java.lang.ref.Finalizer.runFinalizer(Finalizer.java:83)
	at java.lang.ref.Finalizer.access$100(Finalizer.java:14)
	at java.lang.ref.Finalizer$FinalizerThread.run(Finalizer.java:160)
07.05.2012 00:11:19 org.apache.catalina.loader.WebappClassLoader loadClass
INFO: Illegal access: this web application instance has been stopped already.  Could not load org.eclipse.persistence.exceptions.i18n.ConversionExceptionResource.  The eventual following stack trace is caused by an error thrown for debugging purposes as well as to attempt to terminate the thread which caused the illegal access, and has no functional impact.
java.lang.IllegalStateException
	at org.apache.catalina.loader.WebappClassLoader.loadClass(WebappClassLoader.java:1244)
	at org.apache.catalina.loader.WebappClassLoader.loadClass(WebappClassLoader.java:1204)
	at java.util.ResourceBundle$Control.newBundle(ResourceBundle.java:2370)
	at java.util.ResourceBundle.loadBundle(ResourceBundle.java:1400)
	at java.util.ResourceBundle.findBundle(ResourceBundle.java:1365)
	at java.util.ResourceBundle.findBundle(ResourceBundle.java:1294)
	at java.util.ResourceBundle.findBundle(ResourceBundle.java:1294)
	at java.util.ResourceBundle.getBundleImpl(ResourceBundle.java:1236)
	at java.util.ResourceBundle.getBundle(ResourceBundle.java:964)
	at org.eclipse.persistence.exceptions.i18n.ExceptionMessageGenerator.buildMessage(ExceptionMessageGenerator.java:47)
	at org.eclipse.persistence.exceptions.ConversionException.couldNotBeConverted(ConversionException.java:78)
	at org.eclipse.persistence.internal.helper.ConversionManager.convertObject(ConversionManager.java:146)
	at org.eclipse.persistence.logging.AbstractSessionLog.getDateString(AbstractSessionLog.java:705)
	at org.eclipse.persistence.logging.AbstractSessionLog.getSupplementDetailString(AbstractSessionLog.java:715)
	at org.eclipse.persistence.logging.DefaultSessionLog.log(DefaultSessionLog.java:139)
	at org.eclipse.persistence.internal.sessions.AbstractSession.log(AbstractSession.java:3100)
	at org.eclipse.persistence.internal.sessions.AbstractSession.log(AbstractSession.java:4218)
	at org.eclipse.persistence.internal.sessions.AbstractSession.log(AbstractSession.java:4190)
	at org.eclipse.persistence.internal.sessions.AbstractSession.log(AbstractSession.java:4166)
	at org.eclipse.persistence.internal.sessions.AbstractSession.log(AbstractSession.java:4088)
	at org.eclipse.persistence.internal.sessions.DatabaseSessionImpl.logout(DatabaseSessionImpl.java:774)
	at org.eclipse.persistence.sessions.server.ServerSession.logout(ServerSession.java:741)
	at org.eclipse.persistence.internal.jpa.EntityManagerSetupImpl.removeSessionFromGlobalSessionManager(EntityManagerSetupImpl.java:366)
	at org.eclipse.persistence.internal.jpa.EntityManagerSetupImpl.undeploy(EntityManagerSetupImpl.java:2144)
	at org.eclipse.persistence.internal.jpa.EntityManagerFactoryDelegate.close(EntityManagerFactoryDelegate.java:248)
	at org.eclipse.persistence.internal.jpa.EntityManagerFactoryDelegate.finalize(EntityManagerFactoryDelegate.java:311)
	at java.lang.ref.Finalizer.invokeFinalizeMethod(Native Method)
	at java.lang.ref.Finalizer.runFinalizer(Finalizer.java:83)
	at java.lang.ref.Finalizer.access$100(Finalizer.java:14)
	at java.lang.ref.Finalizer$FinalizerThread.run(Finalizer.java:160)
07.05.2012 00:23:21 org.apache.catalina.core.StandardService stop
INFO: Stopping service Catalina
07.05.2012 00:23:21 org.apache.coyote.http11.Http11Protocol destroy
INFO: Stopping Coyote HTTP/1.1 on http-8400
07.05.2012 00:26:08 org.apache.catalina.startup.Catalina stopServer
SCHWERWIEGEND: Catalina.stop: 
java.net.ConnectException: Connection refused: connect
	at java.net.PlainSocketImpl.socketConnect(Native Method)
	at java.net.PlainSocketImpl.doConnect(PlainSocketImpl.java:333)
	at java.net.PlainSocketImpl.connectToAddress(PlainSocketImpl.java:195)
	at java.net.PlainSocketImpl.connect(PlainSocketImpl.java:182)
	at java.net.SocksSocketImpl.connect(SocksSocketImpl.java:366)
	at java.net.Socket.connect(Socket.java:519)
	at java.net.Socket.connect(Socket.java:469)
	at java.net.Socket.<init>(Socket.java:366)
	at java.net.Socket.<init>(Socket.java:179)
	at org.apache.catalina.startup.Catalina.stopServer(Catalina.java:409)
	at sun.reflect.NativeMethodAccessorImpl.invoke0(Native Method)
	at sun.reflect.NativeMethodAccessorImpl.invoke(NativeMethodAccessorImpl.java:39)
	at sun.reflect.DelegatingMethodAccessorImpl.invoke(DelegatingMethodAccessorImpl.java:25)
	at java.lang.reflect.Method.invoke(Method.java:597)
	at org.apache.catalina.startup.Bootstrap.stopServer(Bootstrap.java:337)
	at org.apache.catalina.startup.Bootstrap.main(Bootstrap.java:415)
07.05.2012 00:26:10 org.apache.catalina.core.AprLifecycleListener init
INFO: The Apache Tomcat Native library which allows optimal performance in production environments was not found on the java.library.path: C:\Program Files (x86)\Java\jdk1.6.0\bin;.;C:\Windows\Sun\Java\bin;C:\Windows\system32;C:\Windows;C:\Program Files (x86)\PC Connectivity Solution\;C:\Program Files (x86)\NVIDIA Corporation\PhysX\Common;C:\Windows\system32;C:\Windows;C:\Windows\System32\Wbem;C:\Windows\System32\WindowsPowerShell\v1.0\;C:\Program Files\TortoiseSVN\bin;C:\Program Files\TortoiseGit\bin;C:\Program Files (x86)\QuickTime\QTSystem\;C:\Maven\apache-maven-3.0.3\bin
07.05.2012 00:26:10 org.apache.coyote.http11.Http11Protocol init
INFO: Initializing Coyote HTTP/1.1 on http-8400
07.05.2012 00:26:10 org.apache.catalina.startup.Catalina load
INFO: Initialization processed in 305 ms
07.05.2012 00:26:10 org.apache.catalina.core.StandardService start
INFO: Starting service Catalina
07.05.2012 00:26:10 org.apache.catalina.core.StandardEngine start
INFO: Starting Servlet Engine: Apache Tomcat/6.0.14
07.05.2012 00:26:14 org.apache.coyote.http11.Http11Protocol start
INFO: Starting Coyote HTTP/1.1 on http-8400
07.05.2012 00:26:14 org.apache.jk.common.ChannelSocket init
INFO: JK: ajp13 listening on /0.0.0.0:8009
07.05.2012 00:26:14 org.apache.jk.server.JkMain start
INFO: Jk running ID=0 time=0/17  config=null
07.05.2012 00:26:14 org.apache.catalina.startup.Catalina start
INFO: Server startup in 3515 ms
07.05.2012 14:10:31 org.apache.catalina.core.StandardContext reload
INFO: Reloading this Context has started
07.05.2012 14:10:32 org.apache.catalina.loader.WebappClassLoader loadClass
INFO: Illegal access: this web application instance has been stopped already.  Could not load org.eclipse.persistence.internal.localization.i18n.LoggingLocalizationResource.  The eventual following stack trace is caused by an error thrown for debugging purposes as well as to attempt to terminate the thread which caused the illegal access, and has no functional impact.
java.lang.IllegalStateException
	at org.apache.catalina.loader.WebappClassLoader.loadClass(WebappClassLoader.java:1244)
	at org.apache.catalina.loader.WebappClassLoader.loadClass(WebappClassLoader.java:1204)
	at java.util.ResourceBundle$Control.newBundle(ResourceBundle.java:2370)
	at java.util.ResourceBundle.loadBundle(ResourceBundle.java:1400)
	at java.util.ResourceBundle.findBundle(ResourceBundle.java:1365)
	at java.util.ResourceBundle.findBundle(ResourceBundle.java:1294)
	at java.util.ResourceBundle.findBundle(ResourceBundle.java:1294)
	at java.util.ResourceBundle.getBundleImpl(ResourceBundle.java:1236)
	at java.util.ResourceBundle.getBundle(ResourceBundle.java:789)
	at org.eclipse.persistence.internal.localization.EclipseLinkLocalization.buildMessage(EclipseLinkLocalization.java:60)
	at org.eclipse.persistence.internal.localization.EclipseLinkLocalization.buildMessage(EclipseLinkLocalization.java:34)
	at org.eclipse.persistence.internal.localization.LoggingLocalization.buildMessage(LoggingLocalization.java:25)
	at org.eclipse.persistence.internal.localization.LoggingLocalization.buildMessage(LoggingLocalization.java:29)
	at org.eclipse.persistence.logging.AbstractSessionLog.printPrefixString(AbstractSessionLog.java:788)
	at org.eclipse.persistence.logging.DefaultSessionLog.log(DefaultSessionLog.java:138)
	at org.eclipse.persistence.internal.sessions.AbstractSession.log(AbstractSession.java:3100)
	at org.eclipse.persistence.internal.sessions.AbstractSession.log(AbstractSession.java:4218)
	at org.eclipse.persistence.internal.sessions.AbstractSession.log(AbstractSession.java:4190)
	at org.eclipse.persistence.internal.sessions.AbstractSession.log(AbstractSession.java:4166)
	at org.eclipse.persistence.internal.sessions.AbstractSession.log(AbstractSession.java:4088)
	at org.eclipse.persistence.internal.sessions.DatabaseSessionImpl.logout(DatabaseSessionImpl.java:774)
	at org.eclipse.persistence.sessions.server.ServerSession.logout(ServerSession.java:741)
	at org.eclipse.persistence.internal.jpa.EntityManagerSetupImpl.removeSessionFromGlobalSessionManager(EntityManagerSetupImpl.java:366)
	at org.eclipse.persistence.internal.jpa.EntityManagerSetupImpl.undeploy(EntityManagerSetupImpl.java:2144)
	at org.eclipse.persistence.internal.jpa.EntityManagerFactoryDelegate.close(EntityManagerFactoryDelegate.java:248)
	at org.eclipse.persistence.internal.jpa.EntityManagerFactoryDelegate.finalize(EntityManagerFactoryDelegate.java:311)
	at java.lang.ref.Finalizer.invokeFinalizeMethod(Native Method)
	at java.lang.ref.Finalizer.runFinalizer(Finalizer.java:83)
	at java.lang.ref.Finalizer.access$100(Finalizer.java:14)
	at java.lang.ref.Finalizer$FinalizerThread.run(Finalizer.java:160)
07.05.2012 14:10:32 org.apache.catalina.loader.WebappClassLoader loadClass
INFO: Illegal access: this web application instance has been stopped already.  Could not load org.eclipse.persistence.exceptions.i18n.ConversionExceptionResource.  The eventual following stack trace is caused by an error thrown for debugging purposes as well as to attempt to terminate the thread which caused the illegal access, and has no functional impact.
java.lang.IllegalStateException
	at org.apache.catalina.loader.WebappClassLoader.loadClass(WebappClassLoader.java:1244)
	at org.apache.catalina.loader.WebappClassLoader.loadClass(WebappClassLoader.java:1204)
	at java.util.ResourceBundle$Control.newBundle(ResourceBundle.java:2370)
	at java.util.ResourceBundle.loadBundle(ResourceBundle.java:1400)
	at java.util.ResourceBundle.findBundle(ResourceBundle.java:1365)
	at java.util.ResourceBundle.findBundle(ResourceBundle.java:1294)
	at java.util.ResourceBundle.findBundle(ResourceBundle.java:1294)
	at java.util.ResourceBundle.getBundleImpl(ResourceBundle.java:1236)
	at java.util.ResourceBundle.getBundle(ResourceBundle.java:964)
	at org.eclipse.persistence.exceptions.i18n.ExceptionMessageGenerator.buildMessage(ExceptionMessageGenerator.java:47)
	at org.eclipse.persistence.exceptions.ConversionException.couldNotBeConverted(ConversionException.java:78)
	at org.eclipse.persistence.internal.helper.ConversionManager.convertObject(ConversionManager.java:146)
	at org.eclipse.persistence.logging.AbstractSessionLog.getDateString(AbstractSessionLog.java:705)
	at org.eclipse.persistence.logging.AbstractSessionLog.getSupplementDetailString(AbstractSessionLog.java:715)
	at org.eclipse.persistence.logging.DefaultSessionLog.log(DefaultSessionLog.java:139)
	at org.eclipse.persistence.internal.sessions.AbstractSession.log(AbstractSession.java:3100)
	at org.eclipse.persistence.internal.sessions.AbstractSession.log(AbstractSession.java:4218)
	at org.eclipse.persistence.internal.sessions.AbstractSession.log(AbstractSession.java:4190)
	at org.eclipse.persistence.internal.sessions.AbstractSession.log(AbstractSession.java:4166)
	at org.eclipse.persistence.internal.sessions.AbstractSession.log(AbstractSession.java:4088)
	at org.eclipse.persistence.internal.sessions.DatabaseSessionImpl.logout(DatabaseSessionImpl.java:774)
	at org.eclipse.persistence.sessions.server.ServerSession.logout(ServerSession.java:741)
	at org.eclipse.persistence.internal.jpa.EntityManagerSetupImpl.removeSessionFromGlobalSessionManager(EntityManagerSetupImpl.java:366)
	at org.eclipse.persistence.internal.jpa.EntityManagerSetupImpl.undeploy(EntityManagerSetupImpl.java:2144)
	at org.eclipse.persistence.internal.jpa.EntityManagerFactoryDelegate.close(EntityManagerFactoryDelegate.java:248)
	at org.eclipse.persistence.internal.jpa.EntityManagerFactoryDelegate.finalize(EntityManagerFactoryDelegate.java:311)
	at java.lang.ref.Finalizer.invokeFinalizeMethod(Native Method)
	at java.lang.ref.Finalizer.runFinalizer(Finalizer.java:83)
	at java.lang.ref.Finalizer.access$100(Finalizer.java:14)
	at java.lang.ref.Finalizer$FinalizerThread.run(Finalizer.java:160)
07.05.2012 14:10:43 org.apache.coyote.http11.Http11Protocol pause
INFO: Pausing Coyote HTTP/1.1 on http-8400
07.05.2012 14:10:44 org.apache.catalina.core.StandardService stop
INFO: Stopping service Catalina
07.05.2012 14:10:45 org.apache.coyote.http11.Http11Protocol destroy
INFO: Stopping Coyote HTTP/1.1 on http-8400
07.05.2012 14:10:45 org.apache.catalina.core.AprLifecycleListener init
INFO: The Apache Tomcat Native library which allows optimal performance in production environments was not found on the java.library.path: C:\Program Files (x86)\Java\jdk1.6.0\bin;.;C:\Windows\Sun\Java\bin;C:\Windows\system32;C:\Windows;C:\Program Files (x86)\PC Connectivity Solution\;C:\Program Files (x86)\NVIDIA Corporation\PhysX\Common;C:\Windows\system32;C:\Windows;C:\Windows\System32\Wbem;C:\Windows\System32\WindowsPowerShell\v1.0\;C:\Program Files\TortoiseSVN\bin;C:\Program Files\TortoiseGit\bin;C:\Program Files (x86)\QuickTime\QTSystem\;C:\Maven\apache-maven-3.0.3\bin
07.05.2012 14:10:45 org.apache.coyote.http11.Http11Protocol init
INFO: Initializing Coyote HTTP/1.1 on http-8400
07.05.2012 14:10:45 org.apache.catalina.startup.Catalina load
INFO: Initialization processed in 370 ms
07.05.2012 14:10:46 org.apache.catalina.core.StandardService start
INFO: Starting service Catalina
07.05.2012 14:10:46 org.apache.catalina.core.StandardEngine start
INFO: Starting Servlet Engine: Apache Tomcat/6.0.14
07.05.2012 14:10:50 org.apache.coyote.http11.Http11Protocol start
INFO: Starting Coyote HTTP/1.1 on http-8400
07.05.2012 14:10:50 org.apache.jk.common.ChannelSocket init
INFO: JK: ajp13 listening on /0.0.0.0:8009
07.05.2012 14:10:50 org.apache.jk.server.JkMain start
INFO: Jk running ID=0 time=0/24  config=null
07.05.2012 14:10:50 org.apache.catalina.startup.Catalina start
INFO: Server startup in 4450 ms
07.05.2012 14:10:59 org.apache.coyote.http11.Http11Protocol pause
INFO: Pausing Coyote HTTP/1.1 on http-8400
07.05.2012 14:11:00 org.apache.catalina.core.StandardService stop
INFO: Stopping service Catalina
07.05.2012 14:11:00 org.apache.coyote.http11.Http11Protocol destroy
INFO: Stopping Coyote HTTP/1.1 on http-8400
07.05.2012 16:43:52 org.apache.catalina.core.AprLifecycleListener init
INFO: The Apache Tomcat Native library which allows optimal performance in production environments was not found on the java.library.path: C:\Program Files (x86)\Java\jdk1.6.0\bin;.;C:\Windows\Sun\Java\bin;C:\Windows\system32;C:\Windows;C:\Program Files (x86)\PC Connectivity Solution\;C:\Program Files (x86)\NVIDIA Corporation\PhysX\Common;C:\Windows\system32;C:\Windows;C:\Windows\System32\Wbem;C:\Windows\System32\WindowsPowerShell\v1.0\;C:\Program Files\TortoiseSVN\bin;C:\Program Files\TortoiseGit\bin;C:\Program Files (x86)\QuickTime\QTSystem\;C:\Maven\apache-maven-3.0.3\bin
07.05.2012 16:43:52 org.apache.coyote.http11.Http11Protocol init
INFO: Initializing Coyote HTTP/1.1 on http-8400
07.05.2012 16:43:52 org.apache.catalina.startup.Catalina load
INFO: Initialization processed in 1180 ms
07.05.2012 16:43:52 org.apache.catalina.core.StandardService start
INFO: Starting service Catalina
07.05.2012 16:43:52 org.apache.catalina.core.StandardEngine start
INFO: Starting Servlet Engine: Apache Tomcat/6.0.14
07.05.2012 16:43:58 org.apache.coyote.http11.Http11Protocol start
INFO: Starting Coyote HTTP/1.1 on http-8400
07.05.2012 16:43:58 org.apache.jk.common.ChannelSocket init
INFO: JK: ajp13 listening on /0.0.0.0:8009
07.05.2012 16:43:58 org.apache.jk.server.JkMain start
INFO: Jk running ID=0 time=0/34  config=null
07.05.2012 16:43:58 org.apache.catalina.startup.Catalina start
INFO: Server startup in 5984 ms
07.05.2012 17:05:02 org.apache.coyote.http11.Http11Protocol pause
INFO: Pausing Coyote HTTP/1.1 on http-8400
07.05.2012 17:05:03 org.apache.catalina.core.StandardService stop
INFO: Stopping service Catalina
07.05.2012 17:12:11 org.apache.catalina.core.AprLifecycleListener init
INFO: The Apache Tomcat Native library which allows optimal performance in production environments was not found on the java.library.path: C:\Program Files (x86)\Java\jdk1.6.0\bin;.;C:\Windows\Sun\Java\bin;C:\Windows\system32;C:\Windows;C:\Program Files (x86)\PC Connectivity Solution\;C:\Program Files (x86)\NVIDIA Corporation\PhysX\Common;C:\Windows\system32;C:\Windows;C:\Windows\System32\Wbem;C:\Windows\System32\WindowsPowerShell\v1.0\;C:\Program Files\TortoiseGit\bin;C:\Program Files (x86)\QuickTime\QTSystem\;C:\Maven\apache-maven-3.0.3\bin
07.05.2012 17:12:11 org.apache.coyote.http11.Http11Protocol init
INFO: Initializing Coyote HTTP/1.1 on http-8400
07.05.2012 17:12:11 org.apache.catalina.startup.Catalina load
INFO: Initialization processed in 468 ms
07.05.2012 17:12:11 org.apache.catalina.core.StandardService start
INFO: Starting service Catalina
07.05.2012 17:12:11 org.apache.catalina.core.StandardEngine start
INFO: Starting Servlet Engine: Apache Tomcat/6.0.14
07.05.2012 17:12:16 org.apache.coyote.http11.Http11Protocol start
INFO: Starting Coyote HTTP/1.1 on http-8400
07.05.2012 17:12:16 org.apache.jk.common.ChannelSocket init
INFO: JK: ajp13 listening on /0.0.0.0:8009
07.05.2012 17:12:16 org.apache.jk.server.JkMain start
INFO: Jk running ID=0 time=0/28  config=null
07.05.2012 17:12:16 org.apache.catalina.startup.Catalina start
INFO: Server startup in 5045 ms
07.05.2012 17:19:47 org.apache.catalina.loader.WebappClassLoader modified
SCHWERWIEGEND:     Resource '/WEB-INF/classes/EmployeeDAO.class' is missing
07.05.2012 17:19:47 org.apache.catalina.core.StandardContext reload
INFO: Reloading this Context has started
07.05.2012 17:19:56 org.apache.catalina.loader.WebappClassLoader loadClass
INFO: Illegal access: this web application instance has been stopped already.  Could not load org.eclipse.persistence.internal.localization.i18n.LoggingLocalizationResource.  The eventual following stack trace is caused by an error thrown for debugging purposes as well as to attempt to terminate the thread which caused the illegal access, and has no functional impact.
java.lang.IllegalStateException
	at org.apache.catalina.loader.WebappClassLoader.loadClass(WebappClassLoader.java:1244)
	at org.apache.catalina.loader.WebappClassLoader.loadClass(WebappClassLoader.java:1204)
	at java.util.ResourceBundle$Control.newBundle(ResourceBundle.java:2370)
	at java.util.ResourceBundle.loadBundle(ResourceBundle.java:1400)
	at java.util.ResourceBundle.findBundle(ResourceBundle.java:1365)
	at java.util.ResourceBundle.findBundle(ResourceBundle.java:1294)
	at java.util.ResourceBundle.findBundle(ResourceBundle.java:1294)
	at java.util.ResourceBundle.getBundleImpl(ResourceBundle.java:1236)
	at java.util.ResourceBundle.getBundle(ResourceBundle.java:789)
	at org.eclipse.persistence.internal.localization.EclipseLinkLocalization.buildMessage(EclipseLinkLocalization.java:60)
	at org.eclipse.persistence.internal.localization.EclipseLinkLocalization.buildMessage(EclipseLinkLocalization.java:34)
	at org.eclipse.persistence.internal.localization.LoggingLocalization.buildMessage(LoggingLocalization.java:25)
	at org.eclipse.persistence.internal.localization.LoggingLocalization.buildMessage(LoggingLocalization.java:29)
	at org.eclipse.persistence.logging.AbstractSessionLog.printPrefixString(AbstractSessionLog.java:788)
	at org.eclipse.persistence.logging.DefaultSessionLog.log(DefaultSessionLog.java:138)
	at org.eclipse.persistence.internal.sessions.AbstractSession.log(AbstractSession.java:3100)
	at org.eclipse.persistence.internal.sessions.AbstractSession.log(AbstractSession.java:4218)
	at org.eclipse.persistence.internal.sessions.AbstractSession.log(AbstractSession.java:4190)
	at org.eclipse.persistence.internal.sessions.AbstractSession.log(AbstractSession.java:4166)
	at org.eclipse.persistence.internal.sessions.AbstractSession.log(AbstractSession.java:4088)
	at org.eclipse.persistence.internal.sessions.DatabaseSessionImpl.logout(DatabaseSessionImpl.java:774)
	at org.eclipse.persistence.sessions.server.ServerSession.logout(ServerSession.java:741)
	at org.eclipse.persistence.internal.jpa.EntityManagerSetupImpl.removeSessionFromGlobalSessionManager(EntityManagerSetupImpl.java:366)
	at org.eclipse.persistence.internal.jpa.EntityManagerSetupImpl.undeploy(EntityManagerSetupImpl.java:2144)
	at org.eclipse.persistence.internal.jpa.EntityManagerFactoryDelegate.close(EntityManagerFactoryDelegate.java:248)
	at org.eclipse.persistence.internal.jpa.EntityManagerFactoryDelegate.finalize(EntityManagerFactoryDelegate.java:311)
	at java.lang.ref.Finalizer.invokeFinalizeMethod(Native Method)
	at java.lang.ref.Finalizer.runFinalizer(Finalizer.java:83)
	at java.lang.ref.Finalizer.access$100(Finalizer.java:14)
	at java.lang.ref.Finalizer$FinalizerThread.run(Finalizer.java:160)
07.05.2012 17:19:56 org.apache.catalina.loader.WebappClassLoader loadClass
INFO: Illegal access: this web application instance has been stopped already.  Could not load org.eclipse.persistence.exceptions.i18n.ConversionExceptionResource.  The eventual following stack trace is caused by an error thrown for debugging purposes as well as to attempt to terminate the thread which caused the illegal access, and has no functional impact.
java.lang.IllegalStateException
	at org.apache.catalina.loader.WebappClassLoader.loadClass(WebappClassLoader.java:1244)
	at org.apache.catalina.loader.WebappClassLoader.loadClass(WebappClassLoader.java:1204)
	at java.util.ResourceBundle$Control.newBundle(ResourceBundle.java:2370)
	at java.util.ResourceBundle.loadBundle(ResourceBundle.java:1400)
	at java.util.ResourceBundle.findBundle(ResourceBundle.java:1365)
	at java.util.ResourceBundle.findBundle(ResourceBundle.java:1294)
	at java.util.ResourceBundle.findBundle(ResourceBundle.java:1294)
	at java.util.ResourceBundle.getBundleImpl(ResourceBundle.java:1236)
	at java.util.ResourceBundle.getBundle(ResourceBundle.java:964)
	at org.eclipse.persistence.exceptions.i18n.ExceptionMessageGenerator.buildMessage(ExceptionMessageGenerator.java:47)
	at org.eclipse.persistence.exceptions.ConversionException.couldNotBeConverted(ConversionException.java:78)
	at org.eclipse.persistence.internal.helper.ConversionManager.convertObject(ConversionManager.java:146)
	at org.eclipse.persistence.logging.AbstractSessionLog.getDateString(AbstractSessionLog.java:705)
	at org.eclipse.persistence.logging.AbstractSessionLog.getSupplementDetailString(AbstractSessionLog.java:715)
	at org.eclipse.persistence.logging.DefaultSessionLog.log(DefaultSessionLog.java:139)
	at org.eclipse.persistence.internal.sessions.AbstractSession.log(AbstractSession.java:3100)
	at org.eclipse.persistence.internal.sessions.AbstractSession.log(AbstractSession.java:4218)
	at org.eclipse.persistence.internal.sessions.AbstractSession.log(AbstractSession.java:4190)
	at org.eclipse.persistence.internal.sessions.AbstractSession.log(AbstractSession.java:4166)
	at org.eclipse.persistence.internal.sessions.AbstractSession.log(AbstractSession.java:4088)
	at org.eclipse.persistence.internal.sessions.DatabaseSessionImpl.logout(DatabaseSessionImpl.java:774)
	at org.eclipse.persistence.sessions.server.ServerSession.logout(ServerSession.java:741)
	at org.eclipse.persistence.internal.jpa.EntityManagerSetupImpl.removeSessionFromGlobalSessionManager(EntityManagerSetupImpl.java:366)
	at org.eclipse.persistence.internal.jpa.EntityManagerSetupImpl.undeploy(EntityManagerSetupImpl.java:2144)
	at org.eclipse.persistence.internal.jpa.EntityManagerFactoryDelegate.close(EntityManagerFactoryDelegate.java:248)
	at org.eclipse.persistence.internal.jpa.EntityManagerFactoryDelegate.finalize(EntityManagerFactoryDelegate.java:311)
	at java.lang.ref.Finalizer.invokeFinalizeMethod(Native Method)
	at java.lang.ref.Finalizer.runFinalizer(Finalizer.java:83)
	at java.lang.ref.Finalizer.access$100(Finalizer.java:14)
	at java.lang.ref.Finalizer$FinalizerThread.run(Finalizer.java:160)
07.05.2012 17:20:22 org.apache.coyote.http11.Http11Protocol pause
INFO: Pausing Coyote HTTP/1.1 on http-8400
07.05.2012 17:20:23 org.apache.catalina.core.StandardService stop
INFO: Stopping service Catalina
07.05.2012 17:20:24 org.apache.coyote.http11.Http11Protocol destroy
INFO: Stopping Coyote HTTP/1.1 on http-8400
07.05.2012 17:48:25 org.apache.catalina.core.AprLifecycleListener init
INFO: The Apache Tomcat Native library which allows optimal performance in production environments was not found on the java.library.path: C:\Program Files (x86)\Java\jdk1.6.0\bin;.;C:\Windows\Sun\Java\bin;C:\Windows\system32;C:\Windows;C:\Program Files (x86)\PC Connectivity Solution\;C:\Program Files (x86)\NVIDIA Corporation\PhysX\Common;C:\Windows\system32;C:\Windows;C:\Windows\System32\Wbem;C:\Windows\System32\WindowsPowerShell\v1.0\;C:\Program Files\TortoiseGit\bin;C:\Program Files (x86)\QuickTime\QTSystem\;C:\Maven\apache-maven-3.0.3\bin
07.05.2012 17:48:25 org.apache.coyote.http11.Http11Protocol init
INFO: Initializing Coyote HTTP/1.1 on http-8400
07.05.2012 17:48:25 org.apache.catalina.startup.Catalina load
INFO: Initialization processed in 709 ms
07.05.2012 17:48:25 org.apache.catalina.core.StandardService start
INFO: Starting service Catalina
07.05.2012 17:48:25 org.apache.catalina.core.StandardEngine start
INFO: Starting Servlet Engine: Apache Tomcat/6.0.14
07.05.2012 17:48:31 org.apache.coyote.http11.Http11Protocol start
INFO: Starting Coyote HTTP/1.1 on http-8400
07.05.2012 17:48:31 org.apache.jk.common.ChannelSocket init
INFO: JK: ajp13 listening on /0.0.0.0:8009
07.05.2012 17:48:31 org.apache.jk.server.JkMain start
INFO: Jk running ID=0 time=0/29  config=null
07.05.2012 17:48:31 org.apache.catalina.startup.Catalina start
INFO: Server startup in 6071 ms
07.05.2012 17:49:51 org.apache.catalina.core.StandardContext reload
INFO: Reloading this Context has started
07.05.2012 17:50:08 org.apache.coyote.http11.Http11Protocol pause
INFO: Pausing Coyote HTTP/1.1 on http-8400
07.05.2012 17:50:09 org.apache.catalina.core.StandardService stop
INFO: Stopping service Catalina
07.05.2012 17:50:09 org.apache.coyote.http11.Http11Protocol destroy
INFO: Stopping Coyote HTTP/1.1 on http-8400
07.05.2012 17:50:10 org.apache.catalina.core.AprLifecycleListener init
INFO: The Apache Tomcat Native library which allows optimal performance in production environments was not found on the java.library.path: C:\Program Files (x86)\Java\jdk1.6.0\bin;.;C:\Windows\Sun\Java\bin;C:\Windows\system32;C:\Windows;C:\Program Files (x86)\PC Connectivity Solution\;C:\Program Files (x86)\NVIDIA Corporation\PhysX\Common;C:\Windows\system32;C:\Windows;C:\Windows\System32\Wbem;C:\Windows\System32\WindowsPowerShell\v1.0\;C:\Program Files\TortoiseGit\bin;C:\Program Files (x86)\QuickTime\QTSystem\;C:\Maven\apache-maven-3.0.3\bin
07.05.2012 17:50:10 org.apache.coyote.http11.Http11Protocol init
INFO: Initializing Coyote HTTP/1.1 on http-8400
07.05.2012 17:50:10 org.apache.catalina.startup.Catalina load
INFO: Initialization processed in 412 ms
07.05.2012 17:50:10 org.apache.catalina.core.StandardService start
INFO: Starting service Catalina
07.05.2012 17:50:10 org.apache.catalina.core.StandardEngine start
INFO: Starting Servlet Engine: Apache Tomcat/6.0.14
07.05.2012 17:50:14 org.apache.coyote.http11.Http11Protocol start
INFO: Starting Coyote HTTP/1.1 on http-8400
07.05.2012 17:50:14 org.apache.jk.common.ChannelSocket init
INFO: JK: ajp13 listening on /0.0.0.0:8009
07.05.2012 17:50:14 org.apache.jk.server.JkMain start
INFO: Jk running ID=0 time=0/43  config=null
07.05.2012 17:50:14 org.apache.catalina.startup.Catalina start
INFO: Server startup in 4714 ms
07.05.2012 17:51:45 org.apache.catalina.core.StandardContext reload
INFO: Reloading this Context has started
07.05.2012 17:51:53 org.apache.coyote.http11.Http11Protocol pause
INFO: Pausing Coyote HTTP/1.1 on http-8400
07.05.2012 17:51:54 org.apache.catalina.core.StandardService stop
INFO: Stopping service Catalina
07.05.2012 17:51:54 org.apache.coyote.http11.Http11Protocol destroy
INFO: Stopping Coyote HTTP/1.1 on http-8400
07.05.2012 17:51:54 org.apache.catalina.core.AprLifecycleListener init
INFO: The Apache Tomcat Native library which allows optimal performance in production environments was not found on the java.library.path: C:\Program Files (x86)\Java\jdk1.6.0\bin;.;C:\Windows\Sun\Java\bin;C:\Windows\system32;C:\Windows;C:\Program Files (x86)\PC Connectivity Solution\;C:\Program Files (x86)\NVIDIA Corporation\PhysX\Common;C:\Windows\system32;C:\Windows;C:\Windows\System32\Wbem;C:\Windows\System32\WindowsPowerShell\v1.0\;C:\Program Files\TortoiseGit\bin;C:\Program Files (x86)\QuickTime\QTSystem\;C:\Maven\apache-maven-3.0.3\bin
07.05.2012 17:51:54 org.apache.coyote.http11.Http11Protocol init
INFO: Initializing Coyote HTTP/1.1 on http-8400
07.05.2012 17:51:54 org.apache.catalina.startup.Catalina load
INFO: Initialization processed in 532 ms
07.05.2012 17:51:54 org.apache.catalina.core.StandardService start
INFO: Starting service Catalina
07.05.2012 17:51:54 org.apache.catalina.core.StandardEngine start
INFO: Starting Servlet Engine: Apache Tomcat/6.0.14
07.05.2012 17:51:59 org.apache.coyote.http11.Http11Protocol start
INFO: Starting Coyote HTTP/1.1 on http-8400
07.05.2012 17:51:59 org.apache.jk.common.ChannelSocket init
INFO: JK: ajp13 listening on /0.0.0.0:8009
07.05.2012 17:51:59 org.apache.jk.server.JkMain start
INFO: Jk running ID=0 time=0/21  config=null
07.05.2012 17:51:59 org.apache.catalina.startup.Catalina start
INFO: Server startup in 4413 ms
07.05.2012 18:02:13 org.apache.catalina.core.StandardService stop
INFO: Stopping service Catalina
07.05.2012 18:02:53 org.apache.catalina.core.AprLifecycleListener init
INFO: The Apache Tomcat Native library which allows optimal performance in production environments was not found on the java.library.path: C:\Program Files (x86)\Java\jdk1.6.0\bin;.;C:\Windows\Sun\Java\bin;C:\Windows\system32;C:\Windows;C:\Program Files (x86)\PC Connectivity Solution\;C:\Program Files (x86)\NVIDIA Corporation\PhysX\Common;C:\Windows\system32;C:\Windows;C:\Windows\System32\Wbem;C:\Windows\System32\WindowsPowerShell\v1.0\;C:\Program Files\TortoiseGit\bin;C:\Program Files (x86)\QuickTime\QTSystem\;C:\Maven\apache-maven-3.0.3\bin
07.05.2012 18:02:54 org.apache.coyote.http11.Http11Protocol init
INFO: Initializing Coyote HTTP/1.1 on http-8400
07.05.2012 18:02:54 org.apache.catalina.startup.Catalina load
INFO: Initialization processed in 364 ms
07.05.2012 18:02:54 org.apache.catalina.core.StandardService start
INFO: Starting service Catalina
07.05.2012 18:02:54 org.apache.catalina.core.StandardEngine start
INFO: Starting Servlet Engine: Apache Tomcat/6.0.14
07.05.2012 18:02:58 org.apache.coyote.http11.Http11Protocol start
INFO: Starting Coyote HTTP/1.1 on http-8400
07.05.2012 18:02:58 org.apache.jk.common.ChannelSocket init
INFO: JK: ajp13 listening on /0.0.0.0:8009
07.05.2012 18:02:58 org.apache.jk.server.JkMain start
INFO: Jk running ID=0 time=0/22  config=null
07.05.2012 18:02:58 org.apache.catalina.startup.Catalina start
INFO: Server startup in 4264 ms
07.05.2012 18:16:29 org.apache.catalina.startup.HostConfig checkResources
INFO: Reloading context [/blazeds]
07.05.2012 18:16:35 org.apache.coyote.http11.Http11Protocol pause
INFO: Pausing Coyote HTTP/1.1 on http-8400
07.05.2012 18:16:36 org.apache.catalina.core.StandardService stop
INFO: Stopping service Catalina
07.05.2012 18:16:36 org.apache.coyote.http11.Http11Protocol destroy
INFO: Stopping Coyote HTTP/1.1 on http-8400
07.05.2012 18:16:37 org.apache.catalina.core.AprLifecycleListener init
INFO: The Apache Tomcat Native library which allows optimal performance in production environments was not found on the java.library.path: C:\Program Files (x86)\Java\jdk1.6.0\bin;.;C:\Windows\Sun\Java\bin;C:\Windows\system32;C:\Windows;C:\Program Files (x86)\PC Connectivity Solution\;C:\Program Files (x86)\NVIDIA Corporation\PhysX\Common;C:\Windows\system32;C:\Windows;C:\Windows\System32\Wbem;C:\Windows\System32\WindowsPowerShell\v1.0\;C:\Program Files\TortoiseGit\bin;C:\Program Files (x86)\QuickTime\QTSystem\;C:\Maven\apache-maven-3.0.3\bin
07.05.2012 18:16:37 org.apache.coyote.http11.Http11Protocol init
INFO: Initializing Coyote HTTP/1.1 on http-8400
07.05.2012 18:16:37 org.apache.catalina.startup.Catalina load
INFO: Initialization processed in 505 ms
07.05.2012 18:16:37 org.apache.catalina.core.StandardService start
INFO: Starting service Catalina
07.05.2012 18:16:37 org.apache.catalina.core.StandardEngine start
INFO: Starting Servlet Engine: Apache Tomcat/6.0.14
07.05.2012 18:16:41 org.apache.coyote.http11.Http11Protocol start
INFO: Starting Coyote HTTP/1.1 on http-8400
07.05.2012 18:16:41 org.apache.jk.common.ChannelSocket init
INFO: JK: ajp13 listening on /0.0.0.0:8009
07.05.2012 18:16:41 org.apache.jk.server.JkMain start
INFO: Jk running ID=0 time=0/27  config=null
07.05.2012 18:16:41 org.apache.catalina.startup.Catalina start
INFO: Server startup in 4549 ms
07.05.2012 18:17:21 org.apache.catalina.startup.HostConfig checkResources
INFO: Reloading context [/blazeds]
07.05.2012 18:17:43 org.apache.catalina.startup.HostConfig checkResources
INFO: Reloading context [/blazeds]
07.05.2012 18:17:46 org.apache.coyote.http11.Http11Protocol pause
INFO: Pausing Coyote HTTP/1.1 on http-8400
07.05.2012 18:17:47 org.apache.catalina.core.StandardService stop
INFO: Stopping service Catalina
07.05.2012 18:17:48 org.apache.coyote.http11.Http11Protocol destroy
INFO: Stopping Coyote HTTP/1.1 on http-8400
07.05.2012 18:17:49 org.apache.catalina.core.AprLifecycleListener init
INFO: The Apache Tomcat Native library which allows optimal performance in production environments was not found on the java.library.path: C:\Program Files (x86)\Java\jdk1.6.0\bin;.;C:\Windows\Sun\Java\bin;C:\Windows\system32;C:\Windows;C:\Program Files (x86)\PC Connectivity Solution\;C:\Program Files (x86)\NVIDIA Corporation\PhysX\Common;C:\Windows\system32;C:\Windows;C:\Windows\System32\Wbem;C:\Windows\System32\WindowsPowerShell\v1.0\;C:\Program Files\TortoiseGit\bin;C:\Program Files (x86)\QuickTime\QTSystem\;C:\Maven\apache-maven-3.0.3\bin
07.05.2012 18:17:49 org.apache.coyote.http11.Http11Protocol init
INFO: Initializing Coyote HTTP/1.1 on http-8400
07.05.2012 18:17:49 org.apache.catalina.startup.Catalina load
INFO: Initialization processed in 512 ms
07.05.2012 18:17:49 org.apache.catalina.core.StandardService start
INFO: Starting service Catalina
07.05.2012 18:17:49 org.apache.catalina.core.StandardEngine start
INFO: Starting Servlet Engine: Apache Tomcat/6.0.14
07.05.2012 18:17:54 org.apache.coyote.http11.Http11Protocol start
INFO: Starting Coyote HTTP/1.1 on http-8400
07.05.2012 18:17:54 org.apache.jk.common.ChannelSocket init
INFO: JK: ajp13 listening on /0.0.0.0:8009
07.05.2012 18:17:54 org.apache.jk.server.JkMain start
INFO: Jk running ID=0 time=0/29  config=null
07.05.2012 18:17:54 org.apache.catalina.startup.Catalina start
INFO: Server startup in 4999 ms
07.05.2012 18:18:14 org.apache.catalina.startup.HostConfig checkResources
INFO: Reloading context [/blazeds]
07.05.2012 18:18:18 org.apache.coyote.http11.Http11Protocol pause
INFO: Pausing Coyote HTTP/1.1 on http-8400
07.05.2012 18:18:19 org.apache.catalina.core.StandardService stop
INFO: Stopping service Catalina
07.05.2012 18:18:19 org.apache.coyote.http11.Http11Protocol destroy
INFO: Stopping Coyote HTTP/1.1 on http-8400
07.05.2012 18:18:19 org.apache.catalina.core.AprLifecycleListener init
INFO: The Apache Tomcat Native library which allows optimal performance in production environments was not found on the java.library.path: C:\Program Files (x86)\Java\jdk1.6.0\bin;.;C:\Windows\Sun\Java\bin;C:\Windows\system32;C:\Windows;C:\Program Files (x86)\PC Connectivity Solution\;C:\Program Files (x86)\NVIDIA Corporation\PhysX\Common;C:\Windows\system32;C:\Windows;C:\Windows\System32\Wbem;C:\Windows\System32\WindowsPowerShell\v1.0\;C:\Program Files\TortoiseGit\bin;C:\Program Files (x86)\QuickTime\QTSystem\;C:\Maven\apache-maven-3.0.3\bin
07.05.2012 18:18:19 org.apache.coyote.http11.Http11Protocol init
INFO: Initializing Coyote HTTP/1.1 on http-8400
07.05.2012 18:18:19 org.apache.catalina.startup.Catalina load
INFO: Initialization processed in 451 ms
07.05.2012 18:18:19 org.apache.catalina.core.StandardService start
INFO: Starting service Catalina
07.05.2012 18:18:20 org.apache.catalina.core.StandardEngine start
INFO: Starting Servlet Engine: Apache Tomcat/6.0.14
07.05.2012 18:18:24 org.apache.coyote.http11.Http11Protocol start
INFO: Starting Coyote HTTP/1.1 on http-8400
07.05.2012 18:18:24 org.apache.jk.common.ChannelSocket init
INFO: JK: ajp13 listening on /0.0.0.0:8009
07.05.2012 18:18:24 org.apache.jk.server.JkMain start
INFO: Jk running ID=0 time=0/20  config=null
07.05.2012 18:18:24 org.apache.catalina.startup.Catalina start
INFO: Server startup in 4538 ms
07.05.2012 18:19:27 org.apache.coyote.http11.Http11Protocol pause
INFO: Pausing Coyote HTTP/1.1 on http-8400
07.05.2012 18:19:28 org.apache.catalina.core.StandardService stop
INFO: Stopping service Catalina
07.05.2012 18:19:29 org.apache.coyote.http11.Http11Protocol destroy
INFO: Stopping Coyote HTTP/1.1 on http-8400
07.05.2012 18:19:35 org.apache.catalina.core.AprLifecycleListener init
INFO: The Apache Tomcat Native library which allows optimal performance in production environments was not found on the java.library.path: C:\Program Files (x86)\Java\jdk1.6.0\bin;.;C:\Windows\Sun\Java\bin;C:\Windows\system32;C:\Windows;C:\Program Files (x86)\PC Connectivity Solution\;C:\Program Files (x86)\NVIDIA Corporation\PhysX\Common;C:\Windows\system32;C:\Windows;C:\Windows\System32\Wbem;C:\Windows\System32\WindowsPowerShell\v1.0\;C:\Program Files\TortoiseGit\bin;C:\Program Files (x86)\QuickTime\QTSystem\;C:\Maven\apache-maven-3.0.3\bin
07.05.2012 18:19:35 org.apache.coyote.http11.Http11Protocol init
INFO: Initializing Coyote HTTP/1.1 on http-8400
07.05.2012 18:19:35 org.apache.catalina.startup.Catalina load
INFO: Initialization processed in 428 ms
07.05.2012 18:19:35 org.apache.catalina.core.StandardService start
INFO: Starting service Catalina
07.05.2012 18:19:35 org.apache.catalina.core.StandardEngine start
INFO: Starting Servlet Engine: Apache Tomcat/6.0.14
07.05.2012 18:19:39 org.apache.coyote.http11.Http11Protocol start
INFO: Starting Coyote HTTP/1.1 on http-8400
07.05.2012 18:19:40 org.apache.jk.common.ChannelSocket init
INFO: JK: ajp13 listening on /0.0.0.0:8009
07.05.2012 18:19:40 org.apache.jk.server.JkMain start
INFO: Jk running ID=0 time=0/22  config=null
07.05.2012 18:19:40 org.apache.catalina.startup.Catalina start
INFO: Server startup in 4439 ms
07.05.2012 18:22:12 org.apache.coyote.http11.Http11Protocol pause
INFO: Pausing Coyote HTTP/1.1 on http-8400
07.05.2012 18:22:13 org.apache.catalina.core.StandardService stop
INFO: Stopping service Catalina
07.05.2012 18:22:14 org.apache.coyote.http11.Http11Protocol destroy
INFO: Stopping Coyote HTTP/1.1 on http-8400
07.05.2012 18:25:31 org.apache.catalina.core.AprLifecycleListener init
INFO: The Apache Tomcat Native library which allows optimal performance in production environments was not found on the java.library.path: C:\Program Files (x86)\Java\jdk1.6.0\bin;.;C:\Windows\Sun\Java\bin;C:\Windows\system32;C:\Windows;C:\Program Files (x86)\PC Connectivity Solution\;C:\Program Files (x86)\NVIDIA Corporation\PhysX\Common;C:\Windows\system32;C:\Windows;C:\Windows\System32\Wbem;C:\Windows\System32\WindowsPowerShell\v1.0\;C:\Program Files\TortoiseGit\bin;C:\Program Files (x86)\QuickTime\QTSystem\;C:\Maven\apache-maven-3.0.3\bin
07.05.2012 18:25:31 org.apache.coyote.http11.Http11Protocol init
INFO: Initializing Coyote HTTP/1.1 on http-8400
07.05.2012 18:25:31 org.apache.catalina.startup.Catalina load
INFO: Initialization processed in 376 ms
07.05.2012 18:25:31 org.apache.catalina.core.StandardService start
INFO: Starting service Catalina
07.05.2012 18:25:31 org.apache.catalina.core.StandardEngine start
INFO: Starting Servlet Engine: Apache Tomcat/6.0.14
07.05.2012 18:25:35 org.apache.coyote.http11.Http11Protocol start
INFO: Starting Coyote HTTP/1.1 on http-8400
07.05.2012 18:25:35 org.apache.jk.common.ChannelSocket init
INFO: JK: ajp13 listening on /0.0.0.0:8009
07.05.2012 18:25:35 org.apache.jk.server.JkMain start
INFO: Jk running ID=0 time=0/19  config=null
07.05.2012 18:25:35 org.apache.catalina.startup.Catalina start
INFO: Server startup in 4126 ms
07.05.2012 18:36:51 org.apache.coyote.http11.Http11Protocol pause
INFO: Pausing Coyote HTTP/1.1 on http-8400
07.05.2012 18:36:52 org.apache.catalina.core.StandardService stop
INFO: Stopping service Catalina
07.05.2012 18:36:52 org.apache.coyote.http11.Http11Protocol destroy
INFO: Stopping Coyote HTTP/1.1 on http-8400
07.05.2012 18:36:55 org.apache.catalina.core.AprLifecycleListener init
INFO: The Apache Tomcat Native library which allows optimal performance in production environments was not found on the java.library.path: C:\Program Files (x86)\Java\jdk1.6.0\bin;.;C:\Windows\Sun\Java\bin;C:\Windows\system32;C:\Windows;C:\Program Files (x86)\PC Connectivity Solution\;C:\Program Files (x86)\NVIDIA Corporation\PhysX\Common;C:\Windows\system32;C:\Windows;C:\Windows\System32\Wbem;C:\Windows\System32\WindowsPowerShell\v1.0\;C:\Program Files\TortoiseGit\bin;C:\Program Files (x86)\QuickTime\QTSystem\;C:\Maven\apache-maven-3.0.3\bin
07.05.2012 18:36:55 org.apache.coyote.http11.Http11Protocol init
INFO: Initializing Coyote HTTP/1.1 on http-8400
07.05.2012 18:36:55 org.apache.catalina.startup.Catalina load
INFO: Initialization processed in 363 ms
07.05.2012 18:36:55 org.apache.catalina.core.StandardService start
INFO: Starting service Catalina
07.05.2012 18:36:55 org.apache.catalina.core.StandardEngine start
INFO: Starting Servlet Engine: Apache Tomcat/6.0.14
07.05.2012 18:36:59 org.apache.coyote.http11.Http11Protocol start
INFO: Starting Coyote HTTP/1.1 on http-8400
07.05.2012 18:36:59 org.apache.jk.common.ChannelSocket init
INFO: JK: ajp13 listening on /0.0.0.0:8009
07.05.2012 18:36:59 org.apache.jk.server.JkMain start
INFO: Jk running ID=0 time=0/20  config=null
07.05.2012 18:36:59 org.apache.catalina.startup.Catalina start
INFO: Server startup in 4307 ms
07.05.2012 18:37:54 org.apache.coyote.http11.Http11Protocol pause
INFO: Pausing Coyote HTTP/1.1 on http-8400
07.05.2012 18:37:55 org.apache.catalina.core.StandardService stop
INFO: Stopping service Catalina
07.05.2012 18:37:56 org.apache.coyote.http11.Http11Protocol destroy
INFO: Stopping Coyote HTTP/1.1 on http-8400
07.05.2012 18:38:37 org.apache.catalina.core.AprLifecycleListener init
INFO: The Apache Tomcat Native library which allows optimal performance in production environments was not found on the java.library.path: C:\Program Files (x86)\Java\jdk1.6.0\bin;.;C:\Windows\Sun\Java\bin;C:\Windows\system32;C:\Windows;C:\Program Files (x86)\PC Connectivity Solution\;C:\Program Files (x86)\NVIDIA Corporation\PhysX\Common;C:\Windows\system32;C:\Windows;C:\Windows\System32\Wbem;C:\Windows\System32\WindowsPowerShell\v1.0\;C:\Program Files\TortoiseGit\bin;C:\Program Files (x86)\QuickTime\QTSystem\;C:\Maven\apache-maven-3.0.3\bin
07.05.2012 18:38:37 org.apache.coyote.http11.Http11Protocol init
INFO: Initializing Coyote HTTP/1.1 on http-8400
07.05.2012 18:38:37 org.apache.catalina.startup.Catalina load
INFO: Initialization processed in 382 ms
07.05.2012 18:38:37 org.apache.catalina.core.StandardService start
INFO: Starting service Catalina
07.05.2012 18:38:37 org.apache.catalina.core.StandardEngine start
INFO: Starting Servlet Engine: Apache Tomcat/6.0.14
07.05.2012 18:38:41 org.apache.coyote.http11.Http11Protocol start
INFO: Starting Coyote HTTP/1.1 on http-8400
07.05.2012 18:38:41 org.apache.jk.common.ChannelSocket init
INFO: JK: ajp13 listening on /0.0.0.0:8009
07.05.2012 18:38:41 org.apache.jk.server.JkMain start
INFO: Jk running ID=0 time=0/24  config=null
07.05.2012 18:38:41 org.apache.catalina.startup.Catalina start
INFO: Server startup in 4454 ms
07.05.2012 22:11:28 org.apache.catalina.core.AprLifecycleListener init
INFO: The Apache Tomcat Native library which allows optimal performance in production environments was not found on the java.library.path: C:\Program Files (x86)\Java\jdk1.6.0\bin;.;C:\Windows\Sun\Java\bin;C:\Windows\system32;C:\Windows;C:\Program Files (x86)\PC Connectivity Solution\;C:\Program Files (x86)\NVIDIA Corporation\PhysX\Common;C:\Windows\system32;C:\Windows;C:\Windows\System32\Wbem;C:\Windows\System32\WindowsPowerShell\v1.0\;C:\Program Files (x86)\QuickTime\QTSystem\;C:\Maven\apache-maven-3.0.3\bin
07.05.2012 22:11:28 org.apache.coyote.http11.Http11Protocol init
INFO: Initializing Coyote HTTP/1.1 on http-8400
07.05.2012 22:11:28 org.apache.catalina.startup.Catalina load
INFO: Initialization processed in 1141 ms
07.05.2012 22:11:28 org.apache.catalina.core.StandardService start
INFO: Starting service Catalina
07.05.2012 22:11:28 org.apache.catalina.core.StandardEngine start
INFO: Starting Servlet Engine: Apache Tomcat/6.0.14
07.05.2012 22:11:35 org.apache.coyote.http11.Http11Protocol start
INFO: Starting Coyote HTTP/1.1 on http-8400
07.05.2012 22:11:35 org.apache.jk.common.ChannelSocket init
INFO: JK: ajp13 listening on /0.0.0.0:8009
07.05.2012 22:11:35 org.apache.jk.server.JkMain start
INFO: Jk running ID=0 time=0/78  config=null
07.05.2012 22:11:35 org.apache.catalina.startup.Catalina start
INFO: Server startup in 7029 ms
07.05.2012 22:14:27 org.apache.coyote.http11.Http11Protocol pause
INFO: Pausing Coyote HTTP/1.1 on http-8400
07.05.2012 22:14:28 org.apache.catalina.core.StandardService stop
INFO: Stopping service Catalina
07.05.2012 22:14:29 org.apache.coyote.http11.Http11Protocol destroy
INFO: Stopping Coyote HTTP/1.1 on http-8400
07.05.2012 22:15:44 org.apache.catalina.core.AprLifecycleListener init
INFO: The Apache Tomcat Native library which allows optimal performance in production environments was not found on the java.library.path: C:\Program Files (x86)\Java\jdk1.6.0\bin;.;C:\Windows\Sun\Java\bin;C:\Windows\system32;C:\Windows;C:\Program Files (x86)\PC Connectivity Solution\;C:\Program Files (x86)\NVIDIA Corporation\PhysX\Common;C:\Windows\system32;C:\Windows;C:\Windows\System32\Wbem;C:\Windows\System32\WindowsPowerShell\v1.0\;C:\Program Files (x86)\QuickTime\QTSystem\;C:\Maven\apache-maven-3.0.3\bin
07.05.2012 22:15:44 org.apache.coyote.http11.Http11Protocol init
INFO: Initializing Coyote HTTP/1.1 on http-8400
07.05.2012 22:15:44 org.apache.catalina.startup.Catalina load
INFO: Initialization processed in 312 ms
07.05.2012 22:15:44 org.apache.catalina.core.StandardService start
INFO: Starting service Catalina
07.05.2012 22:15:44 org.apache.catalina.core.StandardEngine start
INFO: Starting Servlet Engine: Apache Tomcat/6.0.14
07.05.2012 22:15:47 org.apache.coyote.http11.Http11Protocol start
INFO: Starting Coyote HTTP/1.1 on http-8400
07.05.2012 22:15:47 org.apache.jk.common.ChannelSocket init
INFO: JK: ajp13 listening on /0.0.0.0:8009
07.05.2012 22:15:47 org.apache.jk.server.JkMain start
INFO: Jk running ID=0 time=0/31  config=null
07.05.2012 22:15:47 org.apache.catalina.startup.Catalina start
INFO: Server startup in 3032 ms
07.05.2012 22:53:47 org.apache.coyote.http11.Http11Protocol pause
INFO: Pausing Coyote HTTP/1.1 on http-8400
07.05.2012 22:53:49 org.apache.catalina.core.StandardService stop
INFO: Stopping service Catalina
07.05.2012 22:53:49 org.apache.coyote.http11.Http11Protocol destroy
INFO: Stopping Coyote HTTP/1.1 on http-8400
07.05.2012 22:54:34 org.apache.catalina.core.AprLifecycleListener init
INFO: The Apache Tomcat Native library which allows optimal performance in production environments was not found on the java.library.path: C:\Program Files (x86)\Java\jdk1.6.0\bin;.;C:\Windows\Sun\Java\bin;C:\Windows\system32;C:\Windows;C:\Program Files (x86)\PC Connectivity Solution\;C:\Program Files (x86)\NVIDIA Corporation\PhysX\Common;C:\Windows\system32;C:\Windows;C:\Windows\System32\Wbem;C:\Windows\System32\WindowsPowerShell\v1.0\;C:\Program Files (x86)\QuickTime\QTSystem\;C:\Maven\apache-maven-3.0.3\bin
07.05.2012 22:54:34 org.apache.coyote.http11.Http11Protocol init
INFO: Initializing Coyote HTTP/1.1 on http-8400
07.05.2012 22:54:34 org.apache.catalina.startup.Catalina load
INFO: Initialization processed in 327 ms
07.05.2012 22:54:34 org.apache.catalina.core.StandardService start
INFO: Starting service Catalina
07.05.2012 22:54:34 org.apache.catalina.core.StandardEngine start
INFO: Starting Servlet Engine: Apache Tomcat/6.0.14
07.05.2012 22:54:37 org.apache.coyote.http11.Http11Protocol start
INFO: Starting Coyote HTTP/1.1 on http-8400
07.05.2012 22:54:37 org.apache.jk.common.ChannelSocket init
INFO: JK: ajp13 listening on /0.0.0.0:8009
07.05.2012 22:54:37 org.apache.jk.server.JkMain start
INFO: Jk running ID=0 time=0/16  config=null
07.05.2012 22:54:37 org.apache.catalina.startup.Catalina start
INFO: Server startup in 3091 ms
07.05.2012 22:59:40 org.apache.coyote.http11.Http11Protocol pause
INFO: Pausing Coyote HTTP/1.1 on http-8400
07.05.2012 22:59:41 org.apache.catalina.core.StandardService stop
INFO: Stopping service Catalina
07.05.2012 22:59:42 org.apache.coyote.http11.Http11Protocol destroy
INFO: Stopping Coyote HTTP/1.1 on http-8400
