20.05.2012 13:21:40 org.apache.catalina.core.AprLifecycleListener init
INFO: The Apache Tomcat Native library which allows optimal performance in production environments was not found on the java.library.path: C:\Program Files (x86)\Java\jdk1.6.0\bin;.;C:\Windows\Sun\Java\bin;C:\Windows\system32;C:\Windows;C:\Program Files (x86)\PC Connectivity Solution\;C:\Program Files (x86)\NVIDIA Corporation\PhysX\Common;C:\Windows\system32;C:\Windows;C:\Windows\System32\Wbem;C:\Windows\System32\WindowsPowerShell\v1.0\;C:\Program Files (x86)\QuickTime\QTSystem\;C:\Maven\apache-maven-3.0.3\bin
20.05.2012 13:21:40 org.apache.coyote.http11.Http11Protocol init
INFO: Initializing Coyote HTTP/1.1 on http-8400
20.05.2012 13:21:40 org.apache.catalina.startup.Catalina load
INFO: Initialization processed in 1699 ms
20.05.2012 13:21:40 org.apache.catalina.core.StandardService start
INFO: Starting service Catalina
20.05.2012 13:21:40 org.apache.catalina.core.StandardEngine start
INFO: Starting Servlet Engine: Apache Tomcat/6.0.14
20.05.2012 13:21:44 org.apache.coyote.http11.Http11Protocol start
INFO: Starting Coyote HTTP/1.1 on http-8400
20.05.2012 13:21:44 org.apache.jk.common.ChannelSocket init
INFO: JK: ajp13 listening on /0.0.0.0:8009
20.05.2012 13:21:44 org.apache.jk.server.JkMain start
INFO: Jk running ID=0 time=0/82  config=null
20.05.2012 13:21:44 org.apache.catalina.startup.Catalina start
INFO: Server startup in 3832 ms
20.05.2012 13:46:49 org.apache.coyote.http11.Http11Protocol pause
INFO: Pausing Coyote HTTP/1.1 on http-8400
20.05.2012 13:46:50 org.apache.catalina.core.StandardService stop
INFO: Stopping service Catalina
20.05.2012 13:46:50 org.apache.coyote.http11.Http11Protocol destroy
INFO: Stopping Coyote HTTP/1.1 on http-8400
20.05.2012 13:46:52 org.apache.catalina.core.AprLifecycleListener init
INFO: The Apache Tomcat Native library which allows optimal performance in production environments was not found on the java.library.path: C:\Program Files (x86)\Java\jdk1.6.0\bin;.;C:\Windows\Sun\Java\bin;C:\Windows\system32;C:\Windows;C:\Program Files (x86)\PC Connectivity Solution\;C:\Program Files (x86)\NVIDIA Corporation\PhysX\Common;C:\Windows\system32;C:\Windows;C:\Windows\System32\Wbem;C:\Windows\System32\WindowsPowerShell\v1.0\;C:\Program Files (x86)\QuickTime\QTSystem\;C:\Maven\apache-maven-3.0.3\bin
20.05.2012 13:46:52 org.apache.coyote.http11.Http11Protocol init
INFO: Initializing Coyote HTTP/1.1 on http-8400
20.05.2012 13:46:52 org.apache.catalina.startup.Catalina load
INFO: Initialization processed in 288 ms
20.05.2012 13:46:52 org.apache.catalina.core.StandardService start
INFO: Starting service Catalina
20.05.2012 13:46:52 org.apache.catalina.core.StandardEngine start
INFO: Starting Servlet Engine: Apache Tomcat/6.0.14
20.05.2012 13:46:53 org.apache.coyote.http11.Http11Protocol start
INFO: Starting Coyote HTTP/1.1 on http-8400
20.05.2012 13:46:53 org.apache.jk.common.ChannelSocket init
INFO: JK: ajp13 listening on /0.0.0.0:8009
20.05.2012 13:46:53 org.apache.jk.server.JkMain start
INFO: Jk running ID=0 time=0/14  config=null
20.05.2012 13:46:53 org.apache.catalina.startup.Catalina start
INFO: Server startup in 1295 ms
20.05.2012 18:11:10 org.apache.coyote.http11.Http11Protocol pause
INFO: Pausing Coyote HTTP/1.1 on http-8400
20.05.2012 20:34:46 org.apache.catalina.core.AprLifecycleListener init
INFO: The Apache Tomcat Native library which allows optimal performance in production environments was not found on the java.library.path: C:\Program Files (x86)\Java\jdk1.6.0\bin;.;C:\Windows\Sun\Java\bin;C:\Windows\system32;C:\Windows;C:\Program Files (x86)\PC Connectivity Solution\;C:\Program Files (x86)\NVIDIA Corporation\PhysX\Common;C:\Windows\system32;C:\Windows;C:\Windows\System32\Wbem;C:\Windows\System32\WindowsPowerShell\v1.0\;C:\Program Files (x86)\QuickTime\QTSystem\;C:\Maven\apache-maven-3.0.3\bin
20.05.2012 20:34:47 org.apache.coyote.http11.Http11Protocol init
INFO: Initializing Coyote HTTP/1.1 on http-8400
20.05.2012 20:34:47 org.apache.catalina.startup.Catalina load
INFO: Initialization processed in 1054 ms
20.05.2012 20:34:47 org.apache.catalina.core.StandardService start
INFO: Starting service Catalina
20.05.2012 20:34:47 org.apache.catalina.core.StandardEngine start
INFO: Starting Servlet Engine: Apache Tomcat/6.0.14
20.05.2012 20:34:51 org.apache.coyote.http11.Http11Protocol start
INFO: Starting Coyote HTTP/1.1 on http-8400
20.05.2012 20:34:51 org.apache.jk.common.ChannelSocket init
INFO: JK: ajp13 listening on /0.0.0.0:8009
20.05.2012 20:34:51 org.apache.jk.server.JkMain start
INFO: Jk running ID=0 time=0/54  config=null
20.05.2012 20:34:51 org.apache.catalina.startup.Catalina start
INFO: Server startup in 4195 ms
