09.05.2012 00:33:04 org.apache.catalina.core.AprLifecycleListener init
INFO: The Apache Tomcat Native library which allows optimal performance in production environments was not found on the java.library.path: C:\Program Files\Java\jdk1.6.0_25\bin;.;C:\Windows\Sun\Java\bin;C:\Windows\system32;C:\Windows;C:\Program Files\MiKTeX 2.9\miktex\bin;C:\Program Files\Common Files\Microsoft Shared\Windows Live;C:\Windows\system32;C:\Windows;C:\Windows\System32\Wbem;C:\Windows\System32\WindowsPowerShell\v1.0\;C:\Program Files\Windows Live\Shared;C:\Program Files\MySQL\MySQL Server 5.5\bin
09.05.2012 00:33:05 org.apache.coyote.http11.Http11Protocol init
INFO: Initializing Coyote HTTP/1.1 on http-8400
09.05.2012 00:33:05 org.apache.catalina.startup.Catalina load
INFO: Initialization processed in 1993 ms
09.05.2012 00:33:05 org.apache.catalina.core.StandardService start
INFO: Starting service Catalina
09.05.2012 00:33:05 org.apache.catalina.core.StandardEngine start
INFO: Starting Servlet Engine: Apache Tomcat/6.0.14
09.05.2012 00:33:27 org.apache.coyote.http11.Http11Protocol start
INFO: Starting Coyote HTTP/1.1 on http-8400
09.05.2012 00:33:27 org.apache.jk.common.ChannelSocket init
INFO: JK: ajp13 listening on /0.0.0.0:8009
09.05.2012 00:33:27 org.apache.jk.server.JkMain start
INFO: Jk running ID=0 time=0/188  config=null
09.05.2012 00:33:27 org.apache.catalina.startup.Catalina start
INFO: Server startup in 22655 ms
09.05.2012 11:01:02 org.apache.catalina.core.StandardContext reload
INFO: Reloading this Context has started
09.05.2012 11:07:13 org.apache.coyote.http11.Http11Protocol pause
INFO: Pausing Coyote HTTP/1.1 on http-8400
09.05.2012 11:07:14 org.apache.catalina.core.StandardService stop
INFO: Stopping service Catalina
09.05.2012 11:07:18 org.apache.coyote.http11.Http11Protocol destroy
INFO: Stopping Coyote HTTP/1.1 on http-8400
09.05.2012 11:07:48 org.apache.catalina.core.AprLifecycleListener init
INFO: The Apache Tomcat Native library which allows optimal performance in production environments was not found on the java.library.path: C:\Program Files\Java\jdk1.6.0_25\bin;.;C:\Windows\Sun\Java\bin;C:\Windows\system32;C:\Windows;C:\Program Files\MiKTeX 2.9\miktex\bin;C:\Program Files\Common Files\Microsoft Shared\Windows Live;C:\Windows\system32;C:\Windows;C:\Windows\System32\Wbem;C:\Windows\System32\WindowsPowerShell\v1.0\;C:\Program Files\Windows Live\Shared;C:\Program Files\MySQL\MySQL Server 5.5\bin
09.05.2012 11:07:49 org.apache.coyote.http11.Http11Protocol init
INFO: Initializing Coyote HTTP/1.1 on http-8400
09.05.2012 11:07:49 org.apache.catalina.startup.Catalina load
INFO: Initialization processed in 3734 ms
09.05.2012 11:07:50 org.apache.catalina.core.StandardService start
INFO: Starting service Catalina
09.05.2012 11:07:50 org.apache.catalina.core.StandardEngine start
INFO: Starting Servlet Engine: Apache Tomcat/6.0.14
09.05.2012 11:08:04 org.apache.coyote.http11.Http11Protocol start
INFO: Starting Coyote HTTP/1.1 on http-8400
09.05.2012 11:08:04 org.apache.jk.common.ChannelSocket init
INFO: JK: ajp13 listening on /0.0.0.0:8009
09.05.2012 11:08:04 org.apache.jk.server.JkMain start
INFO: Jk running ID=0 time=1/163  config=null
09.05.2012 11:08:04 org.apache.catalina.startup.Catalina start
INFO: Server startup in 15054 ms
