03.05.2012 18:48:14 org.apache.catalina.core.AprLifecycleListener init
INFO: The Apache Tomcat Native library which allows optimal performance in production environments was not found on the java.library.path: C:\Program Files (x86)\Java\jdk1.6.0\bin;.;C:\Windows\Sun\Java\bin;C:\Windows\system32;C:\Windows;C:\Program Files (x86)\PC Connectivity Solution\;C:\Program Files (x86)\NVIDIA Corporation\PhysX\Common;C:\Windows\system32;C:\Windows;C:\Windows\System32\Wbem;C:\Windows\System32\WindowsPowerShell\v1.0\;C:\Program Files\TortoiseSVN\bin;C:\Program Files\TortoiseGit\bin;C:\Program Files (x86)\QuickTime\QTSystem\;C:\Maven\apache-maven-3.0.3\bin
03.05.2012 18:48:14 org.apache.coyote.http11.Http11Protocol init
INFO: Initializing Coyote HTTP/1.1 on http-8400
03.05.2012 18:48:14 org.apache.catalina.startup.Catalina load
INFO: Initialization processed in 272 ms
03.05.2012 18:48:14 org.apache.catalina.core.StandardService start
INFO: Starting service Catalina
03.05.2012 18:48:14 org.apache.catalina.core.StandardEngine start
INFO: Starting Servlet Engine: Apache Tomcat/6.0.14
03.05.2012 18:48:17 org.apache.coyote.http11.Http11Protocol start
INFO: Starting Coyote HTTP/1.1 on http-8400
03.05.2012 18:48:17 org.apache.jk.common.ChannelSocket init
INFO: JK: ajp13 listening on /0.0.0.0:8009
03.05.2012 18:48:17 org.apache.jk.server.JkMain start
INFO: Jk running ID=0 time=0/13  config=null
03.05.2012 18:48:17 org.apache.catalina.startup.Catalina start
INFO: Server startup in 3052 ms
03.05.2012 19:13:29 org.apache.catalina.startup.HostConfig checkResources
INFO: Reloading context [/blazeds]
03.05.2012 19:13:59 org.apache.catalina.startup.HostConfig checkResources
INFO: Reloading context [/blazeds]
03.05.2012 19:14:20 org.apache.catalina.startup.HostConfig checkResources
INFO: Reloading context [/blazeds]
03.05.2012 19:14:28 org.apache.coyote.http11.Http11Protocol pause
INFO: Pausing Coyote HTTP/1.1 on http-8400
03.05.2012 19:14:29 org.apache.catalina.core.StandardService stop
INFO: Stopping service Catalina
03.05.2012 19:14:29 org.apache.coyote.http11.Http11Protocol destroy
INFO: Stopping Coyote HTTP/1.1 on http-8400
03.05.2012 19:14:29 org.apache.catalina.core.AprLifecycleListener init
INFO: The Apache Tomcat Native library which allows optimal performance in production environments was not found on the java.library.path: C:\Program Files (x86)\Java\jdk1.6.0\bin;.;C:\Windows\Sun\Java\bin;C:\Windows\system32;C:\Windows;C:\Program Files (x86)\PC Connectivity Solution\;C:\Program Files (x86)\NVIDIA Corporation\PhysX\Common;C:\Windows\system32;C:\Windows;C:\Windows\System32\Wbem;C:\Windows\System32\WindowsPowerShell\v1.0\;C:\Program Files\TortoiseSVN\bin;C:\Program Files\TortoiseGit\bin;C:\Program Files (x86)\QuickTime\QTSystem\;C:\Maven\apache-maven-3.0.3\bin
03.05.2012 19:14:29 org.apache.coyote.http11.Http11Protocol init
INFO: Initializing Coyote HTTP/1.1 on http-8400
03.05.2012 19:14:29 org.apache.catalina.startup.Catalina load
INFO: Initialization processed in 270 ms
03.05.2012 19:14:29 org.apache.catalina.core.StandardService start
INFO: Starting service Catalina
03.05.2012 19:14:30 org.apache.catalina.core.StandardEngine start
INFO: Starting Servlet Engine: Apache Tomcat/6.0.14
03.05.2012 19:14:32 org.apache.coyote.http11.Http11Protocol start
INFO: Starting Coyote HTTP/1.1 on http-8400
03.05.2012 19:14:32 org.apache.jk.common.ChannelSocket init
INFO: JK: ajp13 listening on /0.0.0.0:8009
03.05.2012 19:14:33 org.apache.jk.server.JkMain start
INFO: Jk running ID=0 time=0/15  config=null
03.05.2012 19:14:33 org.apache.catalina.startup.Catalina start
INFO: Server startup in 3040 ms
03.05.2012 19:16:23 org.apache.catalina.startup.HostConfig checkResources
INFO: Reloading context [/blazeds]
03.05.2012 19:16:23 org.apache.tomcat.util.digester.Digester fatalError
SCHWERWIEGEND: Parse Fatal Error at line 11 column 2: The markup in the document following the root element must be well-formed.
org.xml.sax.SAXParseException: The markup in the document following the root element must be well-formed.
	at com.sun.org.apache.xerces.internal.util.ErrorHandlerWrapper.createSAXParseException(ErrorHandlerWrapper.java:195)
	at com.sun.org.apache.xerces.internal.util.ErrorHandlerWrapper.fatalError(ErrorHandlerWrapper.java:174)
	at com.sun.org.apache.xerces.internal.impl.XMLErrorReporter.reportError(XMLErrorReporter.java:388)
	at com.sun.org.apache.xerces.internal.impl.XMLScanner.reportFatalError(XMLScanner.java:1411)
	at com.sun.org.apache.xerces.internal.impl.XMLDocumentScannerImpl$TrailingMiscDriver.next(XMLDocumentScannerImpl.java:1394)
	at com.sun.org.apache.xerces.internal.impl.XMLDocumentScannerImpl.next(XMLDocumentScannerImpl.java:645)
	at com.sun.org.apache.xerces.internal.impl.XMLDocumentFragmentScannerImpl.scanDocument(XMLDocumentFragmentScannerImpl.java:508)
	at com.sun.org.apache.xerces.internal.parsers.XML11Configuration.parse(XML11Configuration.java:807)
	at com.sun.org.apache.xerces.internal.parsers.XML11Configuration.parse(XML11Configuration.java:737)
	at com.sun.org.apache.xerces.internal.parsers.XMLParser.parse(XMLParser.java:107)
	at com.sun.org.apache.xerces.internal.parsers.AbstractSAXParser.parse(AbstractSAXParser.java:1205)
	at com.sun.org.apache.xerces.internal.jaxp.SAXParserImpl$JAXPSAXParser.parse(SAXParserImpl.java:522)
	at org.apache.tomcat.util.digester.Digester.parse(Digester.java:1562)
	at org.apache.catalina.startup.ContextConfig.applicationWebConfig(ContextConfig.java:369)
	at org.apache.catalina.startup.ContextConfig.start(ContextConfig.java:1062)
	at org.apache.catalina.startup.ContextConfig.lifecycleEvent(ContextConfig.java:261)
	at org.apache.catalina.util.LifecycleSupport.fireLifecycleEvent(LifecycleSupport.java:117)
	at org.apache.catalina.core.StandardContext.start(StandardContext.java:4239)
	at org.apache.catalina.startup.HostConfig.checkResources(HostConfig.java:1105)
	at org.apache.catalina.startup.HostConfig.check(HostConfig.java:1203)
	at org.apache.catalina.startup.HostConfig.lifecycleEvent(HostConfig.java:293)
	at org.apache.catalina.util.LifecycleSupport.fireLifecycleEvent(LifecycleSupport.java:117)
	at org.apache.catalina.core.ContainerBase.backgroundProcess(ContainerBase.java:1337)
	at org.apache.catalina.core.ContainerBase$ContainerBackgroundProcessor.processChildren(ContainerBase.java:1601)
	at org.apache.catalina.core.ContainerBase$ContainerBackgroundProcessor.processChildren(ContainerBase.java:1610)
	at org.apache.catalina.core.ContainerBase$ContainerBackgroundProcessor.run(ContainerBase.java:1590)
	at java.lang.Thread.run(Thread.java:619)
03.05.2012 19:16:23 org.apache.catalina.startup.ContextConfig applicationWebConfig
SCHWERWIEGEND: Parse error in application web.xml file at jndi:/localhost/blazeds/WEB-INF/web.xml
org.xml.sax.SAXParseException: The markup in the document following the root element must be well-formed.
	at com.sun.org.apache.xerces.internal.parsers.AbstractSAXParser.parse(AbstractSAXParser.java:1231)
	at com.sun.org.apache.xerces.internal.jaxp.SAXParserImpl$JAXPSAXParser.parse(SAXParserImpl.java:522)
	at org.apache.tomcat.util.digester.Digester.parse(Digester.java:1562)
	at org.apache.catalina.startup.ContextConfig.applicationWebConfig(ContextConfig.java:369)
	at org.apache.catalina.startup.ContextConfig.start(ContextConfig.java:1062)
	at org.apache.catalina.startup.ContextConfig.lifecycleEvent(ContextConfig.java:261)
	at org.apache.catalina.util.LifecycleSupport.fireLifecycleEvent(LifecycleSupport.java:117)
	at org.apache.catalina.core.StandardContext.start(StandardContext.java:4239)
	at org.apache.catalina.startup.HostConfig.checkResources(HostConfig.java:1105)
	at org.apache.catalina.startup.HostConfig.check(HostConfig.java:1203)
	at org.apache.catalina.startup.HostConfig.lifecycleEvent(HostConfig.java:293)
	at org.apache.catalina.util.LifecycleSupport.fireLifecycleEvent(LifecycleSupport.java:117)
	at org.apache.catalina.core.ContainerBase.backgroundProcess(ContainerBase.java:1337)
	at org.apache.catalina.core.ContainerBase$ContainerBackgroundProcessor.processChildren(ContainerBase.java:1601)
	at org.apache.catalina.core.ContainerBase$ContainerBackgroundProcessor.processChildren(ContainerBase.java:1610)
	at org.apache.catalina.core.ContainerBase$ContainerBackgroundProcessor.run(ContainerBase.java:1590)
	at java.lang.Thread.run(Thread.java:619)
03.05.2012 19:16:23 org.apache.catalina.startup.ContextConfig applicationWebConfig
SCHWERWIEGEND: Occurred at line 11 column 2
03.05.2012 19:16:23 org.apache.catalina.startup.ContextConfig start
SCHWERWIEGEND: Marking this application unavailable due to previous error(s)
03.05.2012 19:16:23 org.apache.catalina.core.StandardContext start
SCHWERWIEGEND: Error getConfigured
03.05.2012 19:16:23 org.apache.catalina.core.StandardContext start
SCHWERWIEGEND: Context [/blazeds] startup failed due to previous errors
03.05.2012 19:16:24 org.apache.coyote.http11.Http11Protocol pause
INFO: Pausing Coyote HTTP/1.1 on http-8400
03.05.2012 19:16:25 org.apache.catalina.core.StandardService stop
INFO: Stopping service Catalina
03.05.2012 19:16:25 org.apache.coyote.http11.Http11Protocol destroy
INFO: Stopping Coyote HTTP/1.1 on http-8400
03.05.2012 19:16:27 org.apache.catalina.core.AprLifecycleListener init
INFO: The Apache Tomcat Native library which allows optimal performance in production environments was not found on the java.library.path: C:\Program Files (x86)\Java\jdk1.6.0\bin;.;C:\Windows\Sun\Java\bin;C:\Windows\system32;C:\Windows;C:\Program Files (x86)\PC Connectivity Solution\;C:\Program Files (x86)\NVIDIA Corporation\PhysX\Common;C:\Windows\system32;C:\Windows;C:\Windows\System32\Wbem;C:\Windows\System32\WindowsPowerShell\v1.0\;C:\Program Files\TortoiseSVN\bin;C:\Program Files\TortoiseGit\bin;C:\Program Files (x86)\QuickTime\QTSystem\;C:\Maven\apache-maven-3.0.3\bin
03.05.2012 19:16:27 org.apache.coyote.http11.Http11Protocol init
INFO: Initializing Coyote HTTP/1.1 on http-8400
03.05.2012 19:16:27 org.apache.catalina.startup.Catalina load
INFO: Initialization processed in 271 ms
03.05.2012 19:16:27 org.apache.catalina.core.StandardService start
INFO: Starting service Catalina
03.05.2012 19:16:27 org.apache.catalina.core.StandardEngine start
INFO: Starting Servlet Engine: Apache Tomcat/6.0.14
03.05.2012 19:16:27 org.apache.tomcat.util.digester.Digester fatalError
SCHWERWIEGEND: Parse Fatal Error at line 11 column 2: The markup in the document following the root element must be well-formed.
org.xml.sax.SAXParseException: The markup in the document following the root element must be well-formed.
	at com.sun.org.apache.xerces.internal.util.ErrorHandlerWrapper.createSAXParseException(ErrorHandlerWrapper.java:195)
	at com.sun.org.apache.xerces.internal.util.ErrorHandlerWrapper.fatalError(ErrorHandlerWrapper.java:174)
	at com.sun.org.apache.xerces.internal.impl.XMLErrorReporter.reportError(XMLErrorReporter.java:388)
	at com.sun.org.apache.xerces.internal.impl.XMLScanner.reportFatalError(XMLScanner.java:1411)
	at com.sun.org.apache.xerces.internal.impl.XMLDocumentScannerImpl$TrailingMiscDriver.next(XMLDocumentScannerImpl.java:1394)
	at com.sun.org.apache.xerces.internal.impl.XMLDocumentScannerImpl.next(XMLDocumentScannerImpl.java:645)
	at com.sun.org.apache.xerces.internal.impl.XMLDocumentFragmentScannerImpl.scanDocument(XMLDocumentFragmentScannerImpl.java:508)
	at com.sun.org.apache.xerces.internal.parsers.XML11Configuration.parse(XML11Configuration.java:807)
	at com.sun.org.apache.xerces.internal.parsers.XML11Configuration.parse(XML11Configuration.java:737)
	at com.sun.org.apache.xerces.internal.parsers.XMLParser.parse(XMLParser.java:107)
	at com.sun.org.apache.xerces.internal.parsers.AbstractSAXParser.parse(AbstractSAXParser.java:1205)
	at com.sun.org.apache.xerces.internal.jaxp.SAXParserImpl$JAXPSAXParser.parse(SAXParserImpl.java:522)
	at org.apache.tomcat.util.digester.Digester.parse(Digester.java:1562)
	at org.apache.catalina.startup.ContextConfig.applicationWebConfig(ContextConfig.java:369)
	at org.apache.catalina.startup.ContextConfig.start(ContextConfig.java:1062)
	at org.apache.catalina.startup.ContextConfig.lifecycleEvent(ContextConfig.java:261)
	at org.apache.catalina.util.LifecycleSupport.fireLifecycleEvent(LifecycleSupport.java:117)
	at org.apache.catalina.core.StandardContext.start(StandardContext.java:4239)
	at org.apache.catalina.core.ContainerBase.addChildInternal(ContainerBase.java:791)
	at org.apache.catalina.core.ContainerBase.addChild(ContainerBase.java:771)
	at org.apache.catalina.core.StandardHost.addChild(StandardHost.java:525)
	at org.apache.catalina.startup.HostConfig.deployDescriptor(HostConfig.java:626)
	at org.apache.catalina.startup.HostConfig.deployDescriptors(HostConfig.java:553)
	at org.apache.catalina.startup.HostConfig.deployApps(HostConfig.java:488)
	at org.apache.catalina.startup.HostConfig.start(HostConfig.java:1138)
	at org.apache.catalina.startup.HostConfig.lifecycleEvent(HostConfig.java:311)
	at org.apache.catalina.util.LifecycleSupport.fireLifecycleEvent(LifecycleSupport.java:117)
	at org.apache.catalina.core.ContainerBase.start(ContainerBase.java:1053)
	at org.apache.catalina.core.StandardHost.start(StandardHost.java:719)
	at org.apache.catalina.core.ContainerBase.start(ContainerBase.java:1045)
	at org.apache.catalina.core.StandardEngine.start(StandardEngine.java:443)
	at org.apache.catalina.core.StandardService.start(StandardService.java:516)
	at org.apache.catalina.core.StandardServer.start(StandardServer.java:710)
	at org.apache.catalina.startup.Catalina.start(Catalina.java:566)
	at sun.reflect.NativeMethodAccessorImpl.invoke0(Native Method)
	at sun.reflect.NativeMethodAccessorImpl.invoke(NativeMethodAccessorImpl.java:39)
	at sun.reflect.DelegatingMethodAccessorImpl.invoke(DelegatingMethodAccessorImpl.java:25)
	at java.lang.reflect.Method.invoke(Method.java:597)
	at org.apache.catalina.startup.Bootstrap.start(Bootstrap.java:288)
	at org.apache.catalina.startup.Bootstrap.main(Bootstrap.java:413)
03.05.2012 19:16:27 org.apache.catalina.startup.ContextConfig applicationWebConfig
SCHWERWIEGEND: Parse error in application web.xml file at jndi:/localhost/blazeds/WEB-INF/web.xml
org.xml.sax.SAXParseException: The markup in the document following the root element must be well-formed.
	at com.sun.org.apache.xerces.internal.parsers.AbstractSAXParser.parse(AbstractSAXParser.java:1231)
	at com.sun.org.apache.xerces.internal.jaxp.SAXParserImpl$JAXPSAXParser.parse(SAXParserImpl.java:522)
	at org.apache.tomcat.util.digester.Digester.parse(Digester.java:1562)
	at org.apache.catalina.startup.ContextConfig.applicationWebConfig(ContextConfig.java:369)
	at org.apache.catalina.startup.ContextConfig.start(ContextConfig.java:1062)
	at org.apache.catalina.startup.ContextConfig.lifecycleEvent(ContextConfig.java:261)
	at org.apache.catalina.util.LifecycleSupport.fireLifecycleEvent(LifecycleSupport.java:117)
	at org.apache.catalina.core.StandardContext.start(StandardContext.java:4239)
	at org.apache.catalina.core.ContainerBase.addChildInternal(ContainerBase.java:791)
	at org.apache.catalina.core.ContainerBase.addChild(ContainerBase.java:771)
	at org.apache.catalina.core.StandardHost.addChild(StandardHost.java:525)
	at org.apache.catalina.startup.HostConfig.deployDescriptor(HostConfig.java:626)
	at org.apache.catalina.startup.HostConfig.deployDescriptors(HostConfig.java:553)
	at org.apache.catalina.startup.HostConfig.deployApps(HostConfig.java:488)
	at org.apache.catalina.startup.HostConfig.start(HostConfig.java:1138)
	at org.apache.catalina.startup.HostConfig.lifecycleEvent(HostConfig.java:311)
	at org.apache.catalina.util.LifecycleSupport.fireLifecycleEvent(LifecycleSupport.java:117)
	at org.apache.catalina.core.ContainerBase.start(ContainerBase.java:1053)
	at org.apache.catalina.core.StandardHost.start(StandardHost.java:719)
	at org.apache.catalina.core.ContainerBase.start(ContainerBase.java:1045)
	at org.apache.catalina.core.StandardEngine.start(StandardEngine.java:443)
	at org.apache.catalina.core.StandardService.start(StandardService.java:516)
	at org.apache.catalina.core.StandardServer.start(StandardServer.java:710)
	at org.apache.catalina.startup.Catalina.start(Catalina.java:566)
	at sun.reflect.NativeMethodAccessorImpl.invoke0(Native Method)
	at sun.reflect.NativeMethodAccessorImpl.invoke(NativeMethodAccessorImpl.java:39)
	at sun.reflect.DelegatingMethodAccessorImpl.invoke(DelegatingMethodAccessorImpl.java:25)
	at java.lang.reflect.Method.invoke(Method.java:597)
	at org.apache.catalina.startup.Bootstrap.start(Bootstrap.java:288)
	at org.apache.catalina.startup.Bootstrap.main(Bootstrap.java:413)
03.05.2012 19:16:27 org.apache.catalina.startup.ContextConfig applicationWebConfig
SCHWERWIEGEND: Occurred at line 11 column 2
03.05.2012 19:16:27 org.apache.catalina.startup.ContextConfig start
SCHWERWIEGEND: Marking this application unavailable due to previous error(s)
03.05.2012 19:16:27 org.apache.catalina.core.StandardContext start
SCHWERWIEGEND: Error getConfigured
03.05.2012 19:16:27 org.apache.catalina.core.StandardContext start
SCHWERWIEGEND: Context [/blazeds] startup failed due to previous errors
03.05.2012 19:16:29 org.apache.coyote.http11.Http11Protocol start
INFO: Starting Coyote HTTP/1.1 on http-8400
03.05.2012 19:16:29 org.apache.jk.common.ChannelSocket init
INFO: JK: ajp13 listening on /0.0.0.0:8009
03.05.2012 19:16:29 org.apache.jk.server.JkMain start
INFO: Jk running ID=0 time=0/14  config=null
03.05.2012 19:16:29 org.apache.catalina.startup.Catalina start
INFO: Server startup in 2614 ms
03.05.2012 19:16:54 org.apache.coyote.http11.Http11Protocol pause
INFO: Pausing Coyote HTTP/1.1 on http-8400
03.05.2012 19:16:55 org.apache.catalina.core.StandardService stop
INFO: Stopping service Catalina
03.05.2012 19:16:55 org.apache.coyote.http11.Http11Protocol destroy
INFO: Stopping Coyote HTTP/1.1 on http-8400
03.05.2012 19:16:56 org.apache.catalina.core.AprLifecycleListener init
INFO: The Apache Tomcat Native library which allows optimal performance in production environments was not found on the java.library.path: C:\Program Files (x86)\Java\jdk1.6.0\bin;.;C:\Windows\Sun\Java\bin;C:\Windows\system32;C:\Windows;C:\Program Files (x86)\PC Connectivity Solution\;C:\Program Files (x86)\NVIDIA Corporation\PhysX\Common;C:\Windows\system32;C:\Windows;C:\Windows\System32\Wbem;C:\Windows\System32\WindowsPowerShell\v1.0\;C:\Program Files\TortoiseSVN\bin;C:\Program Files\TortoiseGit\bin;C:\Program Files (x86)\QuickTime\QTSystem\;C:\Maven\apache-maven-3.0.3\bin
03.05.2012 19:16:56 org.apache.coyote.http11.Http11Protocol init
INFO: Initializing Coyote HTTP/1.1 on http-8400
03.05.2012 19:16:56 org.apache.catalina.startup.Catalina load
INFO: Initialization processed in 281 ms
03.05.2012 19:16:56 org.apache.catalina.core.StandardService start
INFO: Starting service Catalina
03.05.2012 19:16:56 org.apache.catalina.core.StandardEngine start
INFO: Starting Servlet Engine: Apache Tomcat/6.0.14
03.05.2012 19:16:59 org.apache.coyote.http11.Http11Protocol start
INFO: Starting Coyote HTTP/1.1 on http-8400
03.05.2012 19:16:59 org.apache.jk.common.ChannelSocket init
INFO: JK: ajp13 listening on /0.0.0.0:8009
03.05.2012 19:16:59 org.apache.jk.server.JkMain start
INFO: Jk running ID=0 time=0/14  config=null
03.05.2012 19:16:59 org.apache.catalina.startup.Catalina start
INFO: Server startup in 2915 ms
03.05.2012 19:50:21 org.apache.catalina.startup.HostConfig checkResources
INFO: Reloading context [/blazeds]
03.05.2012 19:50:21 org.apache.tomcat.util.digester.Digester fatalError
SCHWERWIEGEND: Parse Fatal Error at line 63 column 3: The element type "servlet-mapping" must be terminated by the matching end-tag "</servlet-mapping>".
org.xml.sax.SAXParseException: The element type "servlet-mapping" must be terminated by the matching end-tag "</servlet-mapping>".
	at com.sun.org.apache.xerces.internal.util.ErrorHandlerWrapper.createSAXParseException(ErrorHandlerWrapper.java:195)
	at com.sun.org.apache.xerces.internal.util.ErrorHandlerWrapper.fatalError(ErrorHandlerWrapper.java:174)
	at com.sun.org.apache.xerces.internal.impl.XMLErrorReporter.reportError(XMLErrorReporter.java:388)
	at com.sun.org.apache.xerces.internal.impl.XMLScanner.reportFatalError(XMLScanner.java:1411)
	at com.sun.org.apache.xerces.internal.impl.XMLDocumentFragmentScannerImpl.scanEndElement(XMLDocumentFragmentScannerImpl.java:1739)
	at com.sun.org.apache.xerces.internal.impl.XMLDocumentFragmentScannerImpl$FragmentContentDriver.next(XMLDocumentFragmentScannerImpl.java:2923)
	at com.sun.org.apache.xerces.internal.impl.XMLDocumentScannerImpl.next(XMLDocumentScannerImpl.java:645)
	at com.sun.org.apache.xerces.internal.impl.XMLDocumentFragmentScannerImpl.scanDocument(XMLDocumentFragmentScannerImpl.java:508)
	at com.sun.org.apache.xerces.internal.parsers.XML11Configuration.parse(XML11Configuration.java:807)
	at com.sun.org.apache.xerces.internal.parsers.XML11Configuration.parse(XML11Configuration.java:737)
	at com.sun.org.apache.xerces.internal.parsers.XMLParser.parse(XMLParser.java:107)
	at com.sun.org.apache.xerces.internal.parsers.AbstractSAXParser.parse(AbstractSAXParser.java:1205)
	at com.sun.org.apache.xerces.internal.jaxp.SAXParserImpl$JAXPSAXParser.parse(SAXParserImpl.java:522)
	at org.apache.tomcat.util.digester.Digester.parse(Digester.java:1562)
	at org.apache.catalina.startup.ContextConfig.applicationWebConfig(ContextConfig.java:369)
	at org.apache.catalina.startup.ContextConfig.start(ContextConfig.java:1062)
	at org.apache.catalina.startup.ContextConfig.lifecycleEvent(ContextConfig.java:261)
	at org.apache.catalina.util.LifecycleSupport.fireLifecycleEvent(LifecycleSupport.java:117)
	at org.apache.catalina.core.StandardContext.start(StandardContext.java:4239)
	at org.apache.catalina.startup.HostConfig.checkResources(HostConfig.java:1105)
	at org.apache.catalina.startup.HostConfig.check(HostConfig.java:1203)
	at org.apache.catalina.startup.HostConfig.lifecycleEvent(HostConfig.java:293)
	at org.apache.catalina.util.LifecycleSupport.fireLifecycleEvent(LifecycleSupport.java:117)
	at org.apache.catalina.core.ContainerBase.backgroundProcess(ContainerBase.java:1337)
	at org.apache.catalina.core.ContainerBase$ContainerBackgroundProcessor.processChildren(ContainerBase.java:1601)
	at org.apache.catalina.core.ContainerBase$ContainerBackgroundProcessor.processChildren(ContainerBase.java:1610)
	at org.apache.catalina.core.ContainerBase$ContainerBackgroundProcessor.run(ContainerBase.java:1590)
	at java.lang.Thread.run(Thread.java:619)
03.05.2012 19:50:21 org.apache.catalina.startup.ContextConfig applicationWebConfig
SCHWERWIEGEND: Parse error in application web.xml file at jndi:/localhost/blazeds/WEB-INF/web.xml
org.xml.sax.SAXParseException: The element type "servlet-mapping" must be terminated by the matching end-tag "</servlet-mapping>".
	at com.sun.org.apache.xerces.internal.parsers.AbstractSAXParser.parse(AbstractSAXParser.java:1231)
	at com.sun.org.apache.xerces.internal.jaxp.SAXParserImpl$JAXPSAXParser.parse(SAXParserImpl.java:522)
	at org.apache.tomcat.util.digester.Digester.parse(Digester.java:1562)
	at org.apache.catalina.startup.ContextConfig.applicationWebConfig(ContextConfig.java:369)
	at org.apache.catalina.startup.ContextConfig.start(ContextConfig.java:1062)
	at org.apache.catalina.startup.ContextConfig.lifecycleEvent(ContextConfig.java:261)
	at org.apache.catalina.util.LifecycleSupport.fireLifecycleEvent(LifecycleSupport.java:117)
	at org.apache.catalina.core.StandardContext.start(StandardContext.java:4239)
	at org.apache.catalina.startup.HostConfig.checkResources(HostConfig.java:1105)
	at org.apache.catalina.startup.HostConfig.check(HostConfig.java:1203)
	at org.apache.catalina.startup.HostConfig.lifecycleEvent(HostConfig.java:293)
	at org.apache.catalina.util.LifecycleSupport.fireLifecycleEvent(LifecycleSupport.java:117)
	at org.apache.catalina.core.ContainerBase.backgroundProcess(ContainerBase.java:1337)
	at org.apache.catalina.core.ContainerBase$ContainerBackgroundProcessor.processChildren(ContainerBase.java:1601)
	at org.apache.catalina.core.ContainerBase$ContainerBackgroundProcessor.processChildren(ContainerBase.java:1610)
	at org.apache.catalina.core.ContainerBase$ContainerBackgroundProcessor.run(ContainerBase.java:1590)
	at java.lang.Thread.run(Thread.java:619)
03.05.2012 19:50:21 org.apache.catalina.startup.ContextConfig applicationWebConfig
SCHWERWIEGEND: Occurred at line 63 column 3
03.05.2012 19:50:21 org.apache.catalina.startup.ContextConfig start
SCHWERWIEGEND: Marking this application unavailable due to previous error(s)
03.05.2012 19:50:21 org.apache.catalina.core.StandardContext start
SCHWERWIEGEND: Error getConfigured
03.05.2012 19:50:21 org.apache.catalina.core.StandardContext start
SCHWERWIEGEND: Context [/blazeds] startup failed due to previous errors
03.05.2012 19:50:26 org.apache.coyote.http11.Http11Protocol pause
INFO: Pausing Coyote HTTP/1.1 on http-8400
03.05.2012 19:50:27 org.apache.catalina.core.StandardService stop
INFO: Stopping service Catalina
03.05.2012 19:50:27 org.apache.coyote.http11.Http11Protocol destroy
INFO: Stopping Coyote HTTP/1.1 on http-8400
03.05.2012 19:50:28 org.apache.catalina.core.AprLifecycleListener init
INFO: The Apache Tomcat Native library which allows optimal performance in production environments was not found on the java.library.path: C:\Program Files (x86)\Java\jdk1.6.0\bin;.;C:\Windows\Sun\Java\bin;C:\Windows\system32;C:\Windows;C:\Program Files (x86)\PC Connectivity Solution\;C:\Program Files (x86)\NVIDIA Corporation\PhysX\Common;C:\Windows\system32;C:\Windows;C:\Windows\System32\Wbem;C:\Windows\System32\WindowsPowerShell\v1.0\;C:\Program Files\TortoiseSVN\bin;C:\Program Files\TortoiseGit\bin;C:\Program Files (x86)\QuickTime\QTSystem\;C:\Maven\apache-maven-3.0.3\bin
03.05.2012 19:50:28 org.apache.coyote.http11.Http11Protocol init
INFO: Initializing Coyote HTTP/1.1 on http-8400
03.05.2012 19:50:28 org.apache.catalina.startup.Catalina load
INFO: Initialization processed in 280 ms
03.05.2012 19:50:28 org.apache.catalina.core.StandardService start
INFO: Starting service Catalina
03.05.2012 19:50:28 org.apache.catalina.core.StandardEngine start
INFO: Starting Servlet Engine: Apache Tomcat/6.0.14
03.05.2012 19:50:28 org.apache.tomcat.util.digester.Digester fatalError
SCHWERWIEGEND: Parse Fatal Error at line 63 column 3: The element type "servlet-mapping" must be terminated by the matching end-tag "</servlet-mapping>".
org.xml.sax.SAXParseException: The element type "servlet-mapping" must be terminated by the matching end-tag "</servlet-mapping>".
	at com.sun.org.apache.xerces.internal.util.ErrorHandlerWrapper.createSAXParseException(ErrorHandlerWrapper.java:195)
	at com.sun.org.apache.xerces.internal.util.ErrorHandlerWrapper.fatalError(ErrorHandlerWrapper.java:174)
	at com.sun.org.apache.xerces.internal.impl.XMLErrorReporter.reportError(XMLErrorReporter.java:388)
	at com.sun.org.apache.xerces.internal.impl.XMLScanner.reportFatalError(XMLScanner.java:1411)
	at com.sun.org.apache.xerces.internal.impl.XMLDocumentFragmentScannerImpl.scanEndElement(XMLDocumentFragmentScannerImpl.java:1739)
	at com.sun.org.apache.xerces.internal.impl.XMLDocumentFragmentScannerImpl$FragmentContentDriver.next(XMLDocumentFragmentScannerImpl.java:2923)
	at com.sun.org.apache.xerces.internal.impl.XMLDocumentScannerImpl.next(XMLDocumentScannerImpl.java:645)
	at com.sun.org.apache.xerces.internal.impl.XMLDocumentFragmentScannerImpl.scanDocument(XMLDocumentFragmentScannerImpl.java:508)
	at com.sun.org.apache.xerces.internal.parsers.XML11Configuration.parse(XML11Configuration.java:807)
	at com.sun.org.apache.xerces.internal.parsers.XML11Configuration.parse(XML11Configuration.java:737)
	at com.sun.org.apache.xerces.internal.parsers.XMLParser.parse(XMLParser.java:107)
	at com.sun.org.apache.xerces.internal.parsers.AbstractSAXParser.parse(AbstractSAXParser.java:1205)
	at com.sun.org.apache.xerces.internal.jaxp.SAXParserImpl$JAXPSAXParser.parse(SAXParserImpl.java:522)
	at org.apache.tomcat.util.digester.Digester.parse(Digester.java:1562)
	at org.apache.catalina.startup.ContextConfig.applicationWebConfig(ContextConfig.java:369)
	at org.apache.catalina.startup.ContextConfig.start(ContextConfig.java:1062)
	at org.apache.catalina.startup.ContextConfig.lifecycleEvent(ContextConfig.java:261)
	at org.apache.catalina.util.LifecycleSupport.fireLifecycleEvent(LifecycleSupport.java:117)
	at org.apache.catalina.core.StandardContext.start(StandardContext.java:4239)
	at org.apache.catalina.core.ContainerBase.addChildInternal(ContainerBase.java:791)
	at org.apache.catalina.core.ContainerBase.addChild(ContainerBase.java:771)
	at org.apache.catalina.core.StandardHost.addChild(StandardHost.java:525)
	at org.apache.catalina.startup.HostConfig.deployDescriptor(HostConfig.java:626)
	at org.apache.catalina.startup.HostConfig.deployDescriptors(HostConfig.java:553)
	at org.apache.catalina.startup.HostConfig.deployApps(HostConfig.java:488)
	at org.apache.catalina.startup.HostConfig.start(HostConfig.java:1138)
	at org.apache.catalina.startup.HostConfig.lifecycleEvent(HostConfig.java:311)
	at org.apache.catalina.util.LifecycleSupport.fireLifecycleEvent(LifecycleSupport.java:117)
	at org.apache.catalina.core.ContainerBase.start(ContainerBase.java:1053)
	at org.apache.catalina.core.StandardHost.start(StandardHost.java:719)
	at org.apache.catalina.core.ContainerBase.start(ContainerBase.java:1045)
	at org.apache.catalina.core.StandardEngine.start(StandardEngine.java:443)
	at org.apache.catalina.core.StandardService.start(StandardService.java:516)
	at org.apache.catalina.core.StandardServer.start(StandardServer.java:710)
	at org.apache.catalina.startup.Catalina.start(Catalina.java:566)
	at sun.reflect.NativeMethodAccessorImpl.invoke0(Native Method)
	at sun.reflect.NativeMethodAccessorImpl.invoke(NativeMethodAccessorImpl.java:39)
	at sun.reflect.DelegatingMethodAccessorImpl.invoke(DelegatingMethodAccessorImpl.java:25)
	at java.lang.reflect.Method.invoke(Method.java:597)
	at org.apache.catalina.startup.Bootstrap.start(Bootstrap.java:288)
	at org.apache.catalina.startup.Bootstrap.main(Bootstrap.java:413)
03.05.2012 19:50:28 org.apache.catalina.startup.ContextConfig applicationWebConfig
SCHWERWIEGEND: Parse error in application web.xml file at jndi:/localhost/blazeds/WEB-INF/web.xml
org.xml.sax.SAXParseException: The element type "servlet-mapping" must be terminated by the matching end-tag "</servlet-mapping>".
	at com.sun.org.apache.xerces.internal.parsers.AbstractSAXParser.parse(AbstractSAXParser.java:1231)
	at com.sun.org.apache.xerces.internal.jaxp.SAXParserImpl$JAXPSAXParser.parse(SAXParserImpl.java:522)
	at org.apache.tomcat.util.digester.Digester.parse(Digester.java:1562)
	at org.apache.catalina.startup.ContextConfig.applicationWebConfig(ContextConfig.java:369)
	at org.apache.catalina.startup.ContextConfig.start(ContextConfig.java:1062)
	at org.apache.catalina.startup.ContextConfig.lifecycleEvent(ContextConfig.java:261)
	at org.apache.catalina.util.LifecycleSupport.fireLifecycleEvent(LifecycleSupport.java:117)
	at org.apache.catalina.core.StandardContext.start(StandardContext.java:4239)
	at org.apache.catalina.core.ContainerBase.addChildInternal(ContainerBase.java:791)
	at org.apache.catalina.core.ContainerBase.addChild(ContainerBase.java:771)
	at org.apache.catalina.core.StandardHost.addChild(StandardHost.java:525)
	at org.apache.catalina.startup.HostConfig.deployDescriptor(HostConfig.java:626)
	at org.apache.catalina.startup.HostConfig.deployDescriptors(HostConfig.java:553)
	at org.apache.catalina.startup.HostConfig.deployApps(HostConfig.java:488)
	at org.apache.catalina.startup.HostConfig.start(HostConfig.java:1138)
	at org.apache.catalina.startup.HostConfig.lifecycleEvent(HostConfig.java:311)
	at org.apache.catalina.util.LifecycleSupport.fireLifecycleEvent(LifecycleSupport.java:117)
	at org.apache.catalina.core.ContainerBase.start(ContainerBase.java:1053)
	at org.apache.catalina.core.StandardHost.start(StandardHost.java:719)
	at org.apache.catalina.core.ContainerBase.start(ContainerBase.java:1045)
	at org.apache.catalina.core.StandardEngine.start(StandardEngine.java:443)
	at org.apache.catalina.core.StandardService.start(StandardService.java:516)
	at org.apache.catalina.core.StandardServer.start(StandardServer.java:710)
	at org.apache.catalina.startup.Catalina.start(Catalina.java:566)
	at sun.reflect.NativeMethodAccessorImpl.invoke0(Native Method)
	at sun.reflect.NativeMethodAccessorImpl.invoke(NativeMethodAccessorImpl.java:39)
	at sun.reflect.DelegatingMethodAccessorImpl.invoke(DelegatingMethodAccessorImpl.java:25)
	at java.lang.reflect.Method.invoke(Method.java:597)
	at org.apache.catalina.startup.Bootstrap.start(Bootstrap.java:288)
	at org.apache.catalina.startup.Bootstrap.main(Bootstrap.java:413)
03.05.2012 19:50:28 org.apache.catalina.startup.ContextConfig applicationWebConfig
SCHWERWIEGEND: Occurred at line 63 column 3
03.05.2012 19:50:28 org.apache.catalina.startup.ContextConfig start
SCHWERWIEGEND: Marking this application unavailable due to previous error(s)
03.05.2012 19:50:28 org.apache.catalina.core.StandardContext start
SCHWERWIEGEND: Error getConfigured
03.05.2012 19:50:28 org.apache.catalina.core.StandardContext start
SCHWERWIEGEND: Context [/blazeds] startup failed due to previous errors
03.05.2012 19:50:30 org.apache.coyote.http11.Http11Protocol start
INFO: Starting Coyote HTTP/1.1 on http-8400
03.05.2012 19:50:30 org.apache.jk.common.ChannelSocket init
INFO: JK: ajp13 listening on /0.0.0.0:8009
03.05.2012 19:50:30 org.apache.jk.server.JkMain start
INFO: Jk running ID=0 time=0/15  config=null
03.05.2012 19:50:30 org.apache.catalina.startup.Catalina start
INFO: Server startup in 2650 ms
03.05.2012 19:50:52 org.apache.coyote.http11.Http11Protocol pause
INFO: Pausing Coyote HTTP/1.1 on http-8400
03.05.2012 19:50:53 org.apache.catalina.core.StandardService stop
INFO: Stopping service Catalina
03.05.2012 19:50:53 org.apache.coyote.http11.Http11Protocol destroy
INFO: Stopping Coyote HTTP/1.1 on http-8400
03.05.2012 19:54:06 org.apache.catalina.core.AprLifecycleListener init
INFO: The Apache Tomcat Native library which allows optimal performance in production environments was not found on the java.library.path: C:\Program Files (x86)\Java\jdk1.6.0\bin;.;C:\Windows\Sun\Java\bin;C:\Windows\system32;C:\Windows;C:\Program Files (x86)\PC Connectivity Solution\;C:\Program Files (x86)\NVIDIA Corporation\PhysX\Common;C:\Windows\system32;C:\Windows;C:\Windows\System32\Wbem;C:\Windows\System32\WindowsPowerShell\v1.0\;C:\Program Files\TortoiseSVN\bin;C:\Program Files\TortoiseGit\bin;C:\Program Files (x86)\QuickTime\QTSystem\;C:\Maven\apache-maven-3.0.3\bin
03.05.2012 19:54:06 org.apache.coyote.http11.Http11Protocol init
INFO: Initializing Coyote HTTP/1.1 on http-8400
03.05.2012 19:54:06 org.apache.catalina.startup.Catalina load
INFO: Initialization processed in 276 ms
03.05.2012 19:54:06 org.apache.catalina.core.StandardService start
INFO: Starting service Catalina
03.05.2012 19:54:06 org.apache.catalina.core.StandardEngine start
INFO: Starting Servlet Engine: Apache Tomcat/6.0.14
03.05.2012 19:54:09 org.apache.coyote.http11.Http11Protocol start
INFO: Starting Coyote HTTP/1.1 on http-8400
03.05.2012 19:54:09 org.apache.jk.common.ChannelSocket init
INFO: JK: ajp13 listening on /0.0.0.0:8009
03.05.2012 19:54:09 org.apache.jk.server.JkMain start
INFO: Jk running ID=0 time=0/15  config=null
03.05.2012 19:54:09 org.apache.catalina.startup.Catalina start
INFO: Server startup in 2965 ms
03.05.2012 19:56:54 org.apache.coyote.http11.Http11Protocol pause
INFO: Pausing Coyote HTTP/1.1 on http-8400
03.05.2012 19:56:55 org.apache.catalina.core.StandardService stop
INFO: Stopping service Catalina
03.05.2012 19:56:55 org.apache.coyote.http11.Http11Protocol destroy
INFO: Stopping Coyote HTTP/1.1 on http-8400
03.05.2012 19:58:47 org.apache.catalina.startup.Catalina stopServer
SCHWERWIEGEND: Catalina.stop: 
java.net.ConnectException: Connection refused: connect
	at java.net.PlainSocketImpl.socketConnect(Native Method)
	at java.net.PlainSocketImpl.doConnect(PlainSocketImpl.java:333)
	at java.net.PlainSocketImpl.connectToAddress(PlainSocketImpl.java:195)
	at java.net.PlainSocketImpl.connect(PlainSocketImpl.java:182)
	at java.net.SocksSocketImpl.connect(SocksSocketImpl.java:366)
	at java.net.Socket.connect(Socket.java:519)
	at java.net.Socket.connect(Socket.java:469)
	at java.net.Socket.<init>(Socket.java:366)
	at java.net.Socket.<init>(Socket.java:179)
	at org.apache.catalina.startup.Catalina.stopServer(Catalina.java:409)
	at sun.reflect.NativeMethodAccessorImpl.invoke0(Native Method)
	at sun.reflect.NativeMethodAccessorImpl.invoke(NativeMethodAccessorImpl.java:39)
	at sun.reflect.DelegatingMethodAccessorImpl.invoke(DelegatingMethodAccessorImpl.java:25)
	at java.lang.reflect.Method.invoke(Method.java:597)
	at org.apache.catalina.startup.Bootstrap.stopServer(Bootstrap.java:337)
	at org.apache.catalina.startup.Bootstrap.main(Bootstrap.java:415)
03.05.2012 19:58:49 org.apache.catalina.core.AprLifecycleListener init
INFO: The Apache Tomcat Native library which allows optimal performance in production environments was not found on the java.library.path: C:\Program Files (x86)\Java\jdk1.6.0\bin;.;C:\Windows\Sun\Java\bin;C:\Windows\system32;C:\Windows;C:\Program Files (x86)\PC Connectivity Solution\;C:\Program Files (x86)\NVIDIA Corporation\PhysX\Common;C:\Windows\system32;C:\Windows;C:\Windows\System32\Wbem;C:\Windows\System32\WindowsPowerShell\v1.0\;C:\Program Files\TortoiseSVN\bin;C:\Program Files\TortoiseGit\bin;C:\Program Files (x86)\QuickTime\QTSystem\;C:\Maven\apache-maven-3.0.3\bin
03.05.2012 19:58:49 org.apache.coyote.http11.Http11Protocol init
INFO: Initializing Coyote HTTP/1.1 on http-8400
03.05.2012 19:58:49 org.apache.catalina.startup.Catalina load
INFO: Initialization processed in 278 ms
03.05.2012 19:58:49 org.apache.catalina.core.StandardService start
INFO: Starting service Catalina
03.05.2012 19:58:49 org.apache.catalina.core.StandardEngine start
INFO: Starting Servlet Engine: Apache Tomcat/6.0.14
03.05.2012 19:58:52 org.apache.coyote.http11.Http11Protocol start
INFO: Starting Coyote HTTP/1.1 on http-8400
03.05.2012 19:58:52 org.apache.jk.common.ChannelSocket init
INFO: JK: ajp13 listening on /0.0.0.0:8009
03.05.2012 19:58:52 org.apache.jk.server.JkMain start
INFO: Jk running ID=0 time=0/14  config=null
03.05.2012 19:58:52 org.apache.catalina.startup.Catalina start
INFO: Server startup in 2965 ms
03.05.2012 20:00:32 org.apache.catalina.core.StandardContext reload
INFO: Reloading this Context has started
03.05.2012 20:01:14 org.apache.coyote.http11.Http11Protocol pause
INFO: Pausing Coyote HTTP/1.1 on http-8400
03.05.2012 20:01:15 org.apache.catalina.core.StandardService stop
INFO: Stopping service Catalina
03.05.2012 20:01:15 org.apache.coyote.http11.Http11Protocol destroy
INFO: Stopping Coyote HTTP/1.1 on http-8400
03.05.2012 20:01:16 org.apache.catalina.core.AprLifecycleListener init
INFO: The Apache Tomcat Native library which allows optimal performance in production environments was not found on the java.library.path: C:\Program Files (x86)\Java\jdk1.6.0\bin;.;C:\Windows\Sun\Java\bin;C:\Windows\system32;C:\Windows;C:\Program Files (x86)\PC Connectivity Solution\;C:\Program Files (x86)\NVIDIA Corporation\PhysX\Common;C:\Windows\system32;C:\Windows;C:\Windows\System32\Wbem;C:\Windows\System32\WindowsPowerShell\v1.0\;C:\Program Files\TortoiseSVN\bin;C:\Program Files\TortoiseGit\bin;C:\Program Files (x86)\QuickTime\QTSystem\;C:\Maven\apache-maven-3.0.3\bin
03.05.2012 20:01:16 org.apache.coyote.http11.Http11Protocol init
INFO: Initializing Coyote HTTP/1.1 on http-8400
03.05.2012 20:01:16 org.apache.catalina.startup.Catalina load
INFO: Initialization processed in 265 ms
03.05.2012 20:01:16 org.apache.catalina.core.StandardService start
INFO: Starting service Catalina
03.05.2012 20:01:16 org.apache.catalina.core.StandardEngine start
INFO: Starting Servlet Engine: Apache Tomcat/6.0.14
03.05.2012 20:01:19 org.apache.coyote.http11.Http11Protocol start
INFO: Starting Coyote HTTP/1.1 on http-8400
03.05.2012 20:01:19 org.apache.jk.common.ChannelSocket init
INFO: JK: ajp13 listening on /0.0.0.0:8009
03.05.2012 20:01:19 org.apache.jk.server.JkMain start
INFO: Jk running ID=0 time=0/14  config=null
03.05.2012 20:01:19 org.apache.catalina.startup.Catalina start
INFO: Server startup in 2808 ms
03.05.2012 20:01:55 org.apache.coyote.http11.Http11Protocol pause
INFO: Pausing Coyote HTTP/1.1 on http-8400
03.05.2012 20:01:56 org.apache.catalina.core.StandardService stop
INFO: Stopping service Catalina
03.05.2012 20:01:56 org.apache.coyote.http11.Http11Protocol destroy
INFO: Stopping Coyote HTTP/1.1 on http-8400
03.05.2012 20:01:58 org.apache.catalina.core.AprLifecycleListener init
INFO: The Apache Tomcat Native library which allows optimal performance in production environments was not found on the java.library.path: C:\Program Files (x86)\Java\jdk1.6.0\bin;.;C:\Windows\Sun\Java\bin;C:\Windows\system32;C:\Windows;C:\Program Files (x86)\PC Connectivity Solution\;C:\Program Files (x86)\NVIDIA Corporation\PhysX\Common;C:\Windows\system32;C:\Windows;C:\Windows\System32\Wbem;C:\Windows\System32\WindowsPowerShell\v1.0\;C:\Program Files\TortoiseSVN\bin;C:\Program Files\TortoiseGit\bin;C:\Program Files (x86)\QuickTime\QTSystem\;C:\Maven\apache-maven-3.0.3\bin
03.05.2012 20:01:58 org.apache.coyote.http11.Http11Protocol init
INFO: Initializing Coyote HTTP/1.1 on http-8400
03.05.2012 20:01:58 org.apache.catalina.startup.Catalina load
INFO: Initialization processed in 283 ms
03.05.2012 20:01:58 org.apache.catalina.core.StandardService start
INFO: Starting service Catalina
03.05.2012 20:01:58 org.apache.catalina.core.StandardEngine start
INFO: Starting Servlet Engine: Apache Tomcat/6.0.14
03.05.2012 20:02:01 org.apache.coyote.http11.Http11Protocol start
INFO: Starting Coyote HTTP/1.1 on http-8400
03.05.2012 20:02:01 org.apache.jk.common.ChannelSocket init
INFO: JK: ajp13 listening on /0.0.0.0:8009
03.05.2012 20:02:01 org.apache.jk.server.JkMain start
INFO: Jk running ID=0 time=0/14  config=null
03.05.2012 20:02:01 org.apache.catalina.startup.Catalina start
INFO: Server startup in 2975 ms
03.05.2012 20:02:51 org.apache.catalina.core.StandardContext reload
INFO: Reloading this Context has started
03.05.2012 20:02:53 org.apache.coyote.http11.Http11Protocol pause
INFO: Pausing Coyote HTTP/1.1 on http-8400
03.05.2012 20:02:54 org.apache.catalina.core.StandardService stop
INFO: Stopping service Catalina
03.05.2012 20:02:54 org.apache.coyote.http11.Http11Protocol destroy
INFO: Stopping Coyote HTTP/1.1 on http-8400
03.05.2012 20:02:55 org.apache.catalina.core.AprLifecycleListener init
INFO: The Apache Tomcat Native library which allows optimal performance in production environments was not found on the java.library.path: C:\Program Files (x86)\Java\jdk1.6.0\bin;.;C:\Windows\Sun\Java\bin;C:\Windows\system32;C:\Windows;C:\Program Files (x86)\PC Connectivity Solution\;C:\Program Files (x86)\NVIDIA Corporation\PhysX\Common;C:\Windows\system32;C:\Windows;C:\Windows\System32\Wbem;C:\Windows\System32\WindowsPowerShell\v1.0\;C:\Program Files\TortoiseSVN\bin;C:\Program Files\TortoiseGit\bin;C:\Program Files (x86)\QuickTime\QTSystem\;C:\Maven\apache-maven-3.0.3\bin
03.05.2012 20:02:55 org.apache.coyote.http11.Http11Protocol init
INFO: Initializing Coyote HTTP/1.1 on http-8400
03.05.2012 20:02:55 org.apache.catalina.startup.Catalina load
INFO: Initialization processed in 278 ms
03.05.2012 20:02:55 org.apache.catalina.core.StandardService start
INFO: Starting service Catalina
03.05.2012 20:02:55 org.apache.catalina.core.StandardEngine start
INFO: Starting Servlet Engine: Apache Tomcat/6.0.14
03.05.2012 20:02:58 org.apache.coyote.http11.Http11Protocol start
INFO: Starting Coyote HTTP/1.1 on http-8400
03.05.2012 20:02:58 org.apache.jk.common.ChannelSocket init
INFO: JK: ajp13 listening on /0.0.0.0:8009
03.05.2012 20:02:58 org.apache.jk.server.JkMain start
INFO: Jk running ID=0 time=0/14  config=null
03.05.2012 20:02:58 org.apache.catalina.startup.Catalina start
INFO: Server startup in 2902 ms
03.05.2012 21:03:24 org.apache.catalina.core.StandardContext reload
INFO: Reloading this Context has started
03.05.2012 21:07:55 org.apache.catalina.core.StandardContext reload
INFO: Reloading this Context has started
03.05.2012 21:09:05 org.apache.catalina.core.StandardContext reload
INFO: Reloading this Context has started
03.05.2012 21:10:16 org.apache.catalina.core.StandardContext reload
INFO: Reloading this Context has started
03.05.2012 21:13:06 org.apache.catalina.core.StandardContext reload
INFO: Reloading this Context has started
03.05.2012 21:13:57 org.apache.catalina.core.StandardContext reload
INFO: Reloading this Context has started
03.05.2012 21:16:17 org.apache.coyote.http11.Http11Protocol pause
INFO: Pausing Coyote HTTP/1.1 on http-8400
03.05.2012 21:16:18 org.apache.catalina.core.StandardService stop
INFO: Stopping service Catalina
03.05.2012 21:16:18 org.apache.coyote.http11.Http11Protocol destroy
INFO: Stopping Coyote HTTP/1.1 on http-8400
03.05.2012 21:16:21 org.apache.catalina.core.AprLifecycleListener init
INFO: The Apache Tomcat Native library which allows optimal performance in production environments was not found on the java.library.path: C:\Program Files (x86)\Java\jdk1.6.0\bin;.;C:\Windows\Sun\Java\bin;C:\Windows\system32;C:\Windows;C:\Program Files (x86)\PC Connectivity Solution\;C:\Program Files (x86)\NVIDIA Corporation\PhysX\Common;C:\Windows\system32;C:\Windows;C:\Windows\System32\Wbem;C:\Windows\System32\WindowsPowerShell\v1.0\;C:\Program Files\TortoiseSVN\bin;C:\Program Files\TortoiseGit\bin;C:\Program Files (x86)\QuickTime\QTSystem\;C:\Maven\apache-maven-3.0.3\bin
03.05.2012 21:16:21 org.apache.coyote.http11.Http11Protocol init
INFO: Initializing Coyote HTTP/1.1 on http-8400
03.05.2012 21:16:21 org.apache.catalina.startup.Catalina load
INFO: Initialization processed in 276 ms
03.05.2012 21:16:21 org.apache.catalina.core.StandardService start
INFO: Starting service Catalina
03.05.2012 21:16:21 org.apache.catalina.core.StandardEngine start
INFO: Starting Servlet Engine: Apache Tomcat/6.0.14
03.05.2012 21:16:23 org.apache.coyote.http11.Http11Protocol start
INFO: Starting Coyote HTTP/1.1 on http-8400
03.05.2012 21:16:23 org.apache.jk.common.ChannelSocket init
INFO: JK: ajp13 listening on /0.0.0.0:8009
03.05.2012 21:16:23 org.apache.jk.server.JkMain start
INFO: Jk running ID=0 time=0/14  config=null
03.05.2012 21:16:23 org.apache.catalina.startup.Catalina start
INFO: Server startup in 2905 ms
03.05.2012 21:17:23 org.apache.coyote.http11.Http11Protocol pause
INFO: Pausing Coyote HTTP/1.1 on http-8400
03.05.2012 21:17:24 org.apache.catalina.core.StandardService stop
INFO: Stopping service Catalina
03.05.2012 21:17:24 org.apache.coyote.http11.Http11Protocol destroy
INFO: Stopping Coyote HTTP/1.1 on http-8400
03.05.2012 21:17:25 org.apache.catalina.core.AprLifecycleListener init
INFO: The Apache Tomcat Native library which allows optimal performance in production environments was not found on the java.library.path: C:\Program Files (x86)\Java\jdk1.6.0\bin;.;C:\Windows\Sun\Java\bin;C:\Windows\system32;C:\Windows;C:\Program Files (x86)\PC Connectivity Solution\;C:\Program Files (x86)\NVIDIA Corporation\PhysX\Common;C:\Windows\system32;C:\Windows;C:\Windows\System32\Wbem;C:\Windows\System32\WindowsPowerShell\v1.0\;C:\Program Files\TortoiseSVN\bin;C:\Program Files\TortoiseGit\bin;C:\Program Files (x86)\QuickTime\QTSystem\;C:\Maven\apache-maven-3.0.3\bin
03.05.2012 21:17:25 org.apache.coyote.http11.Http11Protocol init
INFO: Initializing Coyote HTTP/1.1 on http-8400
03.05.2012 21:17:25 org.apache.catalina.startup.Catalina load
INFO: Initialization processed in 278 ms
03.05.2012 21:17:25 org.apache.catalina.core.StandardService start
INFO: Starting service Catalina
03.05.2012 21:17:25 org.apache.catalina.core.StandardEngine start
INFO: Starting Servlet Engine: Apache Tomcat/6.0.14
03.05.2012 21:17:28 org.apache.coyote.http11.Http11Protocol start
INFO: Starting Coyote HTTP/1.1 on http-8400
03.05.2012 21:17:28 org.apache.jk.common.ChannelSocket init
INFO: JK: ajp13 listening on /0.0.0.0:8009
03.05.2012 21:17:28 org.apache.jk.server.JkMain start
INFO: Jk running ID=0 time=0/20  config=null
03.05.2012 21:17:28 org.apache.catalina.startup.Catalina start
INFO: Server startup in 2936 ms
03.05.2012 21:18:20 org.apache.coyote.http11.Http11Protocol pause
INFO: Pausing Coyote HTTP/1.1 on http-8400
03.05.2012 21:18:21 org.apache.catalina.core.StandardService stop
INFO: Stopping service Catalina
03.05.2012 21:18:21 org.apache.coyote.http11.Http11Protocol destroy
INFO: Stopping Coyote HTTP/1.1 on http-8400
03.05.2012 21:18:22 org.apache.catalina.core.AprLifecycleListener init
INFO: The Apache Tomcat Native library which allows optimal performance in production environments was not found on the java.library.path: C:\Program Files (x86)\Java\jdk1.6.0\bin;.;C:\Windows\Sun\Java\bin;C:\Windows\system32;C:\Windows;C:\Program Files (x86)\PC Connectivity Solution\;C:\Program Files (x86)\NVIDIA Corporation\PhysX\Common;C:\Windows\system32;C:\Windows;C:\Windows\System32\Wbem;C:\Windows\System32\WindowsPowerShell\v1.0\;C:\Program Files\TortoiseSVN\bin;C:\Program Files\TortoiseGit\bin;C:\Program Files (x86)\QuickTime\QTSystem\;C:\Maven\apache-maven-3.0.3\bin
03.05.2012 21:18:22 org.apache.coyote.http11.Http11Protocol init
INFO: Initializing Coyote HTTP/1.1 on http-8400
03.05.2012 21:18:22 org.apache.catalina.startup.Catalina load
INFO: Initialization processed in 283 ms
03.05.2012 21:18:22 org.apache.catalina.core.StandardService start
INFO: Starting service Catalina
03.05.2012 21:18:22 org.apache.catalina.core.StandardEngine start
INFO: Starting Servlet Engine: Apache Tomcat/6.0.14
03.05.2012 21:18:25 org.apache.coyote.http11.Http11Protocol start
INFO: Starting Coyote HTTP/1.1 on http-8400
03.05.2012 21:18:25 org.apache.jk.common.ChannelSocket init
INFO: JK: ajp13 listening on /0.0.0.0:8009
03.05.2012 21:18:25 org.apache.jk.server.JkMain start
INFO: Jk running ID=0 time=0/14  config=null
03.05.2012 21:18:25 org.apache.catalina.startup.Catalina start
INFO: Server startup in 2774 ms
03.05.2012 21:18:35 org.apache.coyote.http11.Http11Protocol pause
INFO: Pausing Coyote HTTP/1.1 on http-8400
03.05.2012 21:18:36 org.apache.catalina.core.StandardService stop
INFO: Stopping service Catalina
03.05.2012 21:18:36 org.apache.coyote.http11.Http11Protocol destroy
INFO: Stopping Coyote HTTP/1.1 on http-8400
03.05.2012 21:18:37 org.apache.catalina.core.AprLifecycleListener init
INFO: The Apache Tomcat Native library which allows optimal performance in production environments was not found on the java.library.path: C:\Program Files (x86)\Java\jdk1.6.0\bin;.;C:\Windows\Sun\Java\bin;C:\Windows\system32;C:\Windows;C:\Program Files (x86)\PC Connectivity Solution\;C:\Program Files (x86)\NVIDIA Corporation\PhysX\Common;C:\Windows\system32;C:\Windows;C:\Windows\System32\Wbem;C:\Windows\System32\WindowsPowerShell\v1.0\;C:\Program Files\TortoiseSVN\bin;C:\Program Files\TortoiseGit\bin;C:\Program Files (x86)\QuickTime\QTSystem\;C:\Maven\apache-maven-3.0.3\bin
03.05.2012 21:18:37 org.apache.coyote.http11.Http11Protocol init
INFO: Initializing Coyote HTTP/1.1 on http-8400
03.05.2012 21:18:37 org.apache.catalina.startup.Catalina load
INFO: Initialization processed in 291 ms
03.05.2012 21:18:37 org.apache.catalina.core.StandardService start
INFO: Starting service Catalina
03.05.2012 21:18:37 org.apache.catalina.core.StandardEngine start
INFO: Starting Servlet Engine: Apache Tomcat/6.0.14
03.05.2012 21:18:40 org.apache.coyote.http11.Http11Protocol start
INFO: Starting Coyote HTTP/1.1 on http-8400
03.05.2012 21:18:40 org.apache.jk.common.ChannelSocket init
INFO: JK: ajp13 listening on /0.0.0.0:8009
03.05.2012 21:18:40 org.apache.jk.server.JkMain start
INFO: Jk running ID=0 time=0/15  config=null
03.05.2012 21:18:40 org.apache.catalina.startup.Catalina start
INFO: Server startup in 2899 ms
03.05.2012 21:20:10 org.apache.catalina.core.StandardContext reload
INFO: Reloading this Context has started
03.05.2012 21:23:41 org.apache.catalina.core.StandardContext reload
INFO: Reloading this Context has started
03.05.2012 21:25:21 org.apache.catalina.core.StandardContext reload
INFO: Reloading this Context has started
03.05.2012 21:25:42 org.apache.catalina.core.StandardContext reload
INFO: Reloading this Context has started
03.05.2012 21:28:53 org.apache.catalina.core.StandardContext reload
INFO: Reloading this Context has started
03.05.2012 22:06:36 org.apache.catalina.loader.WebappClassLoader modified
INFO:     Additional JARs have been added : 'derby.jar'
03.05.2012 22:06:36 org.apache.catalina.core.StandardContext reload
INFO: Reloading this Context has started
03.05.2012 22:09:46 org.apache.catalina.loader.WebappClassLoader modified
SCHWERWIEGEND:     Resource '/WEB-INF/lib/derby.jar' is missing
03.05.2012 22:09:46 org.apache.catalina.core.StandardContext reload
INFO: Reloading this Context has started
03.05.2012 22:10:27 org.apache.catalina.loader.WebappClassLoader modified
INFO:     Additional JARs have been added : 'derby.jar'
03.05.2012 22:10:27 org.apache.catalina.core.StandardContext reload
INFO: Reloading this Context has started
03.05.2012 22:28:39 org.apache.catalina.core.StandardContext reload
INFO: Reloading this Context has started
03.05.2012 23:24:23 org.apache.coyote.http11.Http11Protocol pause
INFO: Pausing Coyote HTTP/1.1 on http-8400
03.05.2012 23:24:24 org.apache.catalina.core.StandardService stop
INFO: Stopping service Catalina
03.05.2012 23:24:24 org.apache.coyote.http11.Http11Protocol destroy
INFO: Stopping Coyote HTTP/1.1 on http-8400
03.05.2012 23:24:25 org.apache.catalina.core.AprLifecycleListener init
INFO: The Apache Tomcat Native library which allows optimal performance in production environments was not found on the java.library.path: C:\Program Files (x86)\Java\jdk1.6.0\bin;.;C:\Windows\Sun\Java\bin;C:\Windows\system32;C:\Windows;C:\Program Files (x86)\PC Connectivity Solution\;C:\Program Files (x86)\NVIDIA Corporation\PhysX\Common;C:\Windows\system32;C:\Windows;C:\Windows\System32\Wbem;C:\Windows\System32\WindowsPowerShell\v1.0\;C:\Program Files\TortoiseSVN\bin;C:\Program Files\TortoiseGit\bin;C:\Program Files (x86)\QuickTime\QTSystem\;C:\Maven\apache-maven-3.0.3\bin
03.05.2012 23:24:25 org.apache.coyote.http11.Http11Protocol init
INFO: Initializing Coyote HTTP/1.1 on http-8400
03.05.2012 23:24:25 org.apache.catalina.startup.Catalina load
INFO: Initialization processed in 273 ms
03.05.2012 23:24:25 org.apache.catalina.core.StandardService start
INFO: Starting service Catalina
03.05.2012 23:24:25 org.apache.catalina.core.StandardEngine start
INFO: Starting Servlet Engine: Apache Tomcat/6.0.14
03.05.2012 23:24:28 org.apache.coyote.http11.Http11Protocol start
INFO: Starting Coyote HTTP/1.1 on http-8400
03.05.2012 23:24:28 org.apache.jk.common.ChannelSocket init
INFO: JK: ajp13 listening on /0.0.0.0:8009
03.05.2012 23:24:28 org.apache.jk.server.JkMain start
INFO: Jk running ID=0 time=0/14  config=null
03.05.2012 23:24:28 org.apache.catalina.startup.Catalina start
INFO: Server startup in 3004 ms
03.05.2012 23:48:10 org.apache.catalina.core.StandardContext reload
INFO: Reloading this Context has started
03.05.2012 23:48:10 org.apache.catalina.loader.WebappClassLoader loadClass
INFO: Illegal access: this web application instance has been stopped already.  Could not load org.eclipse.persistence.internal.localization.i18n.LoggingLocalizationResource.  The eventual following stack trace is caused by an error thrown for debugging purposes as well as to attempt to terminate the thread which caused the illegal access, and has no functional impact.
java.lang.IllegalStateException
	at org.apache.catalina.loader.WebappClassLoader.loadClass(WebappClassLoader.java:1244)
	at org.apache.catalina.loader.WebappClassLoader.loadClass(WebappClassLoader.java:1204)
	at java.util.ResourceBundle$Control.newBundle(ResourceBundle.java:2370)
	at java.util.ResourceBundle.loadBundle(ResourceBundle.java:1400)
	at java.util.ResourceBundle.findBundle(ResourceBundle.java:1365)
	at java.util.ResourceBundle.findBundle(ResourceBundle.java:1294)
	at java.util.ResourceBundle.findBundle(ResourceBundle.java:1294)
	at java.util.ResourceBundle.getBundleImpl(ResourceBundle.java:1236)
	at java.util.ResourceBundle.getBundle(ResourceBundle.java:789)
	at org.eclipse.persistence.internal.localization.EclipseLinkLocalization.buildMessage(EclipseLinkLocalization.java:60)
	at org.eclipse.persistence.internal.localization.EclipseLinkLocalization.buildMessage(EclipseLinkLocalization.java:34)
	at org.eclipse.persistence.internal.localization.LoggingLocalization.buildMessage(LoggingLocalization.java:25)
	at org.eclipse.persistence.internal.localization.LoggingLocalization.buildMessage(LoggingLocalization.java:29)
	at org.eclipse.persistence.logging.AbstractSessionLog.printPrefixString(AbstractSessionLog.java:788)
	at org.eclipse.persistence.logging.DefaultSessionLog.log(DefaultSessionLog.java:138)
	at org.eclipse.persistence.internal.sessions.AbstractSession.log(AbstractSession.java:3100)
	at org.eclipse.persistence.internal.sessions.AbstractSession.log(AbstractSession.java:4218)
	at org.eclipse.persistence.internal.sessions.AbstractSession.log(AbstractSession.java:4190)
	at org.eclipse.persistence.internal.sessions.AbstractSession.log(AbstractSession.java:4166)
	at org.eclipse.persistence.internal.sessions.AbstractSession.log(AbstractSession.java:4088)
	at org.eclipse.persistence.internal.sessions.DatabaseSessionImpl.logout(DatabaseSessionImpl.java:774)
	at org.eclipse.persistence.sessions.server.ServerSession.logout(ServerSession.java:741)
	at org.eclipse.persistence.internal.jpa.EntityManagerSetupImpl.removeSessionFromGlobalSessionManager(EntityManagerSetupImpl.java:366)
	at org.eclipse.persistence.internal.jpa.EntityManagerSetupImpl.undeploy(EntityManagerSetupImpl.java:2144)
	at org.eclipse.persistence.internal.jpa.EntityManagerFactoryDelegate.close(EntityManagerFactoryDelegate.java:248)
	at org.eclipse.persistence.internal.jpa.EntityManagerFactoryDelegate.finalize(EntityManagerFactoryDelegate.java:311)
	at java.lang.ref.Finalizer.invokeFinalizeMethod(Native Method)
	at java.lang.ref.Finalizer.runFinalizer(Finalizer.java:83)
	at java.lang.ref.Finalizer.access$100(Finalizer.java:14)
	at java.lang.ref.Finalizer$FinalizerThread.run(Finalizer.java:160)
03.05.2012 23:48:10 org.apache.catalina.loader.WebappClassLoader loadClass
INFO: Illegal access: this web application instance has been stopped already.  Could not load org.eclipse.persistence.exceptions.i18n.ConversionExceptionResource.  The eventual following stack trace is caused by an error thrown for debugging purposes as well as to attempt to terminate the thread which caused the illegal access, and has no functional impact.
java.lang.IllegalStateException
	at org.apache.catalina.loader.WebappClassLoader.loadClass(WebappClassLoader.java:1244)
	at org.apache.catalina.loader.WebappClassLoader.loadClass(WebappClassLoader.java:1204)
	at java.util.ResourceBundle$Control.newBundle(ResourceBundle.java:2370)
	at java.util.ResourceBundle.loadBundle(ResourceBundle.java:1400)
	at java.util.ResourceBundle.findBundle(ResourceBundle.java:1365)
	at java.util.ResourceBundle.findBundle(ResourceBundle.java:1294)
	at java.util.ResourceBundle.findBundle(ResourceBundle.java:1294)
	at java.util.ResourceBundle.getBundleImpl(ResourceBundle.java:1236)
	at java.util.ResourceBundle.getBundle(ResourceBundle.java:964)
	at org.eclipse.persistence.exceptions.i18n.ExceptionMessageGenerator.buildMessage(ExceptionMessageGenerator.java:47)
	at org.eclipse.persistence.exceptions.ConversionException.couldNotBeConverted(ConversionException.java:78)
	at org.eclipse.persistence.internal.helper.ConversionManager.convertObject(ConversionManager.java:146)
	at org.eclipse.persistence.logging.AbstractSessionLog.getDateString(AbstractSessionLog.java:705)
	at org.eclipse.persistence.logging.AbstractSessionLog.getSupplementDetailString(AbstractSessionLog.java:715)
	at org.eclipse.persistence.logging.DefaultSessionLog.log(DefaultSessionLog.java:139)
	at org.eclipse.persistence.internal.sessions.AbstractSession.log(AbstractSession.java:3100)
	at org.eclipse.persistence.internal.sessions.AbstractSession.log(AbstractSession.java:4218)
	at org.eclipse.persistence.internal.sessions.AbstractSession.log(AbstractSession.java:4190)
	at org.eclipse.persistence.internal.sessions.AbstractSession.log(AbstractSession.java:4166)
	at org.eclipse.persistence.internal.sessions.AbstractSession.log(AbstractSession.java:4088)
	at org.eclipse.persistence.internal.sessions.DatabaseSessionImpl.logout(DatabaseSessionImpl.java:774)
	at org.eclipse.persistence.sessions.server.ServerSession.logout(ServerSession.java:741)
	at org.eclipse.persistence.internal.jpa.EntityManagerSetupImpl.removeSessionFromGlobalSessionManager(EntityManagerSetupImpl.java:366)
	at org.eclipse.persistence.internal.jpa.EntityManagerSetupImpl.undeploy(EntityManagerSetupImpl.java:2144)
	at org.eclipse.persistence.internal.jpa.EntityManagerFactoryDelegate.close(EntityManagerFactoryDelegate.java:248)
	at org.eclipse.persistence.internal.jpa.EntityManagerFactoryDelegate.finalize(EntityManagerFactoryDelegate.java:311)
	at java.lang.ref.Finalizer.invokeFinalizeMethod(Native Method)
	at java.lang.ref.Finalizer.runFinalizer(Finalizer.java:83)
	at java.lang.ref.Finalizer.access$100(Finalizer.java:14)
	at java.lang.ref.Finalizer$FinalizerThread.run(Finalizer.java:160)
03.05.2012 23:57:19 org.apache.catalina.startup.Catalina stopServer
SCHWERWIEGEND: Catalina.stop: 
java.net.ConnectException: Connection refused: connect
	at java.net.PlainSocketImpl.socketConnect(Native Method)
	at java.net.PlainSocketImpl.doConnect(PlainSocketImpl.java:333)
	at java.net.PlainSocketImpl.connectToAddress(PlainSocketImpl.java:195)
	at java.net.PlainSocketImpl.connect(PlainSocketImpl.java:182)
	at java.net.SocksSocketImpl.connect(SocksSocketImpl.java:366)
	at java.net.Socket.connect(Socket.java:519)
	at java.net.Socket.connect(Socket.java:469)
	at java.net.Socket.<init>(Socket.java:366)
	at java.net.Socket.<init>(Socket.java:179)
	at org.apache.catalina.startup.Catalina.stopServer(Catalina.java:409)
	at sun.reflect.NativeMethodAccessorImpl.invoke0(Native Method)
	at sun.reflect.NativeMethodAccessorImpl.invoke(NativeMethodAccessorImpl.java:39)
	at sun.reflect.DelegatingMethodAccessorImpl.invoke(DelegatingMethodAccessorImpl.java:25)
	at java.lang.reflect.Method.invoke(Method.java:597)
	at org.apache.catalina.startup.Bootstrap.stopServer(Bootstrap.java:337)
	at org.apache.catalina.startup.Bootstrap.main(Bootstrap.java:415)
03.05.2012 23:57:22 org.apache.catalina.core.AprLifecycleListener init
INFO: The Apache Tomcat Native library which allows optimal performance in production environments was not found on the java.library.path: C:\Program Files (x86)\Java\jdk1.6.0\bin;.;C:\Windows\Sun\Java\bin;C:\Windows\system32;C:\Windows;C:\Program Files (x86)\PC Connectivity Solution\;C:\Program Files (x86)\NVIDIA Corporation\PhysX\Common;C:\Windows\system32;C:\Windows;C:\Windows\System32\Wbem;C:\Windows\System32\WindowsPowerShell\v1.0\;C:\Program Files\TortoiseSVN\bin;C:\Program Files\TortoiseGit\bin;C:\Program Files (x86)\QuickTime\QTSystem\;C:\Maven\apache-maven-3.0.3\bin
03.05.2012 23:57:22 org.apache.coyote.http11.Http11Protocol init
INFO: Initializing Coyote HTTP/1.1 on http-8400
03.05.2012 23:57:22 org.apache.catalina.startup.Catalina load
INFO: Initialization processed in 304 ms
03.05.2012 23:57:22 org.apache.catalina.core.StandardService start
INFO: Starting service Catalina
03.05.2012 23:57:22 org.apache.catalina.core.StandardEngine start
INFO: Starting Servlet Engine: Apache Tomcat/6.0.14
03.05.2012 23:57:25 org.apache.coyote.http11.Http11Protocol start
INFO: Starting Coyote HTTP/1.1 on http-8400
03.05.2012 23:57:25 org.apache.jk.common.ChannelSocket init
INFO: JK: ajp13 listening on /0.0.0.0:8009
03.05.2012 23:57:25 org.apache.jk.server.JkMain start
INFO: Jk running ID=0 time=0/16  config=null
03.05.2012 23:57:25 org.apache.catalina.startup.Catalina start
INFO: Server startup in 3144 ms
