28.06.2012 23:51:11 org.apache.catalina.core.AprLifecycleListener init
INFO: The Apache Tomcat Native library which allows optimal performance in production environments was not found on the java.library.path: C:\Program Files (x86)\Java\jdk1.6.0\bin;.;C:\Windows\Sun\Java\bin;C:\Windows\system32;C:\Windows;C:\Program Files (x86)\PC Connectivity Solution\;C:\Program Files (x86)\NVIDIA Corporation\PhysX\Common;C:\Windows\system32;C:\Windows;C:\Windows\System32\Wbem;C:\Windows\System32\WindowsPowerShell\v1.0\;C:\Program Files (x86)\QuickTime\QTSystem\;C:\Users\Christoph\AppData\Roaming\npm;C:\Program Files (x86)\nodejs\;C:\Maven\apache-maven-3.0.3\bin
28.06.2012 23:51:11 org.apache.coyote.http11.Http11Protocol init
INFO: Initializing Coyote HTTP/1.1 on http-8400
28.06.2012 23:51:11 org.apache.catalina.startup.Catalina load
INFO: Initialization processed in 1700 ms
28.06.2012 23:51:11 org.apache.catalina.core.StandardService start
INFO: Starting service Catalina
28.06.2012 23:51:11 org.apache.catalina.core.StandardEngine start
INFO: Starting Servlet Engine: Apache Tomcat/6.0.14
28.06.2012 23:51:17 org.apache.coyote.http11.Http11Protocol start
INFO: Starting Coyote HTTP/1.1 on http-8400
28.06.2012 23:51:17 org.apache.jk.common.ChannelSocket init
INFO: JK: ajp13 listening on /0.0.0.0:8009
28.06.2012 23:51:17 org.apache.jk.server.JkMain start
INFO: Jk running ID=0 time=0/87  config=null
28.06.2012 23:51:17 org.apache.catalina.startup.Catalina start
INFO: Server startup in 5695 ms
28.06.2012 23:54:50 org.apache.coyote.http11.Http11Protocol pause
INFO: Pausing Coyote HTTP/1.1 on http-8400
28.06.2012 23:54:51 org.apache.catalina.core.StandardService stop
INFO: Stopping service Catalina
28.06.2012 23:54:52 org.apache.coyote.http11.Http11Protocol destroy
INFO: Stopping Coyote HTTP/1.1 on http-8400
28.06.2012 23:59:45 org.apache.catalina.core.AprLifecycleListener init
INFO: The Apache Tomcat Native library which allows optimal performance in production environments was not found on the java.library.path: C:\Program Files (x86)\Java\jdk1.6.0\bin;.;C:\Windows\Sun\Java\bin;C:\Windows\system32;C:\Windows;C:\Program Files (x86)\PC Connectivity Solution\;C:\Program Files (x86)\NVIDIA Corporation\PhysX\Common;C:\Windows\system32;C:\Windows;C:\Windows\System32\Wbem;C:\Windows\System32\WindowsPowerShell\v1.0\;C:\Program Files (x86)\QuickTime\QTSystem\;C:\Users\Christoph\AppData\Roaming\npm;C:\Program Files (x86)\nodejs\;C:\Maven\apache-maven-3.0.3\bin
28.06.2012 23:59:46 org.apache.coyote.http11.Http11Protocol init
INFO: Initializing Coyote HTTP/1.1 on http-8400
28.06.2012 23:59:46 org.apache.catalina.startup.Catalina load
INFO: Initialization processed in 624 ms
28.06.2012 23:59:46 org.apache.catalina.core.StandardService start
INFO: Starting service Catalina
28.06.2012 23:59:46 org.apache.catalina.core.StandardEngine start
INFO: Starting Servlet Engine: Apache Tomcat/6.0.14
28.06.2012 23:59:48 org.apache.coyote.http11.Http11Protocol start
INFO: Starting Coyote HTTP/1.1 on http-8400
28.06.2012 23:59:48 org.apache.jk.common.ChannelSocket init
INFO: JK: ajp13 listening on /0.0.0.0:8009
28.06.2012 23:59:48 org.apache.jk.server.JkMain start
INFO: Jk running ID=0 time=0/22  config=null
28.06.2012 23:59:48 org.apache.catalina.startup.Catalina start
INFO: Server startup in 2535 ms
