06.05.2012 19:48:36 org.apache.catalina.core.AprLifecycleListener init
INFO: The Apache Tomcat Native library which allows optimal performance in production environments was not found on the java.library.path: C:\Program Files (x86)\Java\jdk1.6.0\bin;.;C:\Windows\Sun\Java\bin;C:\Windows\system32;C:\Windows;C:\Program Files (x86)\PC Connectivity Solution\;C:\Program Files (x86)\NVIDIA Corporation\PhysX\Common;C:\Windows\system32;C:\Windows;C:\Windows\System32\Wbem;C:\Windows\System32\WindowsPowerShell\v1.0\;C:\Program Files\TortoiseSVN\bin;C:\Program Files\TortoiseGit\bin;C:\Program Files (x86)\QuickTime\QTSystem\;C:\Maven\apache-maven-3.0.3\bin
06.05.2012 19:48:36 org.apache.coyote.http11.Http11Protocol init
INFO: Initializing Coyote HTTP/1.1 on http-8400
06.05.2012 19:48:36 org.apache.catalina.startup.Catalina load
INFO: Initialization processed in 432 ms
06.05.2012 19:48:36 org.apache.catalina.core.StandardService start
INFO: Starting service Catalina
06.05.2012 19:48:36 org.apache.catalina.core.StandardEngine start
INFO: Starting Servlet Engine: Apache Tomcat/6.0.14
06.05.2012 19:48:41 org.apache.coyote.http11.Http11Protocol start
INFO: Starting Coyote HTTP/1.1 on http-8400
06.05.2012 19:48:41 org.apache.jk.common.ChannelSocket init
INFO: JK: ajp13 listening on /0.0.0.0:8009
06.05.2012 19:48:41 org.apache.jk.server.JkMain start
INFO: Jk running ID=0 time=0/23  config=null
06.05.2012 19:48:41 org.apache.catalina.startup.Catalina start
INFO: Server startup in 4552 ms
06.05.2012 20:54:05 org.apache.coyote.http11.Http11Protocol pause
INFO: Pausing Coyote HTTP/1.1 on http-8400
06.05.2012 20:54:06 org.apache.catalina.core.StandardService stop
INFO: Stopping service Catalina
06.05.2012 20:54:09 org.apache.catalina.loader.WebappClassLoader loadClass
INFO: Illegal access: this web application instance has been stopped already.  Could not load org.eclipse.persistence.internal.localization.i18n.LoggingLocalizationResource.  The eventual following stack trace is caused by an error thrown for debugging purposes as well as to attempt to terminate the thread which caused the illegal access, and has no functional impact.
java.lang.IllegalStateException
	at org.apache.catalina.loader.WebappClassLoader.loadClass(WebappClassLoader.java:1244)
	at org.apache.catalina.loader.WebappClassLoader.loadClass(WebappClassLoader.java:1204)
	at java.util.ResourceBundle$Control.newBundle(ResourceBundle.java:2370)
	at java.util.ResourceBundle.loadBundle(ResourceBundle.java:1400)
	at java.util.ResourceBundle.findBundle(ResourceBundle.java:1365)
	at java.util.ResourceBundle.findBundle(ResourceBundle.java:1294)
	at java.util.ResourceBundle.findBundle(ResourceBundle.java:1294)
	at java.util.ResourceBundle.getBundleImpl(ResourceBundle.java:1236)
	at java.util.ResourceBundle.getBundle(ResourceBundle.java:789)
	at org.eclipse.persistence.internal.localization.EclipseLinkLocalization.buildMessage(EclipseLinkLocalization.java:60)
	at org.eclipse.persistence.internal.localization.EclipseLinkLocalization.buildMessage(EclipseLinkLocalization.java:34)
	at org.eclipse.persistence.internal.localization.LoggingLocalization.buildMessage(LoggingLocalization.java:25)
	at org.eclipse.persistence.internal.localization.LoggingLocalization.buildMessage(LoggingLocalization.java:29)
	at org.eclipse.persistence.logging.AbstractSessionLog.printPrefixString(AbstractSessionLog.java:788)
	at org.eclipse.persistence.logging.DefaultSessionLog.log(DefaultSessionLog.java:138)
	at org.eclipse.persistence.internal.sessions.AbstractSession.log(AbstractSession.java:3100)
	at org.eclipse.persistence.internal.sessions.AbstractSession.log(AbstractSession.java:4218)
	at org.eclipse.persistence.internal.sessions.AbstractSession.log(AbstractSession.java:4190)
	at org.eclipse.persistence.internal.sessions.AbstractSession.log(AbstractSession.java:4166)
	at org.eclipse.persistence.internal.sessions.AbstractSession.log(AbstractSession.java:4088)
	at org.eclipse.persistence.internal.sessions.DatabaseSessionImpl.logout(DatabaseSessionImpl.java:774)
	at org.eclipse.persistence.sessions.server.ServerSession.logout(ServerSession.java:741)
	at org.eclipse.persistence.internal.jpa.EntityManagerSetupImpl.removeSessionFromGlobalSessionManager(EntityManagerSetupImpl.java:366)
	at org.eclipse.persistence.internal.jpa.EntityManagerSetupImpl.undeploy(EntityManagerSetupImpl.java:2144)
	at org.eclipse.persistence.internal.jpa.EntityManagerFactoryDelegate.close(EntityManagerFactoryDelegate.java:248)
	at org.eclipse.persistence.internal.jpa.EntityManagerFactoryDelegate.finalize(EntityManagerFactoryDelegate.java:311)
	at java.lang.ref.Finalizer.invokeFinalizeMethod(Native Method)
	at java.lang.ref.Finalizer.runFinalizer(Finalizer.java:83)
	at java.lang.ref.Finalizer.access$100(Finalizer.java:14)
	at java.lang.ref.Finalizer$FinalizerThread.run(Finalizer.java:160)
06.05.2012 20:54:09 org.apache.catalina.loader.WebappClassLoader loadClass
INFO: Illegal access: this web application instance has been stopped already.  Could not load org.eclipse.persistence.exceptions.i18n.ConversionExceptionResource.  The eventual following stack trace is caused by an error thrown for debugging purposes as well as to attempt to terminate the thread which caused the illegal access, and has no functional impact.
java.lang.IllegalStateException
	at org.apache.catalina.loader.WebappClassLoader.loadClass(WebappClassLoader.java:1244)
	at org.apache.catalina.loader.WebappClassLoader.loadClass(WebappClassLoader.java:1204)
	at java.util.ResourceBundle$Control.newBundle(ResourceBundle.java:2370)
	at java.util.ResourceBundle.loadBundle(ResourceBundle.java:1400)
	at java.util.ResourceBundle.findBundle(ResourceBundle.java:1365)
	at java.util.ResourceBundle.findBundle(ResourceBundle.java:1294)
	at java.util.ResourceBundle.findBundle(ResourceBundle.java:1294)
	at java.util.ResourceBundle.getBundleImpl(ResourceBundle.java:1236)
	at java.util.ResourceBundle.getBundle(ResourceBundle.java:964)
	at org.eclipse.persistence.exceptions.i18n.ExceptionMessageGenerator.buildMessage(ExceptionMessageGenerator.java:47)
	at org.eclipse.persistence.exceptions.ConversionException.couldNotBeConverted(ConversionException.java:78)
	at org.eclipse.persistence.internal.helper.ConversionManager.convertObject(ConversionManager.java:146)
	at org.eclipse.persistence.logging.AbstractSessionLog.getDateString(AbstractSessionLog.java:705)
	at org.eclipse.persistence.logging.AbstractSessionLog.getSupplementDetailString(AbstractSessionLog.java:715)
	at org.eclipse.persistence.logging.DefaultSessionLog.log(DefaultSessionLog.java:139)
	at org.eclipse.persistence.internal.sessions.AbstractSession.log(AbstractSession.java:3100)
	at org.eclipse.persistence.internal.sessions.AbstractSession.log(AbstractSession.java:4218)
	at org.eclipse.persistence.internal.sessions.AbstractSession.log(AbstractSession.java:4190)
	at org.eclipse.persistence.internal.sessions.AbstractSession.log(AbstractSession.java:4166)
	at org.eclipse.persistence.internal.sessions.AbstractSession.log(AbstractSession.java:4088)
	at org.eclipse.persistence.internal.sessions.DatabaseSessionImpl.logout(DatabaseSessionImpl.java:774)
	at org.eclipse.persistence.sessions.server.ServerSession.logout(ServerSession.java:741)
	at org.eclipse.persistence.internal.jpa.EntityManagerSetupImpl.removeSessionFromGlobalSessionManager(EntityManagerSetupImpl.java:366)
	at org.eclipse.persistence.internal.jpa.EntityManagerSetupImpl.undeploy(EntityManagerSetupImpl.java:2144)
	at org.eclipse.persistence.internal.jpa.EntityManagerFactoryDelegate.close(EntityManagerFactoryDelegate.java:248)
	at org.eclipse.persistence.internal.jpa.EntityManagerFactoryDelegate.finalize(EntityManagerFactoryDelegate.java:311)
	at java.lang.ref.Finalizer.invokeFinalizeMethod(Native Method)
	at java.lang.ref.Finalizer.runFinalizer(Finalizer.java:83)
	at java.lang.ref.Finalizer.access$100(Finalizer.java:14)
	at java.lang.ref.Finalizer$FinalizerThread.run(Finalizer.java:160)
06.05.2012 20:54:09 org.apache.coyote.http11.Http11Protocol destroy
INFO: Stopping Coyote HTTP/1.1 on http-8400
06.05.2012 23:42:37 org.apache.catalina.core.AprLifecycleListener init
INFO: The Apache Tomcat Native library which allows optimal performance in production environments was not found on the java.library.path: C:\Program Files (x86)\Java\jdk1.6.0\bin;.;C:\Windows\Sun\Java\bin;C:\Windows\system32;C:\Windows;C:\Program Files (x86)\PC Connectivity Solution\;C:\Program Files (x86)\NVIDIA Corporation\PhysX\Common;C:\Windows\system32;C:\Windows;C:\Windows\System32\Wbem;C:\Windows\System32\WindowsPowerShell\v1.0\;C:\Program Files\TortoiseSVN\bin;C:\Program Files\TortoiseGit\bin;C:\Program Files (x86)\QuickTime\QTSystem\;C:\Maven\apache-maven-3.0.3\bin
06.05.2012 23:42:38 org.apache.coyote.http11.Http11Protocol init
INFO: Initializing Coyote HTTP/1.1 on http-8400
06.05.2012 23:42:38 org.apache.catalina.startup.Catalina load
INFO: Initialization processed in 2934 ms
06.05.2012 23:42:38 org.apache.catalina.core.StandardService start
INFO: Starting service Catalina
06.05.2012 23:42:38 org.apache.catalina.core.StandardEngine start
INFO: Starting Servlet Engine: Apache Tomcat/6.0.14
06.05.2012 23:42:48 org.apache.coyote.http11.Http11Protocol start
INFO: Starting Coyote HTTP/1.1 on http-8400
06.05.2012 23:42:49 org.apache.jk.common.ChannelSocket init
INFO: JK: ajp13 listening on /0.0.0.0:8009
06.05.2012 23:42:49 org.apache.jk.server.JkMain start
INFO: Jk running ID=0 time=0/211  config=null
06.05.2012 23:42:49 org.apache.catalina.startup.Catalina start
INFO: Server startup in 10757 ms
06.05.2012 23:44:08 org.apache.catalina.startup.HostConfig checkResources
INFO: Reloading context [/blazeds]
06.05.2012 23:44:17 org.apache.coyote.http11.Http11Protocol pause
INFO: Pausing Coyote HTTP/1.1 on http-8400
06.05.2012 23:44:18 org.apache.catalina.core.StandardService stop
INFO: Stopping service Catalina
06.05.2012 23:44:19 org.apache.coyote.http11.Http11Protocol destroy
INFO: Stopping Coyote HTTP/1.1 on http-8400
06.05.2012 23:44:22 org.apache.catalina.core.AprLifecycleListener init
INFO: The Apache Tomcat Native library which allows optimal performance in production environments was not found on the java.library.path: C:\Program Files (x86)\Java\jdk1.6.0\bin;.;C:\Windows\Sun\Java\bin;C:\Windows\system32;C:\Windows;C:\Program Files (x86)\PC Connectivity Solution\;C:\Program Files (x86)\NVIDIA Corporation\PhysX\Common;C:\Windows\system32;C:\Windows;C:\Windows\System32\Wbem;C:\Windows\System32\WindowsPowerShell\v1.0\;C:\Program Files\TortoiseSVN\bin;C:\Program Files\TortoiseGit\bin;C:\Program Files (x86)\QuickTime\QTSystem\;C:\Maven\apache-maven-3.0.3\bin
06.05.2012 23:44:22 org.apache.coyote.http11.Http11Protocol init
INFO: Initializing Coyote HTTP/1.1 on http-8400
06.05.2012 23:44:22 org.apache.catalina.startup.Catalina load
INFO: Initialization processed in 275 ms
06.05.2012 23:44:22 org.apache.catalina.core.StandardService start
INFO: Starting service Catalina
06.05.2012 23:44:22 org.apache.catalina.core.StandardEngine start
INFO: Starting Servlet Engine: Apache Tomcat/6.0.14
06.05.2012 23:44:25 org.apache.coyote.http11.Http11Protocol start
INFO: Starting Coyote HTTP/1.1 on http-8400
06.05.2012 23:44:25 org.apache.jk.common.ChannelSocket init
INFO: JK: ajp13 listening on /0.0.0.0:8009
06.05.2012 23:44:25 org.apache.jk.server.JkMain start
INFO: Jk running ID=0 time=0/17  config=null
06.05.2012 23:44:25 org.apache.catalina.startup.Catalina start
INFO: Server startup in 3530 ms
06.05.2012 23:45:45 org.apache.catalina.startup.HostConfig checkResources
INFO: Reloading context [/blazeds]
06.05.2012 23:46:36 org.apache.catalina.startup.HostConfig checkResources
INFO: Reloading context [/blazeds]
06.05.2012 23:46:44 org.apache.coyote.http11.Http11Protocol pause
INFO: Pausing Coyote HTTP/1.1 on http-8400
06.05.2012 23:46:45 org.apache.catalina.core.StandardService stop
INFO: Stopping service Catalina
06.05.2012 23:46:46 org.apache.coyote.http11.Http11Protocol destroy
INFO: Stopping Coyote HTTP/1.1 on http-8400
06.05.2012 23:46:47 org.apache.catalina.core.AprLifecycleListener init
INFO: The Apache Tomcat Native library which allows optimal performance in production environments was not found on the java.library.path: C:\Program Files (x86)\Java\jdk1.6.0\bin;.;C:\Windows\Sun\Java\bin;C:\Windows\system32;C:\Windows;C:\Program Files (x86)\PC Connectivity Solution\;C:\Program Files (x86)\NVIDIA Corporation\PhysX\Common;C:\Windows\system32;C:\Windows;C:\Windows\System32\Wbem;C:\Windows\System32\WindowsPowerShell\v1.0\;C:\Program Files\TortoiseSVN\bin;C:\Program Files\TortoiseGit\bin;C:\Program Files (x86)\QuickTime\QTSystem\;C:\Maven\apache-maven-3.0.3\bin
06.05.2012 23:46:47 org.apache.coyote.http11.Http11Protocol init
INFO: Initializing Coyote HTTP/1.1 on http-8400
06.05.2012 23:46:47 org.apache.catalina.startup.Catalina load
INFO: Initialization processed in 265 ms
06.05.2012 23:46:47 org.apache.catalina.core.StandardService start
INFO: Starting service Catalina
06.05.2012 23:46:47 org.apache.catalina.core.StandardEngine start
INFO: Starting Servlet Engine: Apache Tomcat/6.0.14
06.05.2012 23:46:51 org.apache.coyote.http11.Http11Protocol start
INFO: Starting Coyote HTTP/1.1 on http-8400
06.05.2012 23:46:51 org.apache.jk.common.ChannelSocket init
INFO: JK: ajp13 listening on /0.0.0.0:8009
06.05.2012 23:46:51 org.apache.jk.server.JkMain start
INFO: Jk running ID=0 time=0/16  config=null
06.05.2012 23:46:51 org.apache.catalina.startup.Catalina start
INFO: Server startup in 3460 ms
06.05.2012 23:49:01 org.apache.catalina.startup.HostConfig checkResources
INFO: Reloading context [/blazeds]
06.05.2012 23:49:05 org.apache.coyote.http11.Http11Protocol pause
INFO: Pausing Coyote HTTP/1.1 on http-8400
06.05.2012 23:49:06 org.apache.catalina.core.StandardService stop
INFO: Stopping service Catalina
06.05.2012 23:49:06 org.apache.coyote.http11.Http11Protocol destroy
INFO: Stopping Coyote HTTP/1.1 on http-8400
06.05.2012 23:49:08 org.apache.catalina.core.AprLifecycleListener init
INFO: The Apache Tomcat Native library which allows optimal performance in production environments was not found on the java.library.path: C:\Program Files (x86)\Java\jdk1.6.0\bin;.;C:\Windows\Sun\Java\bin;C:\Windows\system32;C:\Windows;C:\Program Files (x86)\PC Connectivity Solution\;C:\Program Files (x86)\NVIDIA Corporation\PhysX\Common;C:\Windows\system32;C:\Windows;C:\Windows\System32\Wbem;C:\Windows\System32\WindowsPowerShell\v1.0\;C:\Program Files\TortoiseSVN\bin;C:\Program Files\TortoiseGit\bin;C:\Program Files (x86)\QuickTime\QTSystem\;C:\Maven\apache-maven-3.0.3\bin
06.05.2012 23:49:08 org.apache.coyote.http11.Http11Protocol init
INFO: Initializing Coyote HTTP/1.1 on http-8400
06.05.2012 23:49:08 org.apache.catalina.startup.Catalina load
INFO: Initialization processed in 276 ms
06.05.2012 23:49:08 org.apache.catalina.core.StandardService start
INFO: Starting service Catalina
06.05.2012 23:49:08 org.apache.catalina.core.StandardEngine start
INFO: Starting Servlet Engine: Apache Tomcat/6.0.14
06.05.2012 23:49:11 org.apache.coyote.http11.Http11Protocol start
INFO: Starting Coyote HTTP/1.1 on http-8400
06.05.2012 23:49:11 org.apache.jk.common.ChannelSocket init
INFO: JK: ajp13 listening on /0.0.0.0:8009
06.05.2012 23:49:11 org.apache.jk.server.JkMain start
INFO: Jk running ID=0 time=0/17  config=null
06.05.2012 23:49:11 org.apache.catalina.startup.Catalina start
INFO: Server startup in 3544 ms
06.05.2012 23:50:01 org.apache.catalina.startup.HostConfig checkResources
INFO: Reloading context [/blazeds]
06.05.2012 23:50:09 org.apache.coyote.http11.Http11Protocol pause
INFO: Pausing Coyote HTTP/1.1 on http-8400
06.05.2012 23:50:10 org.apache.catalina.core.StandardService stop
INFO: Stopping service Catalina
06.05.2012 23:50:10 org.apache.coyote.http11.Http11Protocol destroy
INFO: Stopping Coyote HTTP/1.1 on http-8400
06.05.2012 23:50:11 org.apache.catalina.core.AprLifecycleListener init
INFO: The Apache Tomcat Native library which allows optimal performance in production environments was not found on the java.library.path: C:\Program Files (x86)\Java\jdk1.6.0\bin;.;C:\Windows\Sun\Java\bin;C:\Windows\system32;C:\Windows;C:\Program Files (x86)\PC Connectivity Solution\;C:\Program Files (x86)\NVIDIA Corporation\PhysX\Common;C:\Windows\system32;C:\Windows;C:\Windows\System32\Wbem;C:\Windows\System32\WindowsPowerShell\v1.0\;C:\Program Files\TortoiseSVN\bin;C:\Program Files\TortoiseGit\bin;C:\Program Files (x86)\QuickTime\QTSystem\;C:\Maven\apache-maven-3.0.3\bin
06.05.2012 23:50:11 org.apache.coyote.http11.Http11Protocol init
INFO: Initializing Coyote HTTP/1.1 on http-8400
06.05.2012 23:50:11 org.apache.catalina.startup.Catalina load
INFO: Initialization processed in 297 ms
06.05.2012 23:50:11 org.apache.catalina.core.StandardService start
INFO: Starting service Catalina
06.05.2012 23:50:11 org.apache.catalina.core.StandardEngine start
INFO: Starting Servlet Engine: Apache Tomcat/6.0.14
06.05.2012 23:50:15 org.apache.coyote.http11.Http11Protocol start
INFO: Starting Coyote HTTP/1.1 on http-8400
06.05.2012 23:50:15 org.apache.jk.common.ChannelSocket init
INFO: JK: ajp13 listening on /0.0.0.0:8009
06.05.2012 23:50:15 org.apache.jk.server.JkMain start
INFO: Jk running ID=0 time=0/17  config=null
06.05.2012 23:50:15 org.apache.catalina.startup.Catalina start
INFO: Server startup in 3534 ms
06.05.2012 23:51:15 org.apache.catalina.startup.HostConfig checkResources
INFO: Reloading context [/blazeds]
06.05.2012 23:51:28 org.apache.coyote.http11.Http11Protocol pause
INFO: Pausing Coyote HTTP/1.1 on http-8400
06.05.2012 23:51:29 org.apache.catalina.core.StandardService stop
INFO: Stopping service Catalina
06.05.2012 23:51:30 org.apache.coyote.http11.Http11Protocol destroy
INFO: Stopping Coyote HTTP/1.1 on http-8400
06.05.2012 23:51:32 org.apache.catalina.core.AprLifecycleListener init
INFO: The Apache Tomcat Native library which allows optimal performance in production environments was not found on the java.library.path: C:\Program Files (x86)\Java\jdk1.6.0\bin;.;C:\Windows\Sun\Java\bin;C:\Windows\system32;C:\Windows;C:\Program Files (x86)\PC Connectivity Solution\;C:\Program Files (x86)\NVIDIA Corporation\PhysX\Common;C:\Windows\system32;C:\Windows;C:\Windows\System32\Wbem;C:\Windows\System32\WindowsPowerShell\v1.0\;C:\Program Files\TortoiseSVN\bin;C:\Program Files\TortoiseGit\bin;C:\Program Files (x86)\QuickTime\QTSystem\;C:\Maven\apache-maven-3.0.3\bin
06.05.2012 23:51:32 org.apache.coyote.http11.Http11Protocol init
INFO: Initializing Coyote HTTP/1.1 on http-8400
06.05.2012 23:51:32 org.apache.catalina.startup.Catalina load
INFO: Initialization processed in 276 ms
06.05.2012 23:51:32 org.apache.catalina.core.StandardService start
INFO: Starting service Catalina
06.05.2012 23:51:32 org.apache.catalina.core.StandardEngine start
INFO: Starting Servlet Engine: Apache Tomcat/6.0.14
06.05.2012 23:51:35 org.apache.coyote.http11.Http11Protocol start
INFO: Starting Coyote HTTP/1.1 on http-8400
06.05.2012 23:51:35 org.apache.jk.common.ChannelSocket init
INFO: JK: ajp13 listening on /0.0.0.0:8009
06.05.2012 23:51:35 org.apache.jk.server.JkMain start
INFO: Jk running ID=0 time=0/18  config=null
06.05.2012 23:51:35 org.apache.catalina.startup.Catalina start
INFO: Server startup in 3609 ms
