25.05.2012 00:21:46 org.apache.coyote.http11.Http11Protocol pause
INFO: Pausing Coyote HTTP/1.1 on http-8400
25.05.2012 00:21:47 org.apache.catalina.core.StandardService stop
INFO: Stopping service Catalina
25.05.2012 00:21:47 org.apache.coyote.http11.Http11Protocol destroy
INFO: Stopping Coyote HTTP/1.1 on http-8400
25.05.2012 00:21:53 org.apache.catalina.core.AprLifecycleListener init
INFO: The Apache Tomcat Native library which allows optimal performance in production environments was not found on the java.library.path: C:\Program Files (x86)\Java\jdk1.6.0\bin;.;C:\Windows\Sun\Java\bin;C:\Windows\system32;C:\Windows;C:\Program Files (x86)\PC Connectivity Solution\;C:\Program Files (x86)\NVIDIA Corporation\PhysX\Common;C:\Windows\system32;C:\Windows;C:\Windows\System32\Wbem;C:\Windows\System32\WindowsPowerShell\v1.0\;C:\Program Files (x86)\QuickTime\QTSystem\;C:\Maven\apache-maven-3.0.3\bin
25.05.2012 00:21:53 org.apache.coyote.http11.Http11Protocol init
INFO: Initializing Coyote HTTP/1.1 on http-8400
25.05.2012 00:21:54 org.apache.catalina.startup.Catalina load
INFO: Initialization processed in 275 ms
25.05.2012 00:21:54 org.apache.catalina.core.StandardService start
INFO: Starting service Catalina
25.05.2012 00:21:54 org.apache.catalina.core.StandardEngine start
INFO: Starting Servlet Engine: Apache Tomcat/6.0.14
25.05.2012 00:21:55 org.apache.coyote.http11.Http11Protocol start
INFO: Starting Coyote HTTP/1.1 on http-8400
25.05.2012 00:21:55 org.apache.jk.common.ChannelSocket init
INFO: JK: ajp13 listening on /0.0.0.0:8009
25.05.2012 00:21:55 org.apache.jk.server.JkMain start
INFO: Jk running ID=0 time=0/15  config=null
25.05.2012 00:21:55 org.apache.catalina.startup.Catalina start
INFO: Server startup in 1317 ms
25.05.2012 00:34:26 org.apache.catalina.core.StandardContext reload
INFO: Reloading this Context has started
25.05.2012 00:34:50 org.apache.coyote.http11.Http11Protocol pause
INFO: Pausing Coyote HTTP/1.1 on http-8400
25.05.2012 00:34:51 org.apache.catalina.core.StandardService stop
INFO: Stopping service Catalina
25.05.2012 00:34:52 org.apache.coyote.http11.Http11Protocol destroy
INFO: Stopping Coyote HTTP/1.1 on http-8400
25.05.2012 00:35:01 org.apache.catalina.core.AprLifecycleListener init
INFO: The Apache Tomcat Native library which allows optimal performance in production environments was not found on the java.library.path: C:\Program Files (x86)\Java\jdk1.6.0\bin;.;C:\Windows\Sun\Java\bin;C:\Windows\system32;C:\Windows;C:\Program Files (x86)\PC Connectivity Solution\;C:\Program Files (x86)\NVIDIA Corporation\PhysX\Common;C:\Windows\system32;C:\Windows;C:\Windows\System32\Wbem;C:\Windows\System32\WindowsPowerShell\v1.0\;C:\Program Files (x86)\QuickTime\QTSystem\;C:\Maven\apache-maven-3.0.3\bin
25.05.2012 00:35:01 org.apache.coyote.http11.Http11Protocol init
INFO: Initializing Coyote HTTP/1.1 on http-8400
25.05.2012 00:35:01 org.apache.catalina.startup.Catalina load
INFO: Initialization processed in 281 ms
25.05.2012 00:35:01 org.apache.catalina.core.StandardService start
INFO: Starting service Catalina
25.05.2012 00:35:01 org.apache.catalina.core.StandardEngine start
INFO: Starting Servlet Engine: Apache Tomcat/6.0.14
25.05.2012 00:35:03 org.apache.coyote.http11.Http11Protocol start
INFO: Starting Coyote HTTP/1.1 on http-8400
25.05.2012 00:35:03 org.apache.jk.common.ChannelSocket init
INFO: JK: ajp13 listening on /0.0.0.0:8009
25.05.2012 00:35:03 org.apache.jk.server.JkMain start
INFO: Jk running ID=0 time=0/14  config=null
25.05.2012 00:35:03 org.apache.catalina.startup.Catalina start
INFO: Server startup in 1273 ms
25.05.2012 00:37:43 org.apache.catalina.core.StandardContext reload
INFO: Reloading this Context has started
25.05.2012 00:38:35 org.apache.coyote.http11.Http11Protocol pause
INFO: Pausing Coyote HTTP/1.1 on http-8400
25.05.2012 00:38:36 org.apache.catalina.core.StandardService stop
INFO: Stopping service Catalina
25.05.2012 00:38:37 org.apache.coyote.http11.Http11Protocol destroy
INFO: Stopping Coyote HTTP/1.1 on http-8400
25.05.2012 00:39:01 org.apache.catalina.core.AprLifecycleListener init
INFO: The Apache Tomcat Native library which allows optimal performance in production environments was not found on the java.library.path: C:\Program Files (x86)\Java\jdk1.6.0\bin;.;C:\Windows\Sun\Java\bin;C:\Windows\system32;C:\Windows;C:\Program Files (x86)\PC Connectivity Solution\;C:\Program Files (x86)\NVIDIA Corporation\PhysX\Common;C:\Windows\system32;C:\Windows;C:\Windows\System32\Wbem;C:\Windows\System32\WindowsPowerShell\v1.0\;C:\Program Files (x86)\QuickTime\QTSystem\;C:\Maven\apache-maven-3.0.3\bin
25.05.2012 00:39:01 org.apache.coyote.http11.Http11Protocol init
INFO: Initializing Coyote HTTP/1.1 on http-8400
25.05.2012 00:39:01 org.apache.catalina.startup.Catalina load
INFO: Initialization processed in 272 ms
25.05.2012 00:39:01 org.apache.catalina.core.StandardService start
INFO: Starting service Catalina
25.05.2012 00:39:01 org.apache.catalina.core.StandardEngine start
INFO: Starting Servlet Engine: Apache Tomcat/6.0.14
25.05.2012 00:39:03 org.apache.coyote.http11.Http11Protocol start
INFO: Starting Coyote HTTP/1.1 on http-8400
25.05.2012 00:39:03 org.apache.jk.common.ChannelSocket init
INFO: JK: ajp13 listening on /0.0.0.0:8009
25.05.2012 00:39:03 org.apache.jk.server.JkMain start
INFO: Jk running ID=0 time=0/14  config=null
25.05.2012 00:39:03 org.apache.catalina.startup.Catalina start
INFO: Server startup in 1328 ms
25.05.2012 00:43:23 org.apache.catalina.core.StandardContext reload
INFO: Reloading this Context has started
25.05.2012 00:48:11 org.apache.catalina.core.AprLifecycleListener init
INFO: The Apache Tomcat Native library which allows optimal performance in production environments was not found on the java.library.path: C:\Program Files (x86)\Java\jdk1.6.0\bin;.;C:\Windows\Sun\Java\bin;C:\Windows\system32;C:\Windows;C:\Program Files (x86)\PC Connectivity Solution\;C:\Program Files (x86)\NVIDIA Corporation\PhysX\Common;C:\Windows\system32;C:\Windows;C:\Windows\System32\Wbem;C:\Windows\System32\WindowsPowerShell\v1.0\;C:\Program Files (x86)\QuickTime\QTSystem\;C:\Maven\apache-maven-3.0.3\bin
25.05.2012 00:48:11 org.apache.coyote.http11.Http11Protocol init
SCHWERWIEGEND: Error initializing endpoint
java.net.SocketException: Unrecognized Windows Sockets error: 0: JVM_Bind
	at java.net.PlainSocketImpl.socketBind(Native Method)
	at java.net.PlainSocketImpl.bind(PlainSocketImpl.java:359)
	at java.net.ServerSocket.bind(ServerSocket.java:319)
	at java.net.ServerSocket.<init>(ServerSocket.java:185)
	at java.net.ServerSocket.<init>(ServerSocket.java:141)
	at org.apache.tomcat.util.net.DefaultServerSocketFactory.createSocket(DefaultServerSocketFactory.java:50)
	at org.apache.tomcat.util.net.JIoEndpoint.init(JIoEndpoint.java:496)
	at org.apache.coyote.http11.Http11Protocol.init(Http11Protocol.java:177)
	at org.apache.catalina.connector.Connector.initialize(Connector.java:1059)
	at org.apache.catalina.core.StandardService.initialize(StandardService.java:677)
	at org.apache.catalina.core.StandardServer.initialize(StandardServer.java:792)
	at org.apache.catalina.startup.Catalina.load(Catalina.java:518)
	at org.apache.catalina.startup.Catalina.load(Catalina.java:538)
	at sun.reflect.NativeMethodAccessorImpl.invoke0(Native Method)
	at sun.reflect.NativeMethodAccessorImpl.invoke(NativeMethodAccessorImpl.java:39)
	at sun.reflect.DelegatingMethodAccessorImpl.invoke(DelegatingMethodAccessorImpl.java:25)
	at java.lang.reflect.Method.invoke(Method.java:597)
	at org.apache.catalina.startup.Bootstrap.load(Bootstrap.java:260)
	at org.apache.catalina.startup.Bootstrap.main(Bootstrap.java:412)
25.05.2012 00:48:11 org.apache.catalina.startup.Catalina load
SCHWERWIEGEND: Catalina.start
LifecycleException:  Protocol handler initialization failed: java.net.SocketException: Unrecognized Windows Sockets error: 0: JVM_Bind
	at org.apache.catalina.connector.Connector.initialize(Connector.java:1061)
	at org.apache.catalina.core.StandardService.initialize(StandardService.java:677)
	at org.apache.catalina.core.StandardServer.initialize(StandardServer.java:792)
	at org.apache.catalina.startup.Catalina.load(Catalina.java:518)
	at org.apache.catalina.startup.Catalina.load(Catalina.java:538)
	at sun.reflect.NativeMethodAccessorImpl.invoke0(Native Method)
	at sun.reflect.NativeMethodAccessorImpl.invoke(NativeMethodAccessorImpl.java:39)
	at sun.reflect.DelegatingMethodAccessorImpl.invoke(DelegatingMethodAccessorImpl.java:25)
	at java.lang.reflect.Method.invoke(Method.java:597)
	at org.apache.catalina.startup.Bootstrap.load(Bootstrap.java:260)
	at org.apache.catalina.startup.Bootstrap.main(Bootstrap.java:412)
25.05.2012 00:48:11 org.apache.catalina.startup.Catalina load
INFO: Initialization processed in 295 ms
25.05.2012 00:48:11 org.apache.catalina.core.StandardService start
INFO: Starting service Catalina
25.05.2012 00:48:11 org.apache.catalina.core.StandardEngine start
INFO: Starting Servlet Engine: Apache Tomcat/6.0.14
25.05.2012 00:48:12 org.apache.coyote.http11.Http11Protocol start
SCHWERWIEGEND: Error starting endpoint
java.net.SocketException: Unrecognized Windows Sockets error: 0: JVM_Bind
	at java.net.PlainSocketImpl.socketBind(Native Method)
	at java.net.PlainSocketImpl.bind(PlainSocketImpl.java:359)
	at java.net.ServerSocket.bind(ServerSocket.java:319)
	at java.net.ServerSocket.<init>(ServerSocket.java:185)
	at java.net.ServerSocket.<init>(ServerSocket.java:141)
	at org.apache.tomcat.util.net.DefaultServerSocketFactory.createSocket(DefaultServerSocketFactory.java:50)
	at org.apache.tomcat.util.net.JIoEndpoint.init(JIoEndpoint.java:496)
	at org.apache.tomcat.util.net.JIoEndpoint.start(JIoEndpoint.java:515)
	at org.apache.coyote.http11.Http11Protocol.start(Http11Protocol.java:204)
	at org.apache.catalina.connector.Connector.start(Connector.java:1132)
	at org.apache.catalina.core.StandardService.start(StandardService.java:531)
	at org.apache.catalina.core.StandardServer.start(StandardServer.java:710)
	at org.apache.catalina.startup.Catalina.start(Catalina.java:566)
	at sun.reflect.NativeMethodAccessorImpl.invoke0(Native Method)
	at sun.reflect.NativeMethodAccessorImpl.invoke(NativeMethodAccessorImpl.java:39)
	at sun.reflect.DelegatingMethodAccessorImpl.invoke(DelegatingMethodAccessorImpl.java:25)
	at java.lang.reflect.Method.invoke(Method.java:597)
	at org.apache.catalina.startup.Bootstrap.start(Bootstrap.java:288)
	at org.apache.catalina.startup.Bootstrap.main(Bootstrap.java:413)
25.05.2012 00:48:12 org.apache.catalina.startup.Catalina start
SCHWERWIEGEND: Catalina.start: 
LifecycleException:  service.getName(): "Catalina";  Protocol handler start failed: java.net.SocketException: Unrecognized Windows Sockets error: 0: JVM_Bind
	at org.apache.catalina.connector.Connector.start(Connector.java:1139)
	at org.apache.catalina.core.StandardService.start(StandardService.java:531)
	at org.apache.catalina.core.StandardServer.start(StandardServer.java:710)
	at org.apache.catalina.startup.Catalina.start(Catalina.java:566)
	at sun.reflect.NativeMethodAccessorImpl.invoke0(Native Method)
	at sun.reflect.NativeMethodAccessorImpl.invoke(NativeMethodAccessorImpl.java:39)
	at sun.reflect.DelegatingMethodAccessorImpl.invoke(DelegatingMethodAccessorImpl.java:25)
	at java.lang.reflect.Method.invoke(Method.java:597)
	at org.apache.catalina.startup.Bootstrap.start(Bootstrap.java:288)
	at org.apache.catalina.startup.Bootstrap.main(Bootstrap.java:413)
25.05.2012 00:48:12 org.apache.catalina.startup.Catalina start
INFO: Server startup in 1267 ms
25.05.2012 00:48:12 org.apache.catalina.core.StandardServer await
SCHWERWIEGEND: StandardServer.await: create[8005]: 
java.net.BindException: Address already in use: JVM_Bind
	at java.net.PlainSocketImpl.socketBind(Native Method)
	at java.net.PlainSocketImpl.bind(PlainSocketImpl.java:359)
	at java.net.ServerSocket.bind(ServerSocket.java:319)
	at java.net.ServerSocket.<init>(ServerSocket.java:185)
	at org.apache.catalina.core.StandardServer.await(StandardServer.java:373)
	at org.apache.catalina.startup.Catalina.await(Catalina.java:630)
	at org.apache.catalina.startup.Catalina.start(Catalina.java:590)
	at sun.reflect.NativeMethodAccessorImpl.invoke0(Native Method)
	at sun.reflect.NativeMethodAccessorImpl.invoke(NativeMethodAccessorImpl.java:39)
	at sun.reflect.DelegatingMethodAccessorImpl.invoke(DelegatingMethodAccessorImpl.java:25)
	at java.lang.reflect.Method.invoke(Method.java:597)
	at org.apache.catalina.startup.Bootstrap.start(Bootstrap.java:288)
	at org.apache.catalina.startup.Bootstrap.main(Bootstrap.java:413)
25.05.2012 00:48:12 org.apache.catalina.connector.Connector pause
SCHWERWIEGEND: Protocol handler pause failed
java.lang.NullPointerException
	at org.apache.jk.server.JkMain.pause(JkMain.java:679)
	at org.apache.jk.server.JkCoyoteHandler.pause(JkCoyoteHandler.java:153)
	at org.apache.catalina.connector.Connector.pause(Connector.java:1074)
	at org.apache.catalina.core.StandardService.stop(StandardService.java:563)
	at org.apache.catalina.core.StandardServer.stop(StandardServer.java:744)
	at org.apache.catalina.startup.Catalina.stop(Catalina.java:616)
	at org.apache.catalina.startup.Catalina$CatalinaShutdownHook.run(Catalina.java:659)
25.05.2012 00:48:13 org.apache.catalina.core.StandardService stop
INFO: Stopping service Catalina
25.05.2012 00:48:13 org.apache.catalina.connector.MapperListener destroy
WARNUNG: Error unregistering MBeanServerDelegate
java.lang.NullPointerException
	at org.apache.catalina.connector.MapperListener.destroy(MapperListener.java:162)
	at org.apache.catalina.connector.Connector.stop(Connector.java:1180)
	at org.apache.catalina.core.StandardService.stop(StandardService.java:593)
	at org.apache.catalina.core.StandardServer.stop(StandardServer.java:744)
	at org.apache.catalina.startup.Catalina.stop(Catalina.java:616)
	at org.apache.catalina.startup.Catalina$CatalinaShutdownHook.run(Catalina.java:659)
25.05.2012 00:48:13 org.apache.coyote.http11.Http11Protocol destroy
INFO: Stopping Coyote HTTP/1.1 on http-8400
25.05.2012 00:48:13 org.apache.catalina.connector.Connector stop
SCHWERWIEGEND: Coyote connector has not been started
25.05.2012 00:49:51 org.apache.coyote.http11.Http11Protocol pause
INFO: Pausing Coyote HTTP/1.1 on http-8400
25.05.2012 00:49:52 org.apache.catalina.core.StandardService stop
INFO: Stopping service Catalina
25.05.2012 00:49:53 org.apache.coyote.http11.Http11Protocol destroy
INFO: Stopping Coyote HTTP/1.1 on http-8400
25.05.2012 00:53:01 org.apache.catalina.core.AprLifecycleListener init
INFO: The Apache Tomcat Native library which allows optimal performance in production environments was not found on the java.library.path: C:\Program Files (x86)\Java\jdk1.6.0\bin;.;C:\Windows\Sun\Java\bin;C:\Windows\system32;C:\Windows;C:\Program Files (x86)\PC Connectivity Solution\;C:\Program Files (x86)\NVIDIA Corporation\PhysX\Common;C:\Windows\system32;C:\Windows;C:\Windows\System32\Wbem;C:\Windows\System32\WindowsPowerShell\v1.0\;C:\Program Files (x86)\QuickTime\QTSystem\;C:\Maven\apache-maven-3.0.3\bin
25.05.2012 00:53:01 org.apache.coyote.http11.Http11Protocol init
INFO: Initializing Coyote HTTP/1.1 on http-8400
25.05.2012 00:53:01 org.apache.catalina.startup.Catalina load
INFO: Initialization processed in 273 ms
25.05.2012 00:53:01 org.apache.catalina.core.StandardService start
INFO: Starting service Catalina
25.05.2012 00:53:01 org.apache.catalina.core.StandardEngine start
INFO: Starting Servlet Engine: Apache Tomcat/6.0.14
25.05.2012 00:53:02 org.apache.coyote.http11.Http11Protocol start
INFO: Starting Coyote HTTP/1.1 on http-8400
25.05.2012 00:53:02 org.apache.jk.common.ChannelSocket init
INFO: JK: ajp13 listening on /0.0.0.0:8009
25.05.2012 00:53:02 org.apache.jk.server.JkMain start
INFO: Jk running ID=0 time=0/15  config=null
25.05.2012 00:53:02 org.apache.catalina.startup.Catalina start
INFO: Server startup in 1325 ms
25.05.2012 00:54:12 org.apache.catalina.core.StandardContext reload
INFO: Reloading this Context has started
25.05.2012 00:58:23 org.apache.catalina.core.StandardContext reload
INFO: Reloading this Context has started
25.05.2012 00:58:28 org.apache.catalina.startup.Catalina stopServer
SCHWERWIEGEND: Catalina.stop: 
java.net.ConnectException: Connection refused: connect
	at java.net.PlainSocketImpl.socketConnect(Native Method)
	at java.net.PlainSocketImpl.doConnect(PlainSocketImpl.java:333)
	at java.net.PlainSocketImpl.connectToAddress(PlainSocketImpl.java:195)
	at java.net.PlainSocketImpl.connect(PlainSocketImpl.java:182)
	at java.net.SocksSocketImpl.connect(SocksSocketImpl.java:366)
	at java.net.Socket.connect(Socket.java:519)
	at java.net.Socket.connect(Socket.java:469)
	at java.net.Socket.<init>(Socket.java:366)
	at java.net.Socket.<init>(Socket.java:179)
	at org.apache.catalina.startup.Catalina.stopServer(Catalina.java:409)
	at sun.reflect.NativeMethodAccessorImpl.invoke0(Native Method)
	at sun.reflect.NativeMethodAccessorImpl.invoke(NativeMethodAccessorImpl.java:39)
	at sun.reflect.DelegatingMethodAccessorImpl.invoke(DelegatingMethodAccessorImpl.java:25)
	at java.lang.reflect.Method.invoke(Method.java:597)
	at org.apache.catalina.startup.Bootstrap.stopServer(Bootstrap.java:337)
	at org.apache.catalina.startup.Bootstrap.main(Bootstrap.java:415)
25.05.2012 00:58:29 org.apache.catalina.core.AprLifecycleListener init
INFO: The Apache Tomcat Native library which allows optimal performance in production environments was not found on the java.library.path: C:\Program Files (x86)\Java\jdk1.6.0\bin;.;C:\Windows\Sun\Java\bin;C:\Windows\system32;C:\Windows;C:\Program Files (x86)\PC Connectivity Solution\;C:\Program Files (x86)\NVIDIA Corporation\PhysX\Common;C:\Windows\system32;C:\Windows;C:\Windows\System32\Wbem;C:\Windows\System32\WindowsPowerShell\v1.0\;C:\Program Files (x86)\QuickTime\QTSystem\;C:\Maven\apache-maven-3.0.3\bin
25.05.2012 00:58:29 org.apache.coyote.http11.Http11Protocol init
INFO: Initializing Coyote HTTP/1.1 on http-8400
25.05.2012 00:58:29 org.apache.catalina.startup.Catalina load
INFO: Initialization processed in 278 ms
25.05.2012 00:58:29 org.apache.catalina.core.StandardService start
INFO: Starting service Catalina
25.05.2012 00:58:29 org.apache.catalina.core.StandardEngine start
INFO: Starting Servlet Engine: Apache Tomcat/6.0.14
25.05.2012 00:58:30 org.apache.coyote.http11.Http11Protocol start
INFO: Starting Coyote HTTP/1.1 on http-8400
25.05.2012 00:58:30 org.apache.jk.common.ChannelSocket init
INFO: JK: ajp13 listening on /0.0.0.0:8009
25.05.2012 00:58:30 org.apache.jk.server.JkMain start
INFO: Jk running ID=0 time=0/15  config=null
25.05.2012 00:58:30 org.apache.catalina.startup.Catalina start
INFO: Server startup in 1326 ms
25.05.2012 01:00:00 org.apache.catalina.core.StandardContext reload
INFO: Reloading this Context has started
25.05.2012 01:01:05 org.apache.coyote.http11.Http11Protocol pause
INFO: Pausing Coyote HTTP/1.1 on http-8400
25.05.2012 01:01:06 org.apache.catalina.core.StandardService stop
INFO: Stopping service Catalina
25.05.2012 01:01:06 org.apache.coyote.http11.Http11Protocol destroy
INFO: Stopping Coyote HTTP/1.1 on http-8400
25.05.2012 01:01:52 org.apache.catalina.core.AprLifecycleListener init
INFO: The Apache Tomcat Native library which allows optimal performance in production environments was not found on the java.library.path: C:\Program Files (x86)\Java\jdk1.6.0\bin;.;C:\Windows\Sun\Java\bin;C:\Windows\system32;C:\Windows;C:\Program Files (x86)\PC Connectivity Solution\;C:\Program Files (x86)\NVIDIA Corporation\PhysX\Common;C:\Windows\system32;C:\Windows;C:\Windows\System32\Wbem;C:\Windows\System32\WindowsPowerShell\v1.0\;C:\Program Files (x86)\QuickTime\QTSystem\;C:\Maven\apache-maven-3.0.3\bin
25.05.2012 01:01:52 org.apache.coyote.http11.Http11Protocol init
INFO: Initializing Coyote HTTP/1.1 on http-8400
25.05.2012 01:01:52 org.apache.catalina.startup.Catalina load
INFO: Initialization processed in 281 ms
25.05.2012 01:01:52 org.apache.catalina.core.StandardService start
INFO: Starting service Catalina
25.05.2012 01:01:52 org.apache.catalina.core.StandardEngine start
INFO: Starting Servlet Engine: Apache Tomcat/6.0.14
25.05.2012 01:01:53 org.apache.coyote.http11.Http11Protocol start
INFO: Starting Coyote HTTP/1.1 on http-8400
25.05.2012 01:01:53 org.apache.jk.common.ChannelSocket init
INFO: JK: ajp13 listening on /0.0.0.0:8009
25.05.2012 01:01:53 org.apache.jk.server.JkMain start
INFO: Jk running ID=0 time=0/14  config=null
25.05.2012 01:01:53 org.apache.catalina.startup.Catalina start
INFO: Server startup in 1308 ms
25.05.2012 01:06:23 org.apache.catalina.core.StandardContext reload
INFO: Reloading this Context has started
25.05.2012 01:07:47 org.apache.coyote.http11.Http11Protocol pause
INFO: Pausing Coyote HTTP/1.1 on http-8400
25.05.2012 01:07:48 org.apache.catalina.core.StandardService stop
INFO: Stopping service Catalina
25.05.2012 01:07:48 org.apache.coyote.http11.Http11Protocol destroy
INFO: Stopping Coyote HTTP/1.1 on http-8400
25.05.2012 01:08:07 org.apache.catalina.core.AprLifecycleListener init
INFO: The Apache Tomcat Native library which allows optimal performance in production environments was not found on the java.library.path: C:\Program Files (x86)\Java\jdk1.6.0\bin;.;C:\Windows\Sun\Java\bin;C:\Windows\system32;C:\Windows;C:\Program Files (x86)\PC Connectivity Solution\;C:\Program Files (x86)\NVIDIA Corporation\PhysX\Common;C:\Windows\system32;C:\Windows;C:\Windows\System32\Wbem;C:\Windows\System32\WindowsPowerShell\v1.0\;C:\Program Files (x86)\QuickTime\QTSystem\;C:\Maven\apache-maven-3.0.3\bin
25.05.2012 01:08:07 org.apache.coyote.http11.Http11Protocol init
INFO: Initializing Coyote HTTP/1.1 on http-8400
25.05.2012 01:08:07 org.apache.catalina.startup.Catalina load
INFO: Initialization processed in 274 ms
25.05.2012 01:08:07 org.apache.catalina.core.StandardService start
INFO: Starting service Catalina
25.05.2012 01:08:07 org.apache.catalina.core.StandardEngine start
INFO: Starting Servlet Engine: Apache Tomcat/6.0.14
25.05.2012 01:08:08 org.apache.coyote.http11.Http11Protocol start
INFO: Starting Coyote HTTP/1.1 on http-8400
25.05.2012 01:08:08 org.apache.jk.common.ChannelSocket init
INFO: JK: ajp13 listening on /0.0.0.0:8009
25.05.2012 01:08:08 org.apache.jk.server.JkMain start
INFO: Jk running ID=0 time=0/20  config=null
25.05.2012 01:08:08 org.apache.catalina.startup.Catalina start
INFO: Server startup in 1392 ms
25.05.2012 01:15:49 org.apache.catalina.core.StandardContext reload
INFO: Reloading this Context has started
25.05.2012 01:16:10 org.apache.coyote.http11.Http11Protocol pause
INFO: Pausing Coyote HTTP/1.1 on http-8400
25.05.2012 01:16:11 org.apache.catalina.core.StandardService stop
INFO: Stopping service Catalina
25.05.2012 01:16:11 org.apache.coyote.http11.Http11Protocol destroy
INFO: Stopping Coyote HTTP/1.1 on http-8400
25.05.2012 01:16:15 org.apache.catalina.core.AprLifecycleListener init
INFO: The Apache Tomcat Native library which allows optimal performance in production environments was not found on the java.library.path: C:\Program Files (x86)\Java\jdk1.6.0\bin;.;C:\Windows\Sun\Java\bin;C:\Windows\system32;C:\Windows;C:\Program Files (x86)\PC Connectivity Solution\;C:\Program Files (x86)\NVIDIA Corporation\PhysX\Common;C:\Windows\system32;C:\Windows;C:\Windows\System32\Wbem;C:\Windows\System32\WindowsPowerShell\v1.0\;C:\Program Files (x86)\QuickTime\QTSystem\;C:\Maven\apache-maven-3.0.3\bin
25.05.2012 01:16:15 org.apache.coyote.http11.Http11Protocol init
INFO: Initializing Coyote HTTP/1.1 on http-8400
25.05.2012 01:16:15 org.apache.catalina.startup.Catalina load
INFO: Initialization processed in 298 ms
25.05.2012 01:16:15 org.apache.catalina.core.StandardService start
INFO: Starting service Catalina
25.05.2012 01:16:15 org.apache.catalina.core.StandardEngine start
INFO: Starting Servlet Engine: Apache Tomcat/6.0.14
25.05.2012 01:16:17 org.apache.coyote.http11.Http11Protocol start
INFO: Starting Coyote HTTP/1.1 on http-8400
25.05.2012 01:16:17 org.apache.jk.common.ChannelSocket init
INFO: JK: ajp13 listening on /0.0.0.0:8009
25.05.2012 01:16:17 org.apache.jk.server.JkMain start
INFO: Jk running ID=0 time=0/14  config=null
25.05.2012 01:16:17 org.apache.catalina.startup.Catalina start
INFO: Server startup in 1288 ms
25.05.2012 01:41:43 org.apache.catalina.core.AprLifecycleListener init
INFO: The Apache Tomcat Native library which allows optimal performance in production environments was not found on the java.library.path: C:\Program Files\Java\jdk1.6.0_25\bin;.;C:\Windows\Sun\Java\bin;C:\Windows\system32;C:\Windows;C:\Program Files\MiKTeX 2.9\miktex\bin;C:\Program Files\Common Files\Microsoft Shared\Windows Live;C:\Windows\system32;C:\Windows;C:\Windows\System32\Wbem;C:\Windows\System32\WindowsPowerShell\v1.0\;C:\Program Files\Windows Live\Shared;C:\Program Files\MySQL\MySQL Server 5.5\bin
25.05.2012 01:41:44 org.apache.coyote.http11.Http11Protocol init
INFO: Initializing Coyote HTTP/1.1 on http-8400
25.05.2012 01:41:44 org.apache.catalina.startup.Catalina load
INFO: Initialization processed in 1897 ms
25.05.2012 01:41:44 org.apache.catalina.core.StandardService start
INFO: Starting service Catalina
25.05.2012 01:41:44 org.apache.catalina.core.StandardEngine start
INFO: Starting Servlet Engine: Apache Tomcat/6.0.14
25.05.2012 01:41:54 org.apache.coyote.http11.Http11Protocol start
INFO: Starting Coyote HTTP/1.1 on http-8400
25.05.2012 01:41:54 org.apache.jk.common.ChannelSocket init
INFO: JK: ajp13 listening on /0.0.0.0:8009
25.05.2012 01:41:55 org.apache.jk.server.JkMain start
INFO: Jk running ID=0 time=0/89  config=null
25.05.2012 01:41:55 org.apache.catalina.startup.Catalina start
INFO: Server startup in 10653 ms
25.05.2012 01:53:16 org.apache.catalina.core.StandardContext reload
INFO: Reloading this Context has started
25.05.2012 02:06:36 org.apache.coyote.http11.Http11Protocol pause
INFO: Pausing Coyote HTTP/1.1 on http-8400
25.05.2012 02:06:37 org.apache.catalina.core.StandardService stop
INFO: Stopping service Catalina
25.05.2012 02:06:39 org.apache.catalina.core.AprLifecycleListener init
INFO: The Apache Tomcat Native library which allows optimal performance in production environments was not found on the java.library.path: C:\Program Files\Java\jdk1.6.0_25\bin;.;C:\Windows\Sun\Java\bin;C:\Windows\system32;C:\Windows;C:\Program Files\MiKTeX 2.9\miktex\bin;C:\Program Files\Common Files\Microsoft Shared\Windows Live;C:\Windows\system32;C:\Windows;C:\Windows\System32\Wbem;C:\Windows\System32\WindowsPowerShell\v1.0\;C:\Program Files\Windows Live\Shared;C:\Program Files\MySQL\MySQL Server 5.5\bin
25.05.2012 02:06:40 org.apache.coyote.http11.Http11Protocol init
SCHWERWIEGEND: Error initializing endpoint
java.net.BindException: Address already in use: JVM_Bind:8400
	at org.apache.tomcat.util.net.JIoEndpoint.init(JIoEndpoint.java:501)
	at org.apache.coyote.http11.Http11Protocol.init(Http11Protocol.java:177)
	at org.apache.catalina.connector.Connector.initialize(Connector.java:1059)
	at org.apache.catalina.core.StandardService.initialize(StandardService.java:677)
	at org.apache.catalina.core.StandardServer.initialize(StandardServer.java:792)
	at org.apache.catalina.startup.Catalina.load(Catalina.java:518)
	at org.apache.catalina.startup.Catalina.load(Catalina.java:538)
	at sun.reflect.NativeMethodAccessorImpl.invoke0(Native Method)
	at sun.reflect.NativeMethodAccessorImpl.invoke(NativeMethodAccessorImpl.java:39)
	at sun.reflect.DelegatingMethodAccessorImpl.invoke(DelegatingMethodAccessorImpl.java:25)
	at java.lang.reflect.Method.invoke(Method.java:597)
	at org.apache.catalina.startup.Bootstrap.load(Bootstrap.java:260)
	at org.apache.catalina.startup.Bootstrap.main(Bootstrap.java:412)
25.05.2012 02:06:40 org.apache.catalina.startup.Catalina load
SCHWERWIEGEND: Catalina.start
LifecycleException:  Protocol handler initialization failed: java.net.BindException: Address already in use: JVM_Bind:8400
	at org.apache.catalina.connector.Connector.initialize(Connector.java:1061)
	at org.apache.catalina.core.StandardService.initialize(StandardService.java:677)
	at org.apache.catalina.core.StandardServer.initialize(StandardServer.java:792)
	at org.apache.catalina.startup.Catalina.load(Catalina.java:518)
	at org.apache.catalina.startup.Catalina.load(Catalina.java:538)
	at sun.reflect.NativeMethodAccessorImpl.invoke0(Native Method)
	at sun.reflect.NativeMethodAccessorImpl.invoke(NativeMethodAccessorImpl.java:39)
	at sun.reflect.DelegatingMethodAccessorImpl.invoke(DelegatingMethodAccessorImpl.java:25)
	at java.lang.reflect.Method.invoke(Method.java:597)
	at org.apache.catalina.startup.Bootstrap.load(Bootstrap.java:260)
	at org.apache.catalina.startup.Bootstrap.main(Bootstrap.java:412)
25.05.2012 02:06:40 org.apache.catalina.startup.Catalina load
INFO: Initialization processed in 1406 ms
25.05.2012 02:06:40 org.apache.catalina.core.StandardService start
INFO: Starting service Catalina
25.05.2012 02:06:40 org.apache.catalina.core.StandardEngine start
INFO: Starting Servlet Engine: Apache Tomcat/6.0.14
25.05.2012 02:06:42 org.apache.coyote.http11.Http11Protocol destroy
INFO: Stopping Coyote HTTP/1.1 on http-8400
25.05.2012 02:07:03 org.apache.coyote.http11.Http11Protocol start
INFO: Starting Coyote HTTP/1.1 on http-8400
25.05.2012 02:07:03 org.apache.jk.common.ChannelSocket init
INFO: JK: ajp13 listening on /0.0.0.0:8009
25.05.2012 02:07:03 org.apache.jk.server.JkMain start
INFO: Jk running ID=0 time=0/90  config=null
25.05.2012 02:07:03 org.apache.catalina.startup.Catalina start
INFO: Server startup in 23462 ms
25.05.2012 02:46:32 org.apache.coyote.http11.Http11Protocol pause
INFO: Pausing Coyote HTTP/1.1 on http-8400
25.05.2012 02:46:34 org.apache.catalina.core.StandardService stop
INFO: Stopping service Catalina
25.05.2012 02:46:39 org.apache.coyote.http11.Http11Protocol destroy
INFO: Stopping Coyote HTTP/1.1 on http-8400
