06.06.2012 13:20:01 org.apache.catalina.core.AprLifecycleListener init
INFO: The Apache Tomcat Native library which allows optimal performance in production environments was not found on the java.library.path: C:\Program Files (x86)\Java\jdk1.6.0\bin;.;C:\Windows\Sun\Java\bin;C:\Windows\system32;C:\Windows;C:\Program Files (x86)\PC Connectivity Solution\;C:\Program Files (x86)\NVIDIA Corporation\PhysX\Common;C:\Windows\system32;C:\Windows;C:\Windows\System32\Wbem;C:\Windows\System32\WindowsPowerShell\v1.0\;C:\Program Files (x86)\QuickTime\QTSystem\;C:\Users\Christoph\AppData\Roaming\npm;C:\Program Files (x86)\nodejs\;C:\Maven\apache-maven-3.0.3\bin
06.06.2012 13:20:01 org.apache.coyote.http11.Http11Protocol init
INFO: Initializing Coyote HTTP/1.1 on http-8400
06.06.2012 13:20:01 org.apache.catalina.startup.Catalina load
INFO: Initialization processed in 1037 ms
06.06.2012 13:20:01 org.apache.catalina.core.StandardService start
INFO: Starting service Catalina
06.06.2012 13:20:01 org.apache.catalina.core.StandardEngine start
INFO: Starting Servlet Engine: Apache Tomcat/6.0.14
06.06.2012 13:20:06 org.apache.coyote.http11.Http11Protocol start
INFO: Starting Coyote HTTP/1.1 on http-8400
06.06.2012 13:20:06 org.apache.jk.common.ChannelSocket init
INFO: JK: ajp13 listening on /0.0.0.0:8009
06.06.2012 13:20:06 org.apache.jk.server.JkMain start
INFO: Jk running ID=0 time=0/78  config=null
06.06.2012 13:20:06 org.apache.catalina.startup.Catalina start
INFO: Server startup in 5029 ms
06.06.2012 13:26:06 org.apache.catalina.core.StandardContext reload
INFO: Reloading this Context has started
06.06.2012 13:30:20 org.apache.coyote.http11.Http11Protocol pause
INFO: Pausing Coyote HTTP/1.1 on http-8400
06.06.2012 13:30:21 org.apache.catalina.core.StandardService stop
INFO: Stopping service Catalina
06.06.2012 13:30:21 org.apache.coyote.http11.Http11Protocol destroy
INFO: Stopping Coyote HTTP/1.1 on http-8400
06.06.2012 13:37:27 org.apache.catalina.core.AprLifecycleListener init
INFO: The Apache Tomcat Native library which allows optimal performance in production environments was not found on the java.library.path: C:\Program Files (x86)\Java\jdk1.6.0\bin;.;C:\Windows\Sun\Java\bin;C:\Windows\system32;C:\Windows;C:\Program Files (x86)\PC Connectivity Solution\;C:\Program Files (x86)\NVIDIA Corporation\PhysX\Common;C:\Windows\system32;C:\Windows;C:\Windows\System32\Wbem;C:\Windows\System32\WindowsPowerShell\v1.0\;C:\Program Files (x86)\QuickTime\QTSystem\;C:\Users\Christoph\AppData\Roaming\npm;C:\Program Files (x86)\nodejs\;C:\Maven\apache-maven-3.0.3\bin
06.06.2012 13:37:27 org.apache.coyote.http11.Http11Protocol init
INFO: Initializing Coyote HTTP/1.1 on http-8400
06.06.2012 13:37:27 org.apache.catalina.startup.Catalina load
INFO: Initialization processed in 544 ms
06.06.2012 13:37:27 org.apache.catalina.core.StandardService start
INFO: Starting service Catalina
06.06.2012 13:37:27 org.apache.catalina.core.StandardEngine start
INFO: Starting Servlet Engine: Apache Tomcat/6.0.14
06.06.2012 13:37:29 org.apache.coyote.http11.Http11Protocol start
INFO: Starting Coyote HTTP/1.1 on http-8400
06.06.2012 13:37:29 org.apache.jk.common.ChannelSocket init
INFO: JK: ajp13 listening on /0.0.0.0:8009
06.06.2012 13:37:29 org.apache.jk.server.JkMain start
INFO: Jk running ID=0 time=0/23  config=null
06.06.2012 13:37:29 org.apache.catalina.startup.Catalina start
INFO: Server startup in 2294 ms
06.06.2012 14:36:17 org.apache.coyote.http11.Http11Protocol pause
INFO: Pausing Coyote HTTP/1.1 on http-8400
06.06.2012 14:36:18 org.apache.catalina.core.StandardService stop
INFO: Stopping service Catalina
