10.06.2012 14:38:31 org.apache.catalina.core.AprLifecycleListener init
INFO: The Apache Tomcat Native library which allows optimal performance in production environments was not found on the java.library.path: C:\Program Files (x86)\Java\jdk1.6.0\bin;.;C:\Windows\Sun\Java\bin;C:\Windows\system32;C:\Windows;C:\Program Files (x86)\PC Connectivity Solution\;C:\Program Files (x86)\NVIDIA Corporation\PhysX\Common;C:\Windows\system32;C:\Windows;C:\Windows\System32\Wbem;C:\Windows\System32\WindowsPowerShell\v1.0\;C:\Program Files (x86)\QuickTime\QTSystem\;C:\Users\Christoph\AppData\Roaming\npm;C:\Program Files (x86)\nodejs\;C:\Maven\apache-maven-3.0.3\bin
10.06.2012 14:38:31 org.apache.coyote.http11.Http11Protocol init
INFO: Initializing Coyote HTTP/1.1 on http-8400
10.06.2012 14:38:31 org.apache.catalina.startup.Catalina load
INFO: Initialization processed in 737 ms
10.06.2012 14:38:31 org.apache.catalina.core.StandardService start
INFO: Starting service Catalina
10.06.2012 14:38:31 org.apache.catalina.core.StandardEngine start
INFO: Starting Servlet Engine: Apache Tomcat/6.0.14
10.06.2012 14:38:35 org.apache.coyote.http11.Http11Protocol start
INFO: Starting Coyote HTTP/1.1 on http-8400
10.06.2012 14:38:35 org.apache.jk.common.ChannelSocket init
INFO: JK: ajp13 listening on /0.0.0.0:8009
10.06.2012 14:38:35 org.apache.jk.server.JkMain start
INFO: Jk running ID=0 time=0/42  config=null
10.06.2012 14:38:35 org.apache.catalina.startup.Catalina start
INFO: Server startup in 4273 ms
10.06.2012 14:41:06 org.apache.catalina.core.StandardContext reload
INFO: Reloading this Context has started
10.06.2012 14:59:34 org.apache.coyote.http11.Http11Protocol pause
INFO: Pausing Coyote HTTP/1.1 on http-8400
10.06.2012 14:59:35 org.apache.catalina.core.StandardService stop
INFO: Stopping service Catalina
10.06.2012 14:59:35 org.apache.coyote.http11.Http11Protocol destroy
INFO: Stopping Coyote HTTP/1.1 on http-8400
10.06.2012 14:59:36 org.apache.catalina.core.AprLifecycleListener init
INFO: The Apache Tomcat Native library which allows optimal performance in production environments was not found on the java.library.path: C:\Program Files (x86)\Java\jdk1.6.0\bin;.;C:\Windows\Sun\Java\bin;C:\Windows\system32;C:\Windows;C:\Program Files (x86)\PC Connectivity Solution\;C:\Program Files (x86)\NVIDIA Corporation\PhysX\Common;C:\Windows\system32;C:\Windows;C:\Windows\System32\Wbem;C:\Windows\System32\WindowsPowerShell\v1.0\;C:\Program Files (x86)\QuickTime\QTSystem\;C:\Users\Christoph\AppData\Roaming\npm;C:\Program Files (x86)\nodejs\;C:\Maven\apache-maven-3.0.3\bin
10.06.2012 14:59:36 org.apache.coyote.http11.Http11Protocol init
INFO: Initializing Coyote HTTP/1.1 on http-8400
10.06.2012 14:59:36 org.apache.catalina.startup.Catalina load
INFO: Initialization processed in 622 ms
10.06.2012 14:59:36 org.apache.catalina.core.StandardService start
INFO: Starting service Catalina
10.06.2012 14:59:36 org.apache.catalina.core.StandardEngine start
INFO: Starting Servlet Engine: Apache Tomcat/6.0.14
10.06.2012 14:59:38 org.apache.coyote.http11.Http11Protocol start
INFO: Starting Coyote HTTP/1.1 on http-8400
10.06.2012 14:59:38 org.apache.jk.common.ChannelSocket init
INFO: JK: ajp13 listening on /0.0.0.0:8009
10.06.2012 14:59:38 org.apache.jk.server.JkMain start
INFO: Jk running ID=0 time=0/22  config=null
10.06.2012 14:59:38 org.apache.catalina.startup.Catalina start
INFO: Server startup in 2279 ms
10.06.2012 20:49:34 org.apache.catalina.core.StandardContext reload
INFO: Reloading this Context has started
10.06.2012 21:00:21 org.apache.coyote.http11.Http11Protocol pause
INFO: Pausing Coyote HTTP/1.1 on http-8400
10.06.2012 21:00:22 org.apache.catalina.core.StandardService stop
INFO: Stopping service Catalina
10.06.2012 21:00:23 org.apache.coyote.http11.Http11Protocol destroy
INFO: Stopping Coyote HTTP/1.1 on http-8400
10.06.2012 21:02:15 org.apache.catalina.core.AprLifecycleListener init
INFO: The Apache Tomcat Native library which allows optimal performance in production environments was not found on the java.library.path: C:\Program Files (x86)\Java\jdk1.6.0\bin;.;C:\Windows\Sun\Java\bin;C:\Windows\system32;C:\Windows;C:\Program Files (x86)\PC Connectivity Solution\;C:\Program Files (x86)\NVIDIA Corporation\PhysX\Common;C:\Windows\system32;C:\Windows;C:\Windows\System32\Wbem;C:\Windows\System32\WindowsPowerShell\v1.0\;C:\Program Files (x86)\QuickTime\QTSystem\;C:\Users\Christoph\AppData\Roaming\npm;C:\Program Files (x86)\nodejs\;C:\Maven\apache-maven-3.0.3\bin
10.06.2012 21:02:15 org.apache.coyote.http11.Http11Protocol init
INFO: Initializing Coyote HTTP/1.1 on http-8400
10.06.2012 21:02:15 org.apache.catalina.startup.Catalina load
INFO: Initialization processed in 688 ms
10.06.2012 21:02:15 org.apache.catalina.core.StandardService start
INFO: Starting service Catalina
10.06.2012 21:02:15 org.apache.catalina.core.StandardEngine start
INFO: Starting Servlet Engine: Apache Tomcat/6.0.14
10.06.2012 21:02:18 org.apache.coyote.http11.Http11Protocol start
INFO: Starting Coyote HTTP/1.1 on http-8400
10.06.2012 21:02:18 org.apache.jk.common.ChannelSocket init
INFO: JK: ajp13 listening on /0.0.0.0:8009
10.06.2012 21:02:18 org.apache.jk.server.JkMain start
INFO: Jk running ID=0 time=0/30  config=null
10.06.2012 21:02:18 org.apache.catalina.startup.Catalina start
INFO: Server startup in 3522 ms
10.06.2012 21:27:36 org.apache.coyote.http11.Http11Protocol pause
INFO: Pausing Coyote HTTP/1.1 on http-8400
10.06.2012 21:27:37 org.apache.catalina.core.StandardService stop
INFO: Stopping service Catalina
10.06.2012 21:27:38 org.apache.coyote.http11.Http11Protocol destroy
INFO: Stopping Coyote HTTP/1.1 on http-8400
10.06.2012 21:27:40 org.apache.catalina.core.AprLifecycleListener init
INFO: The Apache Tomcat Native library which allows optimal performance in production environments was not found on the java.library.path: C:\Program Files (x86)\Java\jdk1.6.0\bin;.;C:\Windows\Sun\Java\bin;C:\Windows\system32;C:\Windows;C:\Program Files (x86)\PC Connectivity Solution\;C:\Program Files (x86)\NVIDIA Corporation\PhysX\Common;C:\Windows\system32;C:\Windows;C:\Windows\System32\Wbem;C:\Windows\System32\WindowsPowerShell\v1.0\;C:\Program Files (x86)\QuickTime\QTSystem\;C:\Users\Christoph\AppData\Roaming\npm;C:\Program Files (x86)\nodejs\;C:\Maven\apache-maven-3.0.3\bin
10.06.2012 21:27:40 org.apache.coyote.http11.Http11Protocol init
INFO: Initializing Coyote HTTP/1.1 on http-8400
10.06.2012 21:27:40 org.apache.catalina.startup.Catalina load
INFO: Initialization processed in 719 ms
10.06.2012 21:27:40 org.apache.catalina.core.StandardService start
INFO: Starting service Catalina
10.06.2012 21:27:40 org.apache.catalina.core.StandardEngine start
INFO: Starting Servlet Engine: Apache Tomcat/6.0.14
10.06.2012 21:27:44 org.apache.coyote.http11.Http11Protocol start
INFO: Starting Coyote HTTP/1.1 on http-8400
10.06.2012 21:27:44 org.apache.jk.common.ChannelSocket init
INFO: JK: ajp13 listening on /0.0.0.0:8009
10.06.2012 21:27:44 org.apache.jk.server.JkMain start
INFO: Jk running ID=0 time=0/25  config=null
10.06.2012 21:27:44 org.apache.catalina.startup.Catalina start
INFO: Server startup in 3517 ms
10.06.2012 21:33:38 org.apache.coyote.http11.Http11Protocol pause
INFO: Pausing Coyote HTTP/1.1 on http-8400
10.06.2012 21:33:39 org.apache.catalina.core.StandardService stop
INFO: Stopping service Catalina
10.06.2012 21:33:40 org.apache.coyote.http11.Http11Protocol destroy
INFO: Stopping Coyote HTTP/1.1 on http-8400
10.06.2012 21:33:41 org.apache.catalina.core.AprLifecycleListener init
INFO: The Apache Tomcat Native library which allows optimal performance in production environments was not found on the java.library.path: C:\Program Files (x86)\Java\jdk1.6.0\bin;.;C:\Windows\Sun\Java\bin;C:\Windows\system32;C:\Windows;C:\Program Files (x86)\PC Connectivity Solution\;C:\Program Files (x86)\NVIDIA Corporation\PhysX\Common;C:\Windows\system32;C:\Windows;C:\Windows\System32\Wbem;C:\Windows\System32\WindowsPowerShell\v1.0\;C:\Program Files (x86)\QuickTime\QTSystem\;C:\Users\Christoph\AppData\Roaming\npm;C:\Program Files (x86)\nodejs\;C:\Maven\apache-maven-3.0.3\bin
10.06.2012 21:33:41 org.apache.coyote.http11.Http11Protocol init
INFO: Initializing Coyote HTTP/1.1 on http-8400
10.06.2012 21:33:41 org.apache.catalina.startup.Catalina load
INFO: Initialization processed in 561 ms
10.06.2012 21:33:41 org.apache.catalina.core.StandardService start
INFO: Starting service Catalina
10.06.2012 21:33:41 org.apache.catalina.core.StandardEngine start
INFO: Starting Servlet Engine: Apache Tomcat/6.0.14
10.06.2012 21:33:44 org.apache.coyote.http11.Http11Protocol start
INFO: Starting Coyote HTTP/1.1 on http-8400
10.06.2012 21:33:44 org.apache.jk.common.ChannelSocket init
INFO: JK: ajp13 listening on /0.0.0.0:8009
10.06.2012 21:33:44 org.apache.jk.server.JkMain start
INFO: Jk running ID=0 time=0/33  config=null
10.06.2012 21:33:44 org.apache.catalina.startup.Catalina start
INFO: Server startup in 2597 ms
