10.05.2012 06:57:39 org.apache.coyote.http11.Http11Protocol pause
INFO: Pausing Coyote HTTP/1.1 on http-8400
10.05.2012 06:57:43 org.apache.catalina.core.StandardService stop
INFO: Stopping service Catalina
10.05.2012 06:58:32 org.apache.coyote.http11.Http11Protocol destroy
INFO: Stopping Coyote HTTP/1.1 on http-8400
10.05.2012 15:25:43 org.apache.catalina.core.AprLifecycleListener init
INFO: The Apache Tomcat Native library which allows optimal performance in production environments was not found on the java.library.path: C:\Program Files\Java\jdk1.6.0_25\bin;.;C:\Windows\Sun\Java\bin;C:\Windows\system32;C:\Windows;C:\Program Files\MiKTeX 2.9\miktex\bin;C:\Program Files\Common Files\Microsoft Shared\Windows Live;C:\Windows\system32;C:\Windows;C:\Windows\System32\Wbem;C:\Windows\System32\WindowsPowerShell\v1.0\;C:\Program Files\Windows Live\Shared;C:\Program Files\MySQL\MySQL Server 5.5\bin
10.05.2012 15:25:45 org.apache.coyote.http11.Http11Protocol init
INFO: Initializing Coyote HTTP/1.1 on http-8400
10.05.2012 15:25:45 org.apache.catalina.startup.Catalina load
INFO: Initialization processed in 6939 ms
10.05.2012 15:25:45 org.apache.catalina.core.StandardService start
INFO: Starting service Catalina
10.05.2012 15:25:45 org.apache.catalina.core.StandardEngine start
INFO: Starting Servlet Engine: Apache Tomcat/6.0.14
10.05.2012 15:26:03 org.apache.coyote.http11.Http11Protocol start
INFO: Starting Coyote HTTP/1.1 on http-8400
10.05.2012 15:26:04 org.apache.jk.common.ChannelSocket init
INFO: JK: ajp13 listening on /0.0.0.0:8009
10.05.2012 15:26:04 org.apache.jk.server.JkMain start
INFO: Jk running ID=0 time=0/94  config=null
10.05.2012 15:26:04 org.apache.catalina.startup.Catalina start
INFO: Server startup in 19119 ms
