15.05.2012 15:42:51 org.apache.catalina.core.AprLifecycleListener init
INFO: The Apache Tomcat Native library which allows optimal performance in production environments was not found on the java.library.path: C:\Program Files (x86)\Java\jdk1.6.0\bin;.;C:\Windows\Sun\Java\bin;C:\Windows\system32;C:\Windows;C:\Program Files (x86)\PC Connectivity Solution\;C:\Program Files (x86)\NVIDIA Corporation\PhysX\Common;C:\Windows\system32;C:\Windows;C:\Windows\System32\Wbem;C:\Windows\System32\WindowsPowerShell\v1.0\;C:\Program Files (x86)\QuickTime\QTSystem\;C:\Maven\apache-maven-3.0.3\bin
15.05.2012 15:42:51 org.apache.coyote.http11.Http11Protocol init
INFO: Initializing Coyote HTTP/1.1 on http-8400
15.05.2012 15:42:51 org.apache.catalina.startup.Catalina load
INFO: Initialization processed in 1055 ms
15.05.2012 15:42:51 org.apache.catalina.core.StandardService start
INFO: Starting service Catalina
15.05.2012 15:42:51 org.apache.catalina.core.StandardEngine start
INFO: Starting Servlet Engine: Apache Tomcat/6.0.14
15.05.2012 15:42:55 org.apache.coyote.http11.Http11Protocol start
INFO: Starting Coyote HTTP/1.1 on http-8400
15.05.2012 15:42:55 org.apache.jk.common.ChannelSocket init
INFO: JK: ajp13 listening on /0.0.0.0:8009
15.05.2012 15:42:55 org.apache.jk.server.JkMain start
INFO: Jk running ID=0 time=0/62  config=null
15.05.2012 15:42:55 org.apache.catalina.startup.Catalina start
INFO: Server startup in 3798 ms
15.05.2012 17:43:24 org.apache.coyote.http11.Http11Protocol pause
INFO: Pausing Coyote HTTP/1.1 on http-8400
15.05.2012 17:43:25 org.apache.catalina.core.StandardService stop
INFO: Stopping service Catalina
15.05.2012 17:43:28 org.apache.coyote.http11.Http11Protocol destroy
INFO: Stopping Coyote HTTP/1.1 on http-8400
15.05.2012 17:44:30 org.apache.catalina.core.AprLifecycleListener init
INFO: The Apache Tomcat Native library which allows optimal performance in production environments was not found on the java.library.path: C:\Program Files (x86)\Java\jdk1.6.0\bin;.;C:\Windows\Sun\Java\bin;C:\Windows\system32;C:\Windows;C:\Program Files (x86)\PC Connectivity Solution\;C:\Program Files (x86)\NVIDIA Corporation\PhysX\Common;C:\Windows\system32;C:\Windows;C:\Windows\System32\Wbem;C:\Windows\System32\WindowsPowerShell\v1.0\;C:\Program Files (x86)\QuickTime\QTSystem\;C:\Maven\apache-maven-3.0.3\bin
15.05.2012 17:44:30 org.apache.coyote.http11.Http11Protocol init
INFO: Initializing Coyote HTTP/1.1 on http-8400
15.05.2012 17:44:30 org.apache.catalina.startup.Catalina load
INFO: Initialization processed in 463 ms
15.05.2012 17:44:30 org.apache.catalina.core.StandardService start
INFO: Starting service Catalina
15.05.2012 17:44:30 org.apache.catalina.core.StandardEngine start
INFO: Starting Servlet Engine: Apache Tomcat/6.0.14
15.05.2012 17:44:33 org.apache.coyote.http11.Http11Protocol start
INFO: Starting Coyote HTTP/1.1 on http-8400
15.05.2012 17:44:33 org.apache.jk.common.ChannelSocket init
INFO: JK: ajp13 listening on /0.0.0.0:8009
15.05.2012 17:44:33 org.apache.jk.server.JkMain start
INFO: Jk running ID=0 time=0/46  config=null
15.05.2012 17:44:33 org.apache.catalina.startup.Catalina start
INFO: Server startup in 2894 ms
15.05.2012 23:18:18 org.apache.coyote.http11.Http11Protocol pause
INFO: Pausing Coyote HTTP/1.1 on http-8400
15.05.2012 23:18:19 org.apache.catalina.core.StandardService stop
INFO: Stopping service Catalina
15.05.2012 23:18:27 org.apache.coyote.http11.Http11Protocol destroy
INFO: Stopping Coyote HTTP/1.1 on http-8400
