04.06.2012 11:30:15 org.apache.catalina.core.AprLifecycleListener init
INFO: The Apache Tomcat Native library which allows optimal performance in production environments was not found on the java.library.path: C:\Program Files (x86)\Java\jdk1.6.0\bin;.;C:\Windows\Sun\Java\bin;C:\Windows\system32;C:\Windows;C:\Program Files (x86)\PC Connectivity Solution\;C:\Program Files (x86)\NVIDIA Corporation\PhysX\Common;C:\Windows\system32;C:\Windows;C:\Windows\System32\Wbem;C:\Windows\System32\WindowsPowerShell\v1.0\;C:\Program Files (x86)\QuickTime\QTSystem\;C:\Maven\apache-maven-3.0.3\bin
04.06.2012 11:30:16 org.apache.coyote.http11.Http11Protocol init
INFO: Initializing Coyote HTTP/1.1 on http-8400
04.06.2012 11:30:16 org.apache.catalina.startup.Catalina load
INFO: Initialization processed in 1113 ms
04.06.2012 11:30:16 org.apache.catalina.core.StandardService start
INFO: Starting service Catalina
04.06.2012 11:30:16 org.apache.catalina.core.StandardEngine start
INFO: Starting Servlet Engine: Apache Tomcat/6.0.14
04.06.2012 11:30:20 org.apache.coyote.http11.Http11Protocol start
INFO: Starting Coyote HTTP/1.1 on http-8400
04.06.2012 11:30:21 org.apache.jk.common.ChannelSocket init
INFO: JK: ajp13 listening on /0.0.0.0:8009
04.06.2012 11:30:21 org.apache.jk.server.JkMain start
INFO: Jk running ID=0 time=0/78  config=null
04.06.2012 11:30:21 org.apache.catalina.startup.Catalina start
INFO: Server startup in 5025 ms
04.06.2012 11:38:06 org.apache.coyote.http11.Http11Protocol pause
INFO: Pausing Coyote HTTP/1.1 on http-8400
04.06.2012 11:38:07 org.apache.catalina.core.StandardService stop
INFO: Stopping service Catalina
04.06.2012 11:38:08 org.apache.coyote.http11.Http11Protocol destroy
INFO: Stopping Coyote HTTP/1.1 on http-8400
04.06.2012 11:38:11 org.apache.catalina.core.AprLifecycleListener init
INFO: The Apache Tomcat Native library which allows optimal performance in production environments was not found on the java.library.path: C:\Program Files (x86)\Java\jdk1.6.0\bin;.;C:\Windows\Sun\Java\bin;C:\Windows\system32;C:\Windows;C:\Program Files (x86)\PC Connectivity Solution\;C:\Program Files (x86)\NVIDIA Corporation\PhysX\Common;C:\Windows\system32;C:\Windows;C:\Windows\System32\Wbem;C:\Windows\System32\WindowsPowerShell\v1.0\;C:\Program Files (x86)\QuickTime\QTSystem\;C:\Maven\apache-maven-3.0.3\bin
04.06.2012 11:38:11 org.apache.coyote.http11.Http11Protocol init
INFO: Initializing Coyote HTTP/1.1 on http-8400
04.06.2012 11:38:11 org.apache.catalina.startup.Catalina load
INFO: Initialization processed in 548 ms
04.06.2012 11:38:11 org.apache.catalina.core.StandardService start
INFO: Starting service Catalina
04.06.2012 11:38:11 org.apache.catalina.core.StandardEngine start
INFO: Starting Servlet Engine: Apache Tomcat/6.0.14
04.06.2012 11:38:13 org.apache.coyote.http11.Http11Protocol start
INFO: Starting Coyote HTTP/1.1 on http-8400
04.06.2012 11:38:13 org.apache.jk.common.ChannelSocket init
INFO: JK: ajp13 listening on /0.0.0.0:8009
04.06.2012 11:38:13 org.apache.jk.server.JkMain start
INFO: Jk running ID=0 time=0/31  config=null
04.06.2012 11:38:13 org.apache.catalina.startup.Catalina start
INFO: Server startup in 2587 ms
04.06.2012 11:43:06 org.apache.coyote.http11.Http11Protocol pause
INFO: Pausing Coyote HTTP/1.1 on http-8400
04.06.2012 11:43:07 org.apache.catalina.core.StandardService stop
INFO: Stopping service Catalina
04.06.2012 11:43:08 org.apache.coyote.http11.Http11Protocol destroy
INFO: Stopping Coyote HTTP/1.1 on http-8400
04.06.2012 11:43:12 org.apache.catalina.core.AprLifecycleListener init
INFO: The Apache Tomcat Native library which allows optimal performance in production environments was not found on the java.library.path: C:\Program Files (x86)\Java\jdk1.6.0\bin;.;C:\Windows\Sun\Java\bin;C:\Windows\system32;C:\Windows;C:\Program Files (x86)\PC Connectivity Solution\;C:\Program Files (x86)\NVIDIA Corporation\PhysX\Common;C:\Windows\system32;C:\Windows;C:\Windows\System32\Wbem;C:\Windows\System32\WindowsPowerShell\v1.0\;C:\Program Files (x86)\QuickTime\QTSystem\;C:\Maven\apache-maven-3.0.3\bin
04.06.2012 11:43:12 org.apache.coyote.http11.Http11Protocol init
INFO: Initializing Coyote HTTP/1.1 on http-8400
04.06.2012 11:43:12 org.apache.catalina.startup.Catalina load
INFO: Initialization processed in 539 ms
04.06.2012 11:43:13 org.apache.catalina.core.StandardService start
INFO: Starting service Catalina
04.06.2012 11:43:13 org.apache.catalina.core.StandardEngine start
INFO: Starting Servlet Engine: Apache Tomcat/6.0.14
04.06.2012 11:43:15 org.apache.coyote.http11.Http11Protocol start
INFO: Starting Coyote HTTP/1.1 on http-8400
04.06.2012 11:43:15 org.apache.jk.common.ChannelSocket init
INFO: JK: ajp13 listening on /0.0.0.0:8009
04.06.2012 11:43:15 org.apache.jk.server.JkMain start
INFO: Jk running ID=0 time=0/31  config=null
04.06.2012 11:43:15 org.apache.catalina.startup.Catalina start
INFO: Server startup in 2373 ms
04.06.2012 11:58:37 org.apache.catalina.core.StandardContext reload
INFO: Reloading this Context has started
04.06.2012 12:03:40 org.apache.coyote.http11.Http11Protocol pause
INFO: Pausing Coyote HTTP/1.1 on http-8400
04.06.2012 12:03:41 org.apache.catalina.core.StandardService stop
INFO: Stopping service Catalina
04.06.2012 12:03:42 org.apache.coyote.http11.Http11Protocol destroy
INFO: Stopping Coyote HTTP/1.1 on http-8400
04.06.2012 12:03:43 org.apache.catalina.core.AprLifecycleListener init
INFO: The Apache Tomcat Native library which allows optimal performance in production environments was not found on the java.library.path: C:\Program Files (x86)\Java\jdk1.6.0\bin;.;C:\Windows\Sun\Java\bin;C:\Windows\system32;C:\Windows;C:\Program Files (x86)\PC Connectivity Solution\;C:\Program Files (x86)\NVIDIA Corporation\PhysX\Common;C:\Windows\system32;C:\Windows;C:\Windows\System32\Wbem;C:\Windows\System32\WindowsPowerShell\v1.0\;C:\Program Files (x86)\QuickTime\QTSystem\;C:\Maven\apache-maven-3.0.3\bin
04.06.2012 12:03:43 org.apache.coyote.http11.Http11Protocol init
INFO: Initializing Coyote HTTP/1.1 on http-8400
04.06.2012 12:03:43 org.apache.catalina.startup.Catalina load
INFO: Initialization processed in 1000 ms
04.06.2012 12:03:43 org.apache.catalina.core.StandardService start
INFO: Starting service Catalina
04.06.2012 12:03:43 org.apache.catalina.core.StandardEngine start
INFO: Starting Servlet Engine: Apache Tomcat/6.0.14
04.06.2012 12:03:47 org.apache.coyote.http11.Http11Protocol start
INFO: Starting Coyote HTTP/1.1 on http-8400
04.06.2012 12:03:47 org.apache.jk.common.ChannelSocket init
INFO: JK: ajp13 listening on /0.0.0.0:8009
04.06.2012 12:03:47 org.apache.jk.server.JkMain start
INFO: Jk running ID=0 time=0/54  config=null
04.06.2012 12:03:47 org.apache.catalina.startup.Catalina start
INFO: Server startup in 3979 ms
04.06.2012 18:32:12 org.apache.catalina.core.AprLifecycleListener init
INFO: The Apache Tomcat Native library which allows optimal performance in production environments was not found on the java.library.path: C:\Program Files (x86)\Java\jdk1.6.0\bin;.;C:\Windows\Sun\Java\bin;C:\Windows\system32;C:\Windows;C:\Program Files (x86)\PC Connectivity Solution\;C:\Program Files (x86)\NVIDIA Corporation\PhysX\Common;C:\Windows\system32;C:\Windows;C:\Windows\System32\Wbem;C:\Windows\System32\WindowsPowerShell\v1.0\;C:\Program Files (x86)\QuickTime\QTSystem\;C:\Maven\apache-maven-3.0.3\bin
04.06.2012 18:32:15 org.apache.coyote.http11.Http11Protocol init
INFO: Initializing Coyote HTTP/1.1 on http-8400
04.06.2012 18:32:15 org.apache.catalina.startup.Catalina load
INFO: Initialization processed in 5588 ms
04.06.2012 18:32:16 org.apache.catalina.core.StandardService start
INFO: Starting service Catalina
04.06.2012 18:32:16 org.apache.catalina.core.StandardEngine start
INFO: Starting Servlet Engine: Apache Tomcat/6.0.14
04.06.2012 18:32:34 org.apache.coyote.http11.Http11Protocol start
INFO: Starting Coyote HTTP/1.1 on http-8400
04.06.2012 18:32:34 org.apache.jk.common.ChannelSocket init
INFO: JK: ajp13 listening on /0.0.0.0:8009
04.06.2012 18:32:34 org.apache.jk.server.JkMain start
INFO: Jk running ID=0 time=0/210  config=null
04.06.2012 18:32:34 org.apache.catalina.startup.Catalina start
INFO: Server startup in 19271 ms
04.06.2012 18:44:20 org.apache.coyote.http11.Http11Protocol pause
INFO: Pausing Coyote HTTP/1.1 on http-8400
04.06.2012 18:44:21 org.apache.catalina.core.StandardService stop
INFO: Stopping service Catalina
