02.06.2012 14:52:03 org.apache.catalina.core.AprLifecycleListener init
INFO: The Apache Tomcat Native library which allows optimal performance in production environments was not found on the java.library.path: C:\Program Files (x86)\Java\jdk1.6.0\bin;.;C:\Windows\Sun\Java\bin;C:\Windows\system32;C:\Windows;C:\Program Files (x86)\PC Connectivity Solution\;C:\Program Files (x86)\NVIDIA Corporation\PhysX\Common;C:\Windows\system32;C:\Windows;C:\Windows\System32\Wbem;C:\Windows\System32\WindowsPowerShell\v1.0\;C:\Program Files (x86)\QuickTime\QTSystem\;C:\Maven\apache-maven-3.0.3\bin
02.06.2012 14:52:04 org.apache.coyote.http11.Http11Protocol init
INFO: Initializing Coyote HTTP/1.1 on http-8400
02.06.2012 14:52:04 org.apache.catalina.startup.Catalina load
INFO: Initialization processed in 1056 ms
02.06.2012 14:52:04 org.apache.catalina.core.StandardService start
INFO: Starting service Catalina
02.06.2012 14:52:04 org.apache.catalina.core.StandardEngine start
INFO: Starting Servlet Engine: Apache Tomcat/6.0.14
02.06.2012 14:52:09 org.apache.coyote.http11.Http11Protocol start
INFO: Starting Coyote HTTP/1.1 on http-8400
02.06.2012 14:52:09 org.apache.jk.common.ChannelSocket init
INFO: JK: ajp13 listening on /0.0.0.0:8009
02.06.2012 14:52:10 org.apache.jk.server.JkMain start
INFO: Jk running ID=0 time=0/141  config=null
02.06.2012 14:52:10 org.apache.catalina.startup.Catalina start
INFO: Server startup in 5883 ms
02.06.2012 15:28:13 org.apache.catalina.core.StandardContext reload
INFO: Reloading this Context has started
02.06.2012 15:28:26 org.apache.coyote.http11.Http11Protocol pause
INFO: Pausing Coyote HTTP/1.1 on http-8400
02.06.2012 15:28:27 org.apache.catalina.core.StandardService stop
INFO: Stopping service Catalina
02.06.2012 15:28:27 org.apache.coyote.http11.Http11Protocol destroy
INFO: Stopping Coyote HTTP/1.1 on http-8400
02.06.2012 15:28:29 org.apache.catalina.core.AprLifecycleListener init
INFO: The Apache Tomcat Native library which allows optimal performance in production environments was not found on the java.library.path: C:\Program Files (x86)\Java\jdk1.6.0\bin;.;C:\Windows\Sun\Java\bin;C:\Windows\system32;C:\Windows;C:\Program Files (x86)\PC Connectivity Solution\;C:\Program Files (x86)\NVIDIA Corporation\PhysX\Common;C:\Windows\system32;C:\Windows;C:\Windows\System32\Wbem;C:\Windows\System32\WindowsPowerShell\v1.0\;C:\Program Files (x86)\QuickTime\QTSystem\;C:\Maven\apache-maven-3.0.3\bin
02.06.2012 15:28:29 org.apache.coyote.http11.Http11Protocol init
INFO: Initializing Coyote HTTP/1.1 on http-8400
02.06.2012 15:28:29 org.apache.catalina.startup.Catalina load
INFO: Initialization processed in 511 ms
02.06.2012 15:28:29 org.apache.catalina.core.StandardService start
INFO: Starting service Catalina
02.06.2012 15:28:29 org.apache.catalina.core.StandardEngine start
INFO: Starting Servlet Engine: Apache Tomcat/6.0.14
02.06.2012 15:28:31 org.apache.coyote.http11.Http11Protocol start
INFO: Starting Coyote HTTP/1.1 on http-8400
02.06.2012 15:28:31 org.apache.jk.common.ChannelSocket init
INFO: JK: ajp13 listening on /0.0.0.0:8009
02.06.2012 15:28:31 org.apache.jk.server.JkMain start
INFO: Jk running ID=0 time=0/23  config=null
02.06.2012 15:28:31 org.apache.catalina.startup.Catalina start
INFO: Server startup in 2253 ms
02.06.2012 15:30:38 org.apache.coyote.http11.Http11Protocol pause
INFO: Pausing Coyote HTTP/1.1 on http-8400
02.06.2012 15:30:39 org.apache.catalina.core.StandardService stop
INFO: Stopping service Catalina
02.06.2012 15:30:39 org.apache.coyote.http11.Http11Protocol destroy
INFO: Stopping Coyote HTTP/1.1 on http-8400
