03.05.2012 19:59:23 org.apache.catalina.core.ApplicationContext log
SCHWERWIEGEND: RDSDispatchServlet: MyStocks : Unsupported major.minor version 51.0
java.lang.UnsupportedClassVersionError: MyStocks : Unsupported major.minor version 51.0
	at java.lang.ClassLoader.defineClass1(Native Method)
	at java.lang.ClassLoader.defineClass(ClassLoader.java:620)
	at java.security.SecureClassLoader.defineClass(SecureClassLoader.java:124)
	at org.apache.catalina.loader.WebappClassLoader.findClassInternal(WebappClassLoader.java:1817)
	at org.apache.catalina.loader.WebappClassLoader.findClass(WebappClassLoader.java:872)
	at org.apache.catalina.loader.WebappClassLoader.loadClass(WebappClassLoader.java:1325)
	at org.apache.catalina.loader.WebappClassLoader.loadClass(WebappClassLoader.java:1204)
	at java.lang.ClassLoader.loadClassInternal(ClassLoader.java:319)
	at java.lang.Class.forName0(Native Method)
	at java.lang.Class.forName(Class.java:169)
	at flex.rds.server.servlet.internal.JavaIntrospector.getClassDataAsXMLString(JavaIntrospector.java:105)
	at flex.rds.server.servlet.FBServicesServlet$IntrospectOperator.processCmd(FBServicesServlet.java:119)
	at flex.rds.server.servlet.FBServicesServlet.processCmd(FBServicesServlet.java:91)
	at flex.rds.server.RdsServlet.doPost(RdsServlet.java:128)
	at javax.servlet.http.HttpServlet.service(HttpServlet.java:710)
	at javax.servlet.http.HttpServlet.service(HttpServlet.java:803)
	at flex.rds.server.servlet.FrontEndServlet.doPost(FrontEndServlet.java:183)
	at javax.servlet.http.HttpServlet.service(HttpServlet.java:710)
	at javax.servlet.http.HttpServlet.service(HttpServlet.java:803)
	at org.apache.catalina.core.ApplicationFilterChain.internalDoFilter(ApplicationFilterChain.java:290)
	at org.apache.catalina.core.ApplicationFilterChain.doFilter(ApplicationFilterChain.java:206)
	at org.apache.catalina.core.StandardWrapperValve.invoke(StandardWrapperValve.java:233)
	at org.apache.catalina.core.StandardContextValve.invoke(StandardContextValve.java:175)
	at org.apache.catalina.core.StandardHostValve.invoke(StandardHostValve.java:128)
	at org.apache.catalina.valves.ErrorReportValve.invoke(ErrorReportValve.java:102)
	at org.apache.catalina.core.StandardEngineValve.invoke(StandardEngineValve.java:109)
	at org.apache.catalina.connector.CoyoteAdapter.service(CoyoteAdapter.java:263)
	at org.apache.coyote.http11.Http11Processor.process(Http11Processor.java:844)
	at org.apache.coyote.http11.Http11Protocol$Http11ConnectionHandler.process(Http11Protocol.java:584)
	at org.apache.tomcat.util.net.JIoEndpoint$Worker.run(JIoEndpoint.java:447)
	at java.lang.Thread.run(Thread.java:619)
03.05.2012 20:01:17 org.apache.catalina.core.StandardContext loadOnStartup
SCHWERWIEGEND: Servlet /blazeds threw load() exception
flex.messaging.config.ConfigurationException: Invalid destination id '' for service 'remoting-service'.
	at flex.messaging.config.ServerConfigurationParser.destination(ServerConfigurationParser.java:951)
	at flex.messaging.config.ServerConfigurationParser.service(ServerConfigurationParser.java:721)
	at flex.messaging.config.ServerConfigurationParser.serviceInclude(ServerConfigurationParser.java:584)
	at flex.messaging.config.ServerConfigurationParser.services(ServerConfigurationParser.java:557)
	at flex.messaging.config.ServerConfigurationParser.parseTopLevelConfig(ServerConfigurationParser.java:72)
	at flex.messaging.config.AbstractConfigurationParser.parse(AbstractConfigurationParser.java:69)
	at flex.messaging.config.FlexConfigurationManager.getMessagingConfiguration(FlexConfigurationManager.java:79)
	at flex.messaging.MessageBrokerServlet.init(MessageBrokerServlet.java:109)
	at org.apache.catalina.core.StandardWrapper.loadServlet(StandardWrapper.java:1161)
	at org.apache.catalina.core.StandardWrapper.load(StandardWrapper.java:981)
	at org.apache.catalina.core.StandardContext.loadOnStartup(StandardContext.java:4045)
	at org.apache.catalina.core.StandardContext.start(StandardContext.java:4351)
	at org.apache.catalina.core.ContainerBase.addChildInternal(ContainerBase.java:791)
	at org.apache.catalina.core.ContainerBase.addChild(ContainerBase.java:771)
	at org.apache.catalina.core.StandardHost.addChild(StandardHost.java:525)
	at org.apache.catalina.startup.HostConfig.deployDescriptor(HostConfig.java:626)
	at org.apache.catalina.startup.HostConfig.deployDescriptors(HostConfig.java:553)
	at org.apache.catalina.startup.HostConfig.deployApps(HostConfig.java:488)
	at org.apache.catalina.startup.HostConfig.start(HostConfig.java:1138)
	at org.apache.catalina.startup.HostConfig.lifecycleEvent(HostConfig.java:311)
	at org.apache.catalina.util.LifecycleSupport.fireLifecycleEvent(LifecycleSupport.java:117)
	at org.apache.catalina.core.ContainerBase.start(ContainerBase.java:1053)
	at org.apache.catalina.core.StandardHost.start(StandardHost.java:719)
	at org.apache.catalina.core.ContainerBase.start(ContainerBase.java:1045)
	at org.apache.catalina.core.StandardEngine.start(StandardEngine.java:443)
	at org.apache.catalina.core.StandardService.start(StandardService.java:516)
	at org.apache.catalina.core.StandardServer.start(StandardServer.java:710)
	at org.apache.catalina.startup.Catalina.start(Catalina.java:566)
	at sun.reflect.NativeMethodAccessorImpl.invoke0(Native Method)
	at sun.reflect.NativeMethodAccessorImpl.invoke(NativeMethodAccessorImpl.java:39)
	at sun.reflect.DelegatingMethodAccessorImpl.invoke(DelegatingMethodAccessorImpl.java:25)
	at java.lang.reflect.Method.invoke(Method.java:597)
	at org.apache.catalina.startup.Bootstrap.start(Bootstrap.java:288)
	at org.apache.catalina.startup.Bootstrap.main(Bootstrap.java:413)
03.05.2012 20:01:17 org.apache.catalina.core.StandardContext loadOnStartup
SCHWERWIEGEND: Servlet /blazeds threw load() exception
javax.servlet.ServletException: Unable to find MessageBroker, ensure that if messageBrokerId is set for the MessageBrokerServlet the RDS FrontEndServlet has a matching init-param value
	at flex.rds.server.RdsServlet.init(RdsServlet.java:64)
	at flex.rds.server.servlet.FrontEndServlet.loadServlet(FrontEndServlet.java:262)
	at flex.rds.server.servlet.FrontEndServlet.init(FrontEndServlet.java:127)
	at javax.servlet.GenericServlet.init(GenericServlet.java:212)
	at org.apache.catalina.core.StandardWrapper.loadServlet(StandardWrapper.java:1161)
	at org.apache.catalina.core.StandardWrapper.load(StandardWrapper.java:981)
	at org.apache.catalina.core.StandardContext.loadOnStartup(StandardContext.java:4045)
	at org.apache.catalina.core.StandardContext.start(StandardContext.java:4351)
	at org.apache.catalina.core.ContainerBase.addChildInternal(ContainerBase.java:791)
	at org.apache.catalina.core.ContainerBase.addChild(ContainerBase.java:771)
	at org.apache.catalina.core.StandardHost.addChild(StandardHost.java:525)
	at org.apache.catalina.startup.HostConfig.deployDescriptor(HostConfig.java:626)
	at org.apache.catalina.startup.HostConfig.deployDescriptors(HostConfig.java:553)
	at org.apache.catalina.startup.HostConfig.deployApps(HostConfig.java:488)
	at org.apache.catalina.startup.HostConfig.start(HostConfig.java:1138)
	at org.apache.catalina.startup.HostConfig.lifecycleEvent(HostConfig.java:311)
	at org.apache.catalina.util.LifecycleSupport.fireLifecycleEvent(LifecycleSupport.java:117)
	at org.apache.catalina.core.ContainerBase.start(ContainerBase.java:1053)
	at org.apache.catalina.core.StandardHost.start(StandardHost.java:719)
	at org.apache.catalina.core.ContainerBase.start(ContainerBase.java:1045)
	at org.apache.catalina.core.StandardEngine.start(StandardEngine.java:443)
	at org.apache.catalina.core.StandardService.start(StandardService.java:516)
	at org.apache.catalina.core.StandardServer.start(StandardServer.java:710)
	at org.apache.catalina.startup.Catalina.start(Catalina.java:566)
	at sun.reflect.NativeMethodAccessorImpl.invoke0(Native Method)
	at sun.reflect.NativeMethodAccessorImpl.invoke(NativeMethodAccessorImpl.java:39)
	at sun.reflect.DelegatingMethodAccessorImpl.invoke(DelegatingMethodAccessorImpl.java:25)
	at java.lang.reflect.Method.invoke(Method.java:597)
	at org.apache.catalina.startup.Bootstrap.start(Bootstrap.java:288)
	at org.apache.catalina.startup.Bootstrap.main(Bootstrap.java:413)
03.05.2012 20:01:26 org.apache.catalina.core.StandardWrapperValve invoke
SCHWERWIEGEND: Allocate exception for servlet RDSDispatchServlet
javax.servlet.ServletException: Unable to find MessageBroker, ensure that if messageBrokerId is set for the MessageBrokerServlet the RDS FrontEndServlet has a matching init-param value
	at flex.rds.server.RdsServlet.init(RdsServlet.java:64)
	at flex.rds.server.servlet.FrontEndServlet.loadServlet(FrontEndServlet.java:262)
	at flex.rds.server.servlet.FrontEndServlet.init(FrontEndServlet.java:127)
	at javax.servlet.GenericServlet.init(GenericServlet.java:212)
	at org.apache.catalina.core.StandardWrapper.loadServlet(StandardWrapper.java:1161)
	at org.apache.catalina.core.StandardWrapper.allocate(StandardWrapper.java:806)
	at org.apache.catalina.core.StandardWrapperValve.invoke(StandardWrapperValve.java:129)
	at org.apache.catalina.core.StandardContextValve.invoke(StandardContextValve.java:175)
	at org.apache.catalina.core.StandardHostValve.invoke(StandardHostValve.java:128)
	at org.apache.catalina.valves.ErrorReportValve.invoke(ErrorReportValve.java:102)
	at org.apache.catalina.core.StandardEngineValve.invoke(StandardEngineValve.java:109)
	at org.apache.catalina.connector.CoyoteAdapter.service(CoyoteAdapter.java:263)
	at org.apache.coyote.http11.Http11Processor.process(Http11Processor.java:844)
	at org.apache.coyote.http11.Http11Protocol$Http11ConnectionHandler.process(Http11Protocol.java:584)
	at org.apache.tomcat.util.net.JIoEndpoint$Worker.run(JIoEndpoint.java:447)
	at java.lang.Thread.run(Thread.java:619)
03.05.2012 21:17:26 org.apache.catalina.core.StandardContext loadOnStartup
SCHWERWIEGEND: Servlet /blazeds threw load() exception
flex.messaging.config.ConfigurationException: Unexpected multiple values for property 'source'.
	at flex.messaging.config.ConfigMap.getSinglePropertyOrFail(ConfigMap.java:272)
	at flex.messaging.config.ConfigMap.getPropertyAsString(ConfigMap.java:319)
	at flex.messaging.FactoryDestination.initialize(FactoryDestination.java:92)
	at flex.messaging.config.MessagingConfiguration.createDestination(MessagingConfiguration.java:420)
	at flex.messaging.config.MessagingConfiguration.createServices(MessagingConfiguration.java:391)
	at flex.messaging.config.MessagingConfiguration.configureBroker(MessagingConfiguration.java:117)
	at flex.messaging.MessageBrokerServlet.init(MessageBrokerServlet.java:132)
	at org.apache.catalina.core.StandardWrapper.loadServlet(StandardWrapper.java:1161)
	at org.apache.catalina.core.StandardWrapper.load(StandardWrapper.java:981)
	at org.apache.catalina.core.StandardContext.loadOnStartup(StandardContext.java:4045)
	at org.apache.catalina.core.StandardContext.start(StandardContext.java:4351)
	at org.apache.catalina.core.ContainerBase.addChildInternal(ContainerBase.java:791)
	at org.apache.catalina.core.ContainerBase.addChild(ContainerBase.java:771)
	at org.apache.catalina.core.StandardHost.addChild(StandardHost.java:525)
	at org.apache.catalina.startup.HostConfig.deployDescriptor(HostConfig.java:626)
	at org.apache.catalina.startup.HostConfig.deployDescriptors(HostConfig.java:553)
	at org.apache.catalina.startup.HostConfig.deployApps(HostConfig.java:488)
	at org.apache.catalina.startup.HostConfig.start(HostConfig.java:1138)
	at org.apache.catalina.startup.HostConfig.lifecycleEvent(HostConfig.java:311)
	at org.apache.catalina.util.LifecycleSupport.fireLifecycleEvent(LifecycleSupport.java:117)
	at org.apache.catalina.core.ContainerBase.start(ContainerBase.java:1053)
	at org.apache.catalina.core.StandardHost.start(StandardHost.java:719)
	at org.apache.catalina.core.ContainerBase.start(ContainerBase.java:1045)
	at org.apache.catalina.core.StandardEngine.start(StandardEngine.java:443)
	at org.apache.catalina.core.StandardService.start(StandardService.java:516)
	at org.apache.catalina.core.StandardServer.start(StandardServer.java:710)
	at org.apache.catalina.startup.Catalina.start(Catalina.java:566)
	at sun.reflect.NativeMethodAccessorImpl.invoke0(Native Method)
	at sun.reflect.NativeMethodAccessorImpl.invoke(NativeMethodAccessorImpl.java:39)
	at sun.reflect.DelegatingMethodAccessorImpl.invoke(DelegatingMethodAccessorImpl.java:25)
	at java.lang.reflect.Method.invoke(Method.java:597)
	at org.apache.catalina.startup.Bootstrap.start(Bootstrap.java:288)
	at org.apache.catalina.startup.Bootstrap.main(Bootstrap.java:413)
03.05.2012 21:17:26 org.apache.catalina.core.StandardContext loadOnStartup
SCHWERWIEGEND: Servlet /blazeds threw load() exception
javax.servlet.ServletException: Unable to find MessageBroker, ensure that if messageBrokerId is set for the MessageBrokerServlet the RDS FrontEndServlet has a matching init-param value
	at flex.rds.server.RdsServlet.init(RdsServlet.java:64)
	at flex.rds.server.servlet.FrontEndServlet.loadServlet(FrontEndServlet.java:262)
	at flex.rds.server.servlet.FrontEndServlet.init(FrontEndServlet.java:127)
	at javax.servlet.GenericServlet.init(GenericServlet.java:212)
	at org.apache.catalina.core.StandardWrapper.loadServlet(StandardWrapper.java:1161)
	at org.apache.catalina.core.StandardWrapper.load(StandardWrapper.java:981)
	at org.apache.catalina.core.StandardContext.loadOnStartup(StandardContext.java:4045)
	at org.apache.catalina.core.StandardContext.start(StandardContext.java:4351)
	at org.apache.catalina.core.ContainerBase.addChildInternal(ContainerBase.java:791)
	at org.apache.catalina.core.ContainerBase.addChild(ContainerBase.java:771)
	at org.apache.catalina.core.StandardHost.addChild(StandardHost.java:525)
	at org.apache.catalina.startup.HostConfig.deployDescriptor(HostConfig.java:626)
	at org.apache.catalina.startup.HostConfig.deployDescriptors(HostConfig.java:553)
	at org.apache.catalina.startup.HostConfig.deployApps(HostConfig.java:488)
	at org.apache.catalina.startup.HostConfig.start(HostConfig.java:1138)
	at org.apache.catalina.startup.HostConfig.lifecycleEvent(HostConfig.java:311)
	at org.apache.catalina.util.LifecycleSupport.fireLifecycleEvent(LifecycleSupport.java:117)
	at org.apache.catalina.core.ContainerBase.start(ContainerBase.java:1053)
	at org.apache.catalina.core.StandardHost.start(StandardHost.java:719)
	at org.apache.catalina.core.ContainerBase.start(ContainerBase.java:1045)
	at org.apache.catalina.core.StandardEngine.start(StandardEngine.java:443)
	at org.apache.catalina.core.StandardService.start(StandardService.java:516)
	at org.apache.catalina.core.StandardServer.start(StandardServer.java:710)
	at org.apache.catalina.startup.Catalina.start(Catalina.java:566)
	at sun.reflect.NativeMethodAccessorImpl.invoke0(Native Method)
	at sun.reflect.NativeMethodAccessorImpl.invoke(NativeMethodAccessorImpl.java:39)
	at sun.reflect.DelegatingMethodAccessorImpl.invoke(DelegatingMethodAccessorImpl.java:25)
	at java.lang.reflect.Method.invoke(Method.java:597)
	at org.apache.catalina.startup.Bootstrap.start(Bootstrap.java:288)
	at org.apache.catalina.startup.Bootstrap.main(Bootstrap.java:413)
03.05.2012 21:17:37 org.apache.catalina.core.StandardWrapperValve invoke
SCHWERWIEGEND: Allocate exception for servlet RDSDispatchServlet
javax.servlet.ServletException: Unable to find MessageBroker, ensure that if messageBrokerId is set for the MessageBrokerServlet the RDS FrontEndServlet has a matching init-param value
	at flex.rds.server.RdsServlet.init(RdsServlet.java:64)
	at flex.rds.server.servlet.FrontEndServlet.loadServlet(FrontEndServlet.java:262)
	at flex.rds.server.servlet.FrontEndServlet.init(FrontEndServlet.java:127)
	at javax.servlet.GenericServlet.init(GenericServlet.java:212)
	at org.apache.catalina.core.StandardWrapper.loadServlet(StandardWrapper.java:1161)
	at org.apache.catalina.core.StandardWrapper.allocate(StandardWrapper.java:806)
	at org.apache.catalina.core.StandardWrapperValve.invoke(StandardWrapperValve.java:129)
	at org.apache.catalina.core.StandardContextValve.invoke(StandardContextValve.java:175)
	at org.apache.catalina.core.StandardHostValve.invoke(StandardHostValve.java:128)
	at org.apache.catalina.valves.ErrorReportValve.invoke(ErrorReportValve.java:102)
	at org.apache.catalina.core.StandardEngineValve.invoke(StandardEngineValve.java:109)
	at org.apache.catalina.connector.CoyoteAdapter.service(CoyoteAdapter.java:263)
	at org.apache.coyote.http11.Http11Processor.process(Http11Processor.java:844)
	at org.apache.coyote.http11.Http11Protocol$Http11ConnectionHandler.process(Http11Protocol.java:584)
	at org.apache.tomcat.util.net.JIoEndpoint$Worker.run(JIoEndpoint.java:447)
	at java.lang.Thread.run(Thread.java:619)
03.05.2012 21:18:23 org.apache.catalina.core.StandardContext loadOnStartup
SCHWERWIEGEND: Servlet /blazeds threw load() exception
flex.messaging.config.ConfigurationException: Duplicate destination 'bla' in service 'remoting-service'.
	at flex.messaging.config.ServerConfigurationParser.destination(ServerConfigurationParser.java:939)
	at flex.messaging.config.ServerConfigurationParser.service(ServerConfigurationParser.java:721)
	at flex.messaging.config.ServerConfigurationParser.serviceInclude(ServerConfigurationParser.java:584)
	at flex.messaging.config.ServerConfigurationParser.services(ServerConfigurationParser.java:557)
	at flex.messaging.config.ServerConfigurationParser.parseTopLevelConfig(ServerConfigurationParser.java:72)
	at flex.messaging.config.AbstractConfigurationParser.parse(AbstractConfigurationParser.java:69)
	at flex.messaging.config.FlexConfigurationManager.getMessagingConfiguration(FlexConfigurationManager.java:79)
	at flex.messaging.MessageBrokerServlet.init(MessageBrokerServlet.java:109)
	at org.apache.catalina.core.StandardWrapper.loadServlet(StandardWrapper.java:1161)
	at org.apache.catalina.core.StandardWrapper.load(StandardWrapper.java:981)
	at org.apache.catalina.core.StandardContext.loadOnStartup(StandardContext.java:4045)
	at org.apache.catalina.core.StandardContext.start(StandardContext.java:4351)
	at org.apache.catalina.core.ContainerBase.addChildInternal(ContainerBase.java:791)
	at org.apache.catalina.core.ContainerBase.addChild(ContainerBase.java:771)
	at org.apache.catalina.core.StandardHost.addChild(StandardHost.java:525)
	at org.apache.catalina.startup.HostConfig.deployDescriptor(HostConfig.java:626)
	at org.apache.catalina.startup.HostConfig.deployDescriptors(HostConfig.java:553)
	at org.apache.catalina.startup.HostConfig.deployApps(HostConfig.java:488)
	at org.apache.catalina.startup.HostConfig.start(HostConfig.java:1138)
	at org.apache.catalina.startup.HostConfig.lifecycleEvent(HostConfig.java:311)
	at org.apache.catalina.util.LifecycleSupport.fireLifecycleEvent(LifecycleSupport.java:117)
	at org.apache.catalina.core.ContainerBase.start(ContainerBase.java:1053)
	at org.apache.catalina.core.StandardHost.start(StandardHost.java:719)
	at org.apache.catalina.core.ContainerBase.start(ContainerBase.java:1045)
	at org.apache.catalina.core.StandardEngine.start(StandardEngine.java:443)
	at org.apache.catalina.core.StandardService.start(StandardService.java:516)
	at org.apache.catalina.core.StandardServer.start(StandardServer.java:710)
	at org.apache.catalina.startup.Catalina.start(Catalina.java:566)
	at sun.reflect.NativeMethodAccessorImpl.invoke0(Native Method)
	at sun.reflect.NativeMethodAccessorImpl.invoke(NativeMethodAccessorImpl.java:39)
	at sun.reflect.DelegatingMethodAccessorImpl.invoke(DelegatingMethodAccessorImpl.java:25)
	at java.lang.reflect.Method.invoke(Method.java:597)
	at org.apache.catalina.startup.Bootstrap.start(Bootstrap.java:288)
	at org.apache.catalina.startup.Bootstrap.main(Bootstrap.java:413)
03.05.2012 21:18:23 org.apache.catalina.core.StandardContext loadOnStartup
SCHWERWIEGEND: Servlet /blazeds threw load() exception
javax.servlet.ServletException: Unable to find MessageBroker, ensure that if messageBrokerId is set for the MessageBrokerServlet the RDS FrontEndServlet has a matching init-param value
	at flex.rds.server.RdsServlet.init(RdsServlet.java:64)
	at flex.rds.server.servlet.FrontEndServlet.loadServlet(FrontEndServlet.java:262)
	at flex.rds.server.servlet.FrontEndServlet.init(FrontEndServlet.java:127)
	at javax.servlet.GenericServlet.init(GenericServlet.java:212)
	at org.apache.catalina.core.StandardWrapper.loadServlet(StandardWrapper.java:1161)
	at org.apache.catalina.core.StandardWrapper.load(StandardWrapper.java:981)
	at org.apache.catalina.core.StandardContext.loadOnStartup(StandardContext.java:4045)
	at org.apache.catalina.core.StandardContext.start(StandardContext.java:4351)
	at org.apache.catalina.core.ContainerBase.addChildInternal(ContainerBase.java:791)
	at org.apache.catalina.core.ContainerBase.addChild(ContainerBase.java:771)
	at org.apache.catalina.core.StandardHost.addChild(StandardHost.java:525)
	at org.apache.catalina.startup.HostConfig.deployDescriptor(HostConfig.java:626)
	at org.apache.catalina.startup.HostConfig.deployDescriptors(HostConfig.java:553)
	at org.apache.catalina.startup.HostConfig.deployApps(HostConfig.java:488)
	at org.apache.catalina.startup.HostConfig.start(HostConfig.java:1138)
	at org.apache.catalina.startup.HostConfig.lifecycleEvent(HostConfig.java:311)
	at org.apache.catalina.util.LifecycleSupport.fireLifecycleEvent(LifecycleSupport.java:117)
	at org.apache.catalina.core.ContainerBase.start(ContainerBase.java:1053)
	at org.apache.catalina.core.StandardHost.start(StandardHost.java:719)
	at org.apache.catalina.core.ContainerBase.start(ContainerBase.java:1045)
	at org.apache.catalina.core.StandardEngine.start(StandardEngine.java:443)
	at org.apache.catalina.core.StandardService.start(StandardService.java:516)
	at org.apache.catalina.core.StandardServer.start(StandardServer.java:710)
	at org.apache.catalina.startup.Catalina.start(Catalina.java:566)
	at sun.reflect.NativeMethodAccessorImpl.invoke0(Native Method)
	at sun.reflect.NativeMethodAccessorImpl.invoke(NativeMethodAccessorImpl.java:39)
	at sun.reflect.DelegatingMethodAccessorImpl.invoke(DelegatingMethodAccessorImpl.java:25)
	at java.lang.reflect.Method.invoke(Method.java:597)
	at org.apache.catalina.startup.Bootstrap.start(Bootstrap.java:288)
	at org.apache.catalina.startup.Bootstrap.main(Bootstrap.java:413)
03.05.2012 22:09:46 org.apache.catalina.core.ApplicationContext log
SCHWERWIEGEND: Servlet MessageBrokerServlet threw unload() exception
javax.servlet.ServletException: Servlet.destroy() for servlet MessageBrokerServlet threw exception
	at org.apache.catalina.core.StandardWrapper.unload(StandardWrapper.java:1401)
	at org.apache.catalina.core.StandardWrapper.stop(StandardWrapper.java:1727)
	at org.apache.catalina.core.StandardContext.stop(StandardContext.java:4489)
	at org.apache.catalina.core.StandardContext.reload(StandardContext.java:3080)
	at org.apache.catalina.loader.WebappLoader.backgroundProcess(WebappLoader.java:404)
	at org.apache.catalina.core.ContainerBase.backgroundProcess(ContainerBase.java:1309)
	at org.apache.catalina.core.ContainerBase$ContainerBackgroundProcessor.processChildren(ContainerBase.java:1601)
	at org.apache.catalina.core.ContainerBase$ContainerBackgroundProcessor.processChildren(ContainerBase.java:1610)
	at org.apache.catalina.core.ContainerBase$ContainerBackgroundProcessor.processChildren(ContainerBase.java:1610)
	at org.apache.catalina.core.ContainerBase$ContainerBackgroundProcessor.run(ContainerBase.java:1590)
	at java.lang.Thread.run(Thread.java:619)
Caused by: java.lang.NoClassDefFoundError: flex/messaging/io/BeanProxy
	at flex.messaging.MessageBroker.stop(MessageBroker.java:382)
	at flex.messaging.MessageBrokerServlet.destroy(MessageBrokerServlet.java:243)
	at org.apache.catalina.core.StandardWrapper.unload(StandardWrapper.java:1382)
	... 10 more
